before, Max value is: 1286
After, Max value is: 1283
34 24 62 66 9 22 18 14 15 63 58 21 51 46 19 39 27 49 44 54 5 59 37 6 13 33 23 12 4 48 8 10 42 56 38 57 41 29 50 53 60 52 65 3 64 17 26 61 1 16 36 40 55 2 28 31 7 30 11 32 43 47 45 35 20 25 
before, Max value is: 486
After, Max value is: 488
49 36 32 37 29 39 62 38 4 5 73 12 20 25 7 3 66 40 50 68 34 64 8 83 48 45 65 1 11 91 33 89 26 35 47 67 6 43 10 46 76 42 15 2 77 75 90 51 52 58 19 54 86 57 9 55 14 13 44 17 69 41 53 79 61 59 99 85 16 72 18 28 22 98 96 60 63 24 87 70 100 80 71 93 21 82 78 23 88 74 84 92 27 56 31 81 30 94 95 97 
before, Max value is: 102
After, Max value is: 102
25 13 11 16 18 23 5 20 15 6 9 4 8 7 12 1 24 2 14 10 22 3 17 21 19 
before, Max value is: 4305
After, Max value is: 4305
49 89 62 20 53 46 66 6 90 23 51 39 19 2 9 12 76 97 59 99 37 25 38 87 58 96 1 80 93 48 30 17 56 7 16 52 65 94 32 75 77 60 35 11 83 44 22 33 71 50 8 88 61 67 68 14 70 43 26 31 24 84 15 64 73 78 79 13 54 95 21 18 34 47 45 85 29 69 10 28 3 4 98 82 40 5 72 57 92 27 86 91 55 63 81 74 36 100 41 42 
before, Max value is: 9
After, Max value is: 9
4 7 1 9 5 10 8 3 6 2 
before, Max value is: 2150
After, Max value is: 2146
10 65 52 28 55 8 35 26 9 60 89 50 16 25 63 85 76 43 5 37 81 19 90 21 47 23 71 15 87 44 13 30 7 64 22 86 99 38 49 1 27 33 88 91 41 20 42 97 93 56 83 4 39 40 46 82 61 14 34 6 54 70 96 62 48 57 53 45 51 80 77 12 75 36 2 67 69 31 94 3 66 24 98 92 95 78 100 59 17 72 11 32 29 58 73 68 74 84 79 18 
before, Max value is: 181
After, Max value is: 180
7 97 98 76 57 89 64 49 37 77 29 99 51 30 16 58 52 22 65 53 78 12 38 17 54 8 47 39 66 18 70 40 41 42 83 1 71 31 84 59 85 9 43 23 90 60 79 13 55 80 2 32 33 34 81 35 91 92 72 3 4 48 44 24 73 67 86 5 45 25 93 68 82 14 74 69 10 94 61 62 87 46 26 95 96 19 27 75 88 6 20 36 21 15 56 63 28 11 50 
before, Max value is: 4863
After, Max value is: 4863
1 89 72 63 31 49 48 80 70 59 10 71 15 87 32 64 3 68 18 92 94 7 57 85 26 23 76 56 66 79 86 40 17 8 33 73 98 88 2 58 54 67 11 62 4 74 90 24 6 46 29 5 77 35 39 82 50 22 14 38 53 37 60 9 93 20 81 96 69 45 99 13 91 97 16 43 84 34 78 47 30 61 42 44 25 19 21 36 83 28 27 95 55 65 75 12 51 41 52 100 
before, Max value is: 183
After, Max value is: 186
90 44 68 4 76 99 17 89 64 6 31 84 74 38 77 98 78 29 46 58 19 85 81 7 9 22 69 12 20 65 21 51 83 73 40 86 32 53 94 27 96 23 59 47 43 34 88 56 62 15 2 60 11 18 87 25 75 10 66 24 37 50 30 100 39 26 67 91 97 82 3 93 49 61 16 71 48 28 52 14 36 55 33 1 92 41 42 35 72 5 95 8 63 79 13 70 45 57 54 80 
before, Max value is: 2147
After, Max value is: 2142
63 57 95 25 43 58 35 33 61 100 47 34 97 10 67 11 68 4 89 23 75 74 19 48 55 18 69 82 59 24 88 77 76 40 91 71 20 96 16 6 80 53 87 22 8 28 54 51 64 73 17 78 79 37 39 1 90 32 60 49 13 12 29 84 21 93 26 7 56 86 31 41 94 5 85 3 99 9 46 30 36 15 50 62 2 27 45 83 70 72 98 65 44 92 42 14 38 66 81 52 
before, Max value is: 557
After, Max value is: 554
71 21 73 72 74 75 31 11 76 82 23 83 77 22 78 32 24 33 79 80 25 34 81 84 35 91 36 38 87 85 88 37 86 61 39 41 42 43 44 92 90 93 45 95 46 89 94 96 47 97 98 48 51 49 50 53 99 100 1 2 3 4 5 7 52 6 8 12 14 54 55 56 57 9 58 10 13 15 59 16 60 17 40 18 62 63 20 64 26 19 65 27 66 28 67 29 68 69 30 70 
before, Max value is: 27
After, Max value is: 27
24 15 23 12 3 20 6 19 2 4 13 5 16 14 18 22 9 10 17 8 21 11 7 1 
before, Max value is: 850
After, Max value is: 849
46 18 99 11 33 53 59 2 91 16 7 58 31 77 28 12 15 55 44 96 40 8 6 24 94 22 10 26 93 51 57 84 67 50 32 63 61 41 42 87 92 85 48 21 66 75 86 80 74 37 73 23 19 34 64 43 4 69 20 29 70 45 78 83 88 95 30 35 98 14 82 36 71 39 100 81 89 65 27 60 72 79 9 76 17 52 90 56 38 5 47 54 62 97 1 3 68 13 25 49 
before, Max value is: 2873
After, Max value is: 2871
16 92 23 73 64 8 19 14 11 4 13 49 53 84 88 29 86 94 70 100 93 7 1 28 44 58 32 25 33 96 10 40 82 87 24 48 21 5 89 77 71 31 59 51 98 67 97 72 30 41 18 79 66 54 90 6 37 17 26 45 78 27 60 15 3 80 43 61 47 36 62 75 2 52 35 63 20 42 56 39 85 83 99 38 50 55 57 22 76 65 81 9 74 95 68 46 12 91 34 69 
before, Max value is: 1122
After, Max value is: 1119
24 58 55 92 46 22 5 79 17 19 4 84 15 73 3 74 33 68 53 71 44 1 43 20 2 90 97 91 34 94 61 85 48 82 11 49 30 77 80 40 62 83 100 25 6 28 98 52 70 96 31 66 54 18 57 36 69 88 7 86 13 45 56 99 75 39 50 9 67 76 32 64 10 78 37 16 14 51 21 47 60 81 29 59 41 35 27 38 23 72 26 8 93 95 65 42 89 63 12 87 
before, Max value is: 4950
