before, Max value is: 4950
After, Max value is: 4950
87 34 57 11 75 10 4 41 77 60 47 68 86 26 73 55 32 9 29 97 8 5 52 93 56 85 38 2 61 33 42 23 59 83 45 40 25 74 36 65 67 35 53 16 58 96 92 90 82 84 30 79 91 100 21 12 78 44 72 31 63 43 3 69 24 19 98 89 48 7 49 50 62 37 81 14 6 27 99 39 17 64 15 76 22 54 1 20 13 88 51 71 95 66 28 80 46 70 94 18 
before, Max value is: 1579
After, Max value is: 1577
87 22 11 54 90 69 84 37 17 66 47 49 13 51 16 45 65 70 96 56 30 58 77 41 44 28 2 67 33 92 32 74 10 99 14 95 46 27 6 48 91 24 19 35 7 68 53 78 72 75 42 64 82 93 29 5 52 61 71 4 60 80 81 3 39 63 1 26 50 86 88 73 38 12 76 43 55 79 15 85 9 18 98 25 36 94 20 34 89 59 23 97 83 40 100 57 21 62 8 31 
before, Max value is: 126
After, Max value is: 124
18 19 8 14 11 5 1 6 13 2 10 20 16 12 9 15 7 17 4 3 
before, Max value is: 460
After, Max value is: 457
18 79 16 5 40 46 70 83 81 89 100 19 35 31 48 9 94 60 61 28 99 14 84 4 71 76 92 90 78 6 88 20 63 8 3 2 69 15 24 7 91 77 97 51 44 42 11 85 73 68 33 82 22 74 12 62 93 38 43 56 10 57 27 59 72 66 39 67 86 49 32 41 58 23 30 87 26 53 50 21 52 45 1 47 96 65 80 95 55 34 29 13 17 36 64 37 54 75 25 98 
before, Max value is: 37
After, Max value is: 37
9 6 12 2 5 14 7 1 8 11 4 13 3 10 
before, Max value is: 23
After, Max value is: 23
17 15 20 12 5 2 9 13 6 8 22 14 27 21 3 7 23 24 16 4 18 26 19 11 10 25 1 
before, Max value is: 2127
After, Max value is: 2122
61 84 72 8 3 89 67 86 68 59 87 98 62 31 53 75 93 73 74 76 4 97 60 69 91 100 77 95 27 48 51 17 65 96 12 82 16 64 80 36 79 2 32 70 54 57 92 33 49 52 35 21 14 46 15 78 38 39 24 30 13 43 58 55 7 44 40 5 11 50 56 1 9 41 25 83 66 18 6 29 19 10 23 47 37 28 34 99 45 81 22 88 85 20 90 63 42 94 71 26 
before, Max value is: 745
After, Max value is: 735
47 3 10 65 39 14 63 85 78 37 4 26 92 50 44 98 16 64 83 56 18 42 52 25 74 67 11 59 34 73 27 48 69 1 61 96 28 70 82 40 22 32 43 55 90 8 54 89 53 6 29 95 9 38 66 76 93 17 19 100 77 33 99 35 57 45 30 87 72 15 97 60 88 68 58 12 36 71 7 41 91 86 80 81 46 23 79 94 24 84 51 49 5 20 13 2 31 75 62 21 
before, Max value is: 462
After, Max value is: 459
64 34 43 47 74 83 63 94 93 95 97 71 4 23 96 99 46 98 48 91 50 44 14 42 31 100 54 33 35 92 37 11 85 36 3 39 75 87 86 38 40 89 32 25 27 88 90 84 81 26 29 72 28 30 24 21 82 73 77 55 76 22 79 12 13 78 15 17 16 19 80 18 61 65 20 67 66 69 62 1 51 68 70 53 57 56 5 59 7 58 6 60 9 52 8 10 41 2 45 49 
before, Max value is: 2888
After, Max value is: 2885
79 55 42 31 1 86 97 88 60 51 100 32 4 95 58 18 37 34 6 92 22 73 41 10 26 82 7 99 13 64 46 24 15 30 85 72 49 33 68 48 90 56 54 39 65 47 70 80 8 57 19 52 81 2 5 71 25 78 20 84 43 17 36 23 74 69 29 87 96 91 83 67 53 40 66 11 44 77 14 75 35 61 28 12 63 98 94 89 27 45 93 9 62 38 3 16 21 50 59 76 
before, Max value is: 2833
After, Max value is: 2820
62 74 42 67 25 18 3 20 45 22 96 11 31 40 12 46 58 92 94 14 83 35 37 64 32 21 91 77 26 38 89 1 9 75 7 65 17 81 70 71 86 19 41 16 43 23 36 87 99 49 15 47 88 76 68 29 78 56 93 54 57 80 72 4 60 90 85 48 27 28 51 97 24 33 52 69 50 53 30 44 10 61 39 8 100 82 34 98 73 79 84 13 2 59 55 5 66 95 63 6 
before, Max value is: 3629
After, Max value is: 3629
1 49 2 50 3 51 4 52 5 53 6 54 7 55 8 56 9 57 10 58 11 59 12 60 13 61 14 62 15 63 16 64 17 65 18 66 19 67 20 68 21 69 22 70 23 71 24 72 25 73 26 74 27 75 28 76 29 77 30 78 31 79 32 80 33 81 34 82 35 83 36 84 37 85 38 86 39 87 40 88 41 89 42 90 43 91 44 92 45 93 46 94 47 95 48 96 97 98 99 100 
before, Max value is: 2255
After, Max value is: 2252
41 11 88 21 61 49 72 16 70 27 23 60 39 68 31 54 43 20 38 42 81 84 19 50 3 32 8 5 48 95 35 75 82 45 98 90 79 25 96 85 17 37 91 67 62 99 33 87 51 100 71 29 15 94 47 10 7 30 22 66 24 9 13 73 93 2 1 77 28 80 76 44 63 52 74 89 18 78 56 6 58 83 59 64 4 92 26 14 53 65 12 86 97 34 46 57 36 55 40 69 
before, Max value is: 1894
After, Max value is: 1889
65 16 68 11 25 5 40 13 50 48 94 18 33 96 52 14 60 71 73 82 76 43 88 90 75 2 97 22 79 42 23 51 62 77 49 21 35 31 81 10 38 19 45 37 47 59 85 80 70 32 24 7 36 72 46 58 9 83 3 55 8 86 57 39 89 99 64 92 54 15 30 100 12 34 84 74 95 66 61 20 69 98 29 26 53 4 44 27 6 56 91 41 63 17 28 67 1 87 78 93 
before, Max value is: 2893
After, Max value is: 2894
43 86 21 66 92 77 87 52 35 28 44 16 8 78 67 38 2 80 14 72 23 15 57 55 3 11 91 42 65 4 93 75 90 99 40 95 20 74 31 88 73 64 79 48 96 13 29 59 41 39 9 82 7 6 47 68 30 5 83 33 17 1 100 53 69 62 61 50 71 60 89 49 24 63 34 94 70 37 10 18 22 45 25 97 19 84 26 46 85 58 76 98 51 27 54 32 56 36 81 12 
before, Max value is: 199
After, Max value is: 199
85 68 17 10 34 51 16 27 15 61 33 67 25 78 8 84 7 24 23 59 50 44 58 76 42 30 57 9 64 6 75 41 74 47 28 81 46 45 29 43 80 65 31 77 66 22 56 60 13 32 62 63 52 54 20 73 5 79 12 26 48 11 82 2 39 21 72 40 1 71 38 55 83 70 14 69 3 53 19 4 37 18 49 35 36 
before, Max value is: 2885
After, Max value is: 2887
6 54 37 29 8 45 71 15 70 38 35 11 69 52 48 85 93 44 50 33 30 22 47 12 90 36 86 1 97 74 25 84 87 4 73 32 92 19 66 88 83 27 65 7 68 80 72 3 98 100 46 18 17 60 26 2 13 10 62 43 82 61 23 5 91 39 96 95 81 94 75 63 53 58 76 41 9 59 14 24 79 28 16 40 49 20 77 64 56 31 55 42 78 21 57 99 89 34 51 67 
before, Max value is: 145
After, Max value is: 145
54 16 93 31 36 8 64 76 42 87 86 69 88 4 28 52 55 27 39 30 74 45 72 73 71 38 22 67 48 81 17 89 95 26 5 85 11 13 79 92 63 24 99 10 49 23 50 33 44 7 18 98 84 37 66 35 78 61 53 20 3 80 47 40 77 57 82 21 6 19 96 15 1 91 32 2 12 60 65 56 68 14 90 29 9 59 51 46 43 62 41 58 34 94 75 83 70 97 25 
before, Max value is: 10
After, Max value is: 10
1 2 3 4 5 6 
before, Max value is: 2143
After, Max value is: 2140
55 89 73 71 31 1 9 86 67 92 79 48 32 18 90 88 63 30 74 69 97 16 29 43 8 22 59 98 80 76 91 44 33 11 26 53 34 2 50 65 68 15 96 56 46 10 51 60 52 3 81 23 6 28 47 45 85 57 84 20 25 21 36 35 77 12 75 41 64 87 62 61 5 38 27 4 94 39 70 99 83 95 19 58 24 72 82 17 49 54 93 14 7 40 37 66 42 100 13 78 
before, Max value is: 52
After, Max value is: 51
6 39 20 19 25 3 5 35 31 22 11 7 13 8 15 1 18 10 4 14 2 17 36 27 9 29 16 24 37 12 38 23 33 28 40 26 32 21 34 30 
before, Max value is: 160
After, Max value is: 160
69 24 92 37 35 17 59 63 87 27 97 65 3 33 56 50 1 68 61 93 29 7 22 15 42 25 28 72 90 54 4 32 39 70 58 47 49 34 43 6 55 8 20 12 66 62 13 16 19 52 36 2 67 99 45 40 18 60 14 31 57 23 30 85 38 11 41 26 76 9 48 51 21 44 10 5 46 95 53 64 81 77 71 94 82 78 89 80 73 74 91 100 98 88 83 86 96 79 75 84 
before, Max value is: 99
After, Max value is: 100
86 31 92 48 43 5 32 89 57 41 44 80 64 36 51 25 22 3 50 27 88 39 8 37 10 96 71 34 13 23 46 82 77 70 9 12 35 76 4 15 28 19 26 73 68 47 60 17 93 61 65 90 24 91 67 87 49 11 56 84 14 62 52 72 45 94 33 75 30 83 95 21 66 99 79 54 29 1 40 85 20 38 69 2 74 100 58 81 59 98 97 7 55 63 16 6 78 42 53 18 
before, Max value is: 133
After, Max value is: 134
50 51 84 52 53 93 85 56 94 86 75 69 76 57 87 95 66 67 88 58 77 81 33 96 70 71 89 59 72 43 44 97 62 78 4 54 98 55 99 82 90 60 5 73 22 91 14 68 15 83 45 6 92 34 23 74 61 46 63 79 1 7 100 64 24 16 65 17 80 30 35 36 37 25 2 26 38 31 3 47 39 27 8 9 40 48 41 28 10 18 42 11 12 32 13 49 19 29 20 21 
before, Max value is: 4266
After, Max value is: 4255
24 77 45 35 84 40 9 10 67 48 90 60 11 96 63 5 49 43 2 87 92 29 82 97 1 44 42 79 20 69 83 80 19 68 72 74 12 22 57 59 32 37 51 52 71 38 98 18 99 13 55 100 31 89 36 54 95 15 46 64 33 16 41 58 7 34 81 21 85 47 6 61 62 27 78 56 39 73 91 23 93 50 53 28 17 30 75 3 66 4 94 26 86 88 76 25 8 70 65 14 
before, Max value is: 883
After, Max value is: 883
18 36 59 93 21 37 24 67 30 11 75 4 8 91 29 55 48 49 22 81 9 2 40 70 80 97 28 66 64 26 47 79 71 14 65 73 78 15 85 20 83 61 62 53 39 5 31 1 16 77 95 6 99 23 35 88 51 98 76 13 69 54 90 3 25 17 27 74 46 84 94 58 33 34 60 50 72 12 19 89 42 44 92 38 96 57 68 32 63 10 45 41 43 7 87 86 52 56 100 82 
before, Max value is: 2356
After, Max value is: 2353
15 41 42 2 28 59 48 62 71 14 90 77 43 84 18 58 7 47 78 27 22 69 55 9 52 72 23 68 40 67 32 64 56 86 60 13 33 61 26 80 76 24 75 85 11 30 46 82 63 54 20 53 8 3 35 87 29 1 44 49 34 83 65 57 10 16 12 51 79 39 70 88 36 19 81 89 45 66 4 50 31 37 5 38 25 74 21 17 6 73 
before, Max value is: 1291
After, Max value is: 1291
3 72 5 18 75 27 91 25 36 84 57 98 49 15 24 14 94 85 63 1 70 51 40 21 43 73 9 44 58 95 30 100 79 77 34 45 19 52 7 37 46 88 99 11 60 47 41 6 76 22 12 97 53 74 64 62 20 31 23 13 78 66 93 86 59 42 29 81 71 38 39 61 10 96 16 28 83 2 65 92 67 89 80 35 82 50 4 69 90 55 87 32 17 68 26 33 56 54 8 48 
before, Max value is: 4459
After, Max value is: 4456
11 21 58 32 26 93 16 27 56 81 50 91 85 3 19 73 14 63 78 10 87 6 34 45 39 75 47 84 72 96 40 94 38 33 90 86 54 99 25 59 36 83 46 9 70 43 30 42 49 44 98 71 82 5 65 31 37 1 35 23 24 29 57 95 80 53 64 55 67 13 76 66 77 60 22 68 88 2 100 92 69 4 74 8 18 7 17 12 62 61 15 79 51 48 52 20 97 41 89 28 
before, Max value is: 4066
After, Max value is: 4063
93 89 62 44 59 49 84 92 41 27 70 64 15 30 94 46 4 99 21 95 90 34 69 51 26 91 77 20 67 31 66 5 100 32 12 36 83 7 23 79 11 71 54 24 68 17 56 48 45 10 1 19 78 16 72 58 55 63 8 42 85 22 28 40 33 14 29 82 74 81 38 39 98 2 47 86 60 25 80 97 9 87 3 75 76 18 43 61 13 57 96 37 73 65 53 50 35 6 52 88 
before, Max value is: 0
After, Max value is: 0
2 3 1 4 5 6 
before, Max value is: 729
After, Max value is: 731
37 35 99 66 64 96 67 29 40 2 78 6 17 24 51 7 41 90 49 10 92 76 88 73 15 28 82 33 61 21 79 53 71 13 59 72 19 89 39 86 32 30 52 60 5 85 56 63 57 31 18 22 34 87 84 27 91 23 68 75 54 25 58 70 16 44 94 81 4 69 11 95 3 47 83 97 62 65 55 100 26 46 98 74 12 48 50 77 93 80 38 9 1 42 14 43 45 8 20 36 
before, Max value is: 4950
After, Max value is: 4950
1 2 3 4 5 6 7 8 9 10 11 12 13 14 15 16 17 18 19 20 21 22 23 24 25 26 27 28 29 30 31 32 33 34 35 36 37 38 39 40 41 42 43 44 45 46 47 48 49 50 51 52 53 54 55 56 57 58 59 60 61 62 63 64 65 66 67 68 69 70 71 72 73 74 75 76 77 78 79 80 81 82 83 84 85 86 87 88 89 90 91 92 93 94 95 96 97 98 99 100 
before, Max value is: 141
After, Max value is: 139
2 1 56 58 75 46 79 43 72 52 55 51 66 80 50 42 67 78 71 57 60 68 69 73 76 44 53 48 4 70 19 54 59 77 49 45 47 64 41 31 74 40 62 32 30 65 23 29 63 24 33 61 36 7 20 21 10 8 16 38 11 3 25 37 34 35 14 27 26 12 6 15 17 13 5 39 28 22 9 18 
before, Max value is: 201
After, Max value is: 205
100 5 41 46 72 40 82 78 64 99 87 9 44 62 88 23 49 92 68 80 38 24 21 61 51 53 11 34 2 55 63 15 18 90 25 83 36 26 6 19 69 8 43 67 10 31 45 16 94 4 91 98 66 73 48 65 84 89 57 28 77 42 96 85 35 7 95 93 17 70 32 22 30 14 29 37 12 76 60 97 20 39 74 71 79 3 50 33 86 81 56 75 59 1 52 47 13 54 58 27 
before, Max value is: 48
After, Max value is: 48
64 45 66 18 3 4 53 52 56 13 33 48 20 24 46 39 17 37 23 14 63 38 35 43 51 31 25 32 8 10 55 62 6 40 61 42 60 12 36 34 59 68 28 47 22 9 57 49 67 54 7 21 44 15 69 2 50 19 26 58 29 11 27 16 65 30 5 41 1 70 
before, Max value is: 10
After, Max value is: 10
1 2 4 3 6 5 7 
before, Max value is: 99
After, Max value is: 100
85 65 91 15 41 16 10 95 64 6 31 90 75 55 60 76 94 100 50 25 96 84 40 59 36 71 56 9 99 66 26 45 39 74 98 8 30 70 73 69 5 4 89 24 11 14 80 35 38 13 46 49 81 29 21 20 79 1 78 51 37 58 86 54 53 3 61 19 44 63 88 87 62 83 34 93 18 92 23 33 2 28 68 32 12 48 47 72 43 17 52 27 97 57 22 42 82 77 67 7 
before, Max value is: 4950
After, Max value is: 4950
27 51 61 39 53 38 56 47 63 74 77 26 20 32 58 73 18 28 70 79 33 43 87 92 13 100 36 34 1 14 78 40 4 95 19 21 66 76 82 59 54 24 22 31 8 90 89 25 23 72 98 5 12 65 3 45 10 94 46 49 60 86 62 96 80 81 93 15 52 83 75 7 9 6 11 91 17 48 41 71 99 50 16 68 42 85 97 57 55 67 2 44 88 69 37 30 64 35 29 84 
before, Max value is: 250
After, Max value is: 249
63 1 8 88 68 4 16 86 45 22 92 31 62 24 29 64 50 28 82 58 69 33 87 66 100 81 96 19 42 48 32 11 41 25 17 78 51 76 43 30 6 9 94 3 89 15 73 27 54 80 77 26 57 13 71 46 65 20 98 83 23 37 85 90 70 14 7 10 97 99 67 55 34 39 61 93 74 52 49 21 53 56 44 47 5 95 38 36 60 12 84 2 79 35 59 18 40 72 91 75 
before, Max value is: 1177
After, Max value is: 1179
31 98 54 80 95 58 57 81 10 25 93 39 83 4 100 99 61 64 59 66 43 22 36 30 60 11 86 72 90 55 8 29 88 27 14 44 28 23 69 96 65 19 77 42 40 3 5 67 62 33 7 50 35 89 13 47 76 38 91 87 63 9 6 92 51 68 84 26 97 15 41 34 24 78 2 94 74 71 18 20 75 48 16 73 32 1 85 82 17 45 79 21 70 52 56 49 37 46 12 53 
before, Max value is: 11
After, Max value is: 11
9 3 1 4 5 8 7 2 6 
