before, Max value is: 8
After, Max value is: 8
3 1 7 8 5 2 4 6 
before, Max value is: 281
After, Max value is: 278
15 42 5 50 22 16 6 27 34 32 73 77 7 53 19 87 25 28 54 88 52 63 1 96 68 85 30 33 69 86 71 37 99 81 100 64 72 8 47 12 79 31 82 48 67 93 75 95 58 60 26 29 17 3 11 51 18 35 94 74 39 43 57 24 10 55 49 44 9 83 13 20 56 59 92 38 97 45 70 4 84 78 76 23 98 66 91 40 36 2 62 14 21 80 41 46 90 61 65 89 
before, Max value is: 19
After, Max value is: 19
1 12 3 14 11 2 17 9 16 20 13 4 8 7 19 5 10 18 15 6 
before, Max value is: 1029
After, Max value is: 1028
54 11 88 1 95 42 81 55 82 91 94 77 100 87 50 59 70 21 38 26 64 31 7 4 51 25 63 47 96 37 58 49 68 66 35 92 36 76 32 93 46 71 16 72 61 57 98 65 39 90 12 34 80 73 3 23 29 24 85 22 20 8 74 53 14 44 17 62 52 84 18 79 13 2 5 15 6 10 78 27 45 41 40 97 86 19 99 43 67 83 28 60 89 75 69 9 33 56 48 30 
before, Max value is: 111
After, Max value is: 111
33 85 94 45 84 75 34 44 98 43 51 40 48 37 17 55 99 73 97 67 96 13 25 63 76 49 2 15 16 64 42 32 30 38 69 11 80 86 39 78 24 68 36 83 12 88 54 52 74 22 31 14 47 26 61 89 6 5 53 35 50 66 4 21 20 93 58 91 19 56 79 90 23 3 57 71 7 8 46 27 70 1 9 18 28 81 62 59 60 10 82 87 41 29 100 77 65 92 95 72 
before, Max value is: 99
After, Max value is: 97
25 9 29 84 4 38 18 5 46 10 26 48 31 22 24 11 6 3 50 41 33 40 12 27 20 2 42 44 51 19 34 30 7 32 47 16 17 14 15 28 37 39 43 90 8 13 21 36 35 23 49 45 1 54 53 66 81 96 85 60 57 98 94 62 71 87 63 65 64 78 86 79 100 59 70 77 73 68 72 52 95 82 76 67 92 74 58 97 80 75 55 69 99 61 89 91 56 88 83 93 
before, Max value is: 334
After, Max value is: 334
40 74 88 73 38 66 61 41 68 37 24 58 76 33 65 80 59 8 45 15 72 89 23 9 47 3 86 28 77 83 70 63 5 60 42 30 35 46 44 36 84 90 32 78 54 43 71 19 75 2 39 57 49 25 1 13 50 69 34 56 26 67 29 31 91 53 64 27 16 21 10 14 48 79 17 12 18 4 55 22 87 6 20 62 7 11 52 82 51 81 85 
before, Max value is: 2935
After, Max value is: 2934
92 60 36 49 30 4 46 89 54 12 72 59 18 1 75 74 20 22 58 48 98 94 32 96 24 7 38 82 71 70 29 23 76 17 64 13 33 63 14 55 68 2 86 31 9 85 11 69 6 44 67 16 27 90 39 100 97 78 84 50 28 52 66 53 79 26 73 88 91 40 10 42 95 47 57 56 99 51 80 43 61 35 21 5 34 8 45 83 3 87 41 62 37 81 77 15 65 25 93 19 
before, Max value is: 110
After, Max value is: 110
61 67 88 64 73 21 8 13 79 28 19 80 25 54 29 77 36 56 65 9 81 45 22 94 23 33 16 20 57 83 10 68 26 31 41 17 30 46 11 84 74 12 69 82 62 42 27 2 52 37 53 66 47 39 85 91 70 5 40 78 75 86 48 34 89 3 60 43 90 76 44 87 6 24 92 38 93 63 1 35 49 4 55 14 58 59 71 72 32 15 18 50 7 51 95 96 
before, Max value is: 4323
After, Max value is: 4316
88 96 14 2 98 79 4 18 12 94 91 21 84 92 42 97 23 10 50 56 11 81 6 33 59 32 87 9 51 20 17 64 89 7 41 74 47 71 40 55 31 58 36 27 8 83 93 90 54 86 5 26 16 69 61 28 60 43 13 29 1 44 75 34 3 100 72 62 46 77 63 30 80 19 68 57 49 37 35 25 99 39 22 66 15 53 73 52 85 76 38 24 45 82 67 48 65 95 70 78 
before, Max value is: 238
After, Max value is: 238
18 22 93 96 99 20 66 41 100 16 58 17 65 19 11 74 62 71 44 47 72 91 80 28 68 57 59 39 76 24 36 53 85 14 7 46 98 21 15 92 67 48 33 69 25 51 29 60 50 56 75 10 70 78 1 79 81 40 4 30 27 88 54 32 3 12 82 87 63 55 5 13 94 42 90 6 77 49 26 8 34 35 83 89 45 95 97 2 37 38 43 86 61 84 73 23 31 64 9 52 
before, Max value is: 2887
After, Max value is: 2885
28 19 67 69 75 15 13 63 99 41 53 54 45 34 60 79 25 4 11 68 42 64 29 35 9 49 80 37 27 43 58 57 77 70 21 30 5 1 61 94 46 26 23 38 73 20 87 89 96 31 65 85 62 100 83 51 55 56 14 78 81 72 52 74 32 59 66 18 8 76 39 16 86 97 90 88 40 71 93 17 2 95 7 98 33 36 10 6 24 47 82 44 50 3 12 92 84 48 22 91 
before, Max value is: 295
After, Max value is: 295
34 17 93 3 69 4 72 60 24 19 66 15 13 59 42 63 12 68 74 29 18 50 55 75 46 39 7 5 33 96 10 14 64 76 85 43 65 53 31 49 80 94 20 67 22 97 1 57 73 62 82 81 79 92 23 36 38 84 70 52 56 47 100 35 71 58 37 44 30 48 9 27 98 87 77 83 61 99 25 16 28 41 90 40 54 26 91 86 2 89 11 8 32 88 45 21 51 95 6 78 
before, Max value is: 734
After, Max value is: 732
2 86 1 42 25 41 83 79 75 93 56 62 92 91 48 7 11 6 26 31 21 61 69 5 4 8 87 85 53 10 84 78 58 90 94 37 47 23 71 43 40 64 39 45 49 29 34 81 14 44 98 77 3 20 95 18 96 28 65 13 33 17 72 54 22 32 36 57 55 35 38 16 74 99 46 30 80 19 9 68 50 66 70 67 15 51 88 27 82 60 100 63 12 59 52 76 73 89 24 97 
before, Max value is: 4947
After, Max value is: 4947
53 37 87 79 38 83 100 50 97 56 2 12 91 34 82 52 72 18 64 60 49 63 89 14 9 54 74 75 73 47 13 65 21 40 81 5 58 20 44 35 16 43 85 90 86 29 93 24 17 76 31 32 57 30 42 51 26 4 33 77 8 62 95 92 55 36 80 68 84 66 59 25 15 48 11 70 69 22 6 7 96 94 23 19 98 39 78 61 45 41 88 46 67 10 28 27 71 3 1 99 
before, Max value is: 3187
After, Max value is: 3186
41 69 72 86 100 46 15 68 83 12 35 31 30 18 52 1 21 49 14 75 20 67 95 37 48 78 85 55 99 32 91 6 42 92 63 87 9 64 7 74 26 73 22 24 34 82 97 50 44 33 19 70 45 40 90 13 10 23 66 28 27 47 88 57 29 93 84 3 39 76 4 81 51 36 58 98 79 71 56 54 96 8 61 16 60 62 94 77 80 25 43 53 11 59 38 2 89 5 65 17 
before, Max value is: 1790
After, Max value is: 1788
88 90 71 29 67 78 5 75 19 30 1 9 84 18 22 32 57 13 20 45 63 87 68 94 36 61 34 24 11 39 4 86 89 21 54 96 70 72 81 69 58 26 40 41 99 27 74 66 59 14 56 93 77 98 46 6 65 3 80 44 10 60 48 15 76 42 79 97 95 28 82 55 53 43 62 37 31 25 100 50 23 49 64 85 2 52 17 33 92 12 35 83 7 51 38 91 73 16 8 47 
before, Max value is: 1607
After, Max value is: 1606
42 24 14 11 43 73 16 33 68 29 61 45 38 36 46 27 59 98 74 40 56 37 58 34 23 75 77 30 2 60 32 48 21 90 12 57 80 13 41 17 86 35 47 26 15 7 83 9 54 44 55 82 91 53 6 78 8 99 84 87 62 31 51 49 88 19 100 70 67 95 25 63 3 64 28 69 50 39 66 96 94 4 92 93 72 65 22 1 52 71 18 89 85 81 79 10 20 76 5 97 
before, Max value is: 1543
After, Max value is: 1540
27 52 8 10 51 98 90 49 35 65 13 2 54 61 28 26 79 96 100 85 57 50 88 55 4 43 67 46 69 59 6 15 41 23 58 12 72 80 99 31 34 74 19 40 22 77 63 68 44 89 60 45 70 29 82 47 9 62 81 48 93 16 92 71 1 30 83 53 78 32 97 36 3 87 76 20 56 86 66 37 95 91 7 14 94 39 64 11 84 73 33 21 75 5 38 17 25 18 24 42 
before, Max value is: 2932
After, Max value is: 2932
95 50 20 91 79 14 68 6 44 84 73 74 67 87 11 43 89 22 24 33 30 81 59 82 9 88 61 16 99 55 53 15 49 37 66 38 65 32 90 3 5 56 94 35 45 96 47 17 51 13 86 98 39 78 77 18 2 92 58 21 36 76 29 72 12 42 34 57 85 7 52 54 80 26 70 62 31 19 93 71 23 69 28 97 48 10 83 100 64 41 27 60 4 8 63 25 75 1 46 40 
before, Max value is: 2447
After, Max value is: 2443
7 12 2 8 1 13 4 9 6 5 16 19 14 20 18 84 10 94 17 3 92 15 100 85 11 98 93 87 89 82 90 86 22 25 91 96 95 99 97 23 36 21 30 39 24 88 83 70 28 31 81 35 37 26 29 76 38 33 40 27 32 73 62 80 34 66 75 77 72 61 65 74 64 78 69 71 79 63 46 68 67 51 41 47 49 59 55 57 50 58 43 52 42 53 48 60 44 45 56 54 
before, Max value is: 41
After, Max value is: 41
4 2 1 8 6 5 10 7 9 3 
before, Max value is: 705
After, Max value is: 705
51 33 56 3 28 13 5 1 11 40 29 16 4 44 55 20 25 59 24 60 53 8 58 23 36 35 45 48 15 49 41 54 31 50 9 7 19 43 21 12 17 27 46 39 32 38 34 37 47 30 26 18 52 14 57 10 6 2 42 22 
before, Max value is: 918
After, Max value is: 918
90 36 95 60 54 33 32 45 26 41 23 38 100 87 29 20 17 25 6 35 70 44 99 81 16 3 34 31 92 28 8 96 37 12 5 75 22 89 61 58 24 86 9 42 72 77 50 14 13 69 97 1 18 83 10 63 65 15 59 94 85 93 62 82 56 88 46 55 43 48 2 19 21 52 11 74 98 66 47 80 49 71 39 51 67 53 30 68 79 27 7 4 40 64 57 76 91 73 78 84 
before, Max value is: 342
After, Max value is: 342
24 8 58 16 15 31 2 34 63 10 7 19 17 12 21 6 60 64 1 56 25 44 39 48 52 51 37 29 50 5 27 45 14 3 38 4 49 9 46 55 35 59 23 28 57 26 40 42 41 18 32 43 36 47 53 30 20 22 13 54 33 11 62 61 
before, Max value is: 4803
After, Max value is: 4802
61 46 60 50 75 43 66 67 14 69 16 58 45 6 80 48 47 76 65 25 79 98 95 19 68 36 40 38 62 26 57 4 54 34 8 21 59 35 70 97 12 29 42 10 90 82 15 49 56 27 55 44 24 31 39 3 7 52 51 87 88 64 93 13 100 37 1 91 94 53 89 11 74 2 63 32 71 99 81 17 41 77 96 85 30 23 83 72 84 22 28 33 20 9 86 78 5 92 18 73 
before, Max value is: 505
After, Max value is: 503
7 14 17 2 1 19 36 12 26 42 29 48 9 23 24 3 49 44 18 10 6 8 31 21 5 39 50 25 30 41 45 46 34 20 4 28 16 47 35 11 43 38 13 33 37 32 15 27 22 40 
before, Max value is: 2303
After, Max value is: 2303
99 77 25 80 67 64 75 6 90 66 48 58 59 28 43 9 69 17 32 81 85 1 96 91 98 95 39 83 62 3 93 41 36 26 14 24 55 11 70 5 97 94 44 27 38 16 49 57 60 42 12 84 46 30 76 4 2 74 92 10 71 22 86 18 37 65 13 79 52 73 53 33 15 21 63 72 87 35 54 82 61 19 78 50 100 56 68 8 89 51 29 34 23 47 45 20 7 31 88 40 
before, Max value is: 2912
After, Max value is: 2913
11 66 83 31 5 55 9 47 10 25 65 36 27 28 39 88 97 15 8 51 57 77 70 59 81 69 23 78 67 73 1 89 91 84 2 46 40 94 22 34 29 18 79 4 37 24 21 52 75 20 87 96 16 86 42 85 6 48 76 74 44 62 71 58 64 26 93 7 99 3 49 45 50 60 82 98 63 43 61 32 53 92 14 17 80 12 13 30 56 38 54 72 35 68 95 33 19 41 100 90 
before, Max value is: 3310
After, Max value is: 3309
68 21 35 82 23 42 32 73 33 99 45 57 37 59 10 70 96 76 89 66 55 40 7 26 97 74 51 60 30 50 5 31 85 63 9 36 1 56 92 13 29 52 81 54 22 16 34 100 14 47 83 18 41 77 43 2 15 49 79 84 39 19 8 65 86 75 95 38 17 64 91 88 4 3 28 53 48 61 6 46 58 20 94 11 71 69 44 24 98 93 67 90 12 62 78 87 25 80 27 72 
before, Max value is: 2891
After, Max value is: 2892
66 96 54 41 53 86 40 24 35 26 8 71 47 79 62 13 20 31 28 1 81 50 14 70 9 4 69 85 64 67 16 98 78 6 100 84 76 21 87 12 23 32 5 56 92 27 34 68 57 72 44 88 15 30 38 82 29 10 97 25 19 17 74 75 65 95 77 49 45 2 59 46 7 51 37 91 42 52 94 63 18 99 43 3 90 55 73 93 61 33 48 11 83 22 89 58 60 36 39 80 
before, Max value is: 815
After, Max value is: 814
58 31 11 92 25 13 12 91 78 26 32 98 6 85 46 59 39 80 14 79 65 66 52 19 47 7 20 45 86 33 99 61 27 2 93 41 53 60 1 28 35 40 34 9 3 54 8 15 48 16 21 100 74 81 55 36 87 94 49 88 75 82 22 69 62 29 30 57 96 42 10 95 89 67 68 63 43 37 24 4 38 64 71 23 56 17 70 83 50 76 90 18 51 77 44 5 97 73 84 72 
before, Max value is: 99
After, Max value is: 99
88 82 77 76 86 79 53 30 59 96 73 80 84 83 69 72 75 91 47 90 25 67 93 5 10 100 38 98 60 50 54 48 11 74 87 41 71 52 92 33 23 63 55 78 39 14 44 56 18 4 19 28 49 62 24 32 7 1 66 13 12 8 16 95 9 99 46 20 85 65 40 17 70 61 42 6 57 21 22 34 31 36 51 26 68 3 81 15 94 35 27 89 97 43 45 29 58 64 2 37 
before, Max value is: 439
After, Max value is: 438
38 54 41 32 57 79 99 21 56 63 64 83 76 46 47 73 37 84 5 7 97 74 2 13 44 60 70 55 26 17 78 93 45 81 33 77 98 100 66 87 82 51 10 92 9 68 8 4 49 27 58 6 43 14 86 71 11 62 59 42 16 40 90 50 61 80 94 30 24 67 22 96 69 36 75 31 39 85 28 48 19 53 72 34 1 52 88 25 95 15 23 91 29 35 65 12 18 3 20 89 
before, Max value is: 1586
After, Max value is: 1581
96 85 95 16 72 15 65 90 44 93 5 63 61 3 12 55 42 48 75 67 53 79 97 18 9 29 98 80 25 94 37 86 38 73 100 46 40 19 47 14 41 89 30 82 45 34 10 84 21 57 68 70 74 13 39 60 62 8 91 35 83 58 33 23 32 17 7 20 99 11 66 31 50 69 76 22 64 36 77 1 52 56 27 92 4 51 59 71 49 78 28 87 24 88 81 6 54 26 43 2 
before, Max value is: 145
After, Max value is: 144
55 10 62 48 25 75 17 2 5 19 13 66 89 42 99 36 26 79 67 3 78 84 44 88 98 11 22 92 63 87 1 8 54 32 58 46 69 76 7 35 94 18 6 85 91 80 4 74 45 73 24 51 50 68 100 37 43 70 30 64 39 82 61 90 29 38 49 52 15 27 14 93 60 41 59 40 71 9 72 97 28 47 83 34 31 65 12 95 21 20 53 16 57 96 33 86 23 77 56 81 
before, Max value is: 508
After, Max value is: 511
53 76 23 45 36 77 46 27 65 78 88 96 79 29 12 85 32 9 44 2 24 7 25 97 89 98 58 10 99 61 95 66 37 20 33 62 21 34 30 80 14 72 63 15 64 73 49 74 3 16 38 39 54 75 86 31 40 71 4 67 11 83 59 17 41 42 92 18 5 6 55 93 94 100 28 1 50 81 22 43 91 56 68 19 47 84 87 57 60 82 13 90 26 48 51 69 35 8 70 52 
before, Max value is: 1624
After, Max value is: 1619
48 68 10 73 34 84 63 85 33 61 79 94 50 42 41 92 75 80 24 13 76 71 38 49 83 96 40 88 43 21 78 89 25 86 7 66 57 67 35 18 55 44 98 58 91 3 90 45 77 93 26 72 64 19 39 15 16 9 4 1 11 17 65 30 59 99 60 23 36 69 2 53 82 46 95 47 31 51 5 6 62 74 81 27 32 29 56 54 8 52 14 22 20 100 87 97 37 70 12 28 
before, Max value is: 2967
After, Max value is: 2967
70 25 47 17 14 28 11 54 10 86 92 73 35 8 77 58 59 37 95 69 62 99 60 68 18 81 5 13 16 20 98 65 43 29 22 100 9 71 80 1 26 93 24 38 23 7 94 87 49 41 33 44 90 53 64 96 48 36 91 34 50 89 83 45 97 67 32 21 3 52 4 6 66 42 63 46 88 15 78 39 85 76 84 12 30 61 2 72 57 31 40 51 75 55 82 79 19 27 74 56 
before, Max value is: 763
After, Max value is: 764
2 6 29 28 30 40 9 5 50 25 8 10 35 46 32 1 4 36 27 43 33 44 48 19 38 18 17 12 39 13 24 49 22 31 15 41 26 16 21 14 7 42 47 23 37 34 20 11 45 3 
before, Max value is: 342
After, Max value is: 342
67 57 99 83 42 70 55 50 96 69 88 5 75 23 38 79 58 15 49 2 95 62 71 17 11 52 26 89 19 60 37 53 91 98 27 44 7 59 66 81 32 68 24 40 4 97 77 80 73 16 14 43 30 25 39 63 94 54 35 34 56 76 48 36 47 8 100 9 64 85 41 29 84 12 3 1 31 65 21 45 13 90 86 92 72 10 22 20 46 28 87 93 78 82 18 6 74 61 51 33 
before, Max value is: 2487
After, Max value is: 2486
28 29 4 39 5 44 30 45 6 18 46 7 1 31 32 19 33 8 9 34 40 12 13 2 10 14 35 41 47 20 21 42 22 100 36 23 43 15 24 37 3 48 25 16 38 26 17 49 50 11 27 54 55 85 51 63 86 64 77 78 90 74 91 79 96 56 65 57 58 59 80 75 52 87 81 97 66 67 92 93 60 76 68 61 69 98 94 82 83 99 88 70 53 62 95 84 71 72 89 73 
