before, Max value is: 4073
After, Max value is: 4071
80 16 96 5 28 67 41 20 10 19 38 66 46 49 91 25 85 69 89 50 58 37 90 88 70 52 31 59 63 53 33 94 15 22 68 3 84 83 14 4 79 8 21 12 34 11 17 73 29 60 1 78 2 13 99 61 51 74 82 24 54 77 36 26 57 23 43 9 48 76 44 97 35 7 93 95 62 47 55 92 45 71 42 39 56 40 87 30 6 65 86 32 64 18 75 98 100 81 27 72 
before, Max value is: 3328
After, Max value is: 3328
68 72 8 16 93 44 25 47 69 82 15 14 65 6 70 71 98 64 81 27 42 12 66 45 5 94 49 53 40 85 48 2 79 1 73 88 9 91 32 97 75 3 35 90 21 67 77 96 52 55 29 87 59 83 62 28 38 7 60 51 56 43 61 11 57 34 63 74 46 13 30 76 24 20 22 4 58 10 92 78 19 86 36 84 23 31 80 26 33 39 18 54 41 99 89 50 95 17 37 
before, Max value is: 2872
After, Max value is: 2872
10 77 55 57 63 40 32 65 13 88 31 8 15 86 21 42 14 98 20 43 16 99 17 33 69 71 94 53 81 73 97 25 27 26 66 62 58 87 12 18 29 49 22 61 47 76 1 56 100 30 89 45 50 70 59 80 11 51 78 44 93 79 2 74 85 83 7 68 54 3 48 28 82 37 52 39 41 64 34 23 6 72 95 67 92 75 46 38 84 35 19 60 90 96 4 24 9 36 5 91 
before, Max value is: 2995
After, Max value is: 2995
57 77 67 97 7 37 47 17 27 87 24 64 94 74 14 44 34 84 4 54 13 69 56 49 89 46 39 6 76 19 86 96 26 66 16 36 59 9 29 8 48 79 58 99 68 78 22 38 72 88 18 98 12 2 28 31 71 82 52 1 62 42 11 92 61 81 32 41 21 51 91 75 65 45 35 85 25 95 5 55 15 20 40 90 10 30 70 60 80 100 50 93 33 83 73 23 3 63 43 53 
before, Max value is: 220
After, Max value is: 220
69 19 94 53 83 49 54 14 5 99 58 50 7 51 85 35 38 55 10 93 76 87 65 70 81 72 52 6 78 9 13 79 40 89 71 61 29 15 56 31 75 12 57 21 68 64 67 41 45 39 34 44 74 62 18 17 3 37 42 88 33 48 27 60 90 77 20 47 84 8 73 30 4 96 25 16 80 23 95 28 92 32 1 59 24 63 11 2 100 22 43 86 36 98 97 91 26 82 66 46 
before, Max value is: 1549
After, Max value is: 1546
21 56 45 69 62 48 52 44 17 70 54 61 46 26 29 67 28 23 18 58 2 16 35 59 72 11 30 49 19 24 71 36 20 1 3 38 43 4 13 64 33 5 32 7 66 25 10 68 37 12 14 27 55 51 42 9 40 63 47 22 34 41 57 6 31 39 50 73 60 65 53 8 15 
before, Max value is: 3284
After, Max value is: 3284
51 77 87 67 61 89 92 93 96 65 99 97 79 71 68 94 63 95 72 52 82 90 56 69 57 59 54 62 84 91 53 55 58 73 98 76 88 60 100 83 80 86 70 78 75 74 64 81 85 66 31 22 18 35 47 44 27 1 6 8 14 30 20 2 11 36 19 15 26 49 17 29 25 9 13 42 41 39 32 24 12 50 4 21 3 43 16 37 7 48 10 46 38 5 34 33 28 45 23 40 
before, Max value is: 2839
After, Max value is: 2838
31 44 3 10 2 36 21 71 33 85 35 37 80 82 83 14 16 6 100 88 89 96 8 23 38 30 51 78 12 26 43 34 52 19 50 60 7 67 40 63 72 69 70 18 86 45 81 92 90 24 94 4 64 75 79 32 42 47 76 53 11 59 27 1 61 54 55 58 97 65 39 74 17 84 46 13 56 49 66 73 93 9 77 99 62 25 15 20 68 57 95 41 29 28 22 98 91 87 5 48 
before, Max value is: 92
After, Max value is: 92
58 64 14 41 75 53 44 57 81 25 55 66 74 3 42 54 59 8 65 6 13 20 52 50 33 26 45 10 27 17 19 23 22 71 48 43 37 40 68 67 7 34 70 77 31 1 62 18 83 12 78 80 32 82 46 4 69 15 38 51 79 5 9 30 61 76 16 56 84 72 73 35 36 11 2 49 39 85 60 21 24 28 63 47 29 
before, Max value is: 1990
After, Max value is: 1986
40 50 17 53 60 2 34 5 14 25 6 24 64 29 11 8 65 32 7 33 23 4 16 86 46 3 18 88 20 15 30 21 73 12 42 100 26 90 31 72 35 54 39 92 41 57 37 71 47 28 51 43 95 36 45 58 70 52 1 61 76 81 62 56 82 69 59 96 85 66 68 22 97 89 55 38 67 48 75 83 87 77 63 44 49 27 9 91 78 79 10 80 93 19 94 84 13 99 74 98 
before, Max value is: 2881
After, Max value is: 2877
24 7 35 98 80 25 14 64 46 79 81 95 28 36 61 34 39 77 96 30 83 22 73 66 84 10 62 37 60 74 13 32 93 9 63 69 58 49 70 78 20 5 85 67 42 43 56 40 51 94 89 12 6 90 4 21 86 17 57 55 33 15 19 68 92 27 26 16 76 3 44 45 99 50 59 47 75 65 88 23 71 72 52 8 2 91 41 1 82 18 48 54 11 97 29 38 31 87 100 53 
before, Max value is: 2929
After, Max value is: 2928
2 83 30 38 23 6 74 19 15 36 49 91 11 65 20 46 93 3 68 47 89 59 37 48 22 72 21 41 12 40 95 79 17 60 29 57 45 100 54 18 92 84 75 76 8 1 94 4 86 25 98 71 85 10 43 32 28 44 14 5 78 39 31 80 97 67 63 70 16 69 42 51 64 13 82 26 56 81 77 73 88 99 55 90 53 52 50 35 62 34 58 66 27 96 33 7 61 9 24 87 
before, Max value is: 24
After, Max value is: 24
16 8 13 10 7 18 5 9 12 2 21 1 17 11 6 4 14 19 15 3 20 
before, Max value is: 412
After, Max value is: 412
95 51 74 36 21 19 14 87 10 85 71 69 5 66 97 49 98 90 73 79 16 20 77 18 63 91 64 13 84 50 76 54 47 72 70 60 35 32 25 22 82 96 33 28 37 75 11 62 43 8 94 9 68 53 41 7 65 44 34 39 46 55 31 26 88 2 15 80 78 30 59 40 24 99 86 1 56 48 93 92 57 27 61 83 89 23 52 38 4 81 6 58 29 45 3 42 12 67 17 
before, Max value is: 2903
After, Max value is: 2900
17 21 92 40 73 9 43 60 5 80 62 24 1 36 85 23 54 4 52 11 35 41 27 31 44 12 81 28 77 83 19 99 87 94 90 82 84 51 16 74 13 45 46 29 56 72 3 53 66 59 37 10 39 25 14 8 34 49 76 91 48 70 71 79 7 57 89 6 78 32 22 88 26 38 47 75 30 97 20 93 69 33 98 42 55 86 18 58 15 100 63 65 96 64 68 61 67 2 95 50 
before, Max value is: 3340
After, Max value is: 3341
49 82 94 6 9 73 91 8 71 99 48 45 74 57 18 75 81 59 31 95 60 96 77 22 66 20 26 34 79 17 76 19 27 4 21 98 56 40 65 15 54 1 14 7 12 13 78 28 46 53 42 97 10 29 100 36 39 24 3 38 25 62 2 89 11 87 43 86 83 44 70 35 32 16 33 61 72 47 90 67 85 92 80 5 55 37 88 30 58 51 63 23 41 84 68 69 50 52 93 64 
before, Max value is: 411
After, Max value is: 406
26 19 68 93 9 100 22 23 50 90 67 69 1 94 14 89 5 91 16 77 71 96 37 11 6 60 13 40 65 36 48 62 99 53 42 52 83 61 86 25 76 3 39 49 34 47 24 75 20 70 32 74 66 78 31 92 17 41 55 29 43 45 8 56 84 35 4 97 59 44 95 7 10 82 57 2 46 73 88 27 38 28 58 33 79 15 21 18 51 87 63 54 81 72 30 80 64 12 85 98 
before, Max value is: 121
After, Max value is: 124
98 34 14 46 42 74 11 8 38 58 39 43 50 78 66 75 54 62 82 76 90 55 47 30 2 94 95 18 63 48 86 87 35 64 79 22 31 4 15 91 83 59 12 80 70 96 44 26 19 5 84 6 16 77 99 9 88 60 32 67 20 92 85 51 71 10 23 68 36 13 24 21 56 7 27 40 81 37 93 52 17 100 65 3 28 33 25 29 57 53 1 97 41 61 89 72 45 49 69 73 
before, Max value is: 2914
After, Max value is: 2903
10 93 55 20 35 28 22 72 87 19 51 46 91 23 11 100 13 92 4 88 58 50 94 53 1 65 2 40 90 41 86 95 98 21 97 42 17 37 81 61 49 66 31 18 26 96 57 43 85 3 59 9 75 67 70 38 24 14 69 30 48 63 74 7 12 89 68 62 78 5 52 77 33 71 47 16 54 29 64 76 8 83 39 6 32 73 15 79 34 82 44 25 84 80 45 36 99 56 27 60 
before, Max value is: 44
After, Max value is: 42
7 29 44 34 27 37 21 10 2 12 45 43 13 16 30 3 14 39 40 1 28 8 6 36 4 42 15 19 35 33 23 48 41 25 20 46 5 9 50 38 49 26 31 17 47 11 24 22 18 32 
before, Max value is: 215
After, Max value is: 219
26 62 86 10 58 21 38 92 44 49 68 37 9 69 100 17 79 83 23 72 4 25 40 8 14 20 19 13 82 98 1 91 39 85 53 64 46 50 70 24 90 87 30 33 73 31 78 80 27 22 65 36 16 43 3 74 42 61 35 60 77 45 47 56 99 81 93 5 54 29 2 32 11 88 48 34 28 52 66 94 18 57 84 89 41 71 96 55 76 63 12 51 6 67 7 59 15 97 95 75 
before, Max value is: 2679
After, Max value is: 2679
13 9 77 52 30 31 63 26 17 87 57 46 42 61 85 45 28 97 86 6 5 29 54 32 2 71 94 37 35 82 22 81 34 23 70 11 84 95 3 24 65 93 62 19 49 72 66 60 80 73 20 38 10 89 76 12 21 36 58 67 53 18 8 56 7 48 50 79 41 16 44 15 43 91 59 90 92 88 4 27 47 74 69 33 25 39 83 40 99 100 64 75 98 14 96 51 55 68 1 78 
before, Max value is: 2400
After, Max value is: 2400
55 25 39 61 18 69 23 3 1 32 49 47 37 35 59 33 42 66 16 45 67 14 54 64 62 52 65 30 28 31 13 26 60 50 29 40 48 63 46 12 10 11 27 9 8 58 43 24 38 56 21 22 19 53 7 20 57 17 5 51 6 4 44 2 41 15 36 70 34 68 
before, Max value is: 4458
After, Max value is: 4457
50 3 87 57 45 58 98 16 39 21 56 11 75 38 94 91 34 59 26 72 32 86 6 90 54 80 29 81 78 47 25 43 14 93 96 36 46 71 31 13 63 33 83 30 9 19 10 85 37 49 42 1 84 35 23 60 67 70 95 82 66 5 24 53 27 22 77 76 73 88 52 64 100 68 2 69 92 17 15 4 8 79 12 99 74 18 48 44 97 62 40 7 65 41 51 55 61 89 20 28 
before, Max value is: 69
After, Max value is: 69
4 13 44 10 16 29 17 19 21 38 39 23 45 46 6 32 22 30 33 40 15 34 1 7 31 8 20 27 14 35 47 48 9 2 49 24 36 25 37 18 11 50 41 26 28 5 42 43 3 12 
before, Max value is: 4861
After, Max value is: 4861
31 11 29 46 37 61 57 52 71 3 12 41 27 44 90 93 22 28 2 59 14 92 48 10 13 5 86 15 38 72 95 63 87 80 8 89 21 33 58 73 96 18 85 84 66 35 67 56 25 19 1 69 74 53 49 50 91 78 47 17 6 36 79 98 97 39 83 34 7 70 42 55 51 62 24 77 40 54 9 94 26 20 43 23 68 32 88 100 65 16 82 45 76 4 30 99 81 75 64 60 
before, Max value is: 99
After, Max value is: 99
9 56 25 85 99 31 20 16 46 23 76 8 1 88 90 66 70 73 29 79 59 93 4 82 67 78 6 12 60 5 71 64 58 96 83 22 32 65 26 87 91 68 13 40 14 80 77 55 11 51 81 75 84 97 98 72 38 89 57 30 49 42 48 53 39 62 10 52 36 100 17 24 33 41 94 15 47 54 74 2 28 45 37 50 34 7 27 44 35 43 21 3 92 95 19 63 61 18 86 69 
before, Max value is: 3207
After, Max value is: 3204
14 25 95 79 44 6 18 53 63 43 20 80 60 38 29 86 16 72 65 76 45 69 82 73 74 1 26 50 81 56 15 96 46 13 51 97 61 67 90 30 77 31 8 92 19 40 54 28 33 98 23 36 66 99 57 4 55 71 5 47 75 58 48 84 89 39 11 93 9 3 100 87 68 21 91 34 2 35 85 17 27 83 59 78 62 42 41 49 94 70 10 24 22 37 7 88 32 12 64 52 
before, Max value is: 2074
After, Max value is: 2065
98 23 80 55 21 41 96 37 38 36 27 43 84 8 100 57 78 47 62 12 2 66 3 81 86 7 53 39 52 1 60 25 79 64 69 77 93 88 17 99 28 6 5 15 42 59 76 50 89 65 44 31 33 67 97 85 13 91 9 70 40 32 75 73 4 29 71 18 74 92 82 26 51 48 83 61 72 16 46 87 49 58 19 56 30 95 35 68 45 24 14 34 54 11 90 94 10 63 22 20 
before, Max value is: 3515
After, Max value is: 3515
57 79 6 4 22 78 17 41 74 9 2 7 88 62 15 24 48 43 81 12 5 91 76 54 90 66 28 97 93 19 26 100 32 34 61 89 37 51 40 69 27 36 23 60 85 46 50 8 49 80 99 53 73 67 3 64 72 44 58 42 63 59 95 77 75 86 92 68 35 55 70 30 29 47 39 18 33 10 31 71 1 82 83 84 52 14 87 21 65 56 38 20 13 45 16 96 94 11 98 25 
before, Max value is: 4245
After, Max value is: 4245
77 41 30 36 29 63 82 59 89 55 6 79 12 86 31 71 60 94 95 43 76 20 14 23 8 56 47 81 1 11 65 66 88 5 48 51 34 25 39 42 69 61 80 62 33 21 83 87 7 19 35 57 10 64 70 15 16 96 27 93 91 50 28 17 73 40 78 9 24 52 67 44 2 38 68 74 22 92 90 32 45 3 72 49 18 84 26 58 37 46 53 75 54 4 13 85 97 
before, Max value is: 222
After, Max value is: 221
73 1 85 98 12 51 14 65 21 97 60 33 91 8 69 26 86 7 11 23 84 58 9 39 99 43 95 48 42 82 100 4 27 76 36 96 2 50 68 10 80 81 94 32 74 22 16 77 89 92 37 17 47 29 49 6 88 61 25 24 79 44 78 75 90 63 45 20 83 35 93 28 13 66 64 31 54 34 30 56 62 57 55 15 40 72 46 59 67 41 71 53 19 52 38 70 87 3 5 18 
before, Max value is: 881
After, Max value is: 883
46 12 69 94 3 55 35 59 40 28 52 50 81 56 92 70 87 42 98 88 63 79 5 2 67 86 61 32 21 77 26 25 37 16 15 66 8 76 41 72 54 19 49 80 43 53 74 89 38 96 51 83 10 75 68 4 100 71 7 99 44 91 9 90 78 23 17 14 62 31 48 11 95 1 73 18 22 84 85 6 45 36 64 27 57 60 24 13 93 97 29 47 65 82 58 34 39 33 30 20 
before, Max value is: 4865
After, Max value is: 4862
60 89 40 63 29 30 17 85 46 81 78 11 90 70 25 34 4 69 56 36 43 39 67 66 48 64 3 99 71 6 53 98 24 58 35 61 54 16 65 62 95 97 79 57 28 18 86 83 8 13 21 38 87 15 94 5 96 93 32 100 68 91 73 26 59 7 22 10 75 80 1 50 74 55 84 23 76 41 37 9 47 88 12 27 20 49 52 77 31 45 2 19 44 51 82 14 42 72 92 33 
before, Max value is: 2500
After, Max value is: 2500
13 100 77 84 50 36 83 22 29 51 40 21 64 78 45 54 41 33 85 44 24 86 90 10 48 91 31 27 37 67 81 79 56 74 63 43 12 69 94 95 42 70 34 19 71 98 76 25 52 17 93 82 62 28 6 39 72 35 1 49 65 7 55 87 8 61 30 88 47 11 73 38 3 68 66 75 97 60 5 99 58 89 92 80 59 16 14 9 2 26 53 46 4 57 23 18 15 96 32 20 
before, Max value is: 2902
After, Max value is: 2898
92 17 98 9 52 51 25 97 22 23 90 28 41 8 3 72 27 40 49 82 48 80 39 20 37 99 32 79 95 33 65 66 91 46 14 70 86 38 26 47 96 62 93 11 54 58 57 53 71 88 67 6 21 76 7 83 94 55 78 61 100 69 34 4 42 1 64 63 45 24 43 12 87 30 19 56 60 89 18 44 16 77 50 73 10 85 35 2 36 15 59 5 81 84 13 31 74 29 75 68 
before, Max value is: 2903
After, Max value is: 2898
13 79 51 28 41 74 25 9 90 5 11 99 31 72 76 81 10 18 59 80 15 71 14 24 65 50 69 55 53 78 35 43 93 58 17 27 66 68 1 82 20 40 70 8 73 61 46 21 2 37 97 4 23 19 44 94 39 85 49 6 86 30 45 7 36 98 57 64 34 16 96 42 29 60 100 26 33 47 95 38 87 32 83 54 48 63 88 77 12 56 67 84 52 89 62 22 91 3 92 75 
before, Max value is: 2819
After, Max value is: 2823
5 57 59 91 18 12 84 16 39 26 97 36 73 48 24 89 40 23 17 14 8 81 79 63 96 20 9 77 58 90 75 2 65 27 50 76 80 29 60 15 74 78 46 35 13 61 3 64 31 67 47 66 4 99 41 11 51 22 33 85 21 44 52 98 92 55 94 93 6 87 88 10 1 86 53 54 34 37 45 82 49 19 28 100 70 71 95 32 62 83 68 69 7 72 30 38 25 42 56 43 
before, Max value is: 1883
After, Max value is: 1880
29 61 49 75 42 65 46 15 47 90 76 13 36 50 19 34 62 94 100 41 55 56 2 48 70 89 33 32 79 59 66 1 39 12 16 83 54 28 8 18 31 88 69 86 72 57 14 77 93 10 58 60 40 26 11 30 17 43 44 73 82 63 35 27 80 38 5 22 84 92 4 53 78 74 85 95 25 71 87 68 98 3 6 91 37 97 23 81 45 21 64 99 67 96 20 52 51 7 24 9 
before, Max value is: 2898
After, Max value is: 2905
47 32 63 5 70 66 79 41 61 23 90 72 16 49 12 51 13 100 71 1 18 6 87 84 45 48 54 3 57 65 9 30 91 42 24 22 31 80 7 96 98 19 64 74 37 86 76 34 95 78 82 94 11 8 58 77 59 50 14 56 52 35 21 53 38 43 46 62 75 39 26 55 25 97 92 67 68 85 93 69 89 28 73 20 15 29 81 4 36 17 83 88 60 10 99 2 27 44 40 33 
before, Max value is: 327
After, Max value is: 327
34 17 93 69 81 71 5 84 46 32 24 8 7 29 75 79 16 22 9 13 87 77 64 37 11 30 56 72 90 65 60 58 100 49 95 55 91 61 57 80 25 14 50 33 86 98 54 26 68 39 62 31 47 74 15 97 48 28 23 27 43 21 51 83 1 78 53 85 44 82 52 89 73 45 42 19 4 63 35 10 40 67 41 76 18 96 59 6 36 2 88 99 94 38 66 12 20 92 3 70 
before, Max value is: 959
After, Max value is: 955
51 24 56 47 54 27 53 18 50 40 37 3 45 28 12 41 16 46 34 26 17 39 6 20 38 5 36 8 13 4 10 33 48 42 21 22 49 25 2 55 1 32 44 31 23 14 30 35 11 52 9 43 15 7 19 29 
