before, Max value is: 2028
After, Max value is: 2021
75 14 45 4 71 86 8 55 49 66 67 19 11 93 18 3 69 72 100 16 33 39 30 85 46 51 23 97 82 5 76 28 65 64 9 89 79 27 81 25 60 99 24 52 48 47 95 41 34 17 59 57 31 58 15 56 35 42 63 70 53 74 44 61 20 21 50 73 62 54 38 2 80 91 7 90 6 29 36 96 88 92 22 77 40 26 84 43 94 12 68 32 1 13 78 87 10 37 98 83 
before, Max value is: 50
After, Max value is: 50
14 15 8 7 6 3 22 16 9 11 19 25 23 17 20 1 24 13 4 10 12 5 18 2 21 26 41 37 50 39 49 44 30 29 43 27 32 33 46 48 35 45 34 42 31 40 51 28 38 47 36 
before, Max value is: 11
After, Max value is: 11
5 1 2 8 4 6 7 3 9 
before, Max value is: 84
After, Max value is: 84
15 27 55 82 26 20 93 1 100 35 19 14 34 59 6 99 81 73 38 80 5 44 4 92 79 33 58 32 66 37 50 91 65 13 12 72 71 25 43 42 3 54 11 10 47 53 57 98 24 97 96 9 90 18 8 23 64 17 41 63 46 78 89 62 61 77 31 60 88 52 76 40 70 49 87 95 75 36 2 56 51 86 45 74 69 22 16 30 68 29 21 85 84 94 28 83 39 48 7 67 
before, Max value is: 209
After, Max value is: 209
37 74 51 77 71 69 97 26 58 46 66 38 1 18 70 91 15 54 86 89 35 27 43 95 98 2 47 75 83 22 78 90 31 87 96 23 79 92 3 84 67 55 63 11 4 10 36 50 32 93 76 30 24 39 44 85 56 19 7 99 12 88 72 81 59 52 13 61 48 33 16 28 25 45 94 21 41 20 64 34 68 5 8 53 17 6 100 42 9 80 65 73 40 60 49 14 62 29 57 82 
before, Max value is: 3361
After, Max value is: 3360
100 51 98 73 15 82 40 5 23 72 62 9 2 85 6 80 29 70 4 50 83 63 31 41 95 17 14 39 12 18 78 67 76 81 90 38 32 16 97 22 35 8 92 34 60 49 54 94 25 84 88 1 13 91 99 96 74 36 64 19 28 45 47 7 33 30 52 11 66 21 46 43 75 68 3 57 71 79 89 55 65 24 42 37 77 56 87 61 59 27 10 93 26 69 86 48 58 44 20 53 
before, Max value is: 4950
After, Max value is: 4950
54 78 97 98 81 25 92 27 11 95 15 85 45 99 20 5 50 13 100 75 42 34 93 84 21 87 31 40 37 67 39 24 64 8 28 72 63 41 2 52 77 36 66 69 3 49 59 94 23 76 68 1 65 12 73 82 58 79 86 32 74 43 17 7 35 56 22 51 18 4 30 33 44 89 6 60 26 14 19 88 71 83 38 46 10 55 29 9 48 91 70 90 57 16 62 53 61 96 47 80 
before, Max value is: 1315
After, Max value is: 1314
4 29 10 90 83 78 95 86 92 26 61 54 59 42 28 39 79 66 47 96 34 6 82 9 68 55 71 45 100 97 40 30 88 49 1 33 77 38 11 23 22 31 21 8 37 51 91 14 98 76 13 56 63 81 73 19 80 35 24 75 20 44 46 69 52 12 93 87 64 94 70 3 62 57 27 17 74 50 85 41 99 2 58 89 36 5 60 48 16 43 84 25 32 53 15 18 72 67 7 65 
before, Max value is: 2500
After, Max value is: 2500
13 88 90 46 38 44 55 78 84 48 70 20 40 15 95 80 3 79 87 52 1 49 5 72 66 7 11 30 9 47 81 6 62 68 89 42 64 28 73 18 71 100 4 77 58 51 82 22 85 41 27 60 33 53 26 69 98 14 25 10 99 8 19 94 75 76 96 35 29 74 16 23 65 61 54 92 93 86 97 39 83 31 59 67 37 24 57 2 12 45 43 17 63 91 21 32 34 50 56 36 
before, Max value is: 125
After, Max value is: 125
71 67 75 85 17 77 43 73 21 49 79 63 87 61 3 27 39 45 29 7 47 62 28 37 89 41 69 53 31 76 19 91 93 81 20 99 65 97 83 13 25 1 55 66 40 57 33 11 15 95 48 98 2 82 9 84 54 44 90 26 51 70 35 64 74 88 80 34 59 78 94 38 16 12 42 32 72 10 23 24 14 68 58 5 86 30 4 100 6 36 46 50 56 96 60 22 52 92 8 18 
before, Max value is: 36
After, Max value is: 36
1 4 2 6 10 5 8 11 16 7 14 3 17 18 13 19 12 9 15 
before, Max value is: 2897
After, Max value is: 2903
34 42 82 58 15 92 20 87 76 55 67 36 25 40 22 91 54 27 24 68 10 75 56 9 50 59 39 74 65 79 94 16 81 88 69 28 12 85 49 71 13 41 21 66 100 45 93 63 37 97 64 60 4 78 48 89 11 98 8 52 32 29 73 6 18 23 17 57 19 72 70 2 43 44 38 99 61 51 86 80 31 14 46 84 3 90 5 26 83 53 77 47 95 7 62 1 33 30 96 35 
before, Max value is: 811
After, Max value is: 808
57 56 74 85 64 58 83 2 95 62 17 24 36 99 26 6 1 86 35 43 98 23 7 78 11 92 19 33 81 20 50 9 28 70 89 27 10 93 18 32 14 46 12 51 84 65 53 29 90 82 77 96 30 60 45 71 42 8 91 66 25 88 94 97 67 22 16 75 87 13 52 39 4 63 49 61 31 100 3 69 21 80 15 76 68 73 38 55 59 5 48 79 72 40 37 54 41 47 34 44 
before, Max value is: 16
After, Max value is: 16
5 2 7 9 10 4 1 6 8 3 
before, Max value is: 2916
After, Max value is: 2913
63 74 23 12 26 86 37 68 32 40 57 8 56 90 75 2 93 67 73 81 69 20 35 34 87 98 97 17 52 28 16 18 53 59 79 21 36 78 15 61 48 38 45 83 27 6 39 89 99 5 82 54 14 94 64 55 46 72 1 100 43 10 41 58 70 13 84 51 47 29 7 88 80 42 22 4 85 11 95 50 44 30 3 33 49 91 24 96 76 71 19 31 92 25 66 60 65 62 9 77 
before, Max value is: 4290
After, Max value is: 4286
2 22 90 93 50 92 14 88 21 83 10 1 26 71 79 43 66 89 98 27 37 41 62 47 70 74 65 40 49 34 69 12 73 78 7 75 28 23 20 85 59 13 17 53 58 96 51 4 46 48 77 6 16 36 25 95 3 19 64 31 32 45 87 33 57 9 30 68 97 55 91 94 80 35 99 61 15 18 39 84 100 38 81 63 72 76 52 67 54 24 86 8 82 60 11 29 56 44 5 42 
before, Max value is: 861
After, Max value is: 860
6 69 74 98 58 10 4 2 34 44 32 63 53 43 31 48 17 47 82 22 21 54 52 45 55 96 50 23 72 99 11 95 78 15 16 79 5 71 3 24 62 60 86 76 91 51 39 66 13 8 49 59 12 75 46 89 67 28 85 30 27 64 56 80 25 18 26 87 29 68 37 65 14 93 7 73 40 36 70 19 94 9 33 90 97 84 20 35 61 42 77 92 38 100 41 1 81 88 57 83 
before, Max value is: 1929
After, Max value is: 1923
19 25 95 36 59 4 2 90 66 3 31 35 17 18 41 46 61 39 63 62 78 14 60 21 37 26 79 94 56 44 64 82 12 69 7 57 40 43 51 38 93 72 85 70 16 58 42 87 5 52 13 67 6 54 33 49 48 91 23 65 88 53 97 75 15 83 68 50 28 77 34 89 20 27 30 76 86 8 71 29 55 1 45 99 32 98 80 10 22 96 47 9 100 84 73 11 24 74 81 92 
before, Max value is: 2377
After, Max value is: 2373
47 89 37 60 71 98 87 72 92 36 3 35 31 86 2 44 74 84 8 62 17 97 23 53 96 33 65 90 19 5 38 77 68 56 15 45 99 70 40 81 100 42 80 27 21 55 25 79 7 95 73 50 32 57 20 11 67 66 41 49 30 85 22 26 28 63 54 46 39 48 12 69 18 1 4 61 9 29 93 24 34 75 78 94 83 14 76 51 10 64 13 88 6 43 58 82 91 52 16 59 
before, Max value is: 87
After, Max value is: 86
6 50 61 75 3 49 76 35 29 21 80 4 33 77 27 12 8 86 19 17 70 44 52 40 36 1 62 32 39 99 58 63 7 73 100 37 41 5 64 54 14 57 67 69 59 48 68 79 34 30 9 24 85 66 60 65 91 43 82 22 13 78 42 53 95 88 11 10 56 47 16 83 45 23 38 26 20 55 15 18 51 31 28 90 25 46 97 2 93 71 92 89 72 87 94 98 81 84 74 96 
before, Max value is: 2883
After, Max value is: 2880
3 67 42 83 86 85 61 27 37 99 6 93 76 95 22 25 80 16 17 21 84 18 87 66 56 58 29 13 4 32 36 2 35 52 51 24 60 70 40 59 78 75 11 33 5 62 41 81 1 7 45 90 71 53 91 88 98 19 92 79 50 64 54 30 23 48 96 73 46 97 38 63 89 12 43 14 26 49 20 47 100 44 94 9 28 72 65 68 69 55 8 57 39 15 10 82 34 74 77 31 
before, Max value is: 4900
After, Max value is: 4896
100 98 99 97 95 96 93 94 91 92 89 90 86 87 88 84 85 82 83 80 81 78 79 77 75 76 72 73 74 70 71 68 69 66 67 64 65 62 63 60 61 57 58 59 55 56 53 54 50 51 52 47 48 49 45 46 43 44 41 42 39 40 37 38 35 36 33 34 31 32 29 30 27 28 25 26 22 23 24 21 19 20 17 18 15 16 14 12 13 10 11 8 9 6 7 4 5 2 3 1 
before, Max value is: 4850
After, Max value is: 4850
1 2 3 4 5 6 7 8 9 10 11 12 13 14 15 16 17 18 19 20 21 22 23 24 25 26 27 28 29 30 31 32 33 34 35 36 37 38 39 40 41 42 43 44 45 46 47 48 49 100 99 98 97 96 95 94 93 92 91 90 89 88 87 86 85 84 83 82 50 81 80 79 78 77 76 75 74 73 72 71 70 69 68 67 66 65 64 63 62 61 60 59 58 57 56 55 54 53 52 51 
before, Max value is: 11
After, Max value is: 10
5 7 6 4 3 1 2 
before, Max value is: 189
After, Max value is: 189
1 46 15 14 45 25 56 35 21 4 7 38 19 5 50 17 36 39 32 20 52 26 55 51 57 44 28 8 40 54 9 23 13 48 10 3 41 53 34 22 11 42 43 12 24 49 18 59 16 61 37 30 58 47 6 27 60 29 62 31 2 33 
before, Max value is: 88
After, Max value is: 89
51 67 60 25 42 16 79 43 80 44 8 45 68 26 27 81 17 1 38 39 89 82 40 28 2 55 83 84 18 61 52 85 69 70 29 90 19 56 3 30 31 91 92 32 33 93 20 94 46 9 4 95 41 47 62 71 34 86 96 97 98 10 99 11 35 12 13 36 63 64 72 73 74 21 65 75 14 53 100 37 57 5 48 22 76 49 87 6 50 54 15 58 23 59 66 24 77 88 7 78 
before, Max value is: 777
After, Max value is: 773
22 52 71 83 30 97 72 60 84 79 53 13 48 82 35 92 31 10 100 43 16 2 14 66 29 23 56 96 89 39 65 25 3 49 38 50 27 73 55 93 70 81 88 78 20 5 47 32 40 63 36 24 21 15 42 62 59 64 46 11 6 61 7 87 12 80 17 41 94 75 45 77 69 95 8 76 51 74 68 4 58 26 86 37 99 28 18 90 44 98 54 19 85 34 91 33 1 57 67 9 
before, Max value is: 554
After, Max value is: 558
1 5 2 4 3 45 29 56 23 65 66 78 98 67 24 46 6 13 14 15 30 68 18 47 31 37 19 69 88 7 79 38 70 32 80 39 57 89 20 21 81 82 90 48 91 25 40 49 83 8 26 58 59 92 33 84 16 34 60 35 50 41 93 9 27 85 10 71 51 72 61 99 73 52 36 53 17 94 95 74 86 75 76 96 62 54 42 43 22 100 28 77 87 11 63 44 55 97 64 12 
before, Max value is: 2906
After, Max value is: 2901
72 60 98 7 83 99 95 21 74 8 5 23 31 9 61 67 48 59 26 28 91 45 36 25 44 88 51 49 64 50 57 69 76 79 86 3 100 14 56 68 32 16 58 73 63 13 62 33 2 92 75 12 90 77 41 1 55 97 35 96 70 47 17 93 81 46 37 22 24 87 82 94 40 15 42 78 66 85 65 19 89 29 6 84 20 27 43 11 18 30 53 71 34 4 10 80 54 39 52 38 
before, Max value is: 2905
After, Max value is: 2901
83 67 2 87 35 10 61 93 52 36 11 53 29 27 99 20 58 60 15 71 13 82 4 49 96 100 9 3 33 64 59 28 56 65 39 57 7 77 88 92 86 8 18 76 1 48 97 95 45 69 24 73 30 40 41 50 32 79 31 80 55 5 16 72 51 38 91 94 70 37 74 12 78 84 34 89 85 22 44 43 26 62 66 14 21 75 81 6 17 63 19 68 47 54 25 46 42 23 90 98 
before, Max value is: 2355
After, Max value is: 2349
4 1 2 11 15 6 7 3 18 5 20 70 21 32 12 22 16 8 24 25 9 10 19 26 13 27 34 28 30 44 31 35 36 37 14 33 38 45 41 17 46 39 58 79 40 54 42 29 47 48 23 50 43 53 49 59 56 97 63 51 69 57 66 52 71 60 61 55 80 87 67 72 73 68 77 64 74 83 84 75 85 76 88 89 90 86 65 91 78 92 93 81 62 82 94 95 98 96 99 100 
before, Max value is: 3071
After, Max value is: 3077
99 10 30 22 5 37 47 86 35 56 33 14 90 9 16 95 32 75 15 12 20 76 8 79 100 6 61 1 65 41 38 78 17 49 40 74 34 91 45 3 60 93 83 43 89 94 64 24 27 81 46 58 29 39 63 23 7 87 54 42 31 28 36 96 11 84 51 55 18 21 19 88 70 85 92 62 73 68 67 50 53 13 59 72 98 80 97 48 4 26 52 77 25 66 82 71 69 44 57 2 
before, Max value is: 1954
After, Max value is: 1947
5 90 91 36 93 68 1 95 15 40 56 59 66 61 27 99 26 22 37 39 87 33 64 51 42 13 44 78 62 20 2 29 43 83 12 10 73 25 14 48 50 81 65 97 84 79 19 70 75 45 80 32 3 11 8 24 35 89 38 34 71 28 54 86 63 76 31 18 6 85 41 67 60 57 88 55 30 16 82 52 77 49 94 47 72 21 53 9 58 100 23 69 17 4 92 98 7 46 96 74 
before, Max value is: 230
After, Max value is: 230
49 96 58 81 90 82 47 34 26 100 27 14 25 7 43 56 69 55 65 31 37 51 66 61 70 12 3 24 77 62 48 64 78 11 83 40 22 86 29 44 53 32 15 33 21 28 8 92 46 93 99 18 88 74 41 63 95 97 6 30 13 36 60 71 87 85 1 10 94 23 79 5 59 73 89 57 80 4 50 68 72 19 52 42 75 20 76 84 17 9 2 38 35 45 98 39 16 91 67 54 
before, Max value is: 2870
