before, Max value is: 2939
After, Max value is: 2931
66 36 35 100 1 19 56 84 82 4 11 92 45 28 25 72 62 15 74 86 40 77 76 91 27 6 41 34 68 80 50 78 87 42 8 29 32 71 65 46 69 17 75 54 61 14 52 98 73 81 26 49 88 30 70 97 99 2 58 31 53 57 59 7 96 64 93 16 48 63 51 22 23 47 55 38 79 89 9 67 94 90 12 37 83 33 5 39 21 13 44 95 20 10 18 85 24 60 43 3 
before, Max value is: 300
After, Max value is: 300
25 24 22 23 21 20 19 18 17 16 15 14 13 12 11 10 8 9 7 6 5 2 4 3 1 
before, Max value is: 220
After, Max value is: 220
56 18 94 13 65 11 47 90 45 29 10 100 12 95 23 49 84 31 44 81 58 20 1 17 36 25 16 35 92 22 52 88 38 14 8 4 41 83 55 59 89 97 70 30 96 33 78 68 80 24 87 27 39 3 85 15 69 74 34 91 98 72 6 61 66 77 50 86 67 40 53 32 2 73 26 48 19 64 9 54 63 21 62 7 82 76 5 93 43 37 71 75 79 99 57 60 28 46 42 51 
before, Max value is: 106
After, Max value is: 108
65 4 96 20 66 21 76 97 28 33 6 26 77 98 29 44 83 60 8 89 50 67 84 11 85 22 45 46 78 23 68 71 79 15 86 51 34 41 72 52 80 12 24 69 16 73 35 17 61 90 62 53 18 74 91 92 36 47 54 30 55 87 37 27 9 5 38 56 93 13 31 48 99 81 7 39 94 100 57 14 10 42 43 49 88 58 63 25 82 64 59 40 19 75 70 32 95 1 3 2 
before, Max value is: 2886
After, Max value is: 2879
6 52 48 72 13 9 25 10 63 29 28 18 30 98 32 36 49 77 24 7 75 55 42 1 19 26 23 78 3 60 69 45 14 21 59 11 37 54 22 84 12 62 53 67 51 88 76 92 41 33 64 35 93 58 86 82 65 90 89 47 73 99 44 16 46 100 68 38 2 40 96 71 70 20 61 91 57 87 95 66 8 34 4 94 83 85 31 56 5 39 27 15 81 17 97 74 79 50 43 80 
before, Max value is: 2887
After, Max value is: 2889
38 10 53 17 50 5 67 92 70 13 26 22 19 82 78 49 69 85 54 11 59 48 37 84 62 23 72 27 1 35 30 41 46 20 57 2 3 31 96 74 100 51 63 33 87 28 32 75 61 94 29 76 9 97 56 77 64 58 98 99 55 45 52 86 43 80 44 16 81 83 88 39 93 47 21 36 12 6 68 60 40 66 18 14 73 79 65 7 42 91 24 71 15 25 89 4 90 34 95 8 
before, Max value is: 4074
After, Max value is: 4069
51 23 81 19 92 64 83 21 48 80 12 54 57 30 68 8 70 10 49 91 60 22 90 88 46 18 71 2 55 82 27 33 53 74 20 3 99 98 72 50 32 13 1 38 59 85 94 6 28 100 41 75 39 84 40 95 87 25 37 4 93 26 17 47 35 43 77 11 79 44 16 15 96 9 14 89 52 7 36 45 56 66 5 97 67 73 69 65 34 29 61 86 42 31 76 58 24 62 78 63 
before, Max value is: 2888
After, Max value is: 2884
93 79 1 59 9 6 88 67 4 62 75 78 68 95 18 61 34 90 80 38 73 15 16 17 45 5 22 39 86 12 21 56 84 60 69 27 82 51 100 63 32 92 77 87 71 44 10 20 54 14 97 37 31 98 49 40 55 28 30 74 26 66 65 43 89 85 25 48 99 29 11 13 57 42 53 52 47 19 41 83 64 72 94 81 33 23 50 36 7 8 3 24 46 2 35 96 91 76 58 70 
before, Max value is: 58
After, Max value is: 58
7 17 19 5 13 14 15 3 11 6 1 16 9 10 12 18 2 8 20 4 
before, Max value is: 1853
After, Max value is: 1851
16 1 29 96 54 99 89 74 55 57 3 69 47 44 100 8 53 22 5 50 38 7 79 92 78 12 39 11 83 80 2 25 71 24 33 28 66 9 32 49 60 15 40 93 67 17 68 65 59 73 72 18 27 14 98 51 84 82 56 45 58 23 13 61 52 85 48 30 62 95 41 42 20 35 91 64 26 90 37 86 31 88 97 75 63 81 19 6 77 36 76 4 34 87 94 10 46 21 70 43 
before, Max value is: 2927
After, Max value is: 2926
28 23 42 96 63 71 25 43 95 72 76 52 48 91 14 5 15 11 27 66 44 31 59 12 18 39 9 29 46 100 86 61 55 81 92 19 57 53 58 49 51 70 45 50 74 16 83 98 4 30 20 35 68 84 97 64 78 82 47 94 26 32 33 80 88 21 37 69 77 17 7 13 36 99 56 79 60 34 8 90 40 73 89 22 67 62 85 6 65 75 3 1 10 41 87 93 54 24 38 2 
before, Max value is: 3851
After, Max value is: 3847
6 46 91 86 20 50 92 7 70 49 66 87 18 5 28 82 23 48 64 97 90 95 74 81 1 12 14 26 8 35 44 53 32 34 31 65 84 27 69 41 40 77 93 4 37 94 22 80 63 15 51 11 29 39 78 17 79 54 36 89 19 45 73 30 100 72 75 76 42 9 16 2 10 3 98 52 38 61 59 83 96 13 85 99 24 71 21 25 47 67 55 57 88 68 43 62 58 60 56 33 
before, Max value is: 360
After, Max value is: 361
79 55 37 62 72 74 42 24 48 26 50 88 76 20 15 60 16 49 5 84 61 70 53 23 99 44 14 57 41 100 6 25 10 95 27 33 8 69 45 46 75 59 29 77 36 43 66 39 13 91 96 89 90 87 47 94 63 80 78 73 1 92 31 67 34 65 58 12 30 32 83 68 86 11 98 85 97 2 4 3 38 21 17 93 64 71 56 82 54 51 22 81 7 19 9 40 52 28 35 18 
before, Max value is: 3570
