before, Max value is: 5
After, Max value is: 5
2 4 3 1 
before, Max value is: 465
After, Max value is: 462
31 96 99 50 48 24 32 89 27 79 80 1 34 35 81 94 23 37 63 29 71 30 19 83 87 28 75 55 52 5 11 10 93 66 78 2 61 84 67 58 95 9 100 46 21 59 12 60 90 4 49 62 70 65 64 53 17 38 77 41 22 57 76 8 91 85 68 69 44 40 39 36 92 18 98 72 26 54 7 3 33 13 51 88 45 43 74 82 56 97 14 42 20 15 6 16 73 47 86 25 
before, Max value is: 2147
After, Max value is: 2147
32 93 56 21 67 35 59 58 7 17 29 61 60 64 22 89 91 38 13 49 8 100 66 34 43 23 51 24 45 39 4 99 65 52 27 46 72 73 80 2 54 98 82 84 86 37 90 42 83 92 1 77 79 85 96 41 36 62 20 55 94 78 76 68 30 44 71 15 97 25 9 81 48 53 14 70 33 74 50 12 57 75 18 88 40 28 95 31 63 19 3 11 26 69 6 47 5 87 16 10 
before, Max value is: 4950
After, Max value is: 4949
100 97 98 93 94 99 95 92 90 96 91 87 89 88 85 86 84 83 81 82 80 79 77 76 75 71 74 78 73 72 68 70 67 66 69 65 64 63 61 60 62 59 58 57 55 56 54 53 52 49 51 47 46 50 45 44 48 41 43 42 40 39 38 37 36 35 34 32 33 31 30 29 27 28 26 24 25 23 22 21 19 18 20 17 16 15 14 13 10 12 7 9 11 8 5 4 6 2 3 1 
before, Max value is: 6
After, Max value is: 5
6 4 7 2 3 1 5 
before, Max value is: 186
After, Max value is: 187
39 89 33 66 13 43 92 75 52 78 47 85 83 15 86 1 62 3 50 57 96 97 80 22 46 51 7 18 35 32 48 40 81 42 23 72 64 54 67 71 59 94 24 5 10 4 16 25 11 93 58 9 6 61 88 73 44 69 29 79 31 84 30 91 95 56 98 63 8 28 70 99 60 65 76 37 41 17 14 38 21 27 90 87 74 77 55 49 34 36 26 2 45 82 19 20 53 12 68 
before, Max value is: 193
After, Max value is: 192
72 61 59 11 38 32 47 6 54 77 92 51 31 52 36 90 1 64 71 29 20 96 55 86 75 34 69 43 76 23 4 79 3 22 25 98 62 95 46 2 87 68 99 63 37 60 39 17 27 66 35 97 53 44 8 7 57 18 78 80 88 28 67 9 33 13 93 73 21 94 82 24 83 16 81 89 45 56 49 84 14 40 30 48 85 41 15 12 10 58 91 19 50 70 5 42 74 65 26 
before, Max value is: 101
After, Max value is: 101
7 20 41 33 3 42 44 29 45 30 43 21 34 35 46 12 47 22 17 36 14 37 15 48 31 38 16 49 8 9 23 10 24 18 25 26 32 1 39 27 50 13 40 11 19 2 28 4 5 6 
before, Max value is: 2014
After, Max value is: 2015
100 90 98 97 95 93 63 82 31 73 13 64 77 71 96 85 88 91 99 9 89 79 5 81 2 84 52 87 30 38 55 92 62 54 72 60 57 75 34 80 48 70 68 83 65 69 78 40 66 12 67 58 46 43 50 86 74 32 53 10 56 59 21 25 94 44 22 76 37 51 16 20 45 39 4 42 27 6 14 29 24 35 17 18 7 23 8 41 33 36 61 26 47 19 49 1 11 3 28 15 
before, Max value is: 2048
After, Max value is: 2048
55 31 94 88 1 67 61 70 64 25 79 40 37 10 49 22 19 13 82 76 73 4 34 28 91 16 7 58 43 5 8 53 14 74 95 11 35 26 50 89 41 77 86 23 2 32 80 65 56 62 17 38 83 44 47 59 92 71 20 29 68 6 81 93 15 45 21 9 3 42 84 63 39 96 60 87 36 90 12 66 57 27 78 48 54 51 33 18 72 69 30 75 24 46 85 52 
before, Max value is: 31
After, Max value is: 30
9 5 10 6 8 1 7 3 2 4 
before, Max value is: 42
After, Max value is: 42
61 36 33 63 37 97 73 43 87 38 74 68 53 42 82 88 18 92 3 86 34 21 50 94 31 39 80 85 58 11 32 52 12 30 81 19 91 17 15 83 13 84 76 70 60 25 99 41 75 55 1 47 16 66 4 79 56 69 59 57 71 46 14 24 77 40 89 96 49 20 65 48 51 27 93 5 98 100 6 44 45 23 67 2 28 9 10 64 29 54 7 22 90 78 26 95 35 72 8 62 
before, Max value is: 3089
72 10 89 31 92 64 46 26 18 35 32 37 91 29 81 83 73 62 50 61 86 43 33 51 4 52 24 20 40 67 42 63 1 56 25 15 38 11 69 82 13 2 
before, Max value is: 4950
After, Max value is: 4950
97 80 42 78 82 31 76 58 14 91 88 48 37 44 15 38 12 77 66 92 20 86 63 39 98 50 53 24 96 33 30 16 25 54 75 1 95 65 19 13 28 46 11 7 79 59 6 34 84 74 36 100 55 17 93 21 83 22 90 52 49 60 62 43 9 94 27 32 45 10 23 5 26 35 3 69 81 41 87 18 73 68 4 72 99 89 57 8 70 51 71 85 47 40 56 64 67 29 61 2 
before, Max value is: 86
After, Max value is: 86
74 36 1 45 67 27 29 75 2 30 46 59 42 12 60 31 83 47 37 90 76 96 13 3 38 91 14 15 68 32 61 92 84 19 93 39 48 33 77 69 20 21 16 85 97 40 4 49 43 22 78 62 94 79 70 50 63 86 95 71 41 17 5 6 34 98 7 8 51 64 23 99 28 24 9 52 53 87 65 10 88 66 44 80 81 100 54 82 55 56 57 58 35 72 11 25 73 89 18 26 
before, Max value is: 732
After, Max value is: 724
17 48 1 99 26 59 44 84 73 61 67 10 100 57 7 96 53 69 89 18 39 16 86 30 77 40 15 54 19 11 5 72 13 3 4 80 6 55 8 68 94 27 25 43 37 74 49 92 97 9 56 22 88 91 20 21 23 41 45 62 35 85 87 79 66 12 29 82 42 65 36 75 83 93 95 70 81 63 51 46 58 33 14 47 64 38 52 60 76 24 78 90 71 34 98 2 50 32 31 28 
before, Max value is: 181
