before, Max value is: 2191
After, Max value is: 2190
37 61 73 51 68 93 53 67 4 96 55 92 64 99 94 62 75 46 40 57 63 15 80 65 78 8 36 56 69 100 60 76 54 66 90 28 11 77 21 86 89 22 50 84 81 72 5 59 49 44 87 91 27 41 13 70 52 6 74 19 32 79 85 97 2 23 1 16 95 43 14 48 71 88 34 20 33 35 24 42 7 47 29 31 25 3 26 30 18 45 82 38 83 98 39 58 12 17 9 10 
before, Max value is: 3786
After, Max value is: 3783
37 33 61 67 56 45 82 26 59 31 98 30 55 99 85 32 8 74 84 15 86 54 77 7 25 19 68 97 14 94 75 60 69 48 100 83 41 2 93 52 51 72 23 46 9 1 36 47 50 38 73 89 21 20 22 95 3 90 64 70 66 71 96 39 6 53 87 80 91 12 5 35 62 65 28 18 44 42 13 92 79 17 78 24 76 29 40 4 58 57 16 43 63 11 81 27 10 49 34 88 
before, Max value is: 2895
After, Max value is: 2893
46 52 4 83 34 62 51 54 98 85 26 94 43 18 41 92 50 37 32 22 28 78 44 45 47 39 7 64 99 72 9 42 48 57 97 76 6 77 93 21 65 19 38 13 67 86 71 63 79 24 3 36 17 96 25 88 5 81 56 55 61 31 68 1 73 66 16 90 15 87 75 27 60 14 100 20 12 8 23 10 29 53 2 40 84 33 70 74 59 11 91 80 30 49 82 35 89 95 69 58 
before, Max value is: 4360
After, Max value is: 4360
86 48 22 31 33 28 95 83 67 30 74 45 5 16 76 70 85 24 55 32 15 21 41 18 54 12 97 65 72 77 13 82 42 81 56 7 79 14 51 29 92 46 38 1 36 63 34 87 59 69 2 23 19 78 99 6 11 60 71 89 35 73 17 96 39 88 62 3 25 61 75 52 8 20 90 98 93 94 91 37 50 64 53 26 4 47 9 66 68 10 43 49 27 44 58 40 80 57 84 
before, Max value is: 8
After, Max value is: 7
5 3 2 1 6 7 4 
before, Max value is: 2649
After, Max value is: 2649
20 12 65 96 74 38 25 15 1 42 60 76 34 82 83 99 9 4 61 47 32 88 26 64 8 67 70 72 90 33 6 62 48 63 29 28 35 59 43 18 94 98 97 51 44 17 45 69 77 49 50 73 84 5 39 36 3 54 30 31 86 24 37 87 41 78 100 46 19 10 13 40 22 23 53 57 68 52 93 79 7 71 66 55 14 56 75 95 92 58 91 27 16 11 2 21 89 81 85 80 
before, Max value is: 144
After, Max value is: 142
19 10 13 67 82 9 22 8 86 55 100 71 68 53 99 33 41 28 57 24 3 94 46 14 96 80 16 69 29 35 81 38 84 56 15 43 39 20 59 11 30 42 74 6 50 1 44 92 23 12 47 62 98 83 37 76 90 88 93 2 51 66 18 45 89 70 79 58 17 95 31 34 40 48 91 21 26 32 54 60 25 36 5 64 78 65 73 75 63 87 4 72 77 27 85 7 52 97 49 61 
before, Max value is: 54
After, Max value is: 55
22 12 34 23 24 6 29 18 35 1 7 19 36 37 8 25 20 9 38 26 13 39 2 40 14 30 31 10 27 3 15 11 4 16 28 32 17 33 21 5 
before, Max value is: 73
After, Max value is: 71
48 49 29 35 30 31 15 39 41 16 21 22 6 50 32 42 51 23 36 24 17 52 43 44 9 7 18 53 45 54 1 4 46 2 25 8 47 37 38 40 19 10 33 34 5 11 26 3 27 12 28 13 14 20 
before, Max value is: 4114
After, Max value is: 4109
87 71 13 33 67 27 37 28 84 93 53 41 72 75 70 57 43 94 3 73 60 4 2 50 11 65 56 14 97 80 82 68 96 5 36 86 49 98 32 8 47 77 78 100 69 40 21 31 46 7 18 58 54 51 95 39 23 63 42 12 76 61 59 24 85 89 83 66 38 48 81 22 92 91 88 29 35 15 90 19 45 1 55 74 20 16 10 62 6 25 9 26 79 17 64 44 52 99 30 34 
before, Max value is: 456
After, Max value is: 456
13 49 58 51 29 65 40 33 9 23 91 89 16 17 68 46 26 86 22 98 12 76 74 63 90 47 54 96 8 61 62 2 73 71 75 7 57 52 14 70 1 78 37 95 84 19 93 85 55 21 64 48 100 18 81 59 67 10 60 3 28 15 72 92 6 99 56 45 32 41 97 4 66 80 31 82 30 11 50 79 20 24 88 27 39 77 35 83 34 38 5 42 44 53 87 94 43 25 36 69 
before, Max value is: 2868
After, Max value is: 2869
17 76 94 82 47 2 25 49 29 87 44 19 68 78 56 86 81 79 10 57 98 13 95 16 18 23 83 85 8 50 14 65 38 48 36 66 74 31 75 97 32 88 96 27 72 37 53 73 42 54 51 43 24 52 70 69 15 33 63 39 80 3 6 28 20 26 99 59 34 84 64 11 12 46 9 60 41 30 55 92 71 91 45 5 61 4 40 1 22 93 67 7 89 90 21 62 100 35 77 58 
before, Max value is: 1042
After, Max value is: 1038
8 31 62 12 61 81 54 20 71 57 87 23 51 70 76 50 63 96 93 30 24 28 9 40 42 43 74 10 90 72 27 44 59 64 67 25 84 5 18 58 33 89 99 45 34 46 82 48 94 97 68 29 65 98 95 2 52 88 21 26 13 16 77 14 53 39 55 79 35 17 92 66 3 22 4 86 78 47 37 38 11 73 19 75 36 91 41 85 1 15 6 83 32 49 69 100 56 60 80 7 
before, Max value is: 128
After, Max value is: 128
64 17 84 39 59 74 24 4 34 94 77 82 62 37 83 57 97 92 7 14 32 99 72 67 54 79 47 98 73 52 31 69 91 38 96 12 36 18 58 8 22 81 93 27 71 63 78 9 87 61 19 21 89 6 35 88 2 49 3 68 51 29 86 11 1 44 28 85 42 90 48 13 5 56 66 95 16 76 15 46 55 43 26 65 70 33 25 53 75 40 20 80 41 100 23 45 50 60 10 30 
before, Max value is: 243
After, Max value is: 240
34 10 33 9 32 12 46 47 13 17 37 41 48 40 35 3 16 22 6 42 15 7 1 23 36 39 49 14 5 8 11 19 44 26 29 43 24 30 50 27 21 4 20 18 28 2 25 31 38 45 
before, Max value is: 2895
After, Max value is: 2894
11 26 44 33 94 15 23 89 80 100 3 20 61 67 79 13 58 99 85 5 14 34 60 51 76 54 45 9 62 36 92 39 43 50 46 59 48 83 53 98 81 7 19 63 78 93 74 52 4 24 82 49 77 69 8 27 30 90 64 96 97 6 16 25 68 84 41 37 71 42 55 86 87 57 91 88 32 70 22 1 56 28 17 29 38 72 2 40 66 47 10 95 73 35 75 21 18 65 12 31 
before, Max value is: 2910
After, Max value is: 2908
77 30 49 8 86 82 56 59 70 54 38 85 78 6 32 92 51 3 43 9 5 84 73 64 29 23 62 93 19 34 75 91 42 25 83 4 72 76 52 36 39 45 35 87 17 2 98 53 15 47 28 89 100 12 99 88 22 48 50 61 96 24 63 90 95 37 40 41 7 55 16 97 13 27 10 67 44 60 11 31 33 81 46 21 69 94 58 79 18 68 74 65 14 80 66 1 71 20 57 26 
before, Max value is: 769
After, Max value is: 768
1 48 41 8 33 47 14 9 12 25 42 26 11 5 23 2 38 28 18 39 3 27 37 44 50 35 17 30 6 24 46 13 43 4 49 16 15 21 36 19 20 34 40 22 31 10 29 7 32 45 
before, Max value is: 135
After, Max value is: 134
10 8 11 1 3 5 18 40 21 17 43 6 23 14 4 24 36 42 9 13 12 2 34 41 19 16 38 7 37 25 32 33 29 35 48 39 64 55 20 44 49 53 27 56 45 26 50 52 57 58 46 54 28 15 51 61 30 60 59 22 31 47 62 63 
before, Max value is: 6
After, Max value is: 6
1 5 2 3 4 
before, Max value is: 2827
After, Max value is: 2823
30 56 71 38 92 83 68 2 23 91 58 20 43 16 41 98 100 17 19 99 95 6 33 5 87 90 13 24 18 50 11 62 45 46 97 75 4 40 59 26 52 86 15 82 53 27 84 96 42 66 54 34 65 57 67 14 63 21 55 28 69 37 77 74 9 49 94 81 25 73 47 80 29 44 72 12 3 88 10 51 64 79 8 70 31 78 85 89 1 76 48 39 60 35 32 22 61 7 36 93 
before, Max value is: 4950
After, Max value is: 4949
65 16 25 46 69 58 11 61 51 62 41 8 24 20 86 82 67 14 100 73 37 21 87 59 80 35 7 9 10 63 43 54 66 30 81 57 47 5 75 17 89 84 97 90 48 98 99 70 29 68 4 39 6 91 12 22 52 36 74 38 71 53 50 31 15 72 77 23 26 32 44 19 92 34 3 28 18 64 94 55 45 42 79 88 13 40 95 96 2 76 49 85 93 33 27 83 56 78 60 1 
before, Max value is: 2874
After, Max value is: 2869
39 74 35 13 21 54 71 75 77 51 84 57 7 98 20 86 16 5 1 58 24 79 26 97 30 4 12 53 45 48 87 33 27 76 63 61 11 8 90 72 49 80 92 73 17 88 91 38 10 9 47 94 60 65 22 42 3 81 69 36 46 15 29 37 56 31 64 14 6 93 34 96 19 43 59 78 66 32 40 62 89 83 85 41 82 50 95 55 44 23 25 2 70 100 52 99 67 18 28 68 
before, Max value is: 3696
After, Max value is: 3696
6 8 73 95 62 84 68 29 28 3 64 5 10 21 74 1 27 86 19 39 30 58 56 69 91 49 44 66 60 32 93 37 46 88 80 82 100 7 67 71 98 17 89 54 12 23 94 72 76 81 83 33 97 51 26 75 16 53 13 22 41 50 45 2 55 11 47 9 18 57 20 40 79 31 15 35 92 59 25 48 4 85 63 14 65 96 36 78 70 87 77 90 61 52 43 38 42 99 34 24 
before, Max value is: 2922
After, Max value is: 2920
68 21 82 23 96 35 42 26 73 32 33 99 54 45 37 97 50 9 59 10 57 76 89 70 66 55 22 7 74 51 30 1 40 60 31 5 13 85 36 34 16 56 100 29 14 47 83 18 52 41 77 43 2 15 84 49 79 39 8 19 65 75 86 64 91 88 17 61 6 46 67 3 63 95 4 92 81 28 48 53 20 44 98 93 90 38 62 58 94 69 80 11 12 78 87 25 27 72 71 24 
before, Max value is: 6
After, Max value is: 6
1 2 4 3 5 
before, Max value is: 22
After, Max value is: 22
7 9 4 10 5 6 8 3 2 1 11 22 16 23 20 21 12 17 15 13 19 14 18 
before, Max value is: 7
After, Max value is: 7
6 5 2 4 1 3 7 
before, Max value is: 1326
After, Max value is: 1316
68 84 63 95 100 79 26 58 74 90 21 53 85 5 32 37 64 69 91 96 16 48 80 11 43 75 27 54 81 59 22 86 6 38 70 65 97 17 1 49 92 33 12 28 44 76 23 60 55 87 7 39 71 34 66 82 2 98 13 18 50 29 45 61 77 93 24 56 40 72 3 88 8 35 67 51 94 83 99 30 14 19 46 62 78 25 57 89 9 41 73 4 36 15 20 52 47 31 10 42 
before, Max value is: 2896
After, Max value is: 2894
92 79 6 49 10 3 100 75 2 95 45 60 32 59 52 1 99 5 40 80 65 48 69 34 81 66 36 74 41 33 84 37 31 76 44 4 55 39 20 87 88 86 30 94 61 11 43 67 91 83 53 64 12 35 96 27 8 89 68 85 77 93 50 97 17 58 71 82 22 98 78 46 24 28 26 63 19 25 7 18 57 73 47 23 54 13 51 9 14 62 38 42 21 70 56 15 90 29 16 72 
before, Max value is: 2865
After, Max value is: 2862
83 27 39 92 40 37 10 88 79 70 94 68 8 73 16 36 28 47 2 49 12 42 63 35 52 45 66 93 51 91 23 48 56 21 57 97 75 72 9 24 60 1 50 14 7 78 86 76 99 71 19 46 96 77 6 13 41 18 87 54 26 89 82 69 38 59 33 4 84 62 30 64 80 17 55 81 74 34 43 3 85 58 67 11 61 44 53 5 22 29 90 25 31 98 100 95 65 15 32 20 
before, Max value is: 429
After, Max value is: 430
59 41 97 77 11 43 98 87 22 31 40 33 70 55 12 58 37 26 95 73 45 71 100 15 6 94 16 13 5 82 21 4 2 85 84 96 54 7 14 24 29 92 72 80 69 67 68 63 42 10 79 61 50 3 17 74 88 49 48 8 65 30 81 66 35 1 57 18 56 62 75 19 86 60 23 27 52 93 38 25 9 91 99 47 20 39 89 51 36 83 76 64 44 90 28 34 32 46 78 53 
before, Max value is: 2140
After, Max value is: 2138
91 80 97 94 78 60 76 73 55 62 40 50 39 25 29 24 30 43 34 20 21 17 14 6 12 11 5 48 1 66 67 23 72 44 26 15 7 51 10 77 89 36 87 2 3 31 65 84 61 16 71 79 83 52 92 69 28 64 53 56 98 8 99 37 100 54 81 9 59 4 13 19 32 18 27 35 33 38 22 41 42 49 45 46 57 68 47 58 63 74 82 75 70 85 86 90 88 93 95 96 
before, Max value is: 4950
After, Max value is: 4947
52 39 8 87 56 19 30 81 69 14 83 18 41 26 85 44 93 6 5 66 94 46 61 23 25 78 48 68 20 21 28 49 77 79 24 13 95 34 63 90 3 59 54 37 15 35 1 65 42 57 11 67 55 10 32 96 100 60 38 86 27 74 71 91 50 84 31 76 4 82 33 80 22 2 9 58 40 17 73 43 16 47 99 36 72 98 75 45 97 53 51 62 70 64 92 7 29 12 89 88 
before, Max value is: 289
After, Max value is: 288
43 48 25 45 40 49 46 18 72 41 60 51 4 3 20 6 24 21 8 14 63 74 29 54 59 77 2 32 22 11 33 5 26 67 44 47 34 75 9 28 35 12 13 39 68 81 76 38 23 15 30 42 37 62 17 64 31 57 70 7 80 65 36 58 56 1 52 55 69 50 53 10 27 73 71 16 66 79 19 78 61 
before, Max value is: 4949
After, Max value is: 4949
55 40 90 42 60 57 85 24 69 14 91 2 31 74 43 13 29 87 48 37 92 4 79 39 21 6 78 88 47 81 10 5 73 7 8 19 53 20 49 50 97 46 32 63 28 36 99 95 62 84 51 16 59 77 68 52 9 56 94 98 33 27 41 44 80 96 34 18 12 58 71 3 75 72 38 67 1 11 70 76 89 45 23 83 61 93 26 86 82 54 65 30 100 22 35 25 15 66 17 64 
before, Max value is: 14
After, Max value is: 14
2 7 10 3 9 6 1 5 8 4 
before, Max value is: 4298
After, Max value is: 4297
9 67 47 50 11 39 6 24 41 35 7 89 76 20 66 42 77 37 98 27 78 80 84 22 97 64 61 95 99 33 25 12 87 43 54 14 74 38 56 100 71 40 19 15 16 90 86 30 46 51 60 70 69 92 68 4 48 44 10 88 28 65 93 55 3 2 82 45 79 26 94 62 36 21 32 58 96 63 91 52 8 17 75 83 18 29 72 13 5 53 23 34 31 73 49 59 85 81 1 57 
before, Max value is: 114
After, Max value is: 114
16 19 9 11 13 4 8 5 6 7 2 14 17 18 15 1 3 20 10 12 
before, Max value is: 93
After, Max value is: 93
15 85 48 8 78 22 68 74 62 70 77 6 82 47 50 57 5 79 25 52 43 7 23 31 12 41 24 19 36 76 67 51 33 61 42 35 14 26 11 10 55 38 20 1 3 17 27 66 44 59 18 64 65 83 32 37 28 46 30 13 81 2 53 9 60 73 56 72 39 75 80 34 49 29 4 21 63 40 69 16 84 58 54 45 71 
before, Max value is: 4483
After, Max value is: 4481
59 90 97 7 23 2 48 99 86 18 76 9 26 85 87 98 14 31 82 8 89 53 27 65 16 56 1 11 61 25 93 44 20 35 91 15 37 66 95 10 3 79 54 57 69 60 75 51 19 52 94 4 88 34 78 36 73 71 67 100 30 80 39 38 68 40 24 64 70 55 21 33 47 92 81 17 77 50 22 83 41 13 46 58 42 49 74 5 6 29 96 62 63 32 43 12 28 72 84 45 
before, Max value is: 65
After, Max value is: 65
14 11 1 28 41 25 16 23 38 17 8 10 20 31 24 42 29 35 36 7 13 26 37 40 2 3 9 48 6 34 33 22 12 5 46 47 18 45 21 27 32 15 44 19 30 39 4 43 
