before, Max value is: 15
After, Max value is: 15
7 8 4 3 9 1 5 2 6 
before, Max value is: 82
After, Max value is: 84
94 49 45 95 90 3 99 28 87 10 9 59 56 48 96 89 11 97 84 82 42 93 76 13 44 30 14 35 29 23 65 21 72 75 36 6 53 41 71 12 98 33 70 46 40 27 1 7 17 39 31 55 88 34 5 73 67 69 80 64 38 43 47 22 58 74 2 92 68 60 51 18 100 61 86 63 37 25 26 66 4 85 8 62 54 32 15 57 77 91 16 20 24 50 19 83 78 79 52 81 
before, Max value is: 814
After, Max value is: 811
31 72 87 34 97 77 46 1 70 6 93 2 38 86 74 62 84 88 24 37 26 13 75 8 61 9 28 41 40 65 32 92 25 20 7 95 99 17 63 59 27 43 33 15 67 54 49 73 12 47 5 85 98 78 89 100 76 50 53 52 90 18 35 48 68 91 56 4 22 82 80 30 51 71 10 23 39 29 44 11 57 16 3 69 58 96 19 36 66 45 42 64 79 60 21 81 14 94 55 83 
before, Max value is: 2824
After, Max value is: 2824
63 68 72 28 33 56 73 53 75 27 95 85 40 9 14 3 6 26 39 38 18 13 64 91 93 57 46 94 41 45 54 42 90 58 1 71 47 25 84 49 62 15 69 60 29 19 76 65 35 70 23 83 78 17 66 30 11 55 4 16 2 43 51 10 86 80 52 5 44 99 96 74 20 89 61 22 12 97 8 34 32 87 88 77 82 7 36 24 67 92 50 37 21 98 48 31 79 59 81 
before, Max value is: 1615
After, Max value is: 1611
28 31 80 4 41 45 29 21 25 2 89 90 10 87 69 72 93 5 6 86 23 27 9 17 26 99 64 12 32 57 13 77 95 14 24 66 39 11 8 78 1 48 3 62 51 98 56 74 100 30 53 79 81 68 52 35 63 34 59 82 42 58 7 22 47 16 15 70 54 67 44 75 50 85 36 91 97 65 84 49 43 83 88 76 46 19 71 33 60 18 55 37 40 20 61 73 94 38 92 96 
before, Max value is: 111
After, Max value is: 111
66 25 70 40 29 30 53 16 60 37 46 64 49 71 73 36 5 57 12 47 1 26 31 54 38 6 58 48 33 2 27 22 50 3 4 42 9 76 7 55 13 45 23 61 34 18 62 28 72 51 75 24 69 67 43 68 21 32 19 44 35 41 20 10 8 11 59 65 39 74 17 56 14 52 63 15 
before, Max value is: 228
After, Max value is: 226
19 37 41 62 98 80 85 29 74 33 66 28 76 72 60 21 99 35 97 75 40 47 42 71 12 57 77 6 65 4 49 20 36 1 18 94 24 70 38 91 73 90 10 67 54 52 22 8 61 44 84 16 17 63 25 86 14 13 32 69 27 68 83 50 48 87 96 56 9 2 88 39 5 34 46 11 30 53 81 78 79 95 100 58 15 31 64 26 55 3 93 92 43 59 89 51 82 45 7 23 
before, Max value is: 140
After, Max value is: 140
40 97 98 95 57 76 58 54 2 20 77 89 14 91 36 94 38 71 67 34 19 53 82 33 11 16 32 44 8 26 42 31 41 12 73 10 47 56 22 37 62 48 6 29 83 3 50 30 23 86 99 74 88 85 49 18 52 90 92 7 25 66 64 43 45 93 81 35 69 84 63 28 5 9 59 1 100 55 39 27 65 24 61 60 51 70 17 78 96 13 15 72 21 79 80 4 68 75 46 87 
before, Max value is: 6
After, Max value is: 6
1 5 3 2 4 
before, Max value is: 163
After, Max value is: 163
38 11 95 12 13 2 59 83 14 89 53 56 92 32 57 96 68 84 80 39 85 69 70 71 93 29 23 33 77 86 24 97 44 15 5 3 74 60 98 87 20 81 54 47 34 99 8 41 90 42 25 61 6 65 50 72 51 78 26 100 45 17 18 62 63 48 30 75 35 36 9 66 21 27 1 31 43 52 91 64 7 49 82 40 58 16 46 94 19 22 28 10 55 79 73 37 4 76 88 67 
before, Max value is: 580
After, Max value is: 580
14 29 3 23 16 1 39 11 7 18 22 10 36 37 13 5 38 6 28 40 27 12 30 31 35 25 19 34 21 15 4 24 32 17 26 8 33 2 9 20 
before, Max value is: 2895
After, Max value is: 2889
5 58 31 33 94 64 24 35 7 57 53 80 38 84 14 83 37 73 17 63 98 15 19 42 93 49 100 29 52 43 86 2 92 46 50 8 27 78 36 16 82 20 99 66 18 10 47 67 30 71 95 13 88 60 76 6 70 25 74 12 77 91 61 87 62 69 40 48 81 97 59 65 21 3 22 85 32 39 90 41 23 34 44 45 26 28 55 75 1 56 68 51 11 96 9 54 72 4 89 79 
before, Max value is: 87
After, Max value is: 86
44 78 59 95 85 6 79 20 1 96 31 56 45 32 15 97 39 66 33 75 67 46 80 76 86 34 47 21 87 40 16 60 35 81 7 68 36 69 48 8 70 49 2 98 9 61 71 50 10 22 37 23 57 62 72 63 24 11 82 88 51 89 52 90 25 26 73 27 91 12 41 28 74 99 83 38 17 53 54 92 93 29 30 3 100 58 18 64 13 42 4 5 94 84 14 65 77 55 43 19 
before, Max value is: 1023
After, Max value is: 1022
19 50 6 40 53 54 2 52 35 24 10 1 5 17 60 49 15 58 55 20 31 57 37 51 32 46 3 47 12 23 36 25 14 28 39 22 26 29 7 18 11 45 38 9 41 16 21 44 34 59 43 48 33 56 30 13 27 8 42 4 
before, Max value is: 183
After, Max value is: 181
92 60 37 7 33 53 85 73 82 17 93 75 79 49 35 51 30 29 2 88 68 54 5 67 21 9 40 8 14 31 94 56 72 4 77 47 44 23 58 24 10 11 89 64 57 87 3 78 34 18 50 12 16 95 15 41 81 65 28 46 84 27 52 61 86 63 1 19 66 76 20 69 71 36 80 32 48 55 83 96 91 39 62 70 74 43 97 13 22 45 26 6 25 38 42 59 90 
before, Max value is: 1847
After, Max value is: 1847
43 41 96 38 90 55 95 21 18 98 22 85 58 53 62 94 27 17 88 71 100 79 52 77 72 78 50 59 87 46 34 25 92 97 39 35 29 51 56 54 75 49 89 61 69 42 91 84 57 86 37 2 44 12 83 1 65 32 14 3 60 45 6 99 73 11 67 74 20 93 13 7 19 5 33 15 10 4 8 9 81 16 47 30 28 31 24 82 40 26 36 48 70 66 23 80 68 76 63 64 
before, Max value is: 1
After, Max value is: 1
9 10 52 45 93 50 37 81 20 53 65 71 1 82 48 64 3 69 70 94 77 21 4 39 87 28 100 80 26 74 78 49 67 68 2 99 88 72 36 54 27 57 33 47 66 83 95 51 17 38 55 34 98 24 90 15 97 7 73 79 14 5 44 40 18 46 84 35 58 19 22 92 61 89 8 42 11 23 85 6 75 41 60 25 62 16 91 13 63 12 56 30 86 96 29 32 31 59 43 76 
before, Max value is: 2529
After, Max value is: 2525
90 87 95 67 41 78 98 43 75 5 83 9 2 85 70 74 39 14 24 69 97 30 12 73 66 79 71 28 29 51 72 38 1 49 88 34 53 84 92 86 82 25 76 89 45 7 81 10 37 13 96 48 19 91 6 100 8 16 18 33 99 63 47 44 21 3 17 80 36 32 4 57 55 46 27 31 94 26 93 22 54 52 20 40 56 65 15 23 64 68 50 11 59 60 42 35 77 62 58 61 
before, Max value is: 1089
After, Max value is: 1089
92 62 37 25 97 58 20 83 11 46 56 94 53 14 89 5 64 19 35 4 91 80 50 86 8 17 43 74 31 85 7 16 29 76 49 52 88 79 28 13 68 70 73 67 40 2 10 1 61 55 23 82 22 34 48 90 15 12 33 18 66 96 63 45 65 44 72 51 71 87 32 27 54 100 78 60 59 42 6 84 9 30 99 39 38 95 24 3 41 57 26 93 81 75 98 21 77 69 47 36 
before, Max value is: 903
After, Max value is: 903
68 58 7 50 38 8 82 21 45 25 78 3 31 22 52 53 32 59 24 90 77 84 79 42 85 67 72 5 46 61 91 95 2 69 37 96 70 40 20 99 47 62 13 4 56 81 74 23 12 54 10 34 6 63 14 94 71 33 83 9 51 65 41 28 17 29 89 66 27 87 86 93 57 39 19 76 75 30 100 18 16 11 80 26 44 97 15 1 98 64 88 60 49 55 73 35 36 48 43 92 
before, Max value is: 2401
After, Max value is: 2400
12 74 91 60 26 30 97 7 15 87 65 70 79 98 40 41 71 73 96 66 49 76 45 20 47 23 17 27 72 38 52 4 59 53 32 28 5 10 68 46 81 2 78 56 93 13 51 21 95 67 9 69 83 63 37 3 61 22 31 94 44 6 57 82 89 92 43 39 29 33 58 34 25 50 90 99 1 19 54 11 75 77 42 80 62 14 48 8 84 18 36 24 64 85 100 16 35 55 86 88 
before, Max value is: 3005
After, Max value is: 3003
3 94 30 15 55 18 100 60 33 73 89 66 75 90 74 28 63 92 46 64 69 20 13 16 80 11 36 96 54 48 40 19 95 45 76 72 43 77 86 65 25 1 70 56 97 42 6 59 38 68 93 32 47 71 78 83 9 34 62 52 17 99 7 81 44 2 10 14 82 35 26 39 31 29 5 49 8 22 57 37 27 41 85 98 12 87 51 53 50 24 61 79 58 84 67 21 23 88 4 91 
before, Max value is: 3751
After, Max value is: 3751
3 5 1 7 4 6 2 8 9 11 10 12 14 13 19 15 16 21 17 18 22 20 23 25 24 26 27 28 30 29 31 32 33 34 35 36 38 40 39 37 41 42 43 44 45 47 46 48 49 50 51 52 53 54 55 56 57 58 59 60 61 62 63 64 65 66 67 68 69 70 71 72 73 74 75 76 77 78 79 80 81 82 83 84 85 86 87 88 89 90 91 92 93 94 95 96 97 98 99 100 
before, Max value is: 130
After, Max value is: 130
99 45 39 47 26 92 78 100 63 67 34 30 27 83 60 25 42 36 28 44 65 43 29 55 49 79 31 71 93 62 85 33 32 89 37 98 88 56 50 64 7 40 51 76 97 35 54 58 73 52 69 70 48 77 90 87 12 91 53 66 94 41 95 57 68 81 96 19 23 17 38 46 86 16 84 75 11 9 74 22 72 80 13 10 61 18 15 24 82 20 4 59 21 14 3 8 5 6 1 2 
before, Max value is: 7
After, Max value is: 7
1 6 2 10 5 9 7 8 3 4 
before, Max value is: 229
After, Max value is: 228
53 57 52 20 76 99 90 47 35 27 54 1 68 63 2 80 48 81 84 45 30 49 93 97 12 94 62 46 43 10 67 44 98 64 28 74 21 75 3 33 8 6 87 32 55 38 17 86 65 36 61 59 77 72 16 26 56 29 50 23 66 14 5 85 22 79 60 7 51 37 24 92 91 69 42 11 89 13 34 70 88 25 9 39 71 82 78 15 73 95 40 96 4 41 58 83 31 19 100 18 
before, Max value is: 1353
After, Max value is: 1348
25 90 46 4 49 71 42 1 56 52 70 91 3 79 53 74 19 84 85 60 35 67 89 55 95 16 58 26 54 57 47 93 14 94 75 82 65 59 27 2 40 73 88 78 24 76 6 11 69 96 8 34 18 99 22 45 50 51 77 44 31 97 64 20 13 21 32 29 86 100 72 30 61 17 92 28 62 41 15 37 9 48 5 83 66 39 12 81 43 7 98 33 10 36 38 87 23 63 68 80 
before, Max value is: 2185
After, Max value is: 2180
30 14 23 37 43 7 72 75 9 63 51 73 65 21 53 59 29 47 42 26 4 39 11 32 61 34 8 80 15 16 68 77 78 62 55 17 46 67 36 76 74 57 20 27 71 13 33 10 22 79 56 64 24 38 70 28 12 19 45 52 60 35 50 58 54 48 41 25 69 1 6 31 66 18 5 2 3 44 40 49 
before, Max value is: 42
After, Max value is: 42
19 16 17 15 11 23 22 3 6 1 21 5 4 7 9 8 10 20 12 14 13 2 18 
before, Max value is: 10
After, Max value is: 10
4 5 2 6 1 3 
before, Max value is: 1007
After, Max value is: 1004
30 2 22 31 40 29 14 79 18 81 54 50 56 61 43 38 76 67 19 58 28 73 47 53 46 74 69 71 21 49 91 100 63 27 39 51 17 87 60 13 57 97 16 4 78 26 34 36 93 88 90 24 10 44 12 83 52 62 72 41 59 48 86 8 32 20 5 84 35 94 3 6 37 98 89 66 1 15 82 11 42 65 68 70 45 92 9 77 23 33 95 85 99 80 96 64 55 75 7 25 
before, Max value is: 3856
After, Max value is: 3855
92 35 18 86 23 97 78 57 12 60 32 31 42 16 19 46 17 51 40 96 43 81 11 28 98 54 91 58 61 55 62 8 50 22 87 15 48 68 59 7 80 13 2 34 37 24 77 79 56 29 93 6 74 82 89 9 85 21 1 94 53 76 10 5 52 71 4 99 63 67 33 36 73 88 47 27 30 75 95 84 72 39 70 66 83 69 90 44 45 25 49 100 20 41 38 26 3 64 14 65 
before, Max value is: 4004
After, Max value is: 4002
4 69 5 14 59 90 86 66 73 47 40 85 1 27 57 24 49 10 29 97 22 9 91 70 46 67 81 6 68 32 16 54 51 55 45 52 41 12 8 78 75 65 79 83 13 98 21 93 58 37 34 7 31 2 63 74 20 92 84 43 44 50 61 77 28 89 48 82 38 76 60 71 72 26 25 94 39 80 15 36 30 42 87 23 35 11 100 96 99 17 53 18 64 19 56 95 88 62 33 3 
before, Max value is: 409
After, Max value is: 406
44 84 20 30 34 91 11 1 68 19 71 21 45 88 83 77 75 39 79 13 66 92 93 42 94 31 22 36 76 54 37 89 15 7 18 67 96 8 27 65 29 9 55 49 10 64 5 81 32 82 52 3 33 70 26 69 56 41 73 46 62 60 59 4 87 47 6 48 85 50 57 53 51 95 23 63 100 28 61 86 99 74 80 35 78 97 40 2 25 98 12 72 17 16 58 43 14 24 90 38 
before, Max value is: 5
After, Max value is: 5
2 3 4 1 
before, Max value is: 731
After, Max value is: 732
76 11 69 8 81 100 75 83 93 89 9 34 16 80 45 78 92 87 6 42 60 70 13 27 44 99 25 63 28 46 52 40 7 97 74 43 86 38 98 24 32 90 91 49 39 85 29 2 36 71 82 37 10 1 17 68 58 84 96 41 33 20 64 4 23 14 50 22 19 79 15 5 95 72 18 54 94 30 57 67 61 77 26 88 12 47 65 51 48 56 66 73 55 62 53 31 3 59 35 21 
before, Max value is: 3791
After, Max value is: 3792
33 90 36 12 55 87 64 78 20 60 40 81 63 9 44 18 25 99 17 85 7 30 46 3 5 75 45 19 91 77 93 54 69 59 53 89 42 2 83 35 74 65 10 26 14 97 47 73 62 48 8 61 6 13 66 37 23 100 34 15 98 24 96 50 41 49 16 27 1 22 70 72 28 38 51 29 76 95 56 31 67 68 82 52 21 86 92 32 71 88 57 79 58 80 43 11 94 84 4 39 
before, Max value is: 31
After, Max value is: 31
5 2 10 9 1 4 7 6 8 3 
before, Max value is: 2519
After, Max value is: 2519
1 99 77 13 52 20 62 2 18 23 36 58 37 93 16 100 91 21 73 8 10 74 46 42 38 44 75 28 86 63 59 61 65 88 4 97 7 33 9 12 67 22 41 14 25 80 30 39 57 45 53 84 78 35 71 51 49 69 82 96 27 6 29 98 26 94 95 68 89 50 3 24 56 66 32 60 5 70 72 17 19 34 54 15 47 81 87 76 64 43 48 92 85 31 11 55 40 90 83 79 
before, Max value is: 3566
After, Max value is: 3566
85 54 11 15 90 55 48 94 16 36 77 28 73 93 31 6 97 78 72 58 30 41 88 19 9 80 4 82 7 69 63 5 76 59 65 33 98 3 74 2 43 86 57 89 52 10 42 81 91 64 61 60 25 21 50 8 14 96 1 84 75 23 45 26 49 17 38 37 35 51 70 22 71 62 29 95 47 39 34 32 56 66 92 40 79 13 12 44 24 27 53 83 68 67 46 20 100 87 18 99 
before, Max value is: 172
After, Max value is: 172
80 30 65 41 39 11 98 42 91 28 18 35 81 100 34 40 3 99 33 31 36 12 94 23 75 6 25 84 47 63 16 22 58 32 21 55 24 26 59 48 69 72 29 54 87 62 49 79 71 45 60 53 57 97 77 27 92 93 38 8 85 70 86 83 89 82 19 90 9 67 2 73 14 88 74 37 7 15 66 64 20 61 78 50 76 51 95 46 52 56 1 17 10 13 43 4 96 44 68 5 
before, Max value is: 2877
After, Max value is: 2876
37 50 13 74 64 14 43 16 81 25 38 53 86 98 52 69 63 4 18 71 23 47 26 6 80 35 72 11 22 5 75 93 8 100 96 77 88 12 99 44 57 41 48 34 67 2 19 45 56 76 90 82 83 15 24 32 61 94 54 66 68 49 70 92 73 62 89 20 30 58 10 7 31 84 9 59 36 40 95 42 28 65 91 55 1 17 60 79 85 46 21 97 51 78 39 87 29 3 33 27 
