before, Max value is: 2605
After, Max value is: 2601
96 93 54 46 55 88 33 95 85 19 23 71 74 43 69 22 7 17 78 49 4 38 29 72 32 51 73 53 27 39 58 16 97 87 13 60 1 86 47 76 79 18 61 62 42 56 35 68 59 11 6 99 21 66 63 28 67 92 44 77 2 89 25 81 50 83 100 34 36 45 3 24 14 84 20 48 40 57 41 12 64 94 98 5 75 80 10 90 30 82 52 8 37 9 65 91 31 15 70 26 
before, Max value is: 1220
After, Max value is: 1220
28 2 11 19 1 18 47 24 42 21 26 49 15 25 13 34 6 35 39 36 8 31 44 7 27 33 23 3 17 4 29 10 37 41 12 5 14 30 43 50 32 38 40 48 9 16 22 45 20 46 
before, Max value is: 1
After, Max value is: 1
1 2 
before, Max value is: 4690
After, Max value is: 4685
57 16 71 92 94 88 3 64 43 62 93 96 51 47 78 60 56 1 72 25 75 50 69 10 9 15 6 7 49 73 37 8 34 23 80 90 19 91 83 65 76 84 61 85 53 59 18 86 20 14 87 13 28 70 32 67 58 77 54 98 35 44 45 89 42 2 33 68 82 99 12 11 5 48 24 21 22 52 17 30 81 100 39 79 38 74 95 46 66 29 27 41 36 40 55 4 63 97 26 31 
before, Max value is: 2917
After, Max value is: 2911
29 68 48 66 43 37 24 38 62 58 25 2 96 85 65 27 17 36 40 41 71 82 28 60 98 5 74 26 46 91 100 69 73 61 34 33 51 50 95 55 44 72 63 57 83 92 7 16 52 54 15 75 32 18 78 19 21 70 94 53 81 80 93 56 97 64 11 76 31 86 47 84 89 90 4 49 14 1 8 77 13 45 99 35 30 39 22 59 20 6 79 88 10 87 42 67 3 12 23 9 
before, Max value is: 2290
After, Max value is: 2290
57 75 11 82 91 62 14 86 81 83 96 49 19 10 54 100 31 59 39 15 76 28 77 44 67 53 65 43 90 33 71 9 21 25 56 24 42 23 36 66 85 92 6 7 40 69 68 63 50 97 4 48 79 74 27 32 5 1 94 55 51 88 22 84 99 64 2 95 3 93 47 78 58 45 29 60 41 17 52 87 16 37 20 46 89 70 18 12 8 35 80 61 13 38 73 72 30 98 26 34 
before, Max value is: 2904
After, Max value is: 2905
42 3 93 65 85 15 36 40 56 30 100 63 75 6 77 9 2 1 80 61 10 38 35 99 78 7 26 44 41 69 5 59 8 14 88 43 46 66 96 71 53 52 74 17 23 87 51 19 13 24 97 39 81 62 32 92 90 48 86 84 54 89 21 11 33 79 83 22 91 67 64 98 12 73 47 76 55 57 45 18 94 72 68 50 58 82 60 34 37 28 25 20 16 4 70 31 27 49 29 95 
before, Max value is: 1794
After, Max value is: 1792
21 36 56 75 1 76 50 66 15 45 3 77 53 6 61 11 41 72 100 8 23 74 58 92 47 64 90 27 10 22 70 98 91 32 55 93 40 4 9 20 85 63 71 44 43 83 73 31 17 68 14 94 29 69 48 39 49 89 54 62 33 52 46 42 99 34 81 86 59 16 97 24 87 18 30 88 28 95 19 79 2 57 67 37 13 84 65 25 5 38 51 12 35 80 82 60 7 96 26 78 
before, Max value is: 2828
After, Max value is: 2826
94 84 74 47 85 79 50 57 60 80 61 5 100 77 4 35 76 16 1 3 27 48 55 23 20 51 30 44 7 88 28 40 26 52 39 54 72 37 59 11 19 14 87 67 70 42 25 49 45 12 93 75 58 6 32 41 66 68 82 15 95 99 97 63 62 43 53 92 78 71 91 56 96 9 33 18 73 34 21 36 89 31 22 46 24 65 90 69 17 10 86 13 29 8 81 98 64 83 2 38 
before, Max value is: 22
After, Max value is: 22
6 2 7 1 8 5 4 3 
before, Max value is: 1352
After, Max value is: 1351
97 84 30 45 2 76 28 74 36 39 92 19 77 41 11 52 54 90 85 70 53 17 96 94 100 15 73 98 32 86 50 58 26 12 99 91 72 79 65 75 89 13 56 68 60 69 22 34 5 23 14 57 42 40 78 67 48 64 66 87 29 47 71 16 81 44 59 51 20 49 55 62 9 63 37 38 43 61 46 8 6 10 95 27 4 31 35 7 80 3 88 83 1 18 93 33 24 21 25 82 
before, Max value is: 2893
After, Max value is: 2894
65 14 7 84 77 28 67 90 80 12 39 100 10 50 15 2 4 71 36 35 88 32 41 58 6 52 81 13 49 96 51 99 8 59 16 89 75 68 25 1 38 11 44 97 64 98 40 19 42 86 48 18 63 34 9 47 62 82 76 83 92 87 72 29 70 5 61 23 46 95 66 22 43 60 21 91 78 31 53 45 85 37 26 69 24 57 94 30 54 74 20 27 93 33 55 3 79 73 17 56 
before, Max value is: 4950
After, Max value is: 4950
67 62 31 27 42 86 55 43 13 73 25 33 66 34 2 64 46 28 69 77 41 1 50 48 63 95 74 45 7 37 4 90 85 16 98 79 29 100 21 35 82 91 44 51 32 22 96 70 76 17 94 23 20 40 58 38 5 83 81 97 99 30 59 36 3 71 8 54 6 24 19 89 10 14 93 75 52 88 92 39 60 26 57 87 11 61 12 72 15 65 84 80 18 9 68 78 49 53 47 56 
before, Max value is: 28
After, Max value is: 28
14 6 10 4 1 15 2 11 9 8 12 5 3 7 13 
before, Max value is: 4075
After, Max value is: 4072
88 22 47 57 97 55 63 52 30 83 53 17 29 78 32 93 16 86 25 46 61 91 6 48 65 31 35 28 79 15 60 56 69 99 80 23 10 40 77 94 90 95 75 92 24 81 39 50 85 64 42 18 44 51 9 36 11 59 72 14 34 4 21 76 2 74 7 33 8 3 49 66 96 71 73 45 20 13 43 82 70 37 27 58 54 5 100 12 89 67 1 41 62 26 87 68 19 38 84 98 
before, Max value is: 1622
After, Max value is: 1619
58 69 12 77 19 97 85 66 6 68 1 11 63 28 93 91 95 15 90 7 18 26 31 5 45 64 42 47 59 74 16 38 99 52 22 36 54 80 14 35 8 57 27 33 20 100 34 25 37 84 43 40 62 83 94 29 88 71 46 41 82 53 61 24 96 60 67 89 48 13 76 49 17 72 2 98 92 56 44 73 3 21 9 4 51 50 30 79 78 65 87 39 86 55 10 70 81 75 32 23 
before, Max value is: 4950
After, Max value is: 4950
1 72 21 99 96 52 7 49 47 23 26 35 8 97 95 68 58 27 92 20 61 64 16 86 9 29 42 85 46 87 76 36 14 2 62 77 57 28 10 94 3 59 70 37 67 5 100 55 98 30 80 50 17 74 51 91 32 75 24 18 15 54 73 44 89 39 38 79 84 65 13 43 53 63 31 48 40 25 41 45 33 81 71 56 66 12 6 83 34 78 4 93 19 11 22 88 90 82 60 69 
before, Max value is: 4950
After, Max value is: 4948
100 98 95 97 99 96 93 94 92 90 91 89 88 86 84 85 83 82 80 81 87 79 74 77 78 76 73 75 70 72 71 69 68 67 66 64 63 62 65 59 58 57 61 60 56 54 53 52 55 51 48 50 47 49 46 45 41 44 43 39 40 42 38 37 35 36 34 32 33 31 28 30 26 29 27 25 24 23 22 19 21 20 18 17 15 14 13 16 9 12 10 7 11 5 6 8 4 3 1 2 
before, Max value is: 3529
After, Max value is: 3526
82 54 5 24 76 28 77 22 9 43 51 19 36 45 92 98 14 1 25 44 33 61 15 83 4 99 100 91 70 18 79 8 29 56 6 31 21 39 93 17 88 62 72 27 58 74 13 97 52 75 50 87 53 71 86 57 40 23 32 26 59 46 10 7 11 90 84 12 89 65 66 47 30 85 55 34 81 68 95 60 41 69 73 80 78 3 49 20 96 16 94 64 2 37 67 35 42 38 48 63 
before, Max value is: 179
After, Max value is: 178
93 19 84 83 100 36 46 45 76 52 59 99 23 51 18 64 75 22 17 70 69 30 12 92 63 35 11 62 29 16 28 91 44 27 43 74 6 68 73 58 50 61 82 42 10 34 57 90 81 15 5 9 80 56 21 79 33 49 98 20 72 4 78 48 71 89 55 47 3 88 67 14 41 8 66 40 39 87 26 7 2 54 38 65 25 32 60 53 1 86 85 96 77 24 95 13 94 31 37 97 
before, Max value is: 2853
After, Max value is: 2853
41 3 93 96 4 98 87 72 90 24 16 73 95 27 44 54 49 88 29 2 71 55 75 57 81 34 38 46 77 86 21 60 26 79 42 40 50 22 56 8 100 20 36 14 92 18 59 74 85 65 69 94 43 17 83 68 66 23 12 48 39 32 30 61 37 33 62 6 19 84 63 52 47 10 67 58 9 11 89 31 53 91 7 80 99 1 76 13 25 64 70 78 97 51 45 82 28 15 5 35 
before, Max value is: 13
After, Max value is: 13
6 4 5 3 1 2 
before, Max value is: 2898
After, Max value is: 2896
8 67 51 48 36 28 100 88 4 7 92 30 14 94 95 29 93 13 81 78 41 64 86 77 9 74 22 31 24 45 59 62 69 33 85 17 21 97 32 83 46 37 79 76 43 96 40 60 57 20 34 15 3 49 54 75 5 91 89 38 18 10 70 98 56 72 11 87 2 23 73 55 66 53 27 25 61 99 63 1 52 50 84 71 44 82 6 42 19 90 12 16 58 80 47 65 26 68 35 39 
before, Max value is: 3797
After, Max value is: 3793
73 83 26 72 71 15 46 50 35 48 27 63 18 94 24 54 45 68 62 13 99 4 34 96 16 21 82 29 84 86 19 51 32 36 39 37 38 10 17 11 81 5 59 40 65 88 74 95 14 64 57 42 2 6 25 90 80 43 52 77 20 67 75 92 93 22 97 91 79 3 31 49 44 78 33 85 41 70 98 60 89 23 12 58 76 61 47 69 28 9 66 1 8 56 7 30 55 53 87 
before, Max value is: 3288
After, Max value is: 3287
45 48 2 76 36 90 35 47 37 20 43 30 54 63 25 56 18 21 52 39 80 41 74 69 7 58 40 49 29 31 87 62 4 98 73 15 59 60 16 19 81 44 50 26 9 82 28 11 33 65 34 93 79 97 24 10 96 22 94 57 38 14 86 46 3 100 27 66 70 42 13 83 88 17 91 32 92 72 61 51 84 6 95 64 71 77 67 5 99 8 23 75 85 68 12 89 55 1 78 53 
before, Max value is: 833
After, Max value is: 835
99 57 75 3 1 74 73 90 52 80 72 67 81 55 94 54 82 68 83 86 78 69 79 84 87 70 71 76 85 77 95 44 43 48 49 45 56 92 89 88 37 59 91 40 42 41 39 60 97 62 61 66 16 96 98 38 63 64 65 7 93 100 19 12 58 15 51 28 11 14 20 10 5 33 50 32 31 29 8 47 53 26 13 27 18 21 23 25 36 4 35 30 22 24 46 6 34 17 9 2 
before, Max value is: 2296
After, Max value is: 2294
77 2 60 45 84 18 33 55 99 98 78 40 89 88 19 31 15 73 58 32 65 9 96 97 6 12 82 21 74 13 93 92 63 61 59 56 1 80 39 68 20 54 3 75 36 91 69 16 8 100 28 81 38 27 30 26 44 94 79 35 17 70 25 46 83 51 50 66 95 49 37 86 10 48 5 71 85 47 76 53 72 24 67 42 57 7 64 41 62 52 34 22 4 43 11 90 29 87 23 14 
before, Max value is: 1199
After, Max value is: 1192
15 7 9 10 5 19 6 4 11 16 1 17 14 8 3 13 18 12 84 20 87 90 95 81 94 86 88 85 40 37 38 28 100 31 99 23 97 78 82 39 83 91 96 24 25 22 33 93 30 2 35 32 98 73 34 75 63 77 92 26 29 89 71 36 54 65 27 74 69 79 67 41 64 21 80 68 61 72 70 66 76 62 43 50 42 53 47 45 56 57 44 55 59 49 46 48 60 58 52 51 
before, Max value is: 185
After, Max value is: 186
33 79 47 10 84 81 56 70 71 25 60 5 46 19 96 89 72 4 87 40 66 54 86 50 58 49 69 18 29 16 8 64 35 30 83 20 85 55 68 51 22 34 65 57 42 59 76 2 62 39 14 38 17 43 7 1 37 82 94 24 63 80 53 93 36 31 52 23 12 11 41 75 77 26 48 73 28 92 9 13 27 74 91 44 15 45 97 95 61 21 32 90 67 3 6 78 88 
before, Max value is: 2918
After, Max value is: 2912
86 99 53 8 82 52 61 47 95 34 62 41 3 79 57 24 48 59 42 4 38 40 68 97 81 74 2 16 15 50 58 80 21 10 29 28 89 46 67 12 14 91 63 98 30 26 83 77 72 75 22 54 31 92 85 36 70 35 71 13 20 55 64 6 27 9 88 23 43 90 96 17 25 56 7 45 76 19 5 94 1 33 78 44 93 49 73 18 32 60 65 11 84 87 66 37 100 51 69 39 
before, Max value is: 723
After, Max value is: 721
21 81 17 86 63 56 14 48 39 90 12 80 22 42 96 43 71 1 33 53 70 44 84 78 3 18 60 68 38 2 36 19 55 31 27 58 54 75 41 74 91 57 11 89 85 65 34 79 59 76 30 5 52 8 61 73 40 29 95 67 93 82 92 15 94 47 88 46 26 87 28 7 83 32 64 45 10 72 4 62 69 77 16 35 9 37 20 97 13 50 51 6 25 49 66 24 23 
before, Max value is: 1861
After, Max value is: 1860
24 18 34 30 21 25 35 37 13 27 41 2 5 9 47 14 65 42 62 26 79 75 52 29 28 33 16 57 84 68 17 94 44 10 15 11 69 46 31 45 70 61 36 64 77 54 56 53 1 8 7 78 19 40 81 60 48 32 80 49 59 50 85 58 4 63 38 95 89 20 83 73 23 76 39 67 88 55 3 22 51 82 99 66 86 96 87 43 90 98 12 91 72 93 92 74 97 6 71 100 
before, Max value is: 3740
After, Max value is: 3740
37 64 79 85 65 80 6 35 82 26 46 75 60 41 83 54 56 70 28 34 33 77 68 21 45 29 81 18 44 50 27 84 23 51 55 57 69 61 73 9 32 4 49 11 14 63 78 52 48 5 3 43 7 25 47 87 72 38 59 39 86 66 20 15 2 24 22 53 74 13 12 10 71 1 8 40 62 17 58 67 42 19 16 76 36 30 31 
before, Max value is: 1468
After, Max value is: 1466
52 64 5 70 89 36 83 25 46 12 75 39 24 88 65 48 100 77 20 7 4 49 86 87 79 90 97 44 40 81 33 61 17 58 91 80 60 62 50 57 11 55 43 69 96 54 23 84 94 95 71 9 92 2 45 3 78 53 51 18 93 32 85 31 38 26 27 34 28 19 6 35 66 21 59 29 22 47 72 10 98 67 56 68 37 15 14 16 73 99 41 1 42 76 8 74 82 13 30 63 
before, Max value is: 146
After, Max value is: 146
18 40 3 63 68 80 51 98 34 20 55 26 1 5 6 16 10 82 72 96 84 95 15 45 49 17 93 37 67 94 66 64 28 97 85 88 41 76 2 46 29 19 62 50 35 22 75 71 61 69 43 91 21 33 99 100 60 73 7 36 87 58 8 4 38 31 32 65 44 42 59 56 12 48 53 81 57 24 74 79 25 47 52 27 86 70 13 54 92 83 23 11 39 78 90 14 89 9 77 30 
before, Max value is: 3831
After, Max value is: 3830
90 22 13 69 61 78 7 54 42 57 86 52 25 67 19 94 88 48 93 32 68 76 87 75 17 79 45 9 60 18 64 71 50 81 38 74 72 98 55 40 59 97 46 96 11 34 3 43 84 92 12 49 20 62 4 14 73 63 89 29 8 39 95 66 35 91 23 16 5 21 82 53 2 27 58 28 77 41 44 56 47 80 24 37 99 31 26 10 1 51 70 65 100 83 33 30 36 85 15 6 
before, Max value is: 2945
After, Max value is: 2943
78 11 54 49 64 66 46 24 79 53 38 86 95 32 48 21 20 23 68 76 35 8 51 99 50 33 97 3 37 58 30 75 61 88 55 69 36 47 96 26 45 44 9 17 25 56 13 71 83 43 100 31 2 16 6 59 72 10 67 18 91 77 84 85 94 22 62 89 60 98 39 63 73 93 41 4 34 1 7 82 12 5 14 87 27 19 92 42 29 40 74 70 28 57 65 52 81 80 90 15 
before, Max value is: 826
After, Max value is: 827
26 4 34 18 40 10 36 48 21 31 15 3 45 32 41 42 99 44 46 14 38 11 37 43 33 30 17 27 39 29 50 25 53 28 19 16 49 69 35 47 52 63 6 51 2 12 54 72 71 61 60 65 67 20 22 73 66 55 8 57 23 9 56 58 24 59 70 62 74 68 75 80 92 7 98 90 88 87 82 100 13 94 89 81 5 96 85 64 79 76 84 1 95 83 97 91 93 86 77 78 
before, Max value is: 515
After, Max value is: 515
85 46 52 69 88 33 49 36 80 86 54 9 90 79 12 78 81 45 59 24 74 89 68 30 75 55 14 28 34 11 100 95 5 16 98 48 83 21 10 20 92 47 4 94 56 1 7 27 25 39 2 62 71 91 76 37 31 93 57 82 6 19 64 18 72 32 70 87 61 23 26 77 22 51 38 73 40 84 53 29 99 17 43 63 60 65 41 13 96 58 8 15 42 97 3 44 50 35 67 66 
before, Max value is: 1624
After, Max value is: 1620
90 74 31 16 41 39 3 17 52 44 56 72 12 22 55 46 85 88 77 78 81 63 15 95 38 67 79 80 96 87 99 98 62 73 29 8 75 70 68 54 49 4 5 59 2 6 84 48 66 13 21 42 43 50 1 69 37 91 11 94 58 40 33 83 28 23 14 57 51 24 61 35 34 93 71 36 65 97 53 9 60 26 86 18 64 19 45 27 47 89 7 25 20 100 10 30 32 82 76 92 
before, Max value is: 4311
After, Max value is: 4310
57 11 18 58 99 73 1 74 69 86 23 27 28 78 36 24 88 62 15 68 64 8 82 20 94 95 12 19 6 89 38 42 7 48 5 98 97 47 43 32 16 4 76 59 90 70 44 29 87 71 41 10 25 31 40 79 77 75 3 2 83 60 81 34 21 85 65 49 13 30 56 26 33 61 22 51 14 37 46 50 84 66 72 91 52 92 80 55 39 100 63 67 53 93 54 96 17 35 9 45 
before, Max value is: 4287
After, Max value is: 4282
57 94 78 58 88 27 16 21 46 25 51 35 17 65 4 33 20 74 13 66 91 69 12 55 37 68 60 24 6 39 45 76 29 44 40 59 86 53 77 26 73 2 62 34 22 85 97 23 90 28 72 30 43 64 98 89 36 47 41 56 11 83 70 31 32 8 63 19 15 75 18 1 49 79 9 81 95 3 54 52 38 100 61 7 99 92 87 96 5 48 10 80 50 14 82 71 67 93 84 42 
