1 2 4 9 10 13 20 22 23 26 27 28 29 30 31 33 36 37 38 39 40 43 46 47 48 49 51 57 60 61 71 72 78 79 82 83 85 86 87 89 90 92 93 100 3 5 6 7 8 11 12 14 15 16 17 18 19 21 24 25 32 34 35 41 42 44 45 50 52 53 54 55 56 58 59 62 63 64 65 66 67 68 69 70 73 74 75 76 77 80 81 84 88 91 94 95 96 97 98 99 
2 4 3 1 
1 3 9 11 12 23 28 29 30 31 32 37 50 53 55 59 63 71 72 77 78 79 80 81 89 94 96 99 97 93 87 83 73 70 62 57 51 42 39 34 15 2 4 5 10 19 24 27 35 38 40 41 44 46 48 49 52 58 60 61 64 67 75 76 84 85 90 95 98 100 92 91 88 86 82 74 69 68 66 65 56 54 47 45 43 36 33 26 25 22 21 20 18 17 16 14 13 8 7 6 
4 7 13 15 17 21 22 24 29 32 35 36 41 42 43 51 52 58 59 60 61 64 65 67 68 74 77 78 79 82 90 91 93 94 96 99 100 98 97 89 85 80 76 69 55 54 45 39 28 27 10 8 2 9 16 20 23 25 26 30 34 37 38 44 48 50 53 56 62 66 70 71 72 73 81 84 92 95 88 87 86 83 75 63 57 49 47 46 40 33 31 19 18 14 12 11 6 5 3 1 
17 24 29 32 37 38 39 41 51 52 68 70 71 73 74 76 78 80 82 83 84 85 87 88 90 93 95 96 97 100 35 36 40 42 43 44 45 46 47 48 49 50 53 54 55 56 57 58 59 60 61 62 63 64 65 66 67 69 72 75 77 79 81 86 89 91 92 94 98 99 34 33 31 30 28 27 26 25 23 22 21 20 19 18 16 15 14 13 12 11 10 9 8 7 6 5 4 3 2 1 
2 7 1 3 6 5 4 
2 3 5 6 7 9 11 13 15 16 29 33 34 39 40 42 43 46 50 51 54 57 59 64 66 67 71 72 75 78 79 80 83 84 85 89 92 96 97 93 88 70 65 61 55 49 47 44 37 26 19 18 10 8 1 4 14 22 24 25 27 31 32 35 41 48 52 53 56 58 60 63 74 76 86 91 95 99 98 94 90 87 82 81 77 73 69 68 62 45 38 36 30 28 23 21 20 17 12 
3 4 6 14 16 17 20 22 23 25 27 32 34 36 38 44 46 47 51 52 54 55 59 60 61 62 63 66 67 69 71 73 76 77 78 86 87 88 90 92 95 96 98 97 89 83 70 68 65 58 53 41 35 33 30 21 15 13 12 9 8 7 2 1 10 11 18 24 28 31 37 43 45 49 57 64 72 79 80 81 82 84 94 99 93 91 85 75 74 56 50 48 42 40 39 29 26 19 5 
2 3 6 7 10 11 12 16 17 18 21 22 25 29 30 33 35 41 43 44 45 46 47 48 36 28 23 20 13 8 4 9 14 15 24 26 27 31 32 34 37 38 39 42 49 50 40 19 5 1 
9 13 17 22 30 34 51 54 57 60 63 64 66 67 71 72 75 77 80 82 83 85 86 87 88 89 90 91 93 95 97 98 99 100 49 45 36 26 1 2 12 16 20 21 23 25 31 32 37 38 40 42 43 44 46 48 50 52 53 55 56 59 62 65 68 69 70 73 74 78 79 81 84 92 94 96 76 61 58 47 41 39 35 33 29 28 27 24 19 18 15 14 11 10 8 7 6 5 4 3 
3 4 6 7 10 13 16 18 19 22 28 30 31 36 37 40 43 49 52 55 57 58 61 66 67 70 72 73 76 88 95 92 89 86 77 74 65 62 59 56 53 50 44 41 38 35 32 23 20 17 14 11 8 5 2 1 9 12 15 21 24 25 27 33 34 39 42 45 46 48 51 54 60 63 64 69 75 78 79 81 82 84 85 87 90 91 93 94 96 83 80 71 68 47 29 26 
1 3 9 5 2 6 10 8 7 4 
2 4 11 18 21 24 25 31 32 33 36 37 38 43 52 55 61 64 66 68 71 75 76 77 80 81 84 85 86 87 88 89 91 94 97 98 99 100 67 41 16 9 7 3 5 6 12 13 14 15 17 19 20 22 26 27 28 29 30 34 35 39 40 42 44 46 47 48 49 50 51 53 54 56 57 58 59 60 62 63 69 70 73 74 79 82 83 92 93 95 96 90 78 72 65 45 23 10 8 1 
6 8 10 12 24 25 32 33 34 36 39 43 46 47 48 51 52 54 55 56 58 68 74 77 87 93 95 98 99 100 92 91 90 83 81 80 72 71 70 69 64 62 57 45 44 42 41 40 37 35 30 28 26 22 19 17 9 4 2 1 7 11 13 14 16 18 23 29 31 49 50 53 59 60 65 67 75 76 79 84 94 97 96 89 88 86 85 82 78 73 66 63 61 38 27 21 20 15 5 3 
7 10 12 14 15 18 19 26 27 28 29 32 35 40 41 42 44 47 48 49 50 55 57 61 64 67 73 89 91 95 97 99 100 94 90 87 84 83 81 76 60 56 54 52 46 43 34 31 23 21 20 17 16 13 9 8 5 1 2 4 11 22 30 33 37 38 45 59 65 71 72 74 75 93 98 96 92 88 86 85 82 80 79 78 77 70 69 68 66 63 62 58 53 51 39 36 25 24 6 3 
1 4 5 16 20 24 26 27 36 38 41 47 57 67 69 71 72 73 82 93 94 95 97 89 70 68 64 58 54 53 52 44 39 31 21 13 9 6 7 14 17 19 23 25 28 29 30 32 33 43 50 55 56 60 61 62 63 66 74 76 79 83 84 86 88 91 92 98 99 100 96 90 87 85 81 80 78 77 75 65 59 51 49 48 46 45 42 40 37 35 34 22 18 15 12 11 10 8 3 2 
2 9 10 19 20 21 22 26 30 38 44 45 46 48 50 51 52 53 54 57 58 61 62 66 67 68 69 72 34 29 4 6 12 13 14 17 18 23 24 28 31 33 36 37 40 41 42 43 47 49 55 56 59 60 63 64 65 70 71 39 35 32 27 25 16 15 11 8 7 5 3 1 
6 7 12 14 16 19 24 26 29 31 32 39 41 43 46 47 49 55 57 59 64 69 75 77 83 85 93 96 98 99 97 95 92 91 81 80 73 71 66 65 63 58 48 45 38 35 33 28 22 9 3 1 4 5 8 10 13 15 25 30 37 40 44 53 61 67 74 78 79 100 94 90 89 88 87 86 84 82 76 72 70 68 62 60 56 54 52 51 50 42 36 34 27 23 21 20 18 17 11 2 
4 5 6 15 17 21 32 34 35 36 37 38 40 43 45 46 47 49 50 53 56 57 58 61 64 72 73 75 77 80 86 87 88 93 94 95 98 99 100 97 81 78 74 68 67 42 29 27 2 1 7 8 11 13 16 19 22 23 30 31 33 51 54 55 59 62 63 65 66 70 71 76 84 85 89 90 92 96 91 83 82 79 69 60 52 48 44 41 39 28 26 25 24 20 18 14 12 10 9 3 
2 4 7 8 12 14 18 20 22 31 34 43 46 50 52 53 54 60 63 64 68 71 72 82 85 86 87 88 95 96 100 98 67 66 65 57 37 33 25 23 10 9 3 5 6 11 19 29 30 38 39 40 45 49 51 55 56 61 75 83 84 89 90 91 99 97 94 93 92 81 80 79 78 77 76 74 73 70 69 62 59 58 48 47 44 42 41 36 35 32 28 27 26 24 21 17 16 15 13 1 
1 3 4 7 8 10 13 21 22 23 26 28 30 31 34 35 39 40 41 42 48 53 58 59 60 61 67 72 73 75 77 79 80 83 85 89 92 95 97 99 100 91 87 82 81 78 74 70 62 56 55 52 49 44 43 37 18 14 11 2 6 9 12 15 17 20 46 47 63 65 66 68 98 96 94 93 90 88 86 84 76 71 69 64 57 54 51 50 45 38 36 33 32 29 27 25 24 19 16 5 
17 18 27 28 31 43 48 55 81 80 78 77 76 75 74 73 72 71 70 69 67 66 65 62 61 60 58 8 7 26 29 30 32 33 34 35 36 37 38 39 40 41 42 44 45 46 47 49 50 51 52 53 54 56 57 59 63 64 68 79 25 24 23 22 21 20 19 16 15 14 13 12 11 10 9 6 5 4 3 2 1 
4 21 27 30 34 43 44 45 47 48 52 55 60 61 69 70 71 76 78 85 86 87 89 92 93 94 96 100 88 83 77 73 72 68 62 56 37 25 19 5 3 7 13 14 15 16 17 20 22 23 24 28 29 33 35 39 41 49 50 51 53 57 64 65 66 74 75 79 80 82 95 97 99 98 91 90 84 81 67 63 59 58 54 46 42 40 38 36 32 31 26 18 12 11 10 9 8 6 2 1 
1 2 5 10 12 22 26 36 39 49 55 60 63 70 71 72 77 79 80 84 93 31 29 3 4 6 7 8 9 11 13 14 15 16 17 18 19 20 21 23 24 25 27 28 35 37 38 40 41 42 43 44 45 46 47 48 50 51 52 53 54 56 57 58 59 61 62 64 65 66 67 68 69 73 74 75 76 78 81 82 83 85 86 87 88 89 90 91 92 34 33 32 30 
1 2 6 8 10 11 13 14 15 17 22 28 32 33 36 40 45 46 54 55 58 59 62 64 66 67 68 69 71 72 73 75 76 80 81 82 83 85 89 90 92 94 95 97 100 63 56 30 7 3 9 16 19 20 21 23 24 25 27 37 39 41 42 43 44 48 49 50 51 53 57 60 61 65 70 74 77 78 79 86 87 91 93 96 98 99 88 84 52 47 38 35 34 31 29 26 18 12 5 4 
2 4 7 9 10 12 16 17 18 20 21 26 29 32 33 35 36 40 41 44 45 48 51 52 53 54 58 60 61 62 63 64 67 68 71 74 76 83 90 93 98 96 94 92 91 87 86 75 73 59 56 55 43 42 39 37 31 30 28 27 23 19 11 6 1 3 24 25 34 46 69 77 80 88 97 100 99 95 89 85 84 82 81 79 78 72 70 66 65 57 50 49 47 38 22 15 14 13 8 5 
2 3 8 13 17 20 23 24 30 31 36 38 39 40 41 42 46 47 49 50 53 55 56 59 60 63 64 68 73 74 80 81 96 97 99 100 95 89 84 75 71 69 57 54 52 44 43 37 34 33 25 19 18 15 6 5 1 4 11 16 22 27 45 66 67 70 77 87 90 92 98 94 93 91 88 86 85 83 82 79 78 76 72 65 62 61 58 51 48 35 32 29 28 26 21 14 12 10 9 7 
1 2 10 15 16 21 22 26 29 31 39 40 42 45 46 49 53 54 55 56 57 61 65 67 69 71 74 81 82 84 87 90 92 94 95 88 85 80 63 50 43 38 35 33 27 24 19 11 9 4 3 6 7 13 17 18 23 25 32 48 51 52 58 59 62 66 70 72 73 75 78 83 91 97 98 100 99 96 93 89 86 79 77 76 68 64 60 47 44 41 37 36 34 30 28 20 14 12 8 5 
3 6 1 5 4 2 
1 2 3 4 5 8 9 10 11 12 13 14 16 17 19 20 21 22 23 24 25 26 28 29 30 31 32 38 96 95 86 84 82 81 80 76 73 71 70 68 65 63 61 59 58 53 51 50 49 47 46 45 44 43 42 41 40 39 37 36 34 6 7 15 18 27 100 99 98 97 94 93 92 91 90 89 88 87 85 83 79 78 77 75 74 72 69 67 66 64 62 60 57 56 55 54 52 48 35 33 
1 8 9 13 14 17 23 26 27 20 16 11 6 4 2 7 12 15 25 24 22 21 19 18 10 5 3 
4 5 6 7 16 17 18 22 26 27 29 37 38 39 46 48 50 57 58 59 61 71 72 76 78 79 95 97 99 98 92 90 75 74 70 66 64 60 47 44 41 34 33 28 24 21 19 15 11 3 1 10 20 25 31 32 35 49 51 62 63 68 69 73 80 81 84 87 100 96 94 93 91 89 88 86 85 83 82 77 67 65 56 55 54 53 52 45 43 42 40 36 30 23 14 13 12 9 8 2 
9 11 12 17 23 25 29 32 38 39 41 43 46 47 49 51 56 59 62 65 66 69 70 72 73 77 81 83 90 91 92 93 95 96 100 97 87 86 80 36 34 28 21 10 3 4 7 14 22 24 27 31 35 40 44 45 48 53 57 58 64 67 68 71 74 78 79 84 88 89 99 98 94 85 82 76 75 63 61 60 55 54 52 50 42 37 33 30 26 20 19 18 16 15 13 8 6 5 2 1 
2 4 6 9 12 13 17 18 22 23 25 26 29 30 31 32 33 34 35 38 44 46 47 50 51 52 55 56 58 60 61 63 66 67 70 72 73 75 78 79 80 82 85 88 89 93 94 95 97 98 99 100 86 64 37 21 1 3 5 7 10 11 14 15 16 19 20 24 27 28 36 39 40 41 42 43 45 49 53 54 59 62 65 68 69 71 74 76 77 81 83 87 91 92 96 90 84 57 48 8 
3 13 67 68 69 72 73 75 77 78 81 83 84 85 87 89 90 91 95 97 98 99 61 60 53 49 47 46 44 37 36 35 24 1 2 4 5 6 7 8 9 10 11 12 14 15 16 17 18 19 20 21 22 23 25 26 27 28 29 30 31 32 33 34 86 88 92 93 94 96 100 82 80 79 76 74 71 70 66 65 64 63 62 59 58 57 56 55 54 52 51 50 48 45 43 42 41 40 39 38 
1 4 6 7 8 9 10 14 16 25 28 30 36 38 39 40 45 51 53 55 57 60 65 67 71 77 78 80 84 88 89 90 95 97 94 93 92 83 76 74 70 62 59 52 50 49 47 46 43 42 41 35 27 24 20 18 15 2 3 5 12 13 23 32 33 37 44 54 56 73 81 82 85 86 87 98 99 100 96 91 79 75 72 69 68 66 64 63 61 58 48 34 31 29 26 22 21 19 17 11 
1 2 7 10 11 13 14 15 20 26 27 28 32 33 34 38 47 52 57 58 63 64 65 66 69 71 74 76 83 84 87 88 89 95 96 97 86 85 75 67 62 49 46 45 41 37 30 17 6 5 4 12 16 18 19 23 24 25 29 31 36 40 43 44 50 51 53 55 56 59 60 61 68 70 77 79 80 81 82 91 93 94 92 90 78 73 72 54 48 42 39 35 22 21 9 8 3 
1 3 5 6 12 17 19 20 2 4 7 8 9 10 11 13 14 15 16 18 
1 9 10 15 29 30 33 34 35 38 40 43 44 46 47 49 50 53 57 58 61 64 65 69 83 91 92 99 93 86 79 77 75 74 68 66 60 55 41 39 27 26 21 20 16 13 7 2 4 5 6 12 17 19 23 25 32 42 45 54 62 71 73 76 80 82 84 87 88 96 97 100 98 95 94 90 89 85 81 78 72 70 67 63 59 56 52 51 48 37 36 31 28 24 22 18 14 11 8 3 
2 3 4 5 6 7 8 9 10 11 12 14 15 16 18 19 20 21 22 23 24 25 29 30 31 36 37 38 39 42 43 46 47 52 55 56 60 62 65 71 72 75 76 78 80 81 83 84 85 87 88 89 90 92 95 98 100 13 17 26 27 28 32 33 34 35 40 41 44 45 48 49 50 51 53 54 57 58 59 61 63 64 66 67 68 69 70 73 74 77 79 82 86 91 93 94 96 97 99 1 
8 9 13 16 28 30 31 32 35 36 41 44 45 46 47 48 50 55 58 60 64 65 68 78 79 81 82 88 93 94 96 100 92 91 86 85 83 70 63 51 34 20 12 1 3 10 15 17 18 21 23 25 26 27 37 40 49 54 57 66 67 69 72 73 74 76 84 87 89 90 99 98 97 95 80 77 75 71 62 61 59 56 53 52 43 42 39 38 33 29 24 22 19 14 11 7 6 5 4 2 
3 6 7 9 14 16 18 21 24 30 31 34 36 42 44 46 49 50 51 54 60 66 67 69 71 72 73 74 76 78 86 87 88 93 94 92 89 83 81 77 70 61 59 48 40 37 19 17 13 5 1 4 10 11 12 23 26 27 28 29 33 35 39 47 53 55 56 58 62 63 65 68 79 80 82 85 90 91 97 98 99 96 95 84 75 64 57 52 45 43 41 38 32 25 22 20 15 8 2 
1 2 3 5 6 7 8 9 10 12 13 14 15 16 18 19 20 21 22 23 24 25 26 27 28 29 30 31 32 100 98 94 93 92 89 86 83 82 80 77 73 69 65 64 59 56 54 53 51 50 48 47 46 45 44 43 42 41 40 38 37 34 33 4 11 17 99 97 96 95 91 90 88 87 85 84 81 79 78 76 75 74 72 71 70 68 67 66 63 62 61 60 58 57 55 52 49 39 36 35 
3 5 6 7 11 13 17 18 19 27 29 30 31 37 38 39 41 42 56 71 76 78 86 89 88 85 82 81 77 74 73 72 70 69 65 63 62 61 60 59 58 57 55 54 53 51 48 47 44 36 34 33 32 25 22 20 14 9 8 4 2 1 10 12 16 26 28 40 45 50 91 100 99 98 97 96 95 94 93 92 90 87 84 83 80 79 75 68 67 66 64 52 49 46 43 35 24 23 21 15 
6 7 9 12 20 22 23 25 31 34 35 36 38 42 43 46 47 53 56 58 60 61 69 72 80 83 85 92 99 100 95 90 89 82 75 73 71 65 62 48 28 14 11 8 3 10 13 16 17 19 24 27 29 30 33 39 40 44 45 50 51 55 57 59 64 66 70 74 77 79 86 93 94 97 98 96 91 88 87 84 81 78 76 68 67 63 54 52 49 41 37 32 26 21 18 15 5 4 2 1 
2 4 6 8 9 11 14 16 19 20 21 23 26 32 36 38 40 42 47 49 52 53 55 57 59 64 68 70 73 81 83 86 89 90 91 95 96 100 98 93 92 75 74 65 61 60 56 54 51 48 45 41 34 31 29 24 18 17 12 10 5 3 1 13 15 22 27 35 39 63 69 78 87 99 97 94 88 85 84 82 80 79 77 76 72 71 67 66 62 58 50 46 44 43 37 33 30 28 25 7 
2 6 9 10 11 18 26 31 33 34 41 44 48 49 53 55 56 58 60 62 66 70 71 74 79 80 82 83 84 87 89 92 93 97 98 100 85 81 65 47 42 40 38 21 17 4 3 5 8 12 15 19 20 22 25 27 28 29 43 59 64 67 69 78 90 94 99 96 95 91 88 86 77 76 75 73 72 68 63 61 57 54 52 51 50 46 45 39 37 36 35 32 30 24 23 16 14 13 7 1 
1 7 9 14 15 16 20 23 27 28 29 30 35 36 37 42 43 44 48 50 51 55 57 58 59 60 62 64 67 69 71 72 73 74 75 77 78 79 80 83 85 86 93 94 46 39 38 32 25 24 17 11 10 4 3 2 6 8 13 21 22 34 41 45 47 49 52 53 54 56 61 63 65 66 68 70 76 81 82 84 87 88 89 90 91 92 95 40 33 31 26 19 18 12 5 
1 7 14 15 16 17 20 28 32 36 39 42 48 49 51 53 54 56 58 59 65 66 71 72 76 78 81 82 83 89 90 91 96 97 99 100 92 85 74 69 61 60 47 38 26 25 19 12 11 10 3 2 4 5 9 13 18 21 22 23 27 29 33 35 41 43 44 45 50 52 62 63 68 70 77 84 86 93 95 98 94 88 87 80 79 75 73 67 64 57 55 46 40 37 34 31 30 24 8 6 
1 2 5 6 7 8 10 15 16 22 30 32 33 35 38 43 49 51 53 56 60 65 70 73 75 80 85 87 95 93 89 86 82 76 74 71 66 63 55 48 47 45 44 41 40 39 37 31 28 27 26 19 13 9 3 11 17 18 20 21 24 25 29 36 46 57 59 61 62 67 77 83 84 90 94 97 98 100 99 96 92 91 88 81 79 78 72 69 68 64 58 54 52 50 42 34 23 14 12 4 
1 2 3 7 6 5 4 
6 7 8 16 17 27 35 39 41 42 43 48 51 59 66 68 70 77 79 89 91 92 95 98 81 69 56 55 40 28 3 11 13 14 15 20 22 29 30 31 32 33 34 36 47 49 50 52 58 62 71 73 75 76 82 96 97 100 99 94 93 90 88 87 86 85 84 83 80 78 74 72 67 65 64 63 61 60 57 54 53 46 45 44 38 37 26 25 24 23 21 19 18 12 10 9 5 4 2 1 
3 8 9 10 11 14 19 20 22 25 26 28 32 34 36 37 38 39 45 47 50 52 55 56 61 64 67 68 69 70 71 72 77 78 79 80 82 86 87 88 90 95 96 97 99 100 94 92 91 83 75 63 58 53 44 40 29 21 18 16 6 4 2 13 15 17 23 24 31 35 42 46 51 54 60 65 73 76 85 89 93 98 84 81 74 66 62 59 57 49 48 43 41 33 30 27 12 7 5 1 
2 17 20 21 22 23 28 29 33 39 42 46 47 50 51 52 53 55 57 58 59 61 62 64 65 66 67 68 69 71 72 75 76 77 79 80 86 90 91 92 93 98 82 56 34 27 26 24 15 14 11 5 3 4 16 18 19 30 31 32 41 43 48 49 54 60 63 70 73 74 78 81 85 94 100 99 97 96 95 89 88 87 84 83 45 44 40 38 37 36 35 25 13 12 10 9 8 7 6 1 
2 5 16 24 27 29 31 34 37 38 39 42 45 49 51 55 56 58 63 64 69 74 82 83 90 92 100 99 93 84 78 68 62 59 48 44 43 40 33 22 19 17 14 6 4 8 9 13 21 28 30 32 36 41 46 47 50 52 53 65 66 70 71 72 73 75 80 85 87 89 91 95 97 98 96 94 88 86 81 79 77 76 67 61 60 57 54 35 26 25 23 20 18 15 12 11 10 7 3 1 
2 4 6 12 16 18 20 24 28 30 32 35 38 40 42 44 47 51 54 55 56 57 58 59 60 62 64 68 72 74 77 85 87 89 90 91 99 80 67 48 31 29 17 10 7 3 1 9 14 15 19 23 25 27 33 36 37 39 41 43 45 46 49 50 52 53 61 63 65 66 69 71 73 75 76 81 83 86 93 94 95 96 97 98 100 92 88 84 82 79 78 70 34 26 22 21 13 11 8 5 
1 2 10 13 15 17 30 31 32 36 40 45 46 48 51 56 62 63 65 70 71 72 74 76 77 78 81 87 94 99 98 96 95 92 91 89 86 47 39 25 22 18 16 12 9 3 4 5 6 7 11 14 19 20 21 23 26 27 29 37 38 41 42 43 44 52 57 59 60 67 80 83 90 100 97 93 88 85 84 82 79 75 73 69 68 66 64 61 58 55 54 53 50 49 35 34 33 28 24 8 
1 3 7 11 16 21 23 25 27 28 31 37 39 42 43 44 45 46 52 53 54 55 56 62 67 73 75 76 78 79 81 83 84 87 88 95 100 71 70 69 68 63 60 57 50 49 48 35 32 29 26 22 20 13 12 2 5 6 9 10 14 15 18 19 33 38 40 41 47 51 58 61 64 65 77 82 85 89 92 94 99 98 97 96 93 91 90 86 80 74 72 66 59 36 34 30 24 17 8 4 
1 3 6 7 9 11 12 13 16 18 20 30 34 37 39 42 44 46 49 53 55 56 58 62 66 68 70 71 72 73 74 76 77 80 81 86 94 96 91 88 82 61 48 47 38 31 29 28 27 25 23 14 4 5 8 22 26 33 35 36 40 45 63 69 84 85 87 90 99 98 97 95 93 92 89 83 79 78 75 67 65 64 60 59 57 54 52 51 50 43 41 32 24 21 19 17 15 10 2 
3 5 7 9 11 13 14 18 21 26 27 28 36 37 38 39 41 43 44 48 50 51 53 55 56 57 60 61 62 67 69 71 72 73 74 76 79 81 85 86 89 95 96 98 100 97 87 84 82 78 77 64 54 45 40 32 30 29 25 22 19 16 15 10 4 2 6 8 12 17 23 24 31 34 35 42 46 52 66 80 83 88 90 91 93 99 94 92 75 70 68 65 63 59 58 49 47 33 20 1 
1 2 3 7 8 9 10 12 24 27 32 33 36 39 40 41 42 44 46 53 56 58 63 68 72 75 77 79 80 81 89 90 92 94 95 98 99 84 78 76 65 64 62 52 49 45 43 38 37 34 26 25 22 21 20 13 11 6 4 5 17 18 19 23 28 29 31 35 48 50 55 59 69 73 83 85 86 87 88 97 100 96 93 91 82 74 71 70 67 66 61 60 57 54 51 47 30 16 15 14 
6 10 21 24 25 26 27 30 31 32 42 43 45 46 51 52 55 57 58 59 60 64 66 67 69 70 75 80 81 82 83 89 91 93 95 98 99 100 96 92 84 68 40 39 38 34 23 16 12 1 2 7 13 15 19 28 29 35 36 37 44 48 49 62 73 79 85 94 97 90 88 87 86 78 77 76 74 72 71 65 63 61 56 54 53 50 47 41 33 22 20 18 17 14 11 9 8 5 4 3 
3 4 7 8 10 14 15 17 18 19 20 21 22 23 24 28 29 34 35 36 37 38 40 41 42 43 44 47 48 49 53 55 56 57 60 66 68 70 71 72 75 76 77 80 81 82 83 85 86 93 94 99 1 2 5 6 9 11 12 13 16 25 26 27 30 31 32 33 39 45 46 50 51 52 54 58 59 61 62 63 64 65 67 69 73 74 78 79 84 87 88 89 90 91 92 95 96 97 98 100 
1 2 4 7 11 12 14 15 22 29 35 37 39 40 41 52 54 60 62 68 70 71 72 73 74 76 78 79 81 82 85 87 75 53 49 33 25 23 20 3 6 13 16 17 28 36 42 46 50 57 61 63 64 66 77 80 86 84 83 69 67 65 59 58 56 55 51 48 47 45 44 43 38 34 32 31 30 27 26 24 21 19 18 10 9 8 5 
5 6 7 8 14 15 17 19 27 28 29 31 32 35 36 38 39 40 42 46 49 60 61 69 72 75 84 89 99 98 85 81 79 78 77 70 68 59 58 57 54 52 45 43 41 34 24 23 1 2 3 10 11 12 13 16 18 30 37 44 53 55 56 62 64 65 67 73 74 76 82 88 90 91 93 94 95 96 100 97 92 87 86 83 80 71 66 63 51 50 48 47 33 26 25 22 21 20 9 4 
9 15 17 18 23 24 26 28 39 40 42 45 47 49 50 52 65 59 56 53 35 16 13 3 2 1 5 6 7 12 14 21 22 25 27 32 33 34 38 41 43 55 58 64 63 62 61 60 57 54 51 48 46 44 37 36 31 30 29 20 19 11 10 8 4 
5 9 14 21 24 25 26 27 30 32 34 35 36 37 38 39 40 45 47 48 49 50 55 63 64 66 75 76 84 85 86 89 90 93 95 100 96 92 80 77 74 73 72 58 57 56 53 42 41 33 28 18 1 10 12 15 16 17 19 20 23 29 31 43 44 51 52 60 65 67 69 70 81 83 91 94 97 98 99 88 87 82 79 78 71 68 62 61 59 54 46 22 13 11 8 7 6 4 3 2 
5 9 10 12 16 17 18 23 24 25 29 36 37 39 41 44 56 61 64 66 77 79 81 89 92 93 97 98 94 87 83 78 76 74 70 69 68 65 55 51 49 48 45 31 21 20 3 2 8 14 15 19 26 28 30 32 33 35 38 43 50 52 53 54 58 59 62 63 71 72 80 84 85 86 88 90 91 95 99 96 82 75 73 67 60 57 47 46 42 40 34 27 22 13 11 7 6 4 1 
2 3 7 8 12 13 15 17 18 20 23 27 30 32 35 38 49 50 52 55 56 59 62 63 64 69 71 77 78 82 85 92 93 94 95 96 97 86 79 70 67 66 57 48 47 46 45 37 34 31 16 14 6 4 9 22 24 25 36 42 43 51 54 60 65 68 72 76 81 84 89 100 99 98 91 90 88 87 83 80 75 74 73 61 58 53 44 41 40 39 33 29 28 26 21 19 11 10 5 1 
2 8 10 11 12 15 16 21 22 25 26 28 30 31 33 34 42 44 47 49 52 54 55 56 59 60 62 66 67 68 73 74 75 76 80 82 85 86 94 96 97 98 92 79 72 69 65 64 58 51 50 48 46 41 39 38 32 27 24 20 9 7 1 4 6 13 14 17 18 19 29 36 45 53 57 63 70 77 78 83 87 91 93 99 100 95 90 89 88 84 81 71 61 43 40 37 35 23 5 3 
2 6 8 10 16 17 18 22 23 31 32 34 38 40 42 44 49 50 52 54 58 60 63 65 66 71 74 76 78 79 80 82 83 86 87 88 92 98 100 89 84 72 70 67 64 61 57 53 51 46 39 33 26 24 19 15 14 12 11 9 7 4 13 21 25 27 28 35 36 37 43 45 48 55 56 59 68 75 85 91 93 97 99 96 95 94 90 81 77 73 69 62 47 41 30 29 20 5 3 1 
3 4 7 9 12 17 20 21 25 28 30 33 37 40 41 44 47 49 50 54 55 64 65 68 71 74 75 79 86 92 93 94 100 98 89 83 53 39 35 26 13 1 2 5 8 10 11 14 15 16 18 19 22 23 24 29 32 34 36 38 42 43 45 46 48 51 52 56 57 58 59 60 61 63 67 69 72 73 76 77 78 80 81 82 84 85 87 88 90 91 95 96 97 99 70 66 62 31 27 6 
21 23 24 25 1 2 3 4 5 6 7 8 9 10 11 12 13 14 15 22 20 19 18 17 16 
1 2 3 4 5 6 7 8 9 10 11 12 13 14 15 16 17 19 21 22 23 24 25 26 27 28 29 30 31 32 33 91 92 93 95 96 98 100 90 89 87 83 81 79 77 76 74 72 69 64 61 59 58 57 55 53 51 50 49 45 44 43 42 37 36 35 18 20 94 97 99 88 86 85 84 82 80 78 75 73 71 70 68 67 66 65 63 62 60 56 54 52 48 47 46 41 40 39 38 34 
1 2 6 7 18 20 24 25 21 14 13 11 9 8 4 12 16 22 26 23 19 17 15 10 5 3 
1 2 7 8 9 10 14 21 22 24 26 39 41 49 52 58 60 67 72 77 85 93 95 96 94 92 86 83 78 76 74 69 68 66 64 57 45 40 38 37 36 32 19 17 13 5 3 6 15 16 20 23 28 29 31 34 42 47 48 50 51 54 55 56 61 62 63 65 70 71 75 82 89 97 91 90 88 87 84 81 80 79 73 59 53 46 44 43 35 33 30 27 25 18 12 11 4 
4 5 10 14 20 21 22 23 24 26 27 28 29 30 31 39 40 41 42 54 58 59 60 65 67 68 69 70 71 72 37 32 2 3 6 8 9 11 12 15 16 17 18 33 34 35 36 38 43 44 45 46 47 48 49 50 51 52 53 55 56 57 61 62 63 64 66 25 19 13 7 1 
2 4 5 17 20 25 34 36 37 41 47 53 55 60 64 65 67 69 70 73 75 77 80 81 84 88 89 78 74 72 63 58 57 49 40 39 30 24 19 3 1 14 21 22 23 26 27 28 29 32 33 35 42 44 45 46 48 50 56 59 61 68 83 90 87 86 85 82 79 76 71 66 62 54 52 51 43 38 31 18 16 15 13 12 11 10 9 8 7 6 
1 4 8 15 16 18 19 26 27 40 43 45 49 53 56 58 60 65 67 71 72 73 75 78 82 83 87 88 91 94 96 98 100 97 85 80 76 59 52 51 50 42 41 32 29 12 10 6 2 5 7 11 13 17 21 23 24 30 31 36 39 47 48 61 62 63 64 68 70 84 86 89 93 95 99 92 90 81 79 77 74 69 66 57 55 54 46 44 38 37 35 34 33 28 25 22 20 14 9 3 
7 8 10 12 14 26 29 31 32 33 41 44 48 50 58 61 65 73 74 78 89 92 97 90 82 79 77 71 70 69 68 56 46 20 19 4 1 5 6 9 11 17 18 22 24 25 27 30 34 35 36 42 49 53 59 62 63 64 67 72 80 83 86 91 94 100 99 98 96 95 93 88 87 85 84 81 76 75 66 60 57 55 54 52 51 47 45 43 40 39 38 37 28 23 21 16 15 13 3 2 
15 18 19 23 24 26 32 33 34 38 39 51 53 57 59 61 66 67 68 71 72 74 75 79 80 81 86 90 91 95 97 98 100 93 89 83 65 64 63 58 54 47 46 40 31 21 14 12 9 2 4 6 7 8 17 22 25 27 28 30 36 37 41 42 43 49 55 56 60 62 70 73 76 84 85 92 99 96 94 88 87 82 78 77 69 52 50 48 45 44 35 29 20 16 13 11 10 5 3 1 
1 6 9 10 14 16 17 18 19 26 27 31 32 35 36 40 42 48 51 54 55 56 64 76 80 83 84 88 92 98 100 87 81 78 77 73 72 70 68 61 59 47 45 39 38 37 24 13 12 7 3 11 23 29 41 43 49 66 67 69 85 86 91 95 99 97 96 94 93 90 89 82 79 75 74 71 65 63 62 60 58 57 53 52 50 46 44 34 33 30 28 25 22 21 20 15 8 5 4 2 
5 6 9 11 15 17 19 23 24 25 26 31 34 39 42 44 46 48 49 50 52 57 62 65 66 67 82 84 91 92 93 95 100 89 88 87 86 73 71 51 20 18 12 8 1 2 14 16 21 22 30 32 37 40 43 54 55 59 60 63 64 75 79 83 90 99 98 97 96 94 85 81 80 78 77 76 74 72 70 69 68 61 58 56 53 47 45 41 38 36 35 33 29 28 27 13 10 7 4 3 
2 6 8 9 10 14 16 19 28 31 33 35 41 43 44 46 51 54 61 64 65 68 73 80 84 86 90 93 96 98 100 87 85 81 77 76 75 74 67 60 58 55 27 17 13 12 3 4 20 21 22 23 26 29 36 45 47 56 57 62 71 72 78 83 89 91 92 99 97 95 94 88 82 79 70 69 66 63 59 53 52 50 49 48 42 40 39 38 37 34 32 30 25 24 18 15 11 7 5 1 
1 2 5 7 14 16 19 22 30 31 37 39 47 55 56 57 64 66 74 77 79 88 89 90 95 96 98 82 68 62 59 58 53 51 49 43 41 29 26 23 20 15 11 10 9 4 3 13 18 21 25 32 33 34 35 36 40 42 45 50 52 60 65 78 83 85 86 87 91 97 100 99 94 93 92 84 81 80 76 75 73 72 71 70 69 67 63 61 54 48 46 44 38 28 27 24 17 12 8 6 
4 5 8 11 13 15 21 24 27 35 37 40 50 51 53 55 57 61 62 63 64 65 67 68 69 70 73 74 75 76 77 79 80 86 87 88 89 92 99 43 31 22 2 6 14 16 19 20 23 28 32 33 41 44 49 52 54 56 59 60 66 71 72 78 81 84 85 90 91 93 94 95 97 100 98 96 83 82 58 48 47 46 45 42 39 38 36 34 30 29 26 25 18 17 12 10 9 7 3 1 
1 3 8 9 22 30 31 32 33 36 37 41 45 46 47 50 51 54 55 56 59 61 68 71 74 75 77 82 83 85 86 90 98 99 95 93 87 65 64 53 39 38 28 2 7 14 15 19 21 23 25 26 48 52 60 67 69 72 73 84 89 91 94 96 97 100 92 88 81 80 79 78 76 70 66 63 62 58 57 49 44 43 42 40 35 34 29 27 24 20 18 17 16 13 12 11 10 6 5 4 
6 7 12 13 21 22 24 26 27 28 32 37 43 44 45 52 54 62 63 73 76 78 79 83 85 92 93 96 98 99 100 91 88 86 82 75 72 66 65 64 58 53 49 48 39 36 17 16 15 10 2 1 3 5 8 9 11 19 20 31 34 41 46 50 51 55 57 61 67 68 71 80 87 89 94 97 95 90 84 81 77 74 70 69 60 59 56 47 42 40 38 35 33 30 29 25 23 18 14 4 
5 7 14 15 16 18 21 22 24 28 30 31 32 33 34 41 42 45 46 55 56 65 67 70 72 74 76 77 79 82 83 85 92 95 89 87 78 75 71 68 61 59 52 50 40 36 25 23 20 19 17 11 10 8 6 2 1 12 13 29 38 48 51 54 63 69 81 86 97 99 98 96 94 93 91 90 88 84 80 73 66 64 62 60 58 57 53 49 47 44 43 39 37 35 27 26 9 4 3 
2 3 7 1 4 5 6 
1 8 9 12 15 17 19 25 29 33 34 37 38 43 62 63 64 65 70 74 77 80 82 83 90 92 97 98 99 100 88 85 84 79 69 67 57 54 47 46 40 39 36 32 24 22 10 5 4 6 13 20 26 27 28 30 35 42 44 48 49 50 51 58 59 60 71 72 73 75 78 87 94 96 95 93 91 89 86 81 76 68 66 61 56 55 53 52 45 41 31 23 21 18 16 14 11 7 3 2 
1 9 10 12 13 14 15 19 20 23 24 28 30 33 41 43 44 53 55 57 58 59 67 68 69 74 76 79 82 85 89 91 93 99 90 86 73 70 56 51 50 49 48 47 45 34 27 18 11 7 2 3 4 5 8 16 17 22 26 29 35 37 39 40 42 54 60 62 63 64 66 71 72 77 80 81 83 84 88 92 94 98 100 97 96 95 87 78 75 65 61 52 46 38 36 32 31 25 21 6 
6 8 9 10 11 12 13 20 21 22 23 24 25 34 35 36 37 39 40 17 7 3 1 14 15 16 18 19 26 27 28 29 30 31 32 33 38 5 4 2 
3 7 13 15 17 33 35 37 41 42 43 45 46 47 48 49 51 52 53 54 10 8 4 1 5 9 11 12 18 19 21 22 23 24 25 26 27 28 29 30 31 34 36 38 39 40 44 50 32 20 16 14 6 2 
4 8 13 19 24 27 28 33 36 37 41 43 50 53 56 57 61 65 67 70 71 72 84 86 87 93 94 96 97 98 100 90 89 85 83 78 77 73 68 66 54 46 45 44 39 34 31 26 17 16 15 12 10 7 6 3 2 1 5 9 11 14 18 21 23 29 35 40 55 58 59 60 69 74 80 81 91 95 99 92 88 82 79 76 75 64 63 62 52 51 49 48 47 42 38 32 30 25 22 20 
2 6 9 13 14 16 19 23 32 33 37 40 46 47 49 51 52 54 58 62 63 66 71 73 75 76 80 84 86 89 91 100 95 79 77 70 68 57 56 43 34 27 25 18 12 11 10 8 1 7 15 17 21 22 26 29 45 48 53 55 61 64 65 72 81 85 87 90 93 98 99 97 96 94 92 88 83 82 78 74 69 67 60 59 50 44 42 41 39 38 36 35 31 30 28 24 20 5 4 3 
6 10 16 17 18 25 32 36 38 47 48 49 66 69 70 72 73 79 81 82 83 87 91 94 95 96 97 98 93 88 67 57 34 33 29 19 12 8 7 2 3 13 14 15 23 24 26 27 28 31 37 42 43 44 51 52 54 63 64 65 68 71 74 76 80 86 90 100 99 92 89 85 84 78 77 75 62 61 60 59 58 56 55 53 50 46 45 41 40 39 35 30 22 21 20 11 9 5 4 1 
5 9 10 18 20 23 25 29 33 42 43 44 45 48 50 51 52 53 54 58 59 61 62 63 66 70 71 73 79 85 86 87 90 93 95 100 98 88 72 69 65 64 60 55 36 34 32 22 21 19 15 3 6 7 8 12 13 16 24 28 30 31 35 39 41 57 67 68 76 78 81 89 94 96 97 99 92 91 84 83 82 80 77 75 74 56 49 47 46 40 38 37 27 26 17 14 11 4 2 1 
2 4 8 9 12 14 17 18 19 24 29 34 37 38 39 44 47 48 49 52 54 57 58 59 61 64 66 67 68 69 72 74 76 77 78 81 82 85 86 87 88 89 92 93 95 97 98 99 100 60 56 53 51 46 41 31 25 23 16 13 11 10 3 7 22 27 28 32 36 42 43 45 50 55 62 63 65 70 71 73 75 79 80 83 84 90 91 94 96 40 35 33 30 26 21 20 15 6 5 1 
3 4 5 9 12 16 20 22 33 34 37 40 41 42 48 23 15 8 1 6 7 10 13 14 17 24 27 28 30 32 35 36 39 43 46 47 49 50 45 44 38 31 29 26 25 21 19 18 11 2 
4 5 6 8 11 18 23 24 33 34 36 40 41 45 48 49 54 61 62 74 81 84 87 89 92 96 100 99 88 86 72 56 53 50 46 42 38 30 20 19 16 15 10 7 3 9 13 14 26 27 28 39 51 57 58 60 63 67 77 78 79 80 83 91 93 94 97 98 95 90 85 82 76 75 73 71 70 69 68 66 65 64 59 55 52 47 44 43 37 35 32 31 29 25 22 21 17 12 2 1 
