4 1 2 3 5 6 
3 7 10 12 18 21 27 33 35 37 44 49 51 53 55 61 63 64 67 68 76 79 81 82 85 87 88 89 96 99 94 91 84 83 60 52 47 24 22 20 15 11 5 2 4 6 17 19 26 28 29 32 40 41 48 50 56 57 59 62 66 69 71 73 75 78 86 92 100 98 97 95 93 90 80 77 74 72 70 65 58 54 46 45 43 42 39 38 36 34 31 30 25 23 16 14 13 9 8 1 
1 3 4 6 7 8 9 10 11 12 14 15 16 17 18 19 20 21 22 23 25 26 28 29 30 31 32 33 34 35 100 98 93 91 86 85 84 83 82 79 74 73 71 69 67 66 64 62 61 60 59 58 57 56 53 52 51 50 49 48 46 45 44 43 42 40 39 37 36 2 5 13 99 97 96 95 94 92 90 89 88 87 81 80 78 77 76 75 72 70 68 65 63 55 54 47 41 38 27 24 
1 2 3 4 5 6 7 8 10 11 12 13 15 16 20 41 42 43 47 50 51 55 56 57 60 80 79 78 77 76 75 74 73 72 71 70 69 68 67 66 65 63 62 40 37 35 33 32 31 30 29 28 26 25 23 9 14 17 18 19 21 22 24 27 34 36 38 39 61 64 59 58 54 53 52 49 48 46 45 44 
2 3 7 8 9 10 11 12 14 17 24 26 28 30 32 35 37 39 40 41 42 43 47 50 51 53 56 58 59 60 64 72 76 78 80 81 83 86 87 88 90 97 98 100 91 85 84 55 48 45 27 25 23 20 18 16 1 4 5 6 13 19 21 22 34 36 38 44 46 49 54 61 62 63 65 66 67 69 70 73 75 79 82 89 93 95 96 99 94 92 77 74 71 68 57 52 33 31 29 15 
2 3 4 5 6 12 18 22 23 24 25 29 30 31 32 33 37 38 39 40 42 45 51 52 53 55 62 63 64 66 67 68 69 61 58 49 41 35 34 28 19 17 15 10 9 1 7 8 11 13 14 20 21 26 27 36 44 46 47 48 54 56 57 59 60 70 65 50 43 16 
1 2 3 6 5 4 7 
1 5 10 14 16 20 25 30 35 40 41 47 50 51 52 54 65 67 71 73 75 80 83 85 90 91 92 94 95 100 28 18 8 7 4 6 9 11 15 19 21 24 26 29 31 34 36 39 44 45 46 49 55 56 59 60 61 64 66 69 70 72 74 76 77 78 79 81 82 84 86 87 88 89 93 96 97 98 99 68 63 62 58 57 53 48 43 42 38 37 33 32 27 23 22 17 13 12 3 2 
1 3 7 11 13 14 15 18 20 22 23 25 26 27 30 33 34 36 38 39 40 41 54 55 56 59 60 61 62 65 67 69 70 71 72 73 75 76 78 79 80 82 83 87 89 93 94 100 98 90 86 21 2 4 5 6 9 10 12 16 17 19 24 28 31 32 35 42 43 44 45 46 47 49 50 51 52 53 58 63 66 68 74 77 81 85 88 91 92 95 96 97 99 84 64 57 48 37 29 8 
1 3 4 6 7 9 16 19 24 26 29 30 31 32 34 35 36 37 39 42 44 47 48 49 51 54 56 57 58 63 65 66 67 70 74 83 85 87 88 90 93 99 98 95 92 84 81 75 73 45 43 40 38 28 13 12 2 11 15 17 18 21 22 23 25 27 33 50 53 59 60 61 64 68 69 71 72 78 80 86 96 100 97 94 91 89 82 79 77 76 62 55 52 46 41 20 14 10 8 5 
7 14 16 23 25 29 35 36 38 39 51 54 55 57 58 59 61 64 66 69 80 86 88 89 90 91 95 96 99 97 87 82 79 77 74 46 30 27 26 20 9 8 6 3 4 5 10 11 13 17 19 22 28 33 34 40 43 44 50 52 65 68 70 72 76 78 81 83 84 85 94 98 100 93 92 75 73 71 67 63 62 60 56 53 49 48 47 45 42 41 37 32 31 24 21 18 15 12 2 1 
1 5 9 2 3 8 7 6 4 
3 7 8 1 2 5 6 4 
7 15 20 22 26 31 35 42 58 60 63 66 75 76 100 99 98 95 94 93 90 88 86 85 84 81 80 79 74 70 68 65 64 57 56 55 54 53 51 50 49 47 46 45 44 41 40 39 38 37 36 30 28 24 21 19 16 13 11 9 8 6 4 1 14 17 18 23 34 43 59 62 67 72 87 97 96 92 91 89 83 82 78 77 73 71 69 61 52 48 33 32 29 27 25 12 10 5 3 2 
1 19 18 14 13 11 10 8 7 6 5 4 3 2 20 17 16 15 12 9 
1 6 11 12 14 15 16 17 20 21 22 26 31 34 35 36 38 46 47 49 50 54 55 57 59 62 63 64 66 70 71 75 77 81 84 87 88 90 91 93 100 94 83 78 72 61 53 51 45 37 33 18 13 8 4 2 3 7 23 32 39 41 42 43 44 52 58 65 68 73 74 76 80 85 89 92 95 96 98 99 97 86 82 79 69 67 60 56 48 40 30 29 28 27 25 24 19 10 9 5 
2 7 13 16 17 20 23 28 34 35 36 37 39 41 42 43 44 45 47 48 49 51 52 53 54 55 56 58 61 62 63 64 66 67 69 71 74 75 76 78 79 80 83 84 86 87 88 89 91 93 94 97 46 27 18 4 3 1 6 8 10 14 15 21 22 24 25 26 29 31 32 33 38 40 57 59 60 65 68 70 72 73 77 81 82 85 90 92 95 96 98 99 100 50 30 19 12 11 9 5 
3 5 6 7 8 10 11 12 13 14 16 17 18 19 20 21 22 23 24 25 26 27 28 31 32 33 34 35 36 38 41 42 43 44 45 46 48 49 50 89 88 87 86 84 82 78 67 60 56 52 1 2 4 9 15 29 30 37 39 40 47 51 100 99 98 97 96 95 94 93 92 91 90 85 83 81 80 79 77 76 75 74 73 72 71 70 69 68 66 65 64 63 62 61 59 58 57 55 54 53 
2 3 5 8 9 15 19 21 24 28 30 32 33 37 41 42 44 49 54 57 58 59 61 65 66 68 72 73 76 77 80 83 84 88 90 87 75 60 55 35 29 26 25 20 18 13 12 11 10 4 1 17 23 27 31 34 36 38 39 45 46 53 63 64 70 74 78 81 89 91 86 85 82 79 71 69 67 62 56 52 51 50 48 47 43 40 22 16 14 7 6 
6 8 11 16 20 23 26 29 30 32 34 36 38 46 47 51 58 59 64 70 71 74 75 92 96 98 100 99 90 83 79 76 55 48 45 28 27 25 9 3 2 4 7 12 13 14 17 18 22 24 31 39 40 44 49 54 60 62 63 69 72 78 84 85 91 94 97 95 93 89 88 87 86 82 81 80 77 73 68 67 66 65 61 57 56 53 52 50 43 42 41 37 35 33 21 19 15 10 5 1 
1 7 8 9 13 14 17 18 19 22 25 26 30 31 33 34 35 37 38 41 42 43 44 45 47 48 49 59 60 63 64 65 66 72 73 74 77 79 80 81 82 83 85 86 89 90 91 93 94 95 55 2 3 4 5 6 10 11 12 15 16 20 21 23 24 27 28 29 32 36 39 40 46 50 51 52 53 54 56 57 58 61 62 67 68 69 70 71 75 76 78 84 87 88 92 96 
2 6 9 12 14 16 17 18 30 31 36 38 40 42 43 49 50 51 58 60 61 71 72 74 79 86 94 96 97 98 93 91 83 75 70 66 62 59 55 54 53 45 44 41 37 29 25 22 13 11 5 3 1 4 8 10 21 23 26 27 32 35 46 56 64 68 81 85 87 89 90 92 100 99 95 88 84 82 80 78 77 76 73 69 67 65 63 57 52 48 47 39 34 33 28 24 20 19 15 7 
4 11 12 16 18 19 20 25 34 41 46 47 48 51 53 57 59 60 62 63 65 66 67 69 71 72 74 75 76 81 85 87 90 93 96 98 100 89 88 70 68 61 56 52 38 36 22 21 9 1 5 6 7 10 14 15 17 24 26 27 28 29 31 33 39 40 44 50 54 58 77 80 83 86 91 92 99 97 95 94 84 82 79 78 73 64 55 49 45 43 42 37 35 32 30 23 13 8 3 2 
4 5 8 13 15 19 21 28 34 41 44 45 46 49 53 57 63 64 68 69 75 78 80 91 94 99 100 96 90 89 87 83 82 81 76 74 65 58 55 52 38 35 31 26 20 17 10 7 11 14 16 18 25 27 30 32 37 40 47 51 54 56 59 60 66 67 73 77 79 86 95 98 97 93 92 88 85 84 72 71 70 62 61 50 48 43 42 39 36 33 29 24 23 22 12 9 6 3 2 1 
4 16 17 34 68 69 91 92 93 97 95 90 89 85 84 83 82 81 79 74 70 65 63 61 60 58 57 54 53 52 50 49 47 45 43 42 41 40 37 32 28 27 23 22 20 19 15 14 12 11 8 7 6 5 2 1 3 46 67 99 100 98 96 94 88 87 86 80 78 77 76 75 73 72 71 66 64 62 59 56 55 51 48 44 39 38 36 35 33 31 30 29 26 25 24 21 18 13 10 9 
1 2 6 7 8 9 10 22 29 31 37 42 45 61 69 75 76 78 83 85 86 90 93 94 98 100 99 97 96 84 82 77 74 73 64 38 36 33 28 24 19 17 16 3 4 5 11 15 18 21 23 25 26 30 43 44 47 48 49 55 56 58 62 66 71 79 80 81 87 91 92 95 89 88 72 70 68 67 65 63 60 59 57 54 53 52 51 50 46 41 40 39 35 34 32 27 20 14 13 12 
6 7 8 9 10 12 14 16 18 19 21 24 26 27 28 31 32 33 34 38 39 40 42 43 44 45 46 48 49 52 54 57 58 59 60 65 66 67 70 71 74 75 76 78 82 88 89 91 92 94 97 98 100 2 4 5 11 13 15 17 20 22 23 25 29 30 35 36 37 41 47 50 51 53 55 56 61 62 63 64 68 69 72 73 77 79 80 81 83 84 85 86 87 90 93 95 96 99 3 1 
1 6 9 12 14 18 26 30 31 32 35 37 41 42 44 46 48 49 52 55 64 68 69 72 73 74 75 78 85 86 87 92 95 97 98 93 81 76 66 65 62 57 47 45 40 39 36 33 27 23 13 4 3 7 15 19 20 21 22 24 34 50 63 67 70 82 83 88 90 91 99 100 96 94 89 84 80 79 77 71 61 60 59 58 56 54 53 51 43 38 29 28 25 17 16 11 10 8 5 2 
1 3 4 5 9 11 13 14 18 19 20 22 24 29 32 36 39 40 41 46 57 58 61 63 67 68 71 72 74 75 77 78 81 84 87 89 90 94 98 99 96 85 83 82 80 55 50 44 42 25 15 2 6 21 26 27 30 34 45 54 56 59 65 66 69 70 88 100 97 95 93 92 91 86 79 76 73 64 62 60 53 52 51 49 48 47 43 38 37 35 33 31 28 23 17 16 12 10 8 7 
9 11 14 15 16 17 21 24 28 29 30 32 33 40 42 43 44 45 46 54 56 57 60 61 68 69 73 75 80 86 87 90 91 100 96 93 89 88 85 82 79 70 67 64 59 55 53 52 50 47 39 25 23 19 13 4 2 3 6 7 8 10 22 26 34 35 37 38 41 63 65 71 72 81 98 99 97 95 94 92 84 83 78 77 76 74 66 62 58 51 49 48 36 31 27 20 18 12 5 1 
2 10 13 16 26 27 28 31 32 35 49 50 52 55 61 62 69 78 79 80 91 94 96 97 98 99 85 84 70 67 66 63 57 42 40 38 23 5 4 3 1 6 8 12 19 20 22 24 30 34 43 44 45 46 48 51 53 58 59 65 68 74 75 76 81 86 88 90 93 100 95 92 89 87 83 82 77 73 72 71 64 60 56 54 47 41 39 37 36 33 29 25 21 18 17 15 14 11 9 7 
1 3 6 10 11 12 18 20 22 24 26 27 32 34 38 39 43 44 47 53 55 59 61 65 67 68 73 77 78 81 82 84 87 88 89 98 99 100 96 93 91 63 62 60 52 51 49 46 41 40 35 31 29 17 15 14 13 8 5 2 7 9 16 21 33 36 37 42 45 50 54 56 58 66 72 74 79 90 92 95 97 94 86 85 83 80 76 75 71 70 69 64 57 48 30 28 25 23 19 4 
1 4 5 6 7 8 9 10 11 12 15 16 17 18 20 23 27 37 81 83 84 85 87 91 92 93 97 98 88 86 80 79 74 73 70 67 57 51 39 38 35 33 31 30 29 28 26 24 22 21 2 3 13 14 19 82 89 94 95 96 99 100 90 78 77 76 75 72 71 69 68 66 65 64 63 62 61 60 59 58 56 55 54 53 52 50 49 48 47 46 45 44 43 42 41 40 36 34 32 25 
2 4 8 6 5 1 10 9 7 3 
1 3 8 9 11 23 35 36 40 49 50 51 53 54 55 58 59 60 27 12 4 5 7 13 15 16 19 20 21 24 25 28 29 31 33 34 38 39 41 43 44 45 46 48 56 57 52 47 42 37 32 30 26 22 18 17 14 10 6 2 
6 8 17 21 22 23 24 25 29 32 33 34 36 38 44 50 52 54 60 61 66 70 75 77 84 86 89 90 93 95 99 100 94 82 81 72 71 69 68 65 63 62 57 49 42 39 37 35 31 30 16 13 3 4 10 14 15 18 26 27 28 40 41 45 51 53 55 56 58 74 78 79 85 87 91 92 98 97 96 88 83 80 76 73 67 64 59 48 47 46 43 20 19 12 11 9 7 5 2 1 
1 5 9 10 12 13 15 16 18 21 24 26 28 29 32 34 36 37 38 39 40 42 46 47 53 57 58 59 62 63 64 55 48 31 30 27 25 14 6 2 3 4 7 8 11 19 20 22 23 33 35 41 43 44 45 50 52 54 60 61 56 51 49 17 
6 10 14 16 21 26 29 35 36 37 43 44 45 46 47 48 53 58 59 60 61 62 65 67 70 71 72 73 75 76 79 80 82 90 91 95 97 99 94 89 88 85 52 42 28 27 13 8 2 3 4 11 15 17 18 19 24 25 34 38 39 40 41 49 50 51 55 56 57 63 64 66 68 69 77 87 98 100 96 93 92 86 84 83 81 78 74 54 33 32 31 30 23 22 20 12 9 7 5 1 
2 3 9 10 17 19 26 28 29 31 38 39 46 49 45 36 27 25 11 8 1 4 6 7 12 13 14 18 23 32 34 44 50 48 47 43 42 41 40 37 35 33 30 24 22 21 20 16 15 5 
1 3 5 6 12 25 28 32 36 39 41 42 43 59 60 62 64 66 67 69 75 77 79 80 81 83 84 85 90 91 93 94 98 86 71 57 54 52 46 37 33 30 23 21 19 18 16 4 2 9 10 11 14 17 24 26 27 38 44 48 49 55 58 70 74 95 96 97 99 100 92 89 88 87 82 78 76 73 72 68 65 63 61 56 53 51 50 47 45 40 35 34 31 29 22 20 15 13 8 7 
4 5 8 9 10 11 14 15 20 22 24 25 26 27 28 37 40 55 59 64 65 66 67 69 76 79 81 84 88 89 92 96 97 91 87 85 82 80 78 75 74 72 70 63 62 61 60 57 53 52 49 48 45 43 38 33 19 13 12 6 3 2 1 7 16 17 18 21 31 41 44 46 50 58 71 83 86 90 94 95 99 100 98 93 77 73 68 56 54 51 47 42 39 36 35 34 32 30 29 23 
