5 6 8 9 12 15 16 18 19 21 22 24 27 29 34 38 39 42 44 46 48 50 51 54 57 61 62 66 64 53 52 40 28 26 23 11 10 3 4 7 14 25 31 32 37 41 56 58 65 63 60 59 55 49 47 45 43 36 35 33 30 20 17 13 2 1 
1 4 6 10 11 16 18 19 22 23 25 34 37 41 43 48 49 57 58 59 63 67 69 71 74 75 76 86 87 89 91 95 97 100 99 93 92 88 84 80 79 61 53 47 46 44 40 39 33 20 17 15 14 9 3 2 13 21 29 32 35 38 42 55 60 64 68 73 77 81 96 98 94 90 85 83 82 78 72 70 66 65 62 56 54 52 51 50 45 36 31 30 28 27 26 24 12 8 7 5 
1 2 4 5 15 19 21 22 24 25 26 31 37 40 41 46 48 53 54 55 57 59 60 63 70 72 73 78 79 99 96 95 90 87 85 84 69 68 64 61 50 49 47 44 39 34 23 20 18 17 16 14 13 11 8 6 3 7 28 29 30 32 38 51 58 71 81 82 83 86 93 94 97 100 98 92 91 89 88 80 77 76 75 74 67 66 65 62 56 52 45 43 42 36 35 33 27 12 10 9 
4 5 6 1 3 2 
2 4 6 9 10 13 14 16 19 22 27 28 29 30 34 35 36 37 39 40 49 55 62 63 65 68 69 72 78 80 88 90 92 93 95 97 96 91 75 64 61 56 54 50 48 47 45 44 43 42 41 38 32 25 21 12 7 1 3 8 11 20 23 24 52 57 60 67 70 73 74 77 82 84 86 100 99 98 94 89 87 85 83 81 79 76 71 66 59 58 53 51 46 33 31 26 18 17 15 5 
2 5 8 10 14 17 11 7 4 3 1 6 12 13 15 16 18 9 
5 6 7 16 17 1 2 3 8 9 14 15 13 12 11 10 4 
1 3 4 5 7 9 10 2 6 8 11 12 13 14 15 
1 2 3 4 11 13 14 15 17 19 20 29 36 40 42 43 51 57 60 62 65 71 74 76 77 78 81 83 94 99 100 97 95 88 85 82 79 73 64 63 61 55 47 39 35 28 27 18 16 8 5 6 7 10 21 23 26 31 32 37 38 44 45 46 48 52 56 59 67 70 72 75 80 87 90 98 96 93 92 91 89 86 84 69 68 66 58 54 53 50 49 41 34 33 30 25 24 22 12 9 
12 1 7 8 9 10 11 6 5 4 3 2 
12 13 18 28 29 30 31 32 33 34 35 36 37 39 41 44 49 23 20 10 7 1 2 3 4 5 8 14 16 17 22 24 38 40 42 43 45 46 47 48 50 27 26 25 21 19 15 11 9 6 
3 4 5 6 7 10 12 14 16 19 20 22 24 25 28 30 32 34 37 38 39 43 44 46 47 49 50 51 53 55 56 57 26 1 8 11 13 15 18 21 23 27 29 31 33 35 36 40 41 42 45 48 52 54 17 9 2 
1 4 6 7 11 12 13 14 21 22 23 24 31 32 33 41 42 43 44 45 46 51 53 54 55 61 72 73 74 75 76 77 78 80 82 84 87 88 89 90 91 93 94 95 96 98 100 59 58 56 49 48 47 39 38 37 29 19 16 8 2 3 15 25 34 52 57 60 62 63 64 65 66 67 68 69 70 71 79 81 83 85 86 92 97 99 50 40 36 35 30 28 27 26 20 18 17 10 9 5 
5 6 8 9 15 16 17 19 24 25 27 28 37 39 44 46 47 48 50 52 57 58 59 62 65 66 67 76 77 79 83 84 86 88 90 93 94 95 96 99 100 98 97 91 87 85 75 74 60 54 53 51 49 40 38 34 33 32 31 22 14 3 2 1 10 12 20 23 29 30 45 64 68 69 70 92 89 82 81 80 78 73 72 71 63 61 56 55 43 42 41 36 35 26 21 18 13 11 7 4 
1 4 6 7 8 9 11 13 14 17 19 18 16 15 12 10 2 3 5 20 
1 4 5 7 9 10 12 16 18 22 26 28 29 32 34 38 41 47 48 51 54 55 58 61 66 67 69 70 71 73 74 76 78 79 90 91 98 94 88 83 82 75 68 60 50 49 42 40 37 27 8 6 3 11 15 19 24 36 39 44 52 62 63 64 72 85 93 95 99 100 97 96 92 89 87 86 84 81 80 77 65 59 57 56 53 46 45 43 35 33 31 30 25 23 21 20 17 14 13 2 
5 15 17 19 20 11 2 3 6 9 12 13 14 16 18 10 8 7 4 1 
1 2 5 7 8 11 13 17 26 30 31 32 33 34 38 40 45 50 53 55 59 62 63 64 65 76 79 80 83 85 93 95 98 99 100 92 91 88 86 84 72 70 69 61 27 25 23 22 19 4 3 10 16 20 21 35 36 37 39 42 46 48 51 54 58 60 66 67 68 77 78 90 96 97 94 89 87 82 81 75 74 73 71 57 56 52 49 47 44 43 41 29 28 24 18 15 14 12 9 6 
6 10 11 13 15 16 19 20 22 31 32 34 37 38 48 51 54 56 57 77 83 85 88 89 90 95 96 84 81 71 70 65 63 61 60 59 55 45 42 35 30 29 25 24 23 21 18 17 9 7 1 3 4 28 41 43 44 47 50 69 72 78 87 100 99 98 97 94 93 92 91 86 82 80 79 76 75 74 73 68 67 66 64 62 58 53 52 49 46 40 39 36 33 27 26 14 12 8 5 2 
1 6 8 9 15 18 27 33 34 35 37 39 41 44 49 50 52 60 62 69 71 72 76 77 78 87 88 89 90 91 97 100 94 93 85 83 79 70 68 67 64 59 53 43 36 32 31 23 22 21 13 11 2 3 5 7 16 26 29 30 38 48 51 54 58 63 92 99 98 96 95 86 84 82 81 80 75 74 73 66 65 61 57 56 55 47 46 45 42 40 28 25 24 20 19 17 14 12 10 4 
2 10 14 15 16 18 20 28 33 37 39 41 48 55 59 60 61 64 65 66 67 71 73 84 86 89 96 98 97 90 82 81 79 77 76 70 69 57 56 51 50 44 40 38 36 31 30 17 11 8 1 3 7 12 19 21 22 23 24 26 29 32 34 42 46 49 63 68 74 83 85 88 92 94 100 99 95 93 91 87 80 78 75 72 62 58 54 53 52 47 45 43 35 27 25 13 9 6 5 4 
7 1 3 5 9 10 8 6 4 2 
26 28 38 40 42 43 45 46 47 51 55 56 58 60 61 62 66 67 69 70 71 72 73 78 79 81 82 83 85 88 89 90 91 94 96 97 100 19 15 31 32 33 34 35 36 37 39 41 44 48 49 50 52 53 54 57 59 63 64 65 68 74 75 76 77 80 84 86 87 92 93 95 98 99 30 29 27 25 24 23 22 21 20 18 17 16 14 13 12 11 10 9 8 7 6 5 4 3 2 1 
3 12 20 21 23 24 13 1 2 4 5 6 10 14 15 16 19 22 18 17 11 9 8 7 
1 4 8 9 19 21 28 29 32 36 38 39 47 49 50 61 65 67 78 88 92 93 100 98 96 95 94 89 87 86 84 82 81 80 77 76 72 64 63 62 60 55 54 52 46 42 40 33 31 30 27 26 22 17 16 15 14 13 5 3 2 7 12 20 24 25 35 43 44 45 51 53 58 59 68 69 70 73 74 85 91 97 99 90 83 79 75 71 66 57 56 48 41 37 34 23 18 11 10 6 
2 3 4 6 7 10 11 13 15 16 17 18 19 20 21 22 23 24 25 26 27 28 29 30 32 33 39 98 97 96 87 86 83 81 80 78 75 74 73 70 69 68 63 62 60 58 57 56 54 52 51 50 49 48 47 46 44 43 42 41 40 38 37 36 1 5 8 9 12 14 100 99 95 94 93 92 91 90 89 88 85 84 82 79 77 76 72 71 67 66 65 64 61 59 55 53 45 35 34 31 
5 7 11 12 15 20 22 26 32 33 34 38 40 43 45 46 47 48 50 51 52 53 56 58 59 60 66 67 70 80 81 82 88 89 91 93 94 97 99 90 87 86 83 79 77 76 69 64 62 55 44 36 30 21 19 18 16 10 2 1 8 14 25 29 31 37 39 41 54 72 73 74 78 92 100 98 96 95 85 84 75 71 68 65 63 61 57 49 42 35 28 27 24 23 17 13 9 6 4 3 
2 6 11 13 17 18 24 28 30 31 32 34 41 42 45 48 49 50 56 57 59 67 70 73 75 77 85 91 92 97 93 87 84 83 79 78 63 60 53 52 51 39 35 27 26 14 10 8 3 5 19 22 23 29 36 37 38 44 46 68 71 80 81 94 96 95 90 89 88 86 82 76 74 72 69 66 65 64 62 61 58 55 54 47 43 40 33 25 21 20 16 15 12 9 7 4 1 
1 3 8 10 13 16 18 21 24 26 31 35 43 45 47 48 49 50 51 52 53 55 59 61 66 67 69 70 71 73 74 80 82 85 87 84 63 57 46 39 33 30 27 25 23 11 7 5 4 9 12 14 17 22 32 38 56 60 65 68 72 76 78 83 86 81 79 77 75 64 62 58 54 44 42 41 40 37 36 34 29 28 20 19 15 6 2 
1 4 5 10 13 16 27 34 37 39 41 45 46 49 50 51 54 57 59 68 69 70 71 72 76 79 82 85 88 91 93 97 87 75 48 43 35 29 22 17 7 3 6 8 9 14 18 19 20 21 23 24 25 26 31 32 33 36 38 53 55 56 60 61 62 66 74 78 80 81 83 86 89 92 94 96 98 99 100 95 90 84 77 73 67 65 64 63 58 52 47 44 42 40 30 28 15 12 11 2 
2 3 7 8 11 12 16 17 22 23 29 37 46 47 57 62 63 64 67 68 70 71 72 73 74 75 76 77 78 79 84 85 56 55 53 51 44 42 41 39 34 32 26 24 21 15 14 9 1 4 5 30 38 48 49 50 52 54 58 59 60 61 65 66 69 80 81 82 83 86 87 88 89 90 91 92 45 43 40 36 35 33 31 28 27 25 20 19 18 13 10 6 
1 2 3 4 5 8 9 11 13 18 20 22 25 27 28 32 34 36 45 46 54 57 59 61 67 73 78 79 81 82 86 87 91 94 95 96 98 92 88 77 71 63 62 60 58 55 51 50 49 48 44 39 33 29 7 10 12 14 15 16 17 19 21 26 30 31 35 38 40 41 42 52 53 65 66 68 69 70 72 74 75 76 80 83 84 85 89 90 93 97 99 100 64 56 47 43 37 24 23 6 
1 5 7 9 10 14 15 16 17 19 20 23 24 26 28 30 32 35 37 38 43 44 50 53 54 58 59 60 62 66 67 75 77 79 81 83 86 85 73 55 52 42 36 33 31 25 22 21 13 3 2 4 11 12 18 27 34 40 41 45 46 47 48 49 51 56 61 63 64 65 68 69 70 71 74 76 78 84 87 88 82 80 72 57 39 29 8 6 
3 6 10 17 18 19 20 21 23 24 28 30 36 40 43 45 49 61 73 74 78 80 83 86 87 91 93 95 94 92 85 79 72 71 69 68 67 55 54 53 51 44 32 31 5 8 11 14 22 27 33 34 39 41 47 48 62 70 75 82 84 89 90 97 98 99 96 88 81 77 76 66 65 64 63 60 59 58 57 56 52 50 46 42 38 37 35 29 26 25 16 15 13 12 9 7 4 2 1 
7 8 11 12 14 15 16 18 21 33 40 44 46 48 51 53 58 59 67 73 77 84 85 87 91 94 98 99 88 86 83 82 75 72 70 66 63 61 57 49 43 41 36 30 29 25 24 17 9 6 5 4 2 10 19 22 23 26 28 31 32 34 35 37 39 42 55 69 74 78 80 92 96 100 97 95 93 90 89 81 79 76 71 68 65 64 62 60 56 54 52 50 47 45 38 27 20 13 3 1 
4 7 10 12 15 16 19 28 31 34 36 37 42 45 46 48 52 54 58 63 66 67 70 72 47 17 11 8 1 3 6 9 13 18 21 22 24 25 27 30 33 39 40 43 49 51 55 57 60 61 64 69 71 68 65 62 59 56 53 50 44 41 38 35 32 29 26 23 20 14 5 2 
2 3 16 31 32 34 45 48 50 58 65 67 72 74 77 79 88 90 92 94 100 99 93 80 76 75 70 68 63 52 46 41 38 36 30 26 18 13 11 6 4 5 7 8 12 15 17 20 21 23 25 27 33 35 39 47 49 53 55 56 59 62 64 71 78 83 84 87 89 91 97 98 96 95 86 85 82 81 73 69 66 61 60 57 54 51 44 43 42 40 37 29 28 24 22 19 14 10 9 1 
8 13 18 20 21 22 25 31 33 39 42 43 44 45 56 57 60 62 69 70 71 74 76 87 90 96 97 99 100 88 85 84 80 79 78 77 73 59 55 52 35 34 28 26 23 19 16 12 10 7 1 2 4 6 14 15 24 30 36 37 40 41 49 53 61 63 67 82 83 91 98 95 94 93 92 89 86 81 75 72 68 66 65 64 58 54 51 50 48 47 46 38 32 29 27 17 11 9 5 3 
2 16 17 22 24 28 30 31 34 35 40 56 58 59 62 79 81 82 83 78 69 65 55 51 49 48 46 38 33 32 29 27 23 21 12 8 7 6 1 3 5 9 11 13 15 20 26 36 41 42 43 44 52 54 61 67 68 70 85 84 80 77 76 75 74 73 72 71 66 64 63 60 57 53 50 47 45 39 37 25 19 18 14 10 4 
1 3 15 17 20 21 27 29 30 31 34 35 40 41 42 51 56 57 58 60 62 64 66 73 76 77 79 81 82 85 87 88 90 92 93 98 99 100 94 91 86 83 80 71 70 68 65 59 50 47 45 44 43 36 25 23 9 7 5 4 13 18 32 33 39 48 52 55 89 97 96 95 84 78 75 74 72 69 67 63 61 54 53 49 46 38 37 28 26 24 22 19 16 14 12 11 10 8 6 2 
1 6 7 8 12 13 17 18 23 30 34 38 47 49 50 51 54 61 62 63 66 74 76 77 78 80 82 84 91 92 96 99 97 94 83 81 73 60 56 44 16 3 4 9 15 26 28 29 31 32 39 41 42 48 53 55 58 59 64 65 70 71 72 79 86 95 98 100 93 90 89 88 87 85 75 69 68 67 57 52 46 45 43 40 37 36 35 33 27 25 24 22 21 20 19 14 11 10 5 2 
3 7 9 18 22 23 27 28 30 34 36 39 41 44 45 48 49 54 55 60 66 68 70 74 75 77 78 80 84 85 87 88 90 92 93 94 96 73 56 50 40 32 20 15 5 6 8 12 14 16 17 19 21 47 53 57 58 59 65 71 72 76 79 95 97 91 89 86 83 82 81 69 67 64 63 62 61 52 51 46 43 42 38 37 35 33 31 29 26 25 24 13 11 10 4 2 1 
1 6 11 14 15 16 20 24 30 31 33 34 39 42 44 48 50 53 58 59 63 66 76 77 78 80 82 86 88 91 92 95 96 98 100 83 73 72 69 62 61 55 49 45 43 41 35 27 22 10 9 4 7 12 13 19 25 28 37 38 46 54 65 75 79 84 97 99 94 93 90 89 87 85 81 74 71 70 68 67 64 60 57 56 52 51 47 40 36 32 29 26 23 21 18 17 8 5 3 2 
1 3 4 5 6 7 8 9 10 16 17 19 20 21 23 24 25 26 27 28 29 30 31 33 37 39 40 41 42 44 46 47 48 49 58 59 64 65 66 67 68 69 71 72 73 74 75 77 78 79 80 81 82 83 84 86 87 88 89 90 96 97 2 11 12 13 14 15 18 22 32 34 35 36 43 45 50 51 52 53 54 55 56 57 60 61 62 63 70 76 85 91 92 93 94 95 98 99 100 38 
4 5 13 17 18 22 23 26 30 35 39 43 44 45 57 63 67 68 69 82 87 88 94 96 100 95 79 78 77 74 73 72 70 64 58 51 47 46 41 36 31 29 21 14 8 7 3 1 2 10 11 16 19 20 27 37 38 40 48 49 53 56 59 61 65 71 75 80 81 83 84 86 89 90 97 98 99 93 92 91 85 76 66 62 60 55 54 52 50 42 34 33 32 28 25 24 15 12 9 6 
1 4 5 7 8 10 11 13 14 19 21 23 28 29 30 31 33 37 41 43 51 53 57 58 66 67 70 73 82 87 90 92 93 94 96 97 100 99 98 86 85 83 81 80 77 74 68 65 63 60 52 48 36 35 27 26 25 22 20 17 16 3 2 9 18 24 40 46 47 64 72 78 84 88 91 95 89 79 76 75 71 69 62 61 59 56 55 54 50 49 45 44 42 39 38 34 32 15 12 6 
1 50 51 99 98 96 90 88 87 85 81 79 77 74 73 72 70 69 62 59 58 56 52 49 48 47 42 41 40 39 38 37 36 32 29 24 23 22 21 20 19 17 15 14 13 10 8 5 4 2 3 6 7 9 11 12 16 18 25 26 27 28 30 31 33 34 35 43 44 45 46 53 54 55 57 60 61 63 64 65 66 67 68 71 75 76 78 80 82 83 84 86 89 91 92 93 94 95 97 
2 6 7 11 14 15 18 22 24 28 30 38 43 52 56 60 68 73 85 86 88 92 94 95 91 81 79 77 67 66 63 62 55 54 50 49 45 44 41 40 39 36 31 27 19 16 10 9 3 4 12 13 17 20 21 26 32 35 42 58 61 64 70 72 87 93 97 96 90 89 84 83 82 80 78 76 75 74 71 69 65 59 57 53 51 48 47 46 37 34 33 29 25 23 8 5 1 
2 8 14 17 20 21 24 33 36 37 38 39 40 42 45 49 51 55 70 72 74 75 80 84 85 87 89 93 94 83 77 76 71 68 60 56 27 25 23 16 13 5 1 3 10 12 18 19 22 41 43 46 47 48 53 59 61 64 65 67 78 81 88 90 91 92 95 98 99 100 97 96 86 82 79 73 69 66 63 62 58 57 54 52 50 44 35 34 32 31 30 29 28 26 15 11 9 7 6 4 
3 6 13 14 16 17 18 19 22 34 36 40 42 44 45 48 52 54 56 59 61 62 69 70 73 74 75 76 79 86 87 91 92 93 94 97 98 99 96 95 90 89 88 85 64 63 49 41 39 37 25 23 21 12 11 10 7 8 24 26 27 29 30 32 38 46 50 51 55 77 80 81 83 100 84 82 78 72 71 68 67 66 65 60 58 57 53 47 43 35 33 31 28 20 15 9 5 4 2 1 
1 4 5 7 9 11 12 14 15 17 19 3 2 6 8 10 13 16 20 18 
1 30 31 32 36 37 39 40 43 48 51 57 59 60 61 62 64 65 68 70 71 72 76 78 80 13 3 2 28 29 33 34 35 38 41 42 44 45 46 47 49 50 52 53 54 55 56 58 63 66 67 69 73 74 75 77 79 27 26 25 24 23 22 21 20 19 18 17 16 15 14 12 11 10 9 8 7 6 5 4 
2 8 10 18 19 23 26 29 33 36 37 39 42 45 47 48 49 53 59 62 64 66 68 69 70 73 78 79 81 82 89 90 92 94 95 97 96 86 85 80 75 67 60 43 38 35 34 30 25 22 17 15 14 13 11 5 4 1 6 7 12 16 21 32 44 54 55 57 58 63 65 76 83 88 91 93 87 84 77 74 72 71 61 56 52 51 50 46 41 40 31 28 27 24 20 9 3 
16 18 21 23 26 30 31 34 36 37 38 41 42 43 44 45 46 47 48 49 50 52 55 58 60 61 62 63 7 9 10 11 12 13 14 15 17 19 20 22 24 25 27 28 29 32 33 35 39 40 51 53 54 56 57 59 8 6 5 4 3 2 1 
1 3 4 7 8 9 10 11 12 20 22 23 25 26 28 33 38 40 51 55 80 81 87 91 92 100 98 95 94 82 73 64 63 59 58 54 48 47 46 42 41 39 36 34 32 29 27 24 21 19 18 16 2 5 6 13 14 30 31 72 83 99 97 96 93 90 89 88 86 85 84 79 78 77 76 75 74 71 70 69 68 67 66 65 62 61 60 57 56 53 52 50 49 45 44 43 37 35 17 15 
1 6 8 9 12 13 18 22 27 33 41 42 44 52 55 59 67 69 71 74 77 78 79 83 85 88 89 92 93 94 100 96 90 81 66 65 58 53 51 36 4 5 15 16 21 23 24 26 35 37 38 39 45 49 60 62 68 70 72 75 80 82 86 91 95 99 98 97 87 84 76 73 64 63 61 57 56 54 50 48 47 46 43 40 34 32 31 30 29 28 25 20 19 17 14 11 10 7 3 2 
1 4 5 6 11 13 15 17 19 20 22 24 25 33 34 40 43 44 46 48 49 52 55 58 61 66 67 71 73 80 84 85 88 90 96 100 99 93 91 89 83 72 64 57 45 38 37 36 31 29 23 12 10 9 7 2 3 18 28 30 39 50 53 54 62 68 74 79 82 92 94 97 98 95 87 86 81 78 77 76 75 70 69 65 63 60 59 56 51 47 42 41 35 32 27 26 21 16 14 8 
2 3 4 7 10 16 17 18 19 25 31 38 41 44 57 59 65 75 79 82 84 85 94 95 97 98 99 96 88 81 80 67 63 60 56 51 45 40 39 29 22 20 12 21 24 27 28 30 33 34 35 37 43 50 66 72 74 77 83 92 100 93 91 90 89 87 86 78 76 73 71 70 69 68 64 62 61 58 55 54 53 52 49 48 47 46 42 36 32 26 23 15 14 13 11 9 8 6 5 1 
3 4 1 2 
16 17 18 23 31 32 33 34 36 37 21 7 1 14 15 19 22 24 26 27 28 29 30 38 40 39 35 25 20 13 12 11 10 9 8 6 5 4 3 2 
7 8 9 12 15 1 4 6 10 11 17 16 14 13 5 3 2 
3 4 7 9 11 17 24 26 30 32 36 39 41 46 49 51 54 55 59 60 67 69 70 71 73 74 76 79 80 84 85 86 89 90 94 96 98 99 100 92 88 83 78 75 72 66 52 37 33 20 12 8 1 2 10 19 21 22 27 34 38 44 47 48 50 53 58 65 68 77 82 93 97 95 91 87 81 64 63 62 61 57 56 45 43 42 40 35 31 29 28 25 23 18 16 15 14 13 6 5 
1 12 17 25 32 33 35 37 38 39 44 46 52 58 59 60 61 62 63 79 81 82 83 86 88 91 92 93 100 98 96 75 42 40 28 27 22 9 3 6 7 8 11 16 18 21 24 30 41 49 53 54 65 74 76 85 89 90 99 97 95 94 87 84 80 78 77 73 72 71 70 69 68 67 66 64 57 56 55 51 50 48 47 45 43 36 34 31 29 26 23 20 19 15 14 13 10 5 4 2 
1 5 6 7 8 10 11 17 20 21 28 29 34 35 38 39 40 42 44 54 60 62 65 66 69 70 76 78 79 80 85 87 89 90 92 97 98 88 81 74 64 58 56 55 51 30 26 25 23 18 13 3 2 14 27 31 33 41 45 47 49 52 68 72 82 84 100 99 96 95 94 93 91 86 83 77 75 73 71 67 63 61 59 57 53 50 48 46 43 37 36 32 24 22 19 16 15 12 9 4 
2 4 5 6 8 10 11 12 14 15 16 18 19 20 22 23 24 25 31 32 33 34 36 38 39 40 41 42 47 49 51 52 53 59 60 62 63 64 66 68 69 70 71 72 74 75 77 78 1 3 7 9 13 17 21 26 27 28 29 30 35 37 43 44 45 46 48 50 54 55 56 57 58 61 65 67 73 76 79 80 
2 3 5 6 10 15 20 22 30 38 43 48 50 51 56 59 63 70 71 72 76 79 80 82 84 87 91 92 94 99 93 90 85 66 64 62 58 46 45 40 19 18 14 11 7 1 9 12 13 16 17 21 24 25 27 29 34 49 54 57 68 69 73 75 77 86 88 89 100 98 97 96 95 83 81 78 74 67 65 61 60 55 53 52 47 44 42 41 39 37 36 35 33 32 31 28 26 23 8 4 
3 4 6 9 12 15 18 22 23 25 27 29 32 34 35 37 40 43 46 49 50 51 56 61 63 69 70 78 79 82 83 90 91 99 95 85 77 76 74 72 60 59 57 52 44 42 36 33 30 28 21 19 17 16 14 11 5 2 1 7 10 20 31 45 48 54 71 84 88 89 92 100 98 97 96 94 93 87 86 81 80 75 73 68 67 66 65 64 62 58 55 53 47 41 39 38 26 24 13 8 
2 4 13 18 29 34 37 39 40 50 51 53 56 60 64 69 74 76 84 85 94 96 91 77 58 46 45 41 38 35 19 17 12 10 9 3 5 6 11 14 21 22 23 24 26 30 31 32 33 48 59 62 68 72 75 89 92 93 97 100 99 98 95 90 88 87 86 83 82 81 80 79 78 73 71 70 67 66 65 63 61 57 55 54 52 49 47 44 43 42 36 28 27 25 20 16 15 8 7 1 
2 4 5 7 9 10 11 12 13 15 16 21 22 23 24 31 32 35 37 38 42 44 48 49 51 53 56 59 64 71 72 73 81 85 86 87 89 91 95 96 100 98 93 70 60 52 50 28 27 26 20 18 17 1 3 6 8 14 19 30 33 34 36 43 45 46 47 58 61 62 63 65 66 67 68 69 75 76 78 80 82 83 84 88 90 92 94 99 97 79 77 74 57 55 54 41 40 39 29 25 
2 4 8 10 12 14 20 24 25 28 30 31 34 43 46 47 52 54 55 56 57 60 61 62 63 64 70 78 79 84 87 88 96 97 98 100 85 83 67 44 38 35 32 27 23 15 9 7 1 13 29 39 41 42 50 51 59 66 72 73 77 89 90 91 94 99 95 93 92 86 82 81 80 76 75 74 71 69 68 65 58 53 49 48 45 40 37 36 33 26 22 21 19 18 17 16 11 6 5 3 
8 9 11 13 18 28 31 37 38 46 59 62 72 73 76 79 80 81 83 87 92 96 100 99 91 69 66 55 43 39 34 30 10 2 3 4 5 12 14 19 22 23 32 44 45 47 48 50 51 53 54 56 57 60 61 63 64 67 71 78 84 85 86 88 93 94 95 98 97 90 89 82 77 75 74 70 68 65 58 52 49 42 41 40 36 35 33 29 27 26 25 24 21 20 17 16 15 7 6 1 
1 3 7 16 17 22 23 29 30 37 38 48 56 57 58 59 60 67 68 69 70 73 75 78 79 80 81 82 84 89 46 45 42 41 36 35 34 28 27 25 24 21 19 18 10 2 4 5 8 11 12 47 49 50 51 52 53 54 55 61 62 63 64 65 66 71 72 74 76 77 83 85 86 87 88 44 43 40 39 33 32 31 26 20 15 14 13 9 6 
7 11 14 15 17 21 23 24 26 33 35 36 38 41 43 49 51 52 55 56 57 58 60 67 73 74 75 76 82 85 87 88 89 100 96 93 84 79 65 64 39 30 27 25 22 9 8 6 2 5 13 20 29 32 40 44 48 68 70 71 77 80 83 99 98 97 95 94 92 91 90 86 81 78 72 69 66 63 62 61 59 54 53 50 47 46 45 42 37 34 31 28 19 18 16 12 10 4 3 1 
1 3 6 7 8 11 13 14 16 18 19 24 26 29 33 34 35 38 40 43 46 52 53 54 57 63 64 66 70 72 76 77 80 82 86 89 92 96 99 93 91 87 73 68 65 62 61 51 47 45 42 39 36 30 25 23 10 9 4 5 22 27 28 48 50 55 56 58 71 74 75 78 84 85 100 98 97 95 94 90 88 83 81 79 69 67 60 59 49 44 41 37 32 31 21 20 17 15 12 2 
4 5 6 9 10 12 13 15 19 20 23 24 25 27 29 30 34 38 39 41 45 47 52 53 60 64 74 76 84 86 87 88 89 90 91 92 97 96 95 80 77 70 66 54 37 16 1 17 18 32 33 35 36 40 49 55 56 58 63 68 73 79 81 85 93 94 83 82 78 75 72 71 69 67 65 62 61 59 57 51 50 48 46 44 43 42 31 28 26 22 21 14 11 8 7 3 2 
4 14 16 18 24 26 34 37 44 50 51 52 55 56 58 61 62 66 76 77 79 85 88 92 94 99 90 86 83 68 65 59 48 47 40 33 32 31 29 21 13 12 2 3 5 10 20 27 28 30 36 38 41 42 43 45 46 49 53 54 63 64 67 71 73 80 84 89 91 95 96 97 98 100 93 87 82 81 78 75 74 72 70 69 60 57 39 35 25 23 22 19 17 15 11 9 8 7 6 1 
1 2 3 4 5 7 8 12 15 16 17 19 23 24 28 29 32 34 36 41 45 47 48 51 56 57 58 59 60 66 70 71 73 74 75 79 85 86 87 89 91 92 94 97 99 6 9 10 11 13 14 18 20 21 22 25 26 27 30 31 33 35 37 38 39 40 42 43 44 46 49 50 52 53 54 55 61 62 63 64 65 67 68 69 72 76 77 78 80 81 82 83 84 88 90 93 95 96 98 100 
2 4 3 1 
1 7 9 18 19 22 27 30 31 33 35 36 39 40 42 44 47 52 53 56 57 61 63 65 67 69 70 72 82 85 86 90 91 93 97 100 99 98 92 87 83 71 64 62 58 50 45 28 25 15 11 2 8 12 13 21 24 37 38 41 46 48 49 51 55 60 68 73 75 76 77 80 81 84 89 94 95 96 88 79 78 74 66 59 54 43 34 32 29 26 23 20 17 16 14 10 6 5 4 3 
1 2 3 9 12 23 28 30 31 32 35 40 41 46 49 50 59 64 66 71 76 77 79 80 81 84 85 87 89 90 94 95 96 99 83 74 69 62 61 57 56 54 45 43 39 36 34 26 22 21 4 5 8 10 11 19 24 27 29 37 38 48 52 53 55 58 60 63 67 68 72 75 78 93 100 98 97 92 91 88 86 82 73 70 65 51 47 44 42 33 25 20 18 17 16 15 14 13 7 6 
13 15 17 21 22 29 32 35 36 39 42 43 48 51 52 56 59 60 61 62 64 65 66 67 72 74 77 81 90 94 98 100 89 80 76 75 69 55 54 49 45 40 30 27 19 9 2 4 7 16 20 23 24 25 34 38 41 44 50 53 58 68 71 73 78 79 82 84 91 93 95 96 99 97 92 88 87 86 85 83 70 63 57 47 46 37 33 31 28 26 18 14 12 11 10 8 6 5 3 1 
22 36 38 40 43 50 54 56 60 61 64 66 72 74 75 78 79 82 84 85 86 87 91 93 94 95 96 97 98 99 20 9 8 7 3 29 31 33 35 37 39 41 42 44 45 46 47 48 49 51 52 53 55 57 58 59 62 63 65 67 68 69 70 71 73 76 77 80 81 83 88 89 90 92 100 34 32 30 28 27 26 25 24 23 21 19 18 17 16 15 14 13 12 11 10 6 5 4 2 1 
3 6 7 1 2 5 4 
2 3 5 6 7 9 11 13 14 15 16 17 25 32 33 34 35 40 42 43 46 50 51 57 59 60 62 63 64 71 75 78 81 83 84 85 86 89 91 92 95 97 93 90 74 73 69 61 55 47 41 37 36 28 26 23 21 19 12 10 8 1 4 22 24 27 29 31 39 48 49 52 53 54 56 58 65 66 67 72 76 79 80 94 96 99 98 88 87 82 77 70 68 45 44 38 30 20 18 
1 3 6 11 17 18 20 23 25 27 32 37 43 47 49 51 54 59 60 61 62 63 66 67 68 72 77 78 79 80 81 86 88 94 95 96 98 93 83 57 48 42 39 33 29 26 22 4 9 14 16 24 28 31 34 35 36 38 41 44 45 46 52 55 69 71 73 75 76 82 87 90 92 97 99 91 89 85 84 74 70 65 64 58 56 53 50 40 30 21 19 15 13 12 10 8 7 5 2 
2 3 6 7 11 12 14 15 16 29 34 35 37 38 43 44 45 48 49 47 41 25 20 17 8 9 10 18 19 21 22 24 26 27 30 31 32 33 39 46 50 42 40 36 28 23 13 5 4 1 
2 13 25 30 31 34 43 44 46 52 55 58 60 62 64 66 69 75 77 79 81 82 83 84 86 87 88 89 90 91 92 93 94 95 96 97 98 100 36 33 28 19 8 6 5 9 10 12 16 20 21 23 32 37 38 40 42 48 50 51 53 54 56 57 59 63 65 67 68 70 71 72 73 74 78 80 85 99 76 61 49 47 45 41 39 35 29 27 26 24 22 18 17 15 14 11 7 4 3 1 
3 4 6 9 15 18 19 21 22 24 27 28 36 39 54 57 58 60 63 64 66 69 72 75 76 78 79 81 82 85 88 91 93 94 96 74 59 47 35 23 20 14 2 1 7 10 12 13 16 25 30 31 33 34 37 40 42 43 45 46 48 49 51 52 55 61 67 70 73 84 87 90 95 92 89 86 83 80 77 71 68 65 62 56 53 50 44 41 38 32 29 26 17 11 8 5 
1 9 2 3 5 6 10 8 7 4 
1 2 3 4 5 10 11 12 13 14 19 20 22 23 17 7 6 8 15 16 18 21 24 25 26 27 9 
2 3 4 12 13 19 20 25 26 29 30 31 32 33 35 36 37 38 39 40 42 44 46 51 52 54 56 62 63 66 68 69 70 71 74 77 80 82 86 91 98 9 7 5 6 11 14 15 17 18 21 22 24 27 28 34 43 47 48 49 50 53 55 57 58 59 60 61 64 73 75 76 79 81 83 84 85 87 88 89 92 93 94 95 96 97 99 100 90 78 72 67 65 45 41 23 16 10 8 1 
1 6 10 11 12 18 25 26 29 32 33 36 43 49 51 54 55 56 58 74 75 77 85 93 95 96 97 99 100 92 91 87 86 82 80 72 70 66 63 62 57 47 45 37 35 28 21 19 15 5 3 2 4 8 14 31 34 39 42 44 46 48 50 52 53 59 60 67 68 73 76 79 84 94 98 90 89 88 83 81 78 71 69 65 64 61 41 40 38 30 27 24 23 22 20 17 16 13 9 7 
1 4 7 9 10 11 18 27 28 29 30 32 41 42 44 49 53 55 57 61 64 65 67 72 73 74 75 89 91 95 97 98 92 87 86 84 81 80 77 66 62 43 33 31 24 23 21 20 19 17 13 6 2 12 14 15 22 26 35 37 38 40 45 47 50 59 71 93 99 100 96 94 90 88 85 83 82 79 78 76 70 69 68 63 60 58 56 54 52 51 48 46 39 36 34 25 16 8 5 3 
1 4 5 6 7 19 24 26 28 29 33 41 43 44 47 48 54 56 58 60 61 62 63 72 73 74 79 82 86 91 92 93 98 99 100 94 87 83 81 80 78 70 68 59 52 45 40 37 35 22 18 16 13 10 2 14 17 20 23 25 27 32 36 38 50 53 55 57 66 67 69 71 76 77 84 88 95 97 96 90 89 85 75 65 64 51 49 46 42 39 34 31 30 21 15 12 11 9 8 3 
2 6 9 12 13 14 19 21 22 23 26 28 30 33 34 36 38 39 42 46 48 50 52 54 58 59 60 61 62 66 69 70 71 72 31 16 7 5 4 10 17 18 20 24 37 41 43 44 45 47 49 51 53 55 56 57 63 64 65 67 68 40 35 32 29 27 25 15 11 8 3 1 
3 6 8 9 10 12 14 15 19 22 29 31 32 37 39 41 43 44 47 49 53 55 57 59 61 64 72 74 76 77 83 85 96 100 95 92 88 87 84 81 78 71 65 58 54 52 50 48 45 38 34 33 25 23 21 17 13 1 2 4 5 7 24 26 27 28 30 36 40 67 69 75 79 93 99 98 97 94 91 90 89 86 82 80 73 70 68 66 63 62 60 56 51 46 42 35 20 18 16 11 
5 15 16 17 31 32 33 36 38 45 46 47 49 50 53 54 56 57 58 61 64 66 71 72 75 76 77 80 84 86 87 89 92 94 95 96 98 100 91 83 82 81 74 60 52 48 44 42 27 20 12 4 6 7 8 11 13 19 21 22 23 30 34 35 37 40 43 51 55 59 62 63 65 70 73 85 88 90 93 99 97 79 78 69 68 67 41 39 29 28 26 25 24 18 14 10 9 3 2 1 
2 4 5 6 8 11 12 14 18 19 20 22 31 34 40 45 46 49 50 51 53 54 55 56 60 63 64 68 71 72 75 82 83 89 90 91 95 96 98 94 78 77 76 73 69 66 62 59 48 39 37 36 33 28 27 26 25 24 23 16 13 10 9 1 7 29 30 43 52 61 84 85 86 87 88 100 99 97 93 92 81 80 79 74 70 67 65 58 57 47 44 42 41 38 35 32 21 17 15 3 
1 3 7 13 15 22 23 28 30 31 35 39 41 43 47 48 53 58 65 66 67 68 77 79 97 90 87 81 74 57 36 25 24 19 18 4 2 8 9 10 12 17 20 21 26 34 40 42 46 59 60 61 63 72 73 75 80 83 85 89 92 95 99 100 98 96 94 93 91 88 86 84 82 78 76 71 70 69 64 62 56 55 54 52 51 50 49 45 44 38 37 33 32 29 27 16 14 11 6 5 
28 30 31 32 33 34 36 37 38 40 42 44 45 46 47 48 53 54 55 57 58 62 63 64 66 68 81 78 77 76 75 73 27 26 24 23 22 21 20 19 18 17 16 15 14 13 12 11 10 9 8 7 6 4 3 25 29 35 39 41 43 49 50 51 52 80 79 74 72 71 70 69 67 65 61 60 59 56 5 2 1 
2 6 7 17 20 26 29 30 36 37 40 42 43 44 45 48 51 52 56 59 62 65 67 71 74 76 78 80 81 87 90 97 92 89 82 69 66 63 58 54 49 35 25 18 9 8 3 1 4 5 10 11 13 14 15 19 21 23 27 31 32 38 46 57 60 70 72 75 77 83 86 94 98 99 100 96 95 93 91 88 85 84 79 73 68 64 61 55 53 50 47 41 39 34 33 28 24 22 16 12 
4 13 16 17 27 30 33 34 35 39 41 50 51 57 64 66 67 70 74 76 80 82 85 89 94 99 98 93 88 84 77 73 72 63 32 22 6 5 7 14 20 24 26 28 29 44 45 47 48 49 52 53 55 59 61 65 69 71 75 78 79 86 92 97 100 96 95 91 90 87 83 81 68 62 60 58 56 54 46 43 42 40 38 37 36 31 25 23 21 19 18 15 12 11 10 9 8 3 2 1 
12 13 14 17 23 24 27 39 40 46 47 49 50 53 57 67 75 76 79 89 93 31 30 29 26 1 2 3 4 5 6 7 8 9 10 11 15 16 18 19 20 21 22 25 28 35 36 37 38 41 42 43 44 45 48 51 52 54 55 56 58 59 60 61 62 63 64 65 66 70 71 72 73 74 77 78 80 81 82 83 84 85 86 87 88 90 91 92 69 68 34 33 32 
1 2 6 8 10 13 14 19 21 22 24 27 36 42 45 46 50 53 55 58 61 62 68 69 72 77 79 80 83 85 86 89 90 94 95 97 99 100 63 56 38 35 31 30 12 7 3 9 11 15 16 17 20 23 25 28 32 33 37 39 40 41 43 44 48 49 51 54 57 59 60 64 65 66 67 70 71 73 74 75 76 78 81 82 87 91 92 93 96 98 88 84 52 47 34 29 26 18 5 4 
2 4 7 10 12 16 32 33 35 40 45 48 51 52 53 58 62 63 64 69 74 76 77 80 83 90 93 97 96 95 94 87 86 57 50 42 28 26 24 19 14 13 11 8 9 17 18 20 21 25 29 34 36 41 44 54 60 61 67 68 71 100 99 98 92 91 89 88 85 84 82 81 79 78 75 73 72 70 66 65 59 56 55 49 47 46 43 39 38 37 31 30 27 23 22 15 6 5 3 1 
3 4 8 11 13 20 23 24 30 31 36 38 39 40 41 46 47 50 53 56 59 60 63 64 67 68 70 73 74 81 87 90 99 100 94 84 79 78 61 57 54 44 35 34 33 29 28 25 18 5 1 2 16 17 22 27 32 42 45 49 55 66 77 80 92 96 97 98 95 93 91 89 88 86 85 83 82 76 75 72 71 69 65 62 58 52 51 48 43 37 26 21 19 15 14 12 10 9 7 6 
1 2 9 10 15 17 21 22 23 25 29 32 39 45 51 52 54 55 56 57 59 62 65 67 69 73 74 81 82 84 86 87 89 90 92 97 98 100 95 88 79 64 63 60 50 48 42 41 35 34 33 27 24 20 14 11 5 3 6 7 16 18 26 31 40 43 46 49 53 58 66 70 71 72 78 83 91 94 99 96 93 85 80 77 76 75 68 61 47 44 38 37 36 30 28 19 13 12 8 4 
3 6 1 5 4 2 
2 3 4 5 6 7 8 9 10 11 12 13 15 21 22 23 24 25 26 28 30 38 98 87 86 81 79 78 77 74 73 69 68 66 61 59 56 54 52 50 49 48 47 46 45 44 42 40 39 36 35 34 33 32 29 1 14 16 17 18 19 20 27 100 99 97 96 95 94 93 92 91 90 89 88 85 84 83 82 80 76 75 72 71 70 67 65 64 63 62 60 58 57 55 53 51 43 41 37 31 
1 8 14 15 17 21 23 25 26 27 20 16 11 6 4 3 2 7 9 12 24 22 19 18 13 10 5 
4 5 6 7 10 16 18 20 22 25 26 27 29 32 37 38 39 47 48 50 56 57 58 59 61 68 69 72 76 78 81 84 87 95 100 99 98 92 90 85 67 66 64 60 54 43 42 41 40 36 33 14 13 12 11 9 8 3 2 1 17 31 35 46 49 51 62 63 71 79 80 97 96 94 93 91 89 88 86 83 82 77 75 74 73 70 65 55 53 52 45 44 34 30 28 24 23 21 19 15 
1 2 5 7 12 13 18 19 22 23 24 26 29 33 34 35 36 37 58 59 60 63 64 65 66 67 69 70 71 74 75 77 79 81 85 89 90 91 98 52 46 45 44 43 42 31 10 3 4 6 8 14 16 17 20 21 25 27 28 32 38 39 40 41 47 48 49 50 51 61 62 68 72 73 76 78 80 82 83 84 86 87 88 92 93 94 95 96 97 99 100 57 56 55 54 53 30 15 11 9 
2 4 8 13 16 18 21 23 29 32 25 24 1 3 5 7 10 11 14 15 17 19 20 22 33 31 30 28 27 26 12 9 6 
4 14 17 23 29 32 38 40 41 43 48 51 62 64 65 66 68 69 70 73 74 77 78 79 83 84 88 91 92 93 100 99 97 82 76 55 50 36 34 31 28 19 15 10 5 3 7 9 11 12 21 24 25 27 35 44 45 46 47 49 53 56 57 58 59 67 71 72 81 89 95 96 98 94 90 87 86 85 80 75 63 61 60 54 52 42 39 37 33 30 26 22 20 18 16 13 8 6 2 1 
1 4 5 10 11 17 22 23 25 26 28 30 31 33 34 35 38 41 42 43 46 47 50 53 55 56 60 61 63 65 66 67 70 73 74 75 77 79 80 82 89 91 92 95 96 97 98 99 90 86 64 21 8 2 3 6 7 9 12 13 14 15 16 18 19 20 24 27 32 36 39 40 44 45 49 51 52 54 58 59 62 68 69 71 72 76 78 81 83 85 87 88 93 94 100 84 57 48 37 29 
1 3 5 12 17 68 69 72 76 79 81 82 83 86 87 88 90 93 96 97 98 99 100 63 61 56 55 54 52 51 49 48 46 36 34 2 4 6 7 8 9 10 11 13 14 15 16 18 19 20 21 22 23 24 25 26 27 28 29 30 31 32 33 84 85 89 91 92 94 95 80 78 77 75 74 73 71 70 67 66 65 64 62 60 59 58 57 53 50 47 45 44 43 42 41 40 39 38 37 35 
2 4 5 8 9 10 13 14 23 24 28 30 32 35 37 39 40 44 48 49 51 53 54 55 65 71 73 74 80 81 82 84 85 86 88 90 97 98 99 100 96 95 92 87 79 70 69 67 64 63 62 59 57 50 45 42 41 34 27 17 15 3 1 12 16 25 33 36 38 46 47 56 60 68 72 75 76 77 78 89 94 93 91 83 66 61 58 52 43 31 29 26 22 21 20 19 18 11 7 6 
4 11 13 15 19 23 24 25 26 27 30 31 34 36 43 44 47 50 51 56 59 60 64 68 71 74 76 77 80 83 86 88 89 95 96 97 92 85 78 49 46 41 35 22 9 6 5 1 2 7 10 12 14 16 18 20 28 29 32 33 38 40 52 55 57 58 61 63 65 66 69 70 79 81 82 84 87 91 93 94 90 75 73 72 67 62 54 53 48 45 42 39 37 21 17 8 3 
2 6 8 10 11 13 15 17 18 19 1 3 4 5 7 9 12 14 16 20 
4 5 6 9 12 15 19 25 29 30 34 43 44 46 50 53 54 56 57 58 61 65 69 73 76 80 84 91 96 97 99 100 79 77 72 67 63 39 27 20 13 11 8 1 2 10 17 23 32 33 35 38 40 41 42 45 47 49 51 52 55 62 64 70 71 82 83 87 88 92 98 95 94 93 90 89 86 85 81 78 75 74 68 66 60 59 48 37 36 31 28 26 24 22 21 18 16 14 7 3 
2 3 4 5 6 7 8 9 10 11 12 13 14 16 17 18 19 21 22 25 26 27 28 32 34 35 39 41 42 43 45 47 49 50 51 52 54 56 57 58 59 62 63 64 69 70 72 73 74 78 83 85 86 88 91 94 95 98 99 15 20 23 24 29 30 31 33 36 37 38 40 44 46 48 53 55 60 61 65 66 67 68 71 75 76 77 79 80 81 82 84 87 89 90 92 93 96 97 100 1 
3 5 8 9 13 17 18 21 28 30 31 35 36 41 45 47 48 49 57 58 60 65 68 72 74 76 78 81 84 87 88 100 99 97 95 91 86 80 53 43 42 33 12 4 1 10 14 15 23 25 26 27 32 37 40 44 46 50 54 64 66 67 69 73 79 82 89 90 93 96 98 94 92 85 83 77 75 71 70 63 62 61 59 56 55 52 51 39 38 34 29 24 22 20 19 16 11 7 6 2 
1 3 6 9 11 14 16 21 24 26 27 30 33 36 44 47 50 51 54 55 56 58 60 65 66 69 71 72 73 79 80 85 87 88 90 91 93 97 96 95 92 89 81 70 61 53 48 38 32 22 19 5 4 7 10 12 18 23 28 29 31 35 37 39 42 46 49 62 63 67 68 74 76 78 82 86 98 99 94 84 83 77 75 64 59 57 52 45 43 41 40 34 25 20 17 15 13 8 2 
1 4 9 16 19 20 24 28 29 30 34 35 39 40 44 46 49 50 51 52 60 65 70 72 73 74 83 85 87 89 93 95 98 82 81 78 77 67 57 54 53 48 43 41 36 32 27 23 22 15 13 11 6 3 5 7 8 17 21 33 42 55 62 68 69 75 96 100 99 97 94 92 91 90 88 86 84 80 79 76 71 66 64 63 61 59 58 56 47 45 38 37 31 26 25 18 14 12 10 2 
1 2 3 4 6 7 8 9 11 12 14 15 17 18 19 20 22 24 25 26 27 28 29 100 96 88 87 86 85 78 73 70 68 67 65 63 59 57 54 53 51 48 47 44 43 42 41 39 38 37 36 33 32 31 30 5 10 13 16 21 23 99 98 97 95 94 93 92 91 90 89 84 83 82 81 80 79 77 76 75 74 72 71 69 66 64 62 61 60 58 56 55 52 50 49 46 45 40 35 34 
5 7 11 12 13 19 20 26 27 28 37 38 39 41 45 48 50 56 89 87 84 78 75 72 70 67 66 65 64 59 58 57 55 53 51 49 46 44 35 34 33 32 24 23 9 8 3 2 6 10 16 17 18 29 30 31 40 42 76 91 100 99 98 97 96 95 94 93 92 90 88 86 85 83 82 81 80 79 77 74 73 71 69 68 63 62 61 60 54 52 47 43 36 25 22 21 15 14 4 1 
3 7 13 16 17 22 23 28 29 31 33 34 35 38 39 42 44 46 47 51 53 57 58 60 61 64 66 72 77 78 79 80 83 85 86 92 94 99 100 98 96 84 82 81 75 73 65 48 41 37 26 14 12 11 9 8 2 6 10 18 19 20 24 25 27 36 40 43 50 55 56 59 69 70 74 93 97 95 91 90 89 88 87 76 71 68 67 63 62 54 52 49 45 32 30 21 15 5 4 1 
2 4 6 9 11 13 14 16 19 20 21 22 23 26 27 32 35 38 42 47 52 53 55 57 59 64 68 69 73 86 87 88 89 90 91 95 100 94 93 85 82 80 75 74 66 65 63 62 61 54 51 50 48 44 37 34 31 29 28 25 24 12 5 8 15 18 36 39 45 49 70 78 81 83 96 99 98 97 92 84 79 77 76 72 71 67 60 58 56 46 43 41 40 33 30 17 10 7 3 1 
5 8 10 12 15 18 26 28 29 31 33 43 44 48 49 53 58 60 62 66 67 70 74 78 80 82 83 84 87 90 92 93 94 97 98 95 88 52 40 38 30 27 16 7 4 1 2 6 9 11 19 20 22 25 34 41 55 56 59 64 69 71 79 89 100 99 96 91 86 85 81 77 76 75 73 72 68 65 63 61 57 54 51 50 47 46 45 42 39 37 36 35 32 24 23 21 17 14 13 3 
1 2 7 8 9 14 15 16 20 21 23 29 30 35 36 37 42 43 48 50 51 52 55 63 65 66 68 69 70 76 78 79 80 81 82 84 86 94 95 45 39 38 32 31 26 24 5 4 3 6 13 22 27 28 34 41 44 49 53 54 56 57 58 59 60 61 62 64 67 71 72 73 74 75 77 83 85 87 88 89 90 91 92 93 47 46 40 33 25 19 18 17 12 11 10 
1 5 9 14 15 16 22 28 29 32 34 39 41 42 43 48 50 51 52 53 54 56 59 65 68 71 76 77 82 83 91 95 96 100 92 75 69 64 60 47 46 37 30 26 23 19 12 10 8 4 3 2 7 11 13 17 18 20 21 27 33 35 36 44 45 49 58 62 63 66 70 72 78 81 84 86 89 90 93 97 99 98 94 88 87 85 80 79 74 73 67 61 57 55 40 38 31 25 24 6 
1 2 5 8 11 16 21 22 24 25 30 32 35 38 43 46 56 60 61 62 65 67 70 80 83 85 100 96 91 89 86 82 78 71 66 64 63 58 54 48 47 45 42 41 39 34 31 27 26 23 13 9 4 3 6 7 10 12 14 15 17 18 20 29 33 36 49 51 53 57 59 73 75 77 79 84 87 90 94 95 97 98 99 93 92 88 81 76 74 72 69 68 55 52 50 44 40 37 28 19 
1 2 3 7 6 5 4 
7 13 14 15 20 22 32 34 59 68 75 77 87 89 91 98 99 93 88 69 64 55 52 33 26 23 21 12 5 3 6 11 16 17 29 30 31 35 36 39 41 42 43 47 49 50 51 58 62 66 70 71 73 76 79 82 95 96 97 100 94 92 90 86 85 84 83 81 80 78 74 72 67 65 63 61 60 57 56 54 53 48 46 45 44 40 38 37 28 27 25 24 19 18 10 9 8 4 2 1 
1 3 5 7 9 12 13 18 16 11 10 4 2 6 8 14 17 19 20 15 
2 3 8 9 10 13 14 17 20 22 27 28 32 35 37 38 39 47 50 52 54 55 56 60 67 68 70 71 72 77 79 80 82 86 88 90 95 98 99 94 87 74 66 62 59 57 49 41 30 19 16 11 6 5 1 15 18 23 25 34 36 42 45 46 51 64 65 73 76 78 85 89 93 96 97 100 92 91 84 83 81 75 69 63 61 58 53 48 44 43 40 33 31 29 26 24 21 12 7 4 
2 17 21 22 23 28 29 30 32 46 49 50 52 53 54 57 58 59 60 61 62 63 66 67 68 69 70 71 72 73 74 75 76 77 78 79 80 86 90 91 93 100 99 94 92 89 88 87 85 82 81 56 44 43 40 35 34 15 9 6 5 3 4 16 18 19 20 27 31 33 39 41 42 47 48 51 55 64 65 98 97 96 95 84 83 45 38 37 36 26 25 24 14 13 12 11 10 8 7 1 
2 4 6 9 16 24 27 29 30 32 38 39 41 46 47 48 50 51 52 53 56 59 62 63 64 65 66 69 70 71 74 82 83 89 90 91 100 99 96 95 84 81 77 67 61 60 57 49 44 35 25 23 20 17 12 11 10 1 5 7 8 13 15 21 28 31 34 36 37 42 45 55 58 72 73 75 80 85 87 92 98 97 94 93 88 86 79 78 76 68 54 43 40 33 26 22 19 18 14 3 
4 14 18 20 24 29 30 32 33 35 36 37 40 42 43 47 50 52 54 56 59 60 62 64 68 72 74 76 85 86 91 93 95 96 97 98 92 78 70 67 48 26 21 17 13 11 10 8 7 3 2 6 9 12 15 16 19 23 25 27 28 31 38 39 41 44 45 46 49 51 53 55 57 58 61 63 65 66 69 71 73 75 77 81 83 87 89 90 94 99 100 88 84 82 80 79 34 22 5 1 
1 4 7 11 17 20 26 29 36 37 38 40 42 46 48 60 62 63 65 67 70 71 72 74 77 78 80 81 99 97 96 93 92 91 89 85 82 79 75 73 41 39 18 16 12 2 3 5 6 10 13 14 15 19 21 23 27 30 31 32 43 44 45 51 52 56 57 59 76 83 87 90 94 98 100 95 88 86 84 69 68 66 64 61 58 55 54 53 50 49 47 35 34 33 28 25 24 22 9 8 
1 7 8 9 10 11 16 19 21 23 37 38 39 40 42 46 51 52 54 55 56 58 62 64 69 73 79 81 82 84 87 88 95 99 98 93 91 90 89 85 77 74 71 70 68 63 60 59 57 48 41 35 34 32 22 20 13 2 5 6 14 15 18 25 28 31 33 43 44 45 47 53 61 65 67 75 76 78 83 92 94 100 97 96 86 80 72 66 50 49 36 30 29 27 26 24 17 12 4 3 
1 7 8 9 11 12 13 22 26 34 36 39 44 46 49 53 55 56 58 62 63 66 68 70 72 73 74 77 80 81 84 87 90 94 95 93 91 88 78 67 64 59 57 54 28 27 25 18 3 5 6 16 20 30 33 35 37 40 42 45 69 71 76 85 86 96 99 98 97 92 89 83 82 79 75 65 61 60 52 51 50 48 47 43 41 38 32 31 29 24 23 21 19 17 15 14 10 4 2 
5 9 13 14 21 25 27 28 35 36 37 39 44 45 48 50 56 57 60 61 63 69 71 73 74 78 79 80 81 85 89 90 100 97 87 77 72 67 64 58 55 54 33 22 20 15 2 3 6 8 11 12 18 23 24 26 31 34 38 40 41 42 43 51 53 62 66 76 83 86 91 95 96 98 99 94 93 92 88 84 82 75 70 68 65 59 52 49 47 46 32 30 29 19 17 16 10 7 4 1 
1 2 3 7 8 9 12 23 24 27 31 32 33 36 39 40 46 56 58 59 63 68 69 71 72 75 77 79 81 88 89 90 94 95 98 99 97 96 86 84 76 65 64 55 52 50 45 43 38 30 28 25 22 20 19 14 13 6 4 5 17 18 29 35 41 42 48 53 62 73 83 85 87 92 100 93 91 82 80 78 74 70 67 66 61 60 57 54 51 49 47 44 37 34 26 21 16 15 11 10 
1 2 7 10 15 24 25 26 27 28 30 31 37 42 43 44 45 46 51 52 55 62 64 67 69 70 73 74 79 81 82 83 89 93 95 98 99 86 76 71 68 41 39 38 22 16 14 12 11 6 13 19 21 29 32 35 36 48 49 57 58 59 60 66 75 80 85 91 94 100 97 96 92 90 88 87 84 78 77 72 65 63 61 56 54 53 50 47 40 34 33 23 20 18 17 9 8 5 4 3 
6 13 14 18 19 20 23 24 30 33 44 48 50 51 53 56 57 60 68 71 72 74 76 78 79 80 81 83 84 90 92 97 96 94 86 82 77 75 69 65 62 61 59 58 49 40 39 37 31 27 15 11 10 9 4 3 1 2 28 29 32 35 38 43 45 54 55 87 98 95 93 91 89 88 85 73 70 67 66 64 63 52 47 46 42 41 36 34 26 25 22 21 17 16 12 8 7 5 
1 5 7 9 10 16 23 24 25 27 29 33 38 39 40 42 44 45 46 47 48 49 50 51 59 61 62 63 65 67 70 73 74 75 77 78 81 84 87 88 91 92 95 96 98 99 100 2 3 4 6 8 11 12 13 14 15 17 18 19 20 21 22 26 28 30 31 32 34 35 36 37 41 43 52 53 54 55 56 57 58 60 64 66 68 69 71 72 76 79 80 82 83 85 86 89 90 93 94 97 
3 4 11 12 14 15 16 22 28 29 35 37 40 41 42 46 60 62 66 68 71 72 73 74 76 77 79 80 81 82 87 75 57 50 49 47 36 27 26 20 8 1 2 6 7 13 17 39 52 54 61 63 70 78 85 86 84 83 69 67 65 64 59 58 56 55 53 51 48 45 44 43 38 34 33 32 31 30 25 24 23 21 19 18 10 9 5 
3 7 8 11 16 18 19 28 29 31 32 38 39 42 46 49 54 55 57 59 61 62 64 65 67 69 72 74 75 82 84 91 93 96 100 98 97 94 86 81 79 78 71 70 68 63 58 52 51 48 45 43 41 33 25 24 9 1 2 5 6 10 12 13 14 15 17 21 27 30 34 35 36 37 40 44 53 60 76 89 90 95 99 92 88 87 85 83 80 77 73 66 56 50 47 26 23 22 20 4 
6 9 14 15 17 18 20 27 32 38 42 43 46 47 49 50 64 65 63 61 59 56 41 35 33 12 11 8 5 2 1 7 10 19 21 22 23 24 25 26 34 39 45 52 55 58 60 62 57 54 53 51 48 44 40 37 36 31 30 29 28 16 13 4 3 
9 10 12 14 17 21 24 25 26 27 29 30 32 34 35 36 39 43 47 48 60 63 64 65 66 67 69 75 76 83 84 85 86 93 95 100 96 78 77 71 68 62 59 58 56 46 42 31 18 6 2 5 15 16 19 20 23 37 38 44 45 49 50 51 52 55 70 81 89 90 91 94 97 98 99 92 88 87 82 80 79 74 73 72 61 57 54 53 41 40 33 28 22 13 11 8 7 4 3 1 
2 9 10 12 17 19 23 25 28 32 33 37 38 41 43 44 50 62 64 67 77 81 86 89 93 97 98 94 92 57 51 47 45 31 27 22 8 4 5 13 14 16 18 26 30 39 42 53 54 56 58 59 61 63 65 66 74 79 80 83 84 85 88 90 95 99 96 91 87 82 78 76 75 73 72 71 70 69 68 60 55 52 49 48 46 40 36 35 34 29 24 21 20 15 11 7 6 3 1 
7 8 9 17 20 23 27 30 32 36 38 42 52 54 55 60 62 63 64 65 68 69 71 76 78 82 85 89 92 93 95 96 97 100 90 88 66 57 51 47 46 45 41 39 33 31 21 6 1 2 3 4 10 12 13 15 18 22 24 25 35 43 49 50 56 58 59 67 72 75 77 81 84 94 99 98 91 87 86 83 80 79 74 73 70 61 53 48 44 40 37 34 29 28 26 19 16 14 11 5 
1 2 10 12 15 17 22 26 31 33 34 42 44 45 47 55 59 62 63 66 67 68 70 74 75 78 80 83 85 86 91 93 94 96 97 98 99 100 92 79 76 69 41 35 27 23 20 4 6 8 11 13 14 16 18 21 25 28 29 30 36 49 51 52 53 54 56 57 60 61 73 77 82 84 87 95 90 89 88 81 72 71 65 64 58 50 48 46 43 40 39 38 37 32 24 19 9 7 5 3 
2 4 16 22 25 31 34 40 42 55 57 58 59 60 65 67 68 74 76 80 82 85 88 89 92 93 100 96 94 90 81 69 62 54 53 46 20 17 12 6 8 10 13 18 21 23 27 28 32 35 36 37 38 43 44 45 48 49 50 52 56 63 66 71 78 79 83 86 87 97 98 99 95 91 84 77 75 73 72 70 64 61 51 47 41 39 33 30 29 26 24 19 15 14 11 9 7 5 3 1 
1 3 7 9 10 11 14 15 16 17 18 20 22 25 30 33 37 38 44 45 49 55 57 68 69 71 73 74 75 76 81 86 92 94 95 97 100 98 78 66 59 53 31 6 2 5 8 12 19 21 23 24 28 29 32 34 36 40 41 43 46 47 48 50 51 52 54 56 58 60 61 63 65 67 72 77 79 80 82 84 85 87 88 90 91 93 96 99 89 83 70 64 62 42 39 35 27 26 13 4 
2 4 6 8 11 13 14 1 3 5 7 9 10 12 15 16 17 18 19 20 21 
1 2 3 4 5 6 7 8 9 10 11 12 13 14 15 22 24 19 18 17 16 20 21 23 25 
1 2 3 4 5 6 7 8 9 10 12 13 15 16 17 18 19 20 21 22 23 24 25 26 27 29 30 31 33 97 98 100 91 89 87 85 84 73 71 70 67 59 58 57 56 54 50 49 47 46 45 41 40 39 38 11 14 28 92 93 94 95 96 99 90 88 86 83 82 81 80 79 78 77 76 75 74 72 69 68 66 65 64 63 62 61 60 55 53 52 51 48 44 43 42 37 36 35 34 32 
1 2 6 7 18 22 25 21 20 13 10 4 9 12 16 24 26 23 19 17 15 14 11 8 5 3 
9 14 20 26 27 34 39 48 50 52 56 58 60 62 65 70 72 77 82 85 89 93 96 94 90 88 86 84 81 78 76 69 46 45 40 36 21 18 17 13 11 4 1 2 3 6 7 8 10 15 16 19 22 24 28 31 41 42 47 49 51 54 55 63 67 71 75 83 92 95 97 91 87 80 79 74 73 68 66 64 61 59 57 53 44 43 38 37 35 33 32 30 29 25 23 12 5 
4 5 6 8 11 14 15 16 17 18 21 22 23 24 26 29 30 33 34 35 36 46 47 48 54 56 57 58 59 60 64 65 66 67 69 71 72 43 31 19 13 1 2 3 9 10 12 20 27 28 32 38 39 40 41 42 44 45 49 50 51 52 53 55 61 62 63 68 70 37 25 7 
1 2 4 21 22 25 26 27 28 29 32 35 36 41 44 46 48 56 69 73 74 75 77 80 83 88 89 90 85 84 82 76 72 71 67 66 62 57 54 52 43 40 39 31 30 20 19 16 9 3 5 11 12 14 17 23 33 34 37 42 45 47 50 53 55 59 60 61 64 65 70 79 81 87 86 78 68 63 58 51 49 38 24 18 15 13 10 8 7 6 
1 2 7 8 18 21 23 24 26 27 30 31 39 40 43 45 53 56 58 60 61 65 67 68 70 72 73 75 78 80 83 88 89 93 96 99 100 92 81 77 74 59 57 55 52 41 33 32 17 12 10 9 6 4 5 11 13 15 16 19 22 36 47 48 49 62 63 64 71 82 84 86 87 91 94 95 98 97 90 85 79 76 69 66 54 51 50 46 44 42 38 37 35 34 29 28 25 20 14 3 
4 5 9 10 11 12 14 17 22 25 26 27 30 32 33 35 36 44 49 52 62 63 65 67 69 71 72 73 80 83 86 89 90 100 97 91 79 76 70 66 60 56 54 51 47 46 40 39 38 37 34 29 23 20 19 7 3 1 6 8 18 21 24 31 41 42 48 50 53 58 59 61 68 74 77 78 92 99 98 96 95 94 93 88 87 85 84 82 81 75 64 57 55 45 43 28 16 15 13 2 
4 15 18 22 23 25 26 27 33 38 39 53 55 59 61 62 67 68 70 73 76 79 80 81 84 85 91 98 100 83 66 58 50 46 45 35 20 19 14 13 11 5 3 2 6 8 17 21 24 28 30 32 34 36 37 41 42 43 51 56 57 60 71 72 74 75 77 86 90 95 97 99 96 94 93 92 89 88 87 82 78 69 65 64 63 54 52 49 48 47 44 40 31 29 16 12 10 9 7 1 
1 6 9 10 11 14 16 17 19 31 35 40 41 42 43 48 49 51 54 55 64 66 67 76 80 83 84 86 91 92 98 100 99 96 90 89 82 81 79 77 75 72 70 59 45 39 38 37 33 24 21 20 15 8 3 18 23 26 27 29 32 36 56 69 85 88 95 97 94 93 87 78 74 73 71 68 65 63 62 61 60 58 57 53 52 50 47 46 44 34 30 28 25 22 13 12 7 5 4 2 
1 6 7 13 15 18 24 27 39 50 37 34 3 4 8 9 11 12 14 16 17 19 20 21 22 23 25 26 28 29 30 31 32 33 35 36 38 40 41 43 44 45 46 47 48 49 42 10 5 2 
1 2 5 11 16 19 21 23 24 26 30 31 32 34 40 42 43 44 48 50 51 57 59 62 63 66 75 79 82 90 91 95 100 88 87 85 81 78 74 53 41 38 36 29 20 12 8 7 4 3 6 9 14 15 17 22 25 37 39 46 49 52 54 60 64 67 84 92 93 99 98 97 96 94 89 86 83 80 77 76 73 72 71 70 69 68 65 61 58 56 55 47 45 35 33 28 27 18 13 10 
6 9 10 17 19 20 23 26 31 32 35 43 54 58 62 64 65 71 80 89 91 92 93 99 98 88 87 85 83 81 74 69 67 66 59 52 49 38 27 18 11 1 2 3 4 8 14 21 28 29 33 36 39 40 41 44 45 46 47 51 56 57 61 63 68 72 73 78 84 86 90 94 100 97 96 95 82 79 77 76 75 70 60 55 53 50 48 42 37 34 30 25 24 22 16 15 13 12 7 5 
3 7 14 15 16 19 21 25 30 31 32 33 34 35 36 39 45 47 52 56 57 60 64 65 66 74 77 78 79 87 91 97 98 94 82 80 75 73 70 69 53 48 42 41 29 26 24 20 10 9 8 2 1 5 13 18 22 37 40 50 55 58 83 85 86 88 90 95 96 100 99 93 92 89 84 81 76 72 71 68 67 63 62 61 59 54 51 49 46 44 43 38 28 27 23 17 12 11 6 4 
4 8 14 15 20 21 28 32 36 37 41 53 54 57 59 60 61 62 63 64 65 67 68 69 70 72 73 74 75 76 79 80 84 86 87 88 89 90 92 94 97 100 78 47 43 38 34 31 30 26 22 10 1 2 5 6 11 13 16 19 23 24 27 29 33 40 44 49 50 51 52 55 56 66 71 77 81 85 91 93 95 99 98 96 83 82 58 48 46 45 42 39 35 25 18 17 12 9 7 3 
1 7 8 14 15 21 25 26 30 31 32 33 45 46 48 54 55 56 59 67 69 75 77 82 83 84 85 89 91 98 79 73 66 57 40 20 18 10 6 4 2 3 9 19 22 23 36 37 41 47 50 51 52 60 61 68 71 72 74 86 94 96 97 99 100 95 93 92 90 88 87 81 80 78 76 70 65 64 63 62 58 53 49 44 43 42 39 38 35 34 29 28 27 24 17 16 13 12 11 5 
3 5 6 7 9 13 18 19 21 24 26 27 32 34 37 41 46 50 52 54 62 67 68 73 75 78 83 87 88 92 93 94 96 97 98 100 95 86 82 81 80 64 60 56 55 53 40 39 38 33 25 23 20 16 10 2 1 4 8 11 22 28 31 43 44 45 51 57 61 63 71 77 79 85 89 99 91 90 84 76 74 72 70 69 66 65 59 58 49 48 47 42 36 35 30 29 17 15 14 12 
7 13 15 16 18 21 22 24 28 29 30 31 32 33 46 48 51 54 55 56 63 67 69 70 72 74 76 79 81 82 83 85 86 92 95 97 99 94 93 90 75 64 62 57 53 49 47 35 25 23 19 17 8 3 2 1 5 12 14 34 36 38 41 42 45 65 77 98 96 91 89 88 87 84 80 78 73 71 68 66 61 60 59 58 52 50 44 43 40 39 37 27 26 20 11 10 9 6 4 
7 2 3 4 5 6 1 
4 5 6 8 12 15 19 25 28 30 33 34 38 42 44 48 59 62 63 65 70 72 73 75 78 82 83 92 97 98 94 85 79 69 68 66 61 47 41 40 39 32 23 21 18 10 3 1 9 13 17 20 22 26 27 29 35 37 43 49 50 51 58 60 64 74 77 80 87 90 96 100 99 95 93 91 89 88 86 84 81 76 71 67 57 56 55 54 53 52 46 45 36 31 24 16 14 11 7 2 
2 8 9 10 12 13 15 19 22 24 28 30 33 35 37 39 41 42 43 53 57 58 62 67 68 69 71 72 76 79 80 85 89 91 92 93 100 97 95 86 78 75 70 48 45 32 31 18 11 7 6 1 3 4 5 14 16 17 20 23 26 29 40 44 52 54 55 59 60 63 64 66 74 77 81 82 83 84 88 94 98 99 96 90 87 73 65 61 56 51 50 49 47 46 38 36 34 27 25 21 
1 2 8 9 11 13 17 18 20 25 26 27 30 32 34 38 42 43 44 49 56 59 61 63 71 72 78 80 81 82 84 88 89 90 92 94 96 98 100 95 93 87 73 45 41 31 3 4 5 6 7 10 12 15 16 19 21 22 24 28 29 33 35 36 37 39 46 47 48 52 53 55 57 58 60 62 64 66 67 69 70 74 76 77 79 83 85 86 91 97 99 75 68 65 54 51 50 40 23 14 
8 9 10 11 12 13 16 22 23 24 25 26 33 34 35 36 37 39 40 17 14 4 1 6 15 18 19 20 21 27 28 29 30 31 32 38 7 5 3 2 
3 9 17 18 21 23 25 27 28 29 31 32 33 35 36 37 38 39 41 43 45 46 47 48 49 50 51 52 53 54 10 6 4 1 5 7 11 12 13 15 16 19 20 24 26 30 34 40 42 44 22 14 8 2 
4 5 9 13 16 18 21 24 27 28 29 33 41 43 45 49 50 56 57 65 67 70 71 74 85 86 87 93 94 96 97 98 90 82 81 79 54 51 47 39 37 35 31 17 15 14 10 6 2 1 8 11 19 23 36 38 40 48 53 55 58 59 60 61 69 72 75 77 80 84 95 100 99 92 91 89 88 83 78 76 73 68 66 64 63 62 52 46 44 42 34 32 30 26 25 22 20 12 7 3 
7 13 14 16 17 22 23 26 33 37 40 46 47 49 51 58 61 62 64 65 66 68 76 78 81 85 86 89 90 96 92 88 82 74 67 57 56 50 48 41 31 28 18 12 10 5 1 2 6 9 15 19 21 29 32 45 52 53 54 55 63 71 72 73 75 80 84 91 93 98 100 99 97 95 94 87 83 79 77 70 69 60 59 44 43 42 39 38 36 35 34 30 27 25 24 20 11 8 4 3 
2 10 12 17 23 25 27 29 31 32 41 42 43 44 47 49 51 52 66 68 70 71 79 83 87 88 91 94 96 97 98 93 85 84 75 67 59 57 56 53 50 48 45 39 33 30 19 5 1 3 8 14 15 16 18 24 26 28 36 37 38 63 64 65 72 73 74 76 80 81 82 86 90 95 100 99 92 89 78 77 69 62 61 60 58 55 54 46 40 35 34 22 21 20 13 11 9 7 6 4 
7 8 9 12 18 24 28 31 42 44 45 48 50 54 57 58 61 62 68 70 71 76 81 86 90 93 95 96 97 99 100 88 83 82 80 77 75 74 73 72 69 65 64 56 47 38 33 27 19 13 3 5 6 10 16 20 23 25 29 30 35 39 41 43 51 52 53 59 63 66 67 78 79 85 87 89 94 98 92 91 84 60 55 49 46 40 37 36 34 32 26 22 21 17 15 14 11 4 2 1 
8 14 18 24 27 29 32 34 38 47 48 49 52 53 62 64 66 67 71 74 75 78 82 84 87 89 92 93 97 98 99 36 35 33 26 25 21 11 5 3 2 4 7 9 12 17 19 22 28 37 39 42 44 51 54 57 58 59 61 63 65 68 69 70 72 73 76 77 79 80 81 83 85 86 88 90 91 94 95 96 100 60 56 55 50 46 45 43 41 40 31 30 23 20 16 15 13 10 6 1 
1 12 17 22 30 33 34 37 40 41 43 47 49 36 29 21 15 8 3 4 5 6 7 9 10 13 14 16 24 27 28 32 35 39 42 46 50 48 45 44 38 31 26 25 23 20 19 18 11 2 
4 5 6 8 9 11 13 14 15 26 33 34 39 41 45 48 49 51 54 56 58 60 61 67 74 77 80 81 84 94 99 95 90 76 75 71 70 68 66 65 64 59 53 50 46 42 38 35 30 25 21 20 19 18 7 2 3 23 24 27 28 36 40 44 55 57 62 63 69 78 79 87 89 91 92 93 96 97 100 98 88 86 85 83 82 73 72 52 47 43 37 32 31 29 22 17 16 12 10 1 
2 3 4 8 9 12 16 17 19 23 30 34 35 43 45 48 49 54 56 59 64 67 70 72 78 80 82 84 85 91 93 97 99 95 89 88 87 86 76 74 50 47 44 41 40 39 36 33 31 28 25 5 1 7 15 24 29 32 38 42 51 52 62 63 65 66 75 77 83 90 92 94 96 100 98 81 79 73 71 69 68 61 60 58 57 55 53 46 37 27 26 22 21 20 18 14 13 11 10 6 
1 2 8 17 21 24 29 33 38 43 46 61 62 73 89 94 99 100 92 87 83 80 78 77 75 72 68 66 64 58 47 37 31 30 26 20 19 18 16 3 5 6 7 9 10 13 23 27 28 36 39 40 44 53 54 55 56 57 59 69 74 84 85 88 90 91 93 95 96 98 97 86 82 81 79 76 71 70 67 65 63 60 52 51 50 49 48 45 42 41 35 34 32 25 22 15 14 12 11 4 
6 8 9 13 14 16 17 18 25 26 33 38 39 41 47 49 50 48 37 29 28 27 22 21 20 10 5 3 2 4 11 12 15 23 30 34 35 44 46 45 43 42 40 36 32 31 24 19 7 1 
1 2 3 5 6 7 8 9 10 11 12 13 14 17 19 22 25 34 36 38 43 50 57 56 55 51 46 44 42 41 40 39 32 29 27 26 24 20 16 15 4 18 21 23 28 33 45 54 58 59 60 61 62 63 64 53 52 49 48 47 37 35 31 30 
1 5 4 3 2 
2 12 14 16 17 21 23 30 40 41 42 43 49 56 57 58 62 67 68 69 76 77 78 87 91 92 95 96 97 99 100 98 94 93 86 85 74 73 64 63 53 51 48 34 33 27 10 8 7 1 3 13 18 20 24 28 29 31 37 38 39 46 50 54 55 59 71 72 75 79 83 84 90 89 88 82 81 80 70 66 65 61 60 52 47 45 44 36 35 32 26 25 22 19 15 11 9 6 5 4 
4 7 9 14 16 17 20 21 24 29 30 35 37 41 43 46 54 57 59 61 62 63 65 66 67 69 73 74 80 82 84 98 100 97 89 79 77 76 72 71 52 44 42 40 38 36 31 26 15 12 6 5 8 10 11 25 39 47 48 51 58 70 75 81 86 87 90 99 96 95 94 93 92 91 88 85 83 78 68 64 60 56 55 53 50 49 45 34 33 32 28 27 23 22 19 18 13 3 2 1 
5 7 15 16 17 21 22 23 25 30 36 38 45 47 51 71 72 74 75 78 79 84 86 87 92 99 98 97 96 90 89 76 70 59 58 46 43 42 41 35 34 32 19 18 12 2 1 3 4 8 9 11 14 20 24 26 27 33 39 53 54 57 61 63 64 65 66 73 80 82 100 95 94 93 91 88 85 83 81 77 69 68 67 62 60 56 55 52 50 49 48 44 40 37 31 29 28 13 10 6 
1 2 3 5 6 7 8 12 13 17 18 19 23 27 28 30 37 39 46 47 49 56 58 62 64 66 67 71 73 82 84 88 89 91 93 98 97 96 92 87 86 76 74 72 63 59 51 50 41 40 38 33 31 25 22 16 14 10 21 29 45 55 57 60 68 69 75 80 100 99 95 94 90 85 83 81 79 78 77 70 65 61 54 53 52 48 44 43 42 36 35 34 32 26 24 20 15 11 9 4 
14 19 21 22 23 26 32 35 36 37 42 45 47 49 51 57 60 62 66 69 74 82 89 92 97 99 96 94 88 81 78 76 75 67 65 61 58 55 50 48 29 20 16 15 13 9 8 7 4 5 10 18 28 30 31 33 34 38 39 40 43 52 54 56 59 68 70 73 77 85 100 98 95 93 91 90 87 86 84 83 80 79 72 71 64 63 53 46 44 41 27 25 24 17 12 11 6 3 2 1 
1 2 4 3 5 
1 2 3 4 5 6 7 8 9 10 11 23 22 21 20 19 17 16 14 13 12 15 18 
2 3 7 10 16 18 19 22 25 27 28 31 34 39 41 45 53 54 55 60 61 72 75 78 82 84 87 92 96 86 85 83 81 68 59 49 48 46 43 40 38 36 35 30 15 13 5 1 6 8 9 11 17 20 24 29 33 37 44 50 51 57 67 69 70 71 73 74 88 89 91 93 98 100 99 97 95 94 90 80 79 77 76 66 65 64 63 62 58 56 52 47 42 32 26 23 21 14 12 4 
1 6 2 4 5 7 3 
4 10 11 14 16 17 20 21 48 50 53 54 55 58 59 60 61 62 63 65 66 68 69 70 73 74 75 76 80 81 82 86 88 89 91 92 93 97 99 46 41 40 39 36 30 29 28 27 3 5 6 7 8 9 12 13 15 18 19 22 23 24 25 26 49 51 52 56 57 64 67 71 72 77 78 79 83 84 85 87 90 94 95 96 98 100 47 45 44 43 42 38 37 35 34 33 32 31 2 1 
1 2 3 5 6 10 11 32 33 36 37 39 40 41 48 49 52 55 59 60 65 66 69 75 76 79 84 87 88 91 92 94 95 99 98 85 83 77 73 72 70 58 56 53 50 47 46 22 16 12 9 8 4 20 27 30 31 34 43 44 45 61 64 67 74 80 81 86 100 97 96 93 90 89 82 78 71 68 63 62 57 54 51 42 38 35 29 28 26 25 24 23 21 19 18 17 15 14 13 7 
8 10 11 23 24 27 28 36 40 42 44 45 47 49 51 52 70 72 75 77 78 82 83 86 88 92 99 98 96 90 89 87 79 71 66 65 60 58 56 54 50 48 46 38 35 33 19 17 14 6 5 4 1 2 3 12 13 16 18 21 25 30 37 39 41 43 59 61 62 68 69 73 80 81 84 91 97 100 95 94 93 85 76 74 67 64 63 57 55 53 34 32 31 29 26 22 20 15 9 7 
2 4 5 6 7 16 17 22 26 33 37 41 47 50 55 57 58 59 72 73 74 84 87 91 92 94 95 97 98 99 96 86 85 81 80 79 76 67 64 63 53 46 42 35 32 28 20 19 14 3 10 11 15 21 24 25 29 31 34 40 43 44 45 48 49 54 61 66 68 69 70 71 77 82 93 100 90 89 88 83 78 75 65 62 60 56 52 51 39 38 36 30 27 23 18 13 12 9 8 1 
1 3 5 11 12 14 15 17 20 21 24 25 28 29 34 37 43 44 55 60 64 65 67 73 76 78 83 91 94 97 99 100 98 92 90 87 81 69 61 57 56 53 51 49 48 45 42 36 35 18 16 7 6 10 23 30 31 39 40 50 52 54 59 62 66 72 77 79 80 84 89 96 95 93 88 86 85 82 75 74 71 70 68 63 58 47 46 41 38 33 32 27 26 22 19 13 9 8 4 2 
1 8 10 14 18 19 23 24 26 28 31 39 41 44 46 52 55 56 57 61 63 66 69 74 77 78 83 85 93 96 80 65 54 47 40 38 32 27 16 15 4 3 5 6 13 20 21 25 30 34 37 48 49 59 68 71 79 81 87 90 94 95 100 99 98 97 92 91 89 88 86 84 82 76 75 73 72 70 67 64 62 60 58 53 51 50 45 43 42 36 35 33 29 22 17 12 11 9 7 2 
2 3 5 6 8 12 13 19 22 24 26 27 28 32 33 44 46 48 52 53 55 58 59 61 63 65 67 68 75 76 78 79 81 71 66 62 60 57 40 39 37 31 30 20 16 15 11 1 9 10 17 18 21 23 25 29 34 35 36 41 42 43 47 50 51 54 64 69 70 72 73 77 80 74 56 49 45 38 14 7 4 
2 3 4 8 13 26 28 31 37 38 39 40 42 43 46 48 49 50 51 57 59 60 61 62 63 66 68 71 73 74 75 77 78 81 88 90 91 92 93 94 99 97 76 67 64 41 12 5 6 7 9 10 11 14 16 17 18 19 20 21 22 23 24 25 29 30 32 34 36 44 52 53 55 56 58 65 69 70 72 79 84 85 86 87 95 98 100 96 89 83 82 80 54 47 45 35 33 27 15 1 
1 10 7 2 3 5 6 8 9 4 
4 6 8 9 10 11 13 24 30 32 33 38 44 45 46 47 48 50 53 57 59 61 69 70 73 80 82 84 91 95 97 98 99 100 94 89 88 67 64 55 54 51 42 41 40 35 29 27 20 19 18 5 14 16 23 26 28 31 39 58 60 65 68 75 77 78 79 86 87 92 96 93 90 85 83 81 76 74 72 71 66 63 62 56 52 49 43 37 36 34 25 22 21 17 15 12 7 3 2 1 
6 10 20 21 22 25 26 27 35 38 39 40 50 54 56 66 68 77 78 89 90 98 99 97 95 94 92 88 87 82 79 76 69 63 57 51 43 37 33 24 13 2 4 9 11 14 15 18 19 30 36 41 42 44 46 47 48 55 60 61 62 64 65 67 74 80 86 93 96 100 91 85 84 83 81 75 73 72 71 70 59 58 53 52 49 45 34 32 31 29 28 23 17 16 12 8 7 5 3 1 
2 8 16 19 3 4 5 6 7 9 10 11 13 18 20 17 15 14 12 1 
1 5 6 7 9 12 14 16 18 19 20 21 22 25 26 29 32 35 38 40 41 42 44 46 48 49 50 52 55 56 57 62 65 66 69 70 73 74 75 77 78 79 80 82 83 84 85 4 2 3 8 10 11 13 15 17 23 24 27 28 30 31 33 34 36 37 39 43 45 47 51 53 58 59 60 61 63 64 67 68 71 72 76 81 54 
7 10 15 18 19 22 23 25 28 31 34 35 39 40 47 50 53 54 58 59 66 67 69 73 78 83 85 86 87 89 91 93 95 97 98 99 82 77 63 55 38 37 32 17 5 1 2 3 8 9 11 16 20 21 26 27 44 46 48 52 56 57 60 61 64 68 71 72 76 79 81 90 92 94 100 96 88 84 80 75 74 70 65 62 51 49 45 43 42 41 36 33 30 29 24 14 13 12 6 4 
6 10 12 14 15 19 23 25 29 34 35 36 37 38 39 40 41 43 44 45 33 1 3 4 5 7 8 9 11 13 17 18 20 21 22 24 26 28 30 31 32 42 46 48 47 27 16 2 
3 4 7 8 9 1 5 6 2 
4 13 16 23 24 25 31 32 35 36 42 43 44 45 47 49 54 57 61 62 64 65 66 67 68 72 77 83 88 89 91 93 94 96 97 98 78 71 63 60 55 52 46 40 37 34 26 10 2 3 6 7 8 11 12 14 15 18 19 20 21 27 30 33 39 41 48 50 53 56 70 73 74 75 76 79 81 84 86 87 90 92 95 100 99 85 82 80 69 59 58 51 38 29 28 22 17 9 5 1 
1 2 5 6 7 8 13 14 15 17 26 27 31 32 34 37 38 40 43 46 54 61 62 65 67 70 72 73 75 77 78 85 86 87 92 93 97 99 90 82 79 76 64 60 50 49 47 45 44 42 30 29 18 16 10 4 9 12 20 24 28 33 35 41 56 59 63 74 84 88 89 91 95 98 100 96 94 83 81 80 71 69 68 66 58 57 55 53 52 51 48 39 36 25 23 22 21 19 11 3 
1 2 3 4 6 8 13 17 23 25 26 27 28 29 33 35 39 40 41 43 45 46 47 49 51 56 57 58 60 63 64 73 75 80 91 92 93 94 95 98 90 89 78 76 74 66 62 61 55 54 53 48 42 36 32 30 24 21 20 19 12 7 5 9 11 14 15 18 38 52 65 68 69 70 71 72 79 82 83 85 88 99 97 96 87 86 84 81 77 67 59 50 44 37 34 31 22 16 10 
4 7 8 10 11 14 17 21 23 28 29 30 31 44 45 55 56 57 66 68 72 79 80 83 86 87 90 93 99 100 98 94 82 78 76 75 74 67 64 62 61 52 51 50 48 43 41 38 36 35 34 32 27 25 20 19 2 3 5 6 13 15 16 24 26 33 40 46 54 59 70 77 81 85 88 89 97 96 95 92 91 84 73 71 69 65 63 60 58 53 49 47 42 39 37 22 18 12 9 1 
8 11 13 14 16 18 25 1 5 7 10 12 15 20 23 24 22 21 19 17 9 6 4 3 2 
3 4 6 8 10 18 22 31 33 34 41 43 44 45 46 51 52 53 54 55 56 63 65 66 74 76 83 86 92 93 95 98 100 99 97 89 80 79 62 60 58 49 42 38 37 36 28 21 16 15 13 7 9 12 20 25 29 32 35 40 48 59 68 70 71 84 85 87 88 91 96 94 90 82 81 78 77 75 73 72 69 67 64 61 57 50 47 39 30 27 26 24 23 19 17 14 11 5 2 1 
1 2 9 10 12 18 19 23 24 26 29 30 33 34 36 37 38 42 43 46 48 49 52 53 55 60 61 62 64 66 67 68 70 71 72 73 75 41 28 27 20 17 8 3 4 5 6 7 13 14 16 22 25 31 35 39 40 44 45 50 51 54 56 57 58 59 63 65 69 76 74 47 32 21 15 11 
2 3 9 10 13 15 17 20 22 24 28 29 30 32 34 35 37 39 40 46 48 50 57 59 65 76 77 78 79 80 84 89 96 95 90 85 82 73 70 54 53 49 47 42 41 33 23 19 18 14 12 8 6 1 5 7 16 25 26 27 31 36 38 43 44 51 52 55 56 58 60 61 63 64 66 67 68 69 71 72 75 86 87 88 92 94 97 99 100 98 93 91 83 81 74 62 45 21 11 4 
1 6 10 13 14 16 19 20 31 32 38 40 43 45 47 49 53 54 57 58 62 68 70 71 76 77 80 82 84 86 91 92 95 97 100 99 96 93 90 73 69 66 55 52 51 37 35 29 27 26 18 15 7 5 3 2 4 9 12 17 22 25 28 30 33 36 39 41 44 48 64 67 72 74 75 79 83 87 89 94 98 88 85 81 78 65 63 61 60 59 56 50 46 42 34 24 23 21 11 8 
1 5 2 3 4 
2 3 5 8 9 14 15 17 18 23 24 26 29 36 41 42 44 45 48 65 66 74 77 80 83 84 87 90 92 93 98 99 100 94 91 88 85 70 67 61 55 46 40 34 19 10 4 6 11 12 20 21 27 30 32 33 35 38 39 47 50 51 53 54 56 57 59 60 62 63 68 69 71 72 75 78 81 86 89 95 96 97 82 79 76 73 64 58 52 49 43 37 31 28 25 22 16 13 7 1 
1 3 4 5 7 9 11 15 16 17 19 20 22 23 24 26 29 34 36 37 40 2 6 8 10 12 13 14 18 21 25 27 28 30 31 32 33 35 38 39 
2 5 14 17 18 19 20 21 24 27 30 31 32 33 35 37 41 42 52 53 58 63 73 78 79 84 87 90 94 95 97 100 98 85 77 76 68 67 61 60 51 49 45 43 38 34 26 25 23 9 8 3 6 7 10 13 15 29 36 40 44 50 57 59 64 66 69 80 82 86 91 92 99 96 93 89 88 83 81 75 74 72 71 70 65 62 56 55 54 48 47 46 39 28 22 16 12 11 4 1 
1 2 4 5 6 7 8 9 10 12 18 19 20 21 22 23 24 25 27 28 29 33 34 35 37 38 40 41 42 43 44 45 46 47 51 52 53 54 55 56 62 65 68 69 70 71 72 75 76 77 78 79 80 82 90 92 57 3 11 13 14 15 16 17 26 30 31 32 36 39 48 49 50 58 59 60 61 63 64 66 67 73 74 81 83 84 85 86 87 88 89 91 93 94 95 96 97 98 99 100 
2 6 10 18 20 26 32 38 50 53 54 58 60 57 52 49 43 39 29 21 19 16 14 1 3 5 7 12 15 23 24 25 28 31 35 40 46 47 51 59 56 55 48 45 44 42 41 37 36 34 33 30 27 22 17 13 11 9 8 4 
3 5 7 9 10 14 16 17 18 21 24 26 30 31 35 37 39 40 41 44 49 51 54 55 56 57 58 60 66 71 72 79 82 84 87 88 91 93 94 96 89 76 67 64 52 48 47 46 42 38 8 6 2 1 4 11 13 15 19 23 29 33 34 45 50 53 63 68 70 73 77 78 81 83 85 86 90 92 97 95 80 75 74 69 65 62 61 59 43 36 32 28 27 25 22 20 12 
4 7 10 16 17 21 23 24 25 26 28 33 44 46 52 55 56 63 67 68 69 74 76 78 82 85 87 94 96 99 98 97 93 91 88 86 84 80 64 54 51 47 45 42 37 30 27 12 6 8 15 18 19 22 29 31 34 35 38 39 40 43 49 53 57 62 73 79 81 92 95 100 90 89 83 77 75 72 71 70 66 65 61 60 59 58 50 48 41 36 32 20 14 13 11 9 5 3 2 1 
1 2 4 7 9 12 15 18 19 21 22 25 27 29 33 35 37 38 41 43 45 46 49 50 51 52 53 54 57 59 62 65 67 69 71 72 73 74 75 78 79 83 86 87 88 91 93 96 97 24 8 3 5 6 10 11 13 14 16 17 20 32 34 39 42 44 55 56 58 60 61 77 84 85 89 90 92 94 95 98 99 100 82 81 80 76 70 68 66 64 63 48 47 40 36 31 30 28 26 23 
5 8 12 14 15 16 17 18 19 20 21 23 24 26 27 28 29 30 31 33 37 39 42 46 48 49 50 52 53 55 60 66 68 71 73 74 75 76 77 78 80 84 86 87 88 92 93 96 97 98 99 89 1 2 3 4 6 7 9 10 11 13 22 25 32 34 35 36 38 40 41 43 44 45 47 51 54 56 57 58 59 61 62 63 64 65 67 69 70 72 79 81 82 83 85 90 91 94 95 100 
2 9 14 19 28 30 33 37 38 43 44 47 48 51 53 60 66 69 70 72 73 74 76 78 79 81 86 87 90 95 96 98 100 80 68 57 56 50 45 24 20 16 11 10 1 3 5 7 8 12 13 18 22 25 34 39 41 49 52 63 67 75 83 84 85 89 91 92 93 97 99 94 88 82 77 71 65 64 62 61 59 58 55 54 46 42 40 36 35 32 31 29 27 26 23 21 17 15 6 4 
1 2 4 5 8 10 11 13 14 17 22 23 29 32 34 35 40 41 43 44 46 47 49 50 53 56 58 61 62 64 65 67 70 71 73 74 77 83 85 88 89 92 95 97 96 81 57 24 7 16 19 20 25 26 28 31 37 38 52 55 59 68 76 79 80 82 86 91 94 98 100 99 93 90 87 84 78 75 72 69 66 63 60 54 51 48 45 42 39 36 33 30 27 21 18 15 12 9 6 3 
3 5 7 8 12 22 25 30 37 38 42 45 50 53 58 59 63 67 68 74 77 78 79 82 83 90 95 91 89 87 75 71 60 47 34 33 26 20 17 14 9 1 2 4 6 10 13 21 23 24 31 32 40 46 52 56 61 62 69 70 85 96 99 100 98 97 94 93 92 88 86 84 81 80 76 73 72 66 65 64 57 55 54 51 49 48 44 43 41 39 36 35 29 28 27 19 18 16 15 11 
5 7 9 12 15 20 21 26 27 30 31 37 40 41 44 46 47 49 52 59 60 63 65 66 68 70 71 74 79 81 82 87 91 98 99 85 84 75 72 64 61 48 43 42 33 29 22 10 3 2 1 4 6 13 17 23 28 32 38 45 51 53 56 73 76 78 83 92 95 96 97 100 94 93 90 89 88 86 80 77 69 67 62 58 57 55 54 50 39 36 35 34 25 24 19 18 16 14 11 8 
3 14 15 20 25 33 34 38 40 55 56 59 60 63 66 70 71 73 74 75 80 92 96 97 99 98 90 87 77 72 68 67 57 54 42 32 29 26 11 8 7 6 2 5 9 10 13 16 19 28 30 35 36 39 43 45 46 48 52 53 62 64 65 69 78 83 89 93 94 100 95 91 88 86 85 84 82 81 79 76 61 58 51 50 49 47 44 41 37 31 27 24 23 22 21 18 17 12 4 1 
1 2 3 4 5 6 7 8 9 10 11 13 15 16 17 18 20 21 23 24 26 27 28 29 31 32 33 34 36 100 98 97 96 95 92 87 86 84 81 79 74 73 72 69 67 66 65 61 58 57 55 54 53 52 50 46 45 44 43 42 41 40 39 38 12 14 19 22 25 99 94 93 91 90 89 88 85 83 82 80 78 77 76 75 71 70 68 64 63 62 60 59 56 51 49 48 47 37 35 30 
25 26 27 28 29 30 34 37 38 39 43 44 45 50 51 58 65 66 67 68 70 71 76 78 79 82 83 86 88 90 91 92 93 95 97 98 99 10 9 7 6 15 16 17 18 19 20 21 22 23 24 31 32 33 35 36 40 41 42 46 47 48 49 52 53 54 55 56 57 59 60 61 62 63 64 69 72 73 74 75 77 80 81 84 85 87 89 94 96 100 14 13 12 11 8 5 4 3 2 1 
1 2 6 10 8 9 7 5 4 3 
4 6 10 15 17 19 22 23 24 32 36 39 42 48 49 52 56 57 62 63 73 74 75 76 77 84 85 89 93 95 100 98 96 82 71 61 60 55 54 50 45 33 25 18 12 9 1 5 7 13 20 29 31 34 37 43 44 46 47 53 58 69 70 80 81 87 88 90 91 92 94 99 97 86 83 79 78 72 68 67 66 65 64 59 51 41 40 38 35 30 28 27 26 21 16 14 11 8 3 2 
6 8 12 14 17 20 21 27 29 30 31 35 36 38 42 43 45 47 48 52 53 54 57 58 62 63 64 72 75 76 81 84 87 90 93 94 92 91 83 70 69 60 55 33 28 24 22 18 16 11 9 1 2 3 15 19 23 26 32 34 44 49 50 51 56 61 65 66 68 71 74 77 79 80 85 88 99 100 98 97 96 95 89 86 82 78 73 67 59 46 41 40 39 37 25 13 10 7 5 4 
13 14 16 18 19 22 24 26 30 42 46 47 49 52 54 56 57 59 60 61 64 67 70 71 74 75 77 82 84 88 91 95 92 81 73 66 63 62 45 44 41 40 39 34 31 29 12 1 2 3 4 6 20 25 27 32 35 50 65 76 85 86 89 90 93 94 99 100 98 97 96 87 83 80 79 78 72 69 68 58 55 53 51 48 43 38 37 36 33 28 23 21 17 15 11 10 9 8 7 5 
4 6 13 14 15 20 21 23 29 32 33 36 39 42 47 51 54 59 60 65 72 79 80 78 77 74 68 58 56 50 46 45 22 18 11 8 7 1 3 9 10 16 17 24 25 26 27 30 34 43 53 55 61 62 63 64 67 73 75 76 71 70 69 66 57 52 49 48 44 41 40 38 37 35 31 28 19 12 5 2 
3 19 20 22 23 1 2 4 5 6 7 8 9 10 11 12 13 14 15 16 17 21 18 
4 5 2 6 3 1 
2 4 14 15 16 17 18 19 20 23 24 27 28 29 30 31 36 40 43 47 50 51 53 56 58 59 62 63 67 68 69 72 73 74 76 81 83 96 98 92 87 80 65 57 55 54 49 41 39 37 32 12 5 1 3 10 13 21 22 26 34 35 38 42 46 60 61 66 71 75 77 78 79 82 84 86 88 90 91 93 97 100 99 95 94 89 85 70 64 52 48 45 44 33 25 11 9 8 7 6 
7 9 16 18 21 23 29 31 32 35 36 42 47 54 57 58 61 66 70 74 78 80 81 85 87 88 90 91 92 96 98 99 97 93 79 71 64 63 59 55 52 51 50 48 37 28 15 11 6 4 3 2 10 13 19 22 27 30 33 40 43 45 46 53 56 60 68 69 77 82 83 86 89 94 100 95 84 76 75 73 72 67 65 62 49 44 41 39 38 34 26 25 24 20 17 14 12 8 5 1 
1 4 6 7 8 9 12 14 16 22 24 27 29 40 41 45 46 47 49 54 57 59 65 66 68 69 70 73 75 78 79 83 86 90 91 93 97 98 92 89 84 77 76 74 72 71 64 61 58 44 42 39 38 36 31 26 25 20 18 15 11 2 5 10 13 21 32 51 52 55 67 81 85 100 99 96 95 94 88 87 82 80 63 62 60 56 53 50 48 43 37 35 34 33 30 28 23 19 17 3 
10 18 20 21 26 27 30 34 35 39 42 43 44 45 52 54 60 65 66 68 70 71 72 76 83 84 89 91 92 94 98 87 85 82 81 79 58 57 46 41 38 37 36 28 25 19 12 8 6 5 1 3 4 7 9 15 22 23 31 49 51 53 55 59 63 67 69 73 74 75 77 86 88 93 99 100 97 96 95 90 80 78 64 62 61 56 50 48 47 40 33 32 29 24 17 16 14 13 11 2 
1 2 3 4 
1 3 8 12 14 15 17 20 24 34 36 42 45 46 48 49 53 55 65 66 67 68 70 71 72 73 74 77 80 81 91 94 95 87 83 82 78 76 75 69 64 63 62 59 57 54 51 44 39 30 23 22 18 16 7 6 2 4 11 13 19 27 28 31 33 35 37 38 40 43 47 56 58 60 85 92 93 98 100 99 97 96 90 89 88 86 84 79 61 52 50 41 32 29 26 25 21 10 9 5 
1 4 9 10 11 14 16 17 23 25 27 34 38 42 44 46 56 60 63 68 71 72 73 76 80 81 82 89 90 92 97 98 100 86 66 65 55 53 45 43 36 28 22 21 15 7 5 3 6 8 13 20 24 29 32 37 39 40 41 49 54 58 69 70 74 75 77 78 83 84 87 91 93 94 96 99 95 88 85 79 67 64 62 61 59 57 52 51 50 48 47 35 33 31 30 26 19 18 12 2 
5 12 16 20 24 26 27 33 34 36 38 40 48 50 59 60 61 62 63 75 78 83 85 87 88 89 94 97 100 92 90 84 76 72 71 65 57 56 49 45 30 13 7 3 1 4 6 8 9 10 15 17 18 19 28 29 35 41 42 44 47 55 64 66 81 86 91 98 99 96 95 93 82 80 79 77 74 73 70 69 68 67 58 54 53 52 51 46 43 39 37 32 31 25 23 22 21 14 11 2 
1 5 9 10 2 4 6 7 8 3 
1 4 7 12 13 16 17 19 20 21 24 25 28 32 33 36 46 49 52 58 60 61 62 63 65 71 74 75 77 78 80 82 86 88 99 100 95 83 81 79 76 69 68 50 48 47 45 41 39 37 35 30 29 26 14 10 8 3 5 9 18 22 23 38 40 42 44 51 53 57 59 66 67 72 84 89 91 93 97 98 96 94 92 90 87 85 73 70 64 56 55 54 43 34 31 27 15 11 6 2 
2 5 7 11 15 16 19 25 28 30 31 33 36 41 43 48 54 59 63 64 65 69 72 73 76 77 78 80 85 90 93 94 97 83 68 67 60 45 39 38 35 32 23 21 20 12 3 4 6 8 9 10 26 42 52 55 57 58 61 74 82 84 86 88 89 91 96 98 100 99 95 92 87 81 79 75 71 70 66 62 56 53 51 50 49 47 46 44 40 37 34 29 27 24 22 18 17 14 13 1 
1 2 3 4 5 13 14 15 18 19 21 22 23 27 29 30 31 32 35 36 37 40 45 46 59 66 72 73 75 78 80 82 83 87 88 89 90 91 94 95 97 98 99 100 84 79 55 48 38 33 10 8 7 6 16 17 20 24 25 26 28 34 41 42 47 58 60 61 62 63 64 65 67 69 70 71 74 77 81 85 92 93 96 86 76 68 57 56 54 53 52 51 50 49 44 43 39 12 11 9 
2 4 11 13 14 16 18 23 25 26 35 37 38 39 43 45 47 50 57 61 64 69 70 71 72 74 83 86 87 88 90 91 92 93 99 100 96 95 94 85 79 78 77 76 66 65 56 49 46 44 41 40 36 31 28 24 22 21 15 9 6 5 3 1 10 20 32 34 48 51 52 53 58 62 63 73 75 81 82 89 98 97 84 80 68 67 60 59 55 54 42 33 30 29 27 19 17 12 8 7 
7 13 16 19 28 29 33 34 38 39 42 43 47 49 51 53 54 55 58 60 61 62 66 67 69 71 72 73 74 79 85 86 87 88 93 95 96 97 99 98 92 84 82 81 77 59 56 50 48 45 41 26 15 12 10 2 1 4 6 11 17 21 22 23 25 27 32 35 36 46 76 78 100 94 91 90 89 83 80 75 70 68 65 64 63 57 52 44 40 37 31 30 24 20 18 14 9 8 5 3 
1 4 5 6 7 11 15 19 22 23 28 34 36 37 44 47 46 42 39 32 30 25 13 2 8 9 10 12 17 18 21 24 26 27 31 33 35 40 41 50 49 48 45 43 38 29 20 16 14 3 
2 1 
1 2 3 4 6 7 11 12 13 14 15 17 18 19 22 23 34 35 38 40 41 43 44 45 46 48 53 54 60 63 64 65 66 67 68 69 70 71 72 82 89 90 91 92 93 96 97 98 50 5 8 9 10 16 20 21 24 25 26 27 28 29 30 31 32 33 36 37 39 42 47 51 55 56 57 58 59 61 62 73 74 75 76 77 78 79 80 81 83 84 85 86 87 88 94 95 99 100 52 49 
1 3 8 14 19 28 33 37 42 48 49 51 56 57 60 61 70 72 73 80 82 87 88 89 91 92 93 94 96 99 97 95 85 84 83 44 38 35 12 7 5 2 6 9 10 11 15 16 18 20 21 22 23 24 25 30 32 43 47 50 53 54 55 58 62 64 65 66 67 69 71 75 76 77 86 98 100 90 81 79 78 74 68 63 59 52 46 45 41 40 39 36 34 31 29 27 26 17 13 4 
5 8 13 14 17 21 30 34 36 41 43 44 48 50 51 52 53 58 66 78 80 85 90 92 96 97 86 83 82 79 63 62 60 57 56 45 40 33 28 26 23 12 9 7 1 2 4 11 18 19 24 25 27 29 31 35 37 38 46 47 49 61 64 65 68 69 70 71 72 74 76 81 87 89 91 94 95 100 99 98 93 88 84 77 75 73 67 59 55 54 42 39 32 22 20 16 15 10 6 3 
4 9 11 14 15 19 24 25 27 28 31 33 36 39 42 44 48 49 53 54 57 59 65 67 68 75 77 81 82 83 86 91 96 98 94 80 79 70 69 66 63 60 58 41 37 30 22 2 1 6 7 10 21 23 40 43 50 55 56 62 71 74 76 85 90 92 100 99 97 95 93 89 88 87 84 78 73 72 64 61 52 51 47 46 45 38 35 34 32 29 26 20 18 17 16 13 12 8 5 3 
2 3 6 7 10 15 17 22 25 26 30 34 35 36 42 51 53 59 61 65 76 78 87 90 93 96 97 98 100 91 88 85 81 74 71 70 69 58 56 52 49 47 43 20 19 18 16 14 5 1 9 12 13 21 33 37 38 40 45 46 48 63 67 68 75 77 79 80 82 89 94 99 95 92 86 84 83 73 72 66 64 62 60 57 55 54 50 44 41 39 32 31 29 28 27 24 23 11 8 4 
1 3 8 10 11 20 21 22 23 27 36 41 44 45 47 50 53 55 56 61 63 64 66 68 70 72 74 75 76 77 83 91 92 98 99 94 89 88 85 82 79 78 62 59 42 34 28 24 18 17 2 4 6 9 15 32 40 43 49 58 69 71 90 100 97 96 95 93 87 86 84 81 80 73 67 65 60 57 54 52 51 48 46 39 38 37 35 33 31 30 29 26 25 19 16 14 13 12 7 5 
1 3 4 5 7 16 20 25 27 28 35 37 39 40 44 47 50 52 54 55 57 59 60 61 63 70 72 74 76 77 79 80 84 88 96 93 92 91 90 89 78 75 71 67 58 49 46 45 42 38 36 21 18 17 12 11 10 9 2 6 14 23 26 30 32 41 48 51 56 66 85 87 94 95 100 99 98 97 86 83 82 81 73 69 68 65 64 62 53 43 34 33 31 29 24 22 19 15 13 8 
1 2 3 4 5 6 7 8 
5 11 13 17 19 23 26 28 29 30 32 34 39 40 41 45 46 47 48 49 50 51 53 56 59 64 70 71 72 74 75 76 77 79 84 85 89 92 96 97 98 99 100 94 91 83 82 78 73 66 65 61 60 58 43 38 35 27 25 15 10 6 4 1 2 8 9 12 16 22 31 36 42 44 52 55 57 68 69 86 87 90 95 93 88 81 80 67 63 62 54 37 33 24 21 20 18 14 7 3 
2 8 10 12 14 20 27 31 33 39 41 52 62 64 65 67 68 71 75 76 77 81 83 88 89 92 95 96 97 93 91 82 78 70 69 66 61 60 53 48 47 46 45 44 36 29 26 21 13 5 4 6 7 11 15 16 22 25 32 35 37 38 43 49 50 55 59 63 72 80 84 90 98 100 99 94 87 86 85 79 74 73 58 57 56 54 51 42 40 34 30 28 24 23 19 18 17 9 3 1 
1 2 4 5 9 11 12 16 18 19 21 25 31 32 33 36 38 39 41 43 44 46 50 51 53 55 56 60 66 67 68 69 71 75 78 79 87 93 94 95 97 98 100 3 6 7 8 10 13 14 15 17 20 22 23 24 26 27 28 29 30 34 35 37 40 42 45 47 48 49 52 54 57 58 59 61 62 63 64 65 70 72 73 74 76 77 80 81 82 83 84 85 86 88 89 90 91 92 96 99 
1 4 7 8 10 11 17 27 28 30 31 32 33 37 39 49 61 62 63 71 77 78 80 84 86 89 93 95 96 48 42 34 18 9 2 3 12 13 14 15 16 19 20 21 22 23 25 29 35 36 40 44 45 46 47 52 55 57 59 60 65 66 67 68 69 70 72 73 74 75 76 79 81 82 83 85 87 88 90 91 92 94 64 58 56 54 53 51 50 43 41 38 26 24 6 5 
1 6 10 11 14 9 2 4 8 12 13 15 7 5 3 
1 2 15 16 18 22 30 33 35 39 46 48 50 52 53 55 56 57 59 61 63 64 65 66 69 72 73 75 77 80 83 88 95 96 97 92 89 86 85 79 76 71 68 67 62 54 42 41 38 34 32 27 24 11 9 7 3 4 6 10 13 14 17 20 21 25 28 36 43 44 45 47 51 60 78 81 90 91 94 100 99 98 93 87 84 82 74 70 58 49 40 37 31 29 26 23 19 12 8 5 
3 5 6 8 12 16 24 31 34 40 43 50 58 60 62 64 66 68 69 74 75 77 78 80 85 88 91 93 95 99 100 97 89 82 73 67 55 53 41 38 37 36 33 29 21 17 1 7 10 11 14 15 18 19 20 26 27 35 44 45 47 48 57 59 63 81 83 84 90 92 98 96 94 87 86 79 76 72 71 70 65 61 56 54 52 51 49 46 42 39 32 30 28 25 23 22 13 9 4 2 
6 7 9 12 13 15 17 19 20 24 26 27 29 30 31 32 33 35 39 41 43 44 47 50 51 52 54 55 56 57 61 62 64 66 67 69 72 75 76 81 82 83 84 85 86 88 90 93 95 98 100 1 2 3 4 5 8 10 11 14 16 18 21 22 23 25 28 34 36 37 38 40 42 45 46 48 49 53 58 59 60 63 65 68 70 71 73 74 77 78 79 80 87 89 91 92 94 96 97 99 
28 29 30 32 33 35 38 40 43 47 48 50 52 53 54 56 57 59 62 64 66 67 68 75 79 80 82 84 85 86 87 88 89 91 92 95 96 98 99 100 26 31 34 36 37 39 41 42 44 45 46 49 51 55 58 60 61 63 65 69 70 71 72 73 74 76 77 78 81 83 90 93 94 97 27 25 24 23 22 21 20 19 18 17 16 15 14 13 12 11 10 9 8 7 6 5 4 3 2 1 
1 6 11 20 22 23 25 29 31 33 36 43 46 51 56 70 76 77 82 86 88 89 100 95 91 75 74 71 66 65 63 62 41 38 27 21 18 17 14 7 5 8 9 10 13 15 16 19 24 28 40 45 47 50 52 53 54 55 57 59 61 67 72 79 83 87 92 93 94 97 98 99 96 90 85 84 81 80 78 73 69 68 64 60 58 49 48 44 42 39 37 35 34 32 30 26 12 4 3 2 
4 5 7 10 11 12 15 17 19 21 23 25 26 29 31 33 34 36 38 40 42 43 44 45 48 49 51 53 55 57 58 61 64 65 68 71 73 74 76 78 81 83 84 86 88 89 90 92 95 98 99 100 1 2 3 6 8 9 13 14 16 18 20 22 24 27 28 30 32 35 37 39 41 46 47 50 52 54 56 59 60 62 63 66 67 69 70 72 75 77 79 80 82 85 87 91 93 94 97 96 
2 6 7 8 10 16 17 18 29 39 49 60 63 65 68 71 72 73 80 88 92 95 96 98 91 82 81 70 59 51 50 38 36 33 31 30 22 21 19 3 4 20 24 26 27 40 41 42 44 45 48 52 54 55 56 57 58 61 75 78 79 86 89 90 93 94 97 100 99 87 85 84 83 77 76 74 69 67 66 64 62 53 47 46 43 37 35 34 32 28 25 23 15 14 13 12 11 9 5 1 
6 4 5 3 2 1 
4 5 8 9 10 12 14 20 21 22 29 31 33 37 38 44 46 48 49 51 62 67 73 77 78 79 81 83 85 86 96 97 98 95 94 92 91 89 84 76 70 55 54 47 45 43 42 40 27 18 15 6 7 11 16 17 24 26 28 30 36 41 57 58 59 61 64 66 69 72 74 75 88 93 100 99 90 87 82 80 71 68 65 63 60 56 53 52 50 39 35 34 32 25 23 19 13 3 2 1 
2 12 16 18 21 28 29 31 35 37 38 40 42 44 53 56 64 65 69 73 74 77 80 82 83 84 85 86 87 88 89 98 99 78 68 48 34 24 15 10 8 1 3 4 6 9 20 22 23 25 26 32 36 45 46 49 50 51 59 60 62 67 75 76 79 81 93 96 100 97 95 94 92 91 90 72 71 70 66 63 61 58 57 55 54 52 47 43 41 39 33 30 27 19 17 14 13 11 7 5 
4 6 15 16 17 18 26 27 32 34 36 38 43 47 51 53 54 60 63 66 72 73 77 78 83 86 88 94 93 90 89 80 79 59 52 39 37 31 30 25 23 22 20 10 8 2 9 12 13 24 29 33 35 41 42 45 46 48 50 62 64 68 69 70 71 75 81 82 96 99 98 97 95 92 91 87 85 84 76 74 67 65 61 58 57 56 55 49 44 40 28 21 19 14 11 7 5 3 1 
11 15 16 17 18 19 21 25 26 29 30 32 34 36 37 39 41 43 45 46 47 50 52 54 56 58 60 63 69 74 76 80 86 87 94 98 100 96 95 93 85 79 78 75 71 67 64 53 51 49 31 27 14 13 9 8 6 5 4 2 3 20 28 38 40 42 48 62 65 70 83 84 90 97 99 92 91 89 88 82 81 77 73 72 68 66 61 59 57 55 44 35 33 24 23 22 12 10 7 1 
1 3 4 7 16 18 21 33 38 40 52 60 63 65 67 69 73 76 77 78 79 80 81 82 83 84 86 87 91 92 93 49 44 43 41 2 5 14 15 28 32 36 37 39 42 50 53 54 55 56 57 59 61 62 64 66 68 70 71 72 74 75 85 88 89 90 94 95 96 97 98 99 100 58 51 48 47 46 45 35 34 31 30 29 27 26 25 24 23 22 20 19 17 13 12 11 10 9 8 6 
1 2 3 9 12 13 20 27 30 31 32 38 40 45 60 61 65 68 71 73 74 77 78 80 82 84 88 89 92 97 98 99 83 81 79 76 75 64 24 23 17 8 6 15 16 18 19 21 26 28 33 36 39 44 49 54 55 56 58 59 63 66 69 70 91 93 96 100 95 94 90 87 86 85 72 67 62 57 53 52 51 50 48 47 46 43 42 41 37 35 34 29 25 22 14 11 10 7 5 4 
1 2 4 5 8 9 10 11 12 13 15 16 19 20 38 39 63 82 84 85 88 92 94 95 96 98 99 93 87 83 81 77 76 71 70 57 53 52 49 45 43 36 35 33 29 27 24 23 14 3 6 7 17 25 26 28 32 34 40 65 66 86 97 100 91 90 89 80 79 78 75 74 73 72 69 68 67 64 62 61 60 59 58 56 55 54 51 50 48 47 46 44 42 41 37 31 30 22 21 18 
1 2 4 5 11 16 17 18 19 25 26 31 33 34 38 40 41 42 43 46 47 49 51 52 59 61 62 69 70 76 81 83 85 86 87 89 92 94 73 65 57 56 44 39 37 15 7 3 6 10 12 14 20 23 24 27 29 30 35 50 54 55 58 60 66 71 72 79 82 84 88 96 97 95 93 91 90 80 78 77 75 74 68 67 64 63 53 48 45 36 32 28 22 21 13 9 8 
2 8 12 13 14 21 26 34 36 41 42 48 50 51 54 55 56 57 59 61 65 70 77 86 97 99 95 93 90 89 88 82 81 80 78 72 60 49 38 37 30 17 16 7 4 10 15 22 23 24 29 35 40 43 46 47 52 53 58 62 67 68 73 74 75 76 79 84 96 100 98 94 92 91 87 85 83 71 69 66 64 63 45 44 39 33 32 31 28 27 25 20 19 18 11 9 6 5 3 1 
1 2 3 5 11 12 15 17 21 33 36 39 41 42 43 44 48 53 56 61 63 65 68 78 82 85 89 90 92 93 96 97 91 83 79 77 73 72 64 62 55 54 47 46 38 34 31 30 29 24 20 19 16 13 10 9 14 18 22 26 27 40 52 60 71 75 81 86 95 94 88 87 84 80 76 74 70 69 67 66 59 58 57 51 50 49 45 37 35 32 28 25 23 8 7 6 4 
2 5 8 10 12 13 14 15 16 18 19 21 22 24 25 27 30 34 37 38 42 53 59 60 61 62 75 77 79 90 98 97 92 88 86 85 84 81 76 70 67 63 58 57 55 54 50 45 44 40 36 33 32 29 28 6 3 1 4 7 9 23 26 35 39 46 52 64 73 74 78 83 94 95 100 99 96 93 91 89 87 82 80 72 71 69 68 66 65 56 51 49 48 47 43 41 31 20 17 11 
3 5 28 29 32 33 34 35 37 46 49 50 55 57 60 61 63 64 65 68 70 75 79 80 81 82 83 84 85 71 47 25 24 22 20 17 16 1 4 6 9 11 14 18 21 23 26 27 41 44 45 48 51 52 54 56 69 73 77 78 87 86 76 74 72 67 66 62 59 58 53 43 42 40 39 38 36 31 30 19 15 13 12 10 8 7 2 
4 12 14 20 26 27 28 31 32 33 40 41 42 44 48 51 52 57 58 59 63 65 68 69 70 74 75 76 78 79 80 81 82 83 84 86 87 88 89 90 45 23 17 13 5 1 2 6 8 9 10 15 16 18 21 22 24 30 34 36 37 38 39 43 46 47 49 50 53 54 55 56 60 61 62 64 66 67 71 72 73 77 85 35 29 25 19 11 7 3 
2 5 7 9 12 24 25 26 32 33 36 40 44 46 48 49 51 54 62 64 65 70 75 78 79 80 89 90 91 95 96 97 100 93 69 67 59 47 41 35 34 31 30 29 23 21 14 3 4 10 11 17 20 39 43 50 52 53 55 57 60 61 77 81 83 84 85 86 87 88 92 94 99 98 82 76 74 73 72 71 68 66 63 58 56 45 42 38 37 28 27 22 19 18 16 15 13 8 6 1 
1 3 4 6 8 9 11 12 13 15 17 18 20 21 22 23 27 28 30 33 34 39 40 41 42 43 44 45 46 48 54 56 59 60 63 64 67 68 69 70 71 74 75 77 78 79 80 81 83 85 88 89 91 92 93 96 97 98 99 100 57 2 5 7 10 14 16 19 24 25 26 29 31 32 35 36 37 38 47 49 50 51 52 53 55 58 61 62 65 66 72 73 76 82 84 86 87 90 94 95 
7 8 9 13 16 17 18 22 25 29 35 37 38 39 40 42 45 50 52 57 61 64 67 69 71 73 78 79 81 84 88 89 90 92 93 97 99 100 98 94 91 87 86 76 74 68 66 56 51 48 47 44 43 41 34 31 26 23 19 10 6 4 3 2 5 11 12 14 21 27 32 46 54 55 58 59 60 62 63 72 75 80 82 95 96 85 83 77 70 65 53 49 36 33 30 28 24 20 15 1 
6 8 11 17 20 21 23 24 25 26 31 32 33 35 37 38 40 45 46 49 50 51 53 54 55 56 64 66 69 78 83 88 89 92 85 84 80 76 75 71 63 62 59 41 34 29 28 18 16 13 9 4 1 3 10 36 39 43 48 58 61 65 67 68 73 74 79 91 95 96 98 99 100 97 94 93 90 87 86 82 81 77 72 70 60 57 52 47 44 42 30 27 22 19 15 14 12 7 5 2 
2 3 8 9 10 11 12 13 17 18 19 20 22 23 25 26 30 31 33 34 36 37 38 39 40 41 42 43 45 46 48 49 50 53 56 81 86 88 90 91 92 94 96 97 98 99 73 71 70 69 65 63 57 54 52 51 47 29 28 27 1 4 5 6 7 14 15 16 21 24 44 55 58 59 60 61 62 64 66 67 68 72 74 75 76 77 78 79 80 82 83 84 85 87 89 93 95 100 35 32 
10 16 23 36 43 46 49 52 59 61 63 68 72 80 82 83 85 86 89 90 93 94 95 96 98 99 76 67 62 55 37 21 9 2 1 4 5 6 12 13 14 18 20 22 24 25 26 27 28 30 31 33 34 39 40 42 45 47 48 51 54 56 57 65 69 71 74 75 77 79 81 84 87 88 91 92 97 100 78 73 70 66 64 60 58 53 50 44 41 38 35 32 29 19 17 15 11 8 7 3 
2 3 8 15 16 17 24 29 31 33 39 41 42 45 51 52 55 56 57 60 62 65 67 69 70 72 73 81 87 90 98 96 93 89 88 85 84 76 75 68 44 40 35 34 32 11 4 6 12 14 19 22 26 27 37 38 43 48 49 50 54 58 59 61 63 64 66 74 77 79 82 83 100 99 97 95 94 92 91 86 80 78 71 53 47 46 36 30 28 25 23 21 20 18 13 10 9 7 5 1 
1 2 4 6 8 11 12 18 20 23 24 27 28 32 36 38 42 43 44 47 48 56 57 63 64 65 68 69 71 78 82 86 88 95 98 87 85 84 80 77 75 72 66 59 52 40 35 31 30 29 26 13 5 7 15 19 21 25 37 58 60 62 70 73 74 76 89 90 96 97 99 100 94 93 92 91 83 81 79 67 61 55 54 53 51 50 49 46 45 41 39 34 33 22 17 16 14 10 9 3 
6 9 12 19 20 21 22 25 27 30 31 35 36 37 38 40 41 46 48 51 57 58 64 65 68 74 77 78 85 88 91 94 99 100 97 96 92 90 80 79 76 72 63 62 56 50 32 28 24 18 14 11 4 2 8 13 16 17 33 39 43 44 55 60 69 70 73 87 89 98 95 93 86 84 83 82 81 75 71 67 66 61 59 54 53 52 49 47 45 42 34 29 26 23 15 10 7 5 3 1 
6 9 12 15 19 25 26 28 30 31 32 36 38 41 42 43 44 45 47 50 52 55 58 62 63 65 66 74 79 80 81 82 84 86 87 91 92 95 97 99 100 1 2 3 4 5 7 8 10 11 13 14 16 17 18 20 21 22 23 24 27 29 33 34 35 37 39 40 46 48 49 51 53 54 56 57 59 60 61 64 67 68 69 70 71 72 73 75 76 77 78 83 85 88 89 90 93 94 96 98 
2 3 5 7 9 10 12 20 23 26 34 35 40 42 53 56 62 64 66 67 68 70 72 80 85 87 88 89 93 95 96 98 99 94 84 77 73 63 60 55 48 38 25 21 8 1 4 11 14 16 18 28 30 31 36 37 41 43 47 49 51 65 76 79 86 92 97 100 91 90 83 82 81 78 75 74 71 69 61 59 58 57 54 52 50 46 45 44 39 33 32 29 27 24 22 19 17 15 13 6 
11 13 16 17 20 22 27 28 30 32 41 45 46 47 49 51 53 55 61 65 66 67 70 73 74 79 84 87 90 92 93 95 96 100 97 89 88 85 77 60 54 52 48 43 42 39 38 36 26 18 15 3 1 2 5 6 7 19 35 37 44 58 59 63 64 69 72 75 78 80 81 99 98 94 91 86 83 82 76 71 68 62 57 56 50 40 34 33 31 29 25 24 23 21 14 12 10 9 8 4 
1 3 8 14 16 18 19 13 10 2 4 5 6 9 11 12 20 17 15 7 
5 7 9 15 16 18 19 20 22 28 31 38 40 46 47 60 61 70 74 78 79 81 89 92 100 97 95 91 82 77 76 73 67 62 54 49 44 37 33 32 24 4 3 6 8 10 11 12 14 23 26 27 30 35 39 42 43 48 57 58 63 71 72 83 84 86 88 90 94 99 98 96 93 87 85 80 75 69 68 66 65 64 59 56 55 53 52 51 50 45 41 36 34 29 25 21 17 13 2 1 
2 6 8 9 11 12 14 7 5 1 3 4 13 10 
2 5 7 9 13 15 17 19 20 27 21 8 6 1 3 4 10 12 14 16 18 26 25 24 23 22 11 
2 4 5 8 16 18 21 23 24 31 36 40 43 49 53 54 55 56 59 60 62 64 65 69 73 74 75 76 79 80 82 83 86 87 89 93 95 96 98 90 42 30 28 27 9 6 1 3 7 10 12 14 15 17 25 29 32 33 35 38 44 46 48 51 52 57 58 61 67 68 70 72 77 78 84 91 92 97 100 99 94 88 85 81 71 66 63 50 47 45 41 39 37 34 26 22 20 19 13 11 
3 4 6 10 12 14 16 18 22 23 31 32 33 34 39 40 42 47 48 49 50 51 52 54 56 59 61 63 65 69 70 71 72 73 74 78 82 83 85 90 98 100 96 95 93 92 88 86 81 75 66 62 53 46 43 41 38 37 36 35 25 20 19 17 7 1 2 8 9 11 15 24 26 60 67 77 80 84 89 91 99 97 94 87 79 76 68 64 58 57 55 45 44 30 29 28 27 21 13 5 
3 6 7 11 23 24 33 34 41 42 43 47 51 52 53 54 55 56 57 58 59 60 67 68 72 73 75 76 79 83 87 91 92 93 94 95 96 97 99 100 50 40 30 18 13 10 8 4 12 14 15 16 19 22 26 27 31 32 35 36 39 44 45 46 61 62 63 64 65 66 69 70 71 74 77 78 80 81 82 84 85 86 88 89 90 98 49 48 38 37 29 28 25 21 20 17 9 5 2 1 
1 6 7 13 15 19 22 27 31 32 33 37 38 42 46 49 51 55 56 60 64 65 68 69 70 79 85 90 95 96 98 99 100 91 84 80 78 76 75 74 73 72 71 67 66 63 54 52 39 36 28 25 17 14 12 5 3 2 4 10 18 20 23 24 26 30 34 43 44 47 48 57 58 81 86 87 88 89 92 93 97 94 83 82 77 62 61 59 53 50 45 41 40 35 29 21 16 11 9 8 
1 2 4 11 16 19 20 23 27 28 30 31 32 36 45 51 58 62 63 67 69 74 81 88 92 95 96 100 94 91 89 79 76 75 70 64 56 47 44 43 33 25 22 13 12 9 8 5 3 14 17 18 21 26 35 38 39 41 42 48 50 52 59 61 65 66 71 77 80 83 84 86 90 99 98 97 93 87 85 82 78 73 72 68 60 57 55 54 53 49 46 40 37 34 29 24 15 10 7 6 
14 21 23 27 28 29 31 32 33 40 44 49 52 57 58 63 74 77 79 81 83 84 85 90 97 98 100 99 95 91 89 78 72 71 70 69 67 65 60 53 51 47 38 37 24 16 15 9 7 2 3 4 5 6 10 11 12 19 20 25 26 35 36 41 45 46 56 59 64 66 68 76 86 88 94 96 93 92 87 82 80 75 73 62 61 55 54 50 48 43 42 39 34 30 22 18 17 13 8 1 
1 2 3 4 5 6 7 8 10 11 12 13 14 15 16 17 19 22 49 51 53 54 55 56 57 60 62 63 66 68 70 71 100 99 97 89 81 78 76 75 46 44 39 36 32 30 29 27 26 25 24 9 18 20 21 23 50 52 58 59 61 64 65 67 69 98 96 95 94 93 92 91 90 88 87 86 85 84 83 82 80 79 77 74 73 72 48 47 45 43 42 41 40 38 37 35 34 33 31 28 
1 5 7 9 10 16 17 19 20 21 23 24 25 26 30 31 32 34 38 42 46 50 53 54 70 71 72 73 80 81 82 83 91 93 94 95 97 86 85 79 64 63 62 59 57 55 48 37 4 6 12 15 18 22 27 28 33 35 36 39 41 44 45 49 51 52 56 58 60 61 66 67 68 74 75 76 78 84 88 89 90 96 98 99 100 92 87 77 69 65 47 43 40 29 14 13 11 8 3 2 
11 21 22 24 25 32 43 46 47 48 49 64 65 68 71 76 79 81 88 90 92 94 97 98 87 85 63 62 61 59 58 57 56 28 18 15 10 9 2 5 7 12 13 14 16 17 23 26 27 29 31 33 35 40 42 44 45 50 51 52 55 70 72 74 75 77 82 83 100 99 96 95 93 91 89 86 84 80 78 73 69 67 66 60 54 53 41 39 38 37 36 34 30 20 19 8 6 4 3 1 
3 7 8 11 16 21 23 28 35 39 40 42 43 44 49 51 52 59 61 64 67 72 78 79 86 87 96 100 98 94 90 88 82 74 71 66 65 62 57 47 33 25 24 20 18 17 15 14 6 5 9 10 13 22 31 37 38 41 45 48 55 63 68 69 73 75 77 80 83 84 95 99 97 93 92 91 89 85 81 76 70 60 58 56 54 53 50 46 36 34 32 30 29 27 26 19 12 4 2 1 
5 6 9 10 11 16 17 25 27 29 31 33 39 41 45 46 49 50 56 57 58 59 60 62 63 65 67 73 75 76 77 79 82 83 84 85 51 47 36 19 13 1 7 8 12 14 15 22 23 24 26 28 32 34 40 42 43 44 48 52 53 54 55 61 64 66 68 69 70 71 72 74 78 80 81 38 37 35 30 21 20 18 4 3 2 
1 6 8 15 20 23 25 29 30 35 44 45 47 48 50 52 54 56 58 66 69 70 71 73 76 82 83 89 93 94 100 98 97 92 90 88 86 84 81 74 68 63 57 43 41 34 33 32 28 27 24 22 13 4 2 5 10 11 12 14 17 18 19 36 37 38 51 53 55 60 62 65 72 78 80 85 87 99 96 95 91 79 77 75 67 64 61 59 49 46 42 40 39 31 26 21 16 9 7 3 
4 6 7 11 13 16 17 22 24 26 28 31 36 38 39 42 44 45 48 49 51 52 54 55 59 63 64 66 67 68 71 72 73 74 79 80 88 89 90 92 94 95 98 96 85 82 77 58 57 56 43 37 35 14 12 9 8 1 5 18 20 21 23 25 27 29 30 32 33 34 40 46 61 69 76 78 83 86 91 93 99 97 87 84 81 75 70 65 62 60 53 50 47 41 19 15 10 3 2 
1 2 3 4 6 5 
1 2 9 11 15 16 29 30 31 33 34 43 44 51 52 55 63 67 68 69 73 74 79 80 81 85 86 88 89 90 91 92 96 97 98 95 93 87 72 70 61 60 57 56 54 47 45 35 25 24 21 14 12 6 3 8 10 18 20 22 26 28 32 46 48 50 59 71 76 100 99 94 84 83 82 78 77 75 66 65 64 62 58 53 49 42 41 40 39 38 37 36 27 23 19 17 13 7 5 4 
3 4 5 6 7 10 13 14 15 17 19 20 22 24 25 27 29 31 34 36 37 38 39 40 33 30 28 26 8 2 1 9 11 12 18 21 23 32 35 16 
2 6 9 13 21 23 25 31 33 35 37 40 56 59 62 66 68 72 80 83 85 87 89 91 99 86 82 81 76 74 69 63 55 49 47 39 38 22 20 10 7 5 3 1 14 15 16 17 19 26 30 32 43 44 46 48 50 51 53 54 58 61 67 77 78 79 90 92 93 96 100 98 97 95 94 88 84 75 73 71 70 65 64 60 57 52 45 42 41 36 34 29 28 27 24 18 12 11 8 4 
2 7 10 13 15 18 21 23 29 30 31 34 38 39 44 45 46 57 58 75 76 79 81 83 85 90 93 94 95 100 89 88 77 73 71 63 60 59 54 50 49 47 42 41 36 26 25 19 16 14 12 4 1 6 11 17 20 22 24 27 32 33 35 37 48 51 52 53 55 56 61 62 64 69 80 82 86 91 92 98 99 97 96 87 84 78 74 72 70 68 67 66 65 43 40 28 9 8 5 3 
1 2 3 5 6 8 11 12 14 15 16 20 21 22 23 24 30 33 35 36 44 46 49 50 51 54 56 57 58 61 62 65 67 68 70 75 76 82 83 84 85 86 87 90 91 93 94 95 96 97 98 100 4 7 9 10 13 17 18 19 25 26 27 28 29 31 32 34 37 38 39 40 41 42 43 45 47 48 52 53 55 59 60 63 64 66 69 72 73 74 77 78 79 80 88 89 92 99 81 71 
1 8 13 18 20 23 25 26 30 32 33 43 46 48 51 56 57 58 69 73 75 76 77 79 81 84 87 88 89 90 95 99 91 86 80 70 53 34 24 12 11 4 2 3 5 6 10 15 16 17 19 22 27 28 29 31 36 37 38 40 42 44 45 47 50 52 54 55 60 61 63 68 71 74 78 82 92 93 96 97 98 100 94 85 83 72 67 66 65 64 62 59 49 41 39 35 21 14 9 7 
11 12 16 19 20 26 31 38 39 45 46 47 52 54 55 58 59 60 65 66 67 68 70 71 72 73 74 75 77 78 86 88 90 91 92 93 94 95 96 97 98 99 43 1 2 3 4 5 6 7 8 9 10 13 14 15 17 18 21 22 23 24 25 27 28 29 30 32 33 34 35 36 37 40 41 42 50 51 53 56 57 61 62 63 64 69 76 79 80 81 82 83 84 85 87 89 100 49 48 44 
1 5 6 8 9 10 12 13 18 24 29 31 37 38 42 43 44 45 48 49 50 51 57 62 67 68 69 72 77 79 80 83 84 87 88 89 91 92 95 96 97 100 99 98 94 81 58 56 53 52 39 36 33 28 23 21 20 11 7 3 2 15 19 22 27 32 35 40 46 55 59 60 63 64 71 74 76 85 93 90 86 82 78 75 73 70 66 65 61 54 47 41 34 30 26 25 17 16 14 4 
4 8 9 14 15 18 21 22 23 30 35 36 37 48 53 54 59 62 64 66 67 70 73 75 76 79 91 97 92 84 80 58 38 34 28 25 20 19 17 13 2 1 3 6 11 16 24 26 29 31 40 44 47 49 51 55 61 65 69 71 72 77 78 81 83 85 90 93 99 100 98 96 95 94 89 88 87 86 82 74 68 63 60 57 56 52 50 46 45 43 42 41 39 33 32 27 12 10 7 5 
2 7 14 21 27 43 47 59 60 61 63 67 75 77 85 88 90 78 74 73 56 42 33 30 20 15 3 1 4 9 11 18 19 22 23 26 28 29 35 36 37 40 41 44 46 48 51 52 53 58 68 69 71 80 82 84 89 87 86 83 81 79 76 72 70 66 65 64 62 57 55 54 50 49 45 39 38 34 32 31 25 24 17 16 13 12 10 8 6 5 
3 5 6 7 9 11 12 15 18 20 21 25 27 34 36 37 40 41 43 45 46 47 49 51 52 57 58 63 70 72 73 74 75 76 85 86 88 91 94 98 96 95 93 89 87 82 81 71 66 61 60 56 48 39 33 31 29 24 17 13 4 1 8 10 22 26 30 53 54 59 62 69 77 78 80 84 97 100 99 92 90 83 79 68 67 65 64 55 50 44 42 38 35 32 28 23 19 16 14 2 
3 14 19 21 25 26 27 32 33 36 38 39 40 42 43 45 46 47 49 50 54 57 58 59 65 66 71 72 73 75 78 80 81 83 85 87 91 93 96 98 99 95 94 92 88 82 77 76 70 64 63 61 60 41 29 22 17 10 7 5 2 1 4 6 9 13 16 30 31 34 37 53 56 67 68 84 86 90 100 97 89 79 74 69 62 55 52 51 48 44 35 28 24 23 20 18 15 12 11 8 
4 5 7 10 11 15 18 21 34 41 44 45 46 48 55 59 64 69 84 89 91 93 100 98 81 80 79 75 74 70 66 57 37 31 12 1 2 8 9 16 17 22 23 24 26 27 32 36 38 42 49 51 54 56 58 61 62 63 67 68 71 76 77 85 87 92 94 95 97 99 96 90 88 86 83 82 78 73 72 65 60 53 52 50 47 43 40 39 35 33 30 29 28 25 20 19 14 13 6 3 
Exception in thread "main" java.lang.NullPointerException
	at HassinRubinstein.main(HassinRubinstein.java:112)
