21 15 51 39 5 66 29 24 12 14 8 42 63 44 9 19 6 18 4 58 48 46 22 60 57 16 62 54 37 38 27 41 59 7 34 33 2 26 49 55 40 20 56 50 47 31 13 11 52 36 53 23 65 25 3 30 35 32 64 1 61 43 45 28 10 17 
4 74 90 68 61 6 59 66 65 37 34 72 14 51 1 77 62 38 44 2 48 91 7 42 60 12 58 64 76 86 67 13 50 25 21 69 84 75 85 73 71 28 39 17 63 16 49 35 3 88 82 18 33 8 47 89 41 19 46 83 81 79 87 26 20 43 45 70 23 22 32 27 40 80 5 36 24 29 96 56 100 78 98 99 9 52 11 95 10 30 92 93 97 54 94 57 31 15 55 53 
25 15 18 8 16 7 14 13 5 20 24 23 10 12 1 4 2 21 6 22 11 17 19 9 3 
76 53 59 19 37 9 46 54 21 90 60 91 51 77 35 56 1 66 71 62 93 96 49 17 12 99 89 6 23 82 39 73 20 26 48 2 33 30 50 22 80 61 25 58 44 38 64 87 11 8 3 40 7 18 88 14 10 63 32 45 75 34 94 16 70 68 29 84 72 13 65 78 79 4 28 36 74 67 85 69 92 31 97 41 98 24 55 57 47 43 95 83 42 86 81 100 52 27 15 5 
4 7 1 5 10 9 8 6 2 3 
8 9 43 65 35 89 50 86 5 97 15 76 90 56 10 21 27 60 7 91 25 64 20 23 82 47 63 52 99 16 22 28 34 13 71 44 41 87 55 19 33 83 26 38 85 88 39 96 70 81 42 49 61 37 14 4 51 48 1 78 73 40 93 95 11 80 57 31 36 92 3 53 30 77 68 54 46 100 24 67 94 32 69 45 6 12 75 98 74 59 18 72 84 29 17 2 58 62 79 66 
25 14 49 12 18 27 90 3 97 81 8 54 45 4 9 68 28 73 57 55 93 46 32 58 74 94 66 70 43 61 71 23 88 40 31 37 95 29 36 34 41 56 98 59 5 19 53 83 35 60 15 99 47 1 48 78 84 67 79 33 52 26 75 62 76 38 16 72 17 82 89 63 86 96 20 39 30 6 2 64 21 11 13 51 22 80 44 91 65 87 7 24 42 85 77 92 69 10 50 
36 53 40 60 47 96 12 3 17 41 78 92 100 49 82 94 68 34 24 2 7 71 6 79 77 1 85 30 90 13 54 91 35 72 67 83 32 52 15 8 42 27 62 58 65 20 55 14 44 95 57 43 23 28 70 73 97 86 98 63 11 64 88 10 5 4 25 21 26 61 75 48 22 99 31 19 51 9 76 37 80 18 93 29 50 84 89 74 56 66 45 59 39 16 33 69 81 46 38 87 
44 65 27 47 97 3 59 39 62 93 55 25 50 91 68 42 40 66 72 32 17 52 5 69 77 86 73 95 38 67 49 8 37 51 46 31 70 24 34 6 23 11 4 45 20 60 78 43 71 33 14 88 53 13 87 84 61 98 19 85 26 36 22 18 90 76 35 58 57 64 75 96 12 29 74 7 21 94 1 83 15 9 80 16 99 81 89 41 63 82 56 54 92 30 48 28 100 79 10 2 
39 4 40 100 53 97 58 63 89 38 74 34 22 35 18 43 41 95 23 24 60 67 57 1 19 64 48 96 59 11 71 87 16 25 61 37 33 77 47 68 91 17 73 76 10 55 69 94 8 79 75 92 62 29 90 27 99 78 21 83 28 88 54 32 26 12 66 56 93 36 70 44 13 98 15 49 72 3 2 45 42 14 81 9 30 86 65 5 85 6 82 51 20 46 7 80 84 52 31 50 
14 11 91 75 78 95 93 71 83 31 24 42 61 63 92 82 52 94 35 73 43 97 62 41 53 96 12 98 54 44 1 34 21 25 22 76 77 2 13 72 99 85 100 55 23 51 15 64 32 45 81 46 33 84 36 80 88 37 89 26 18 66 56 59 57 17 38 20 47 27 3 28 49 86 39 4 29 40 6 10 19 68 58 67 87 50 70 9 8 48 69 74 90 7 65 5 79 16 60 30 
24 3 2 5 10 23 6 12 16 19 9 13 15 22 20 17 4 21 7 1 8 11 18 14 
7 77 58 46 69 96 16 59 11 15 91 28 57 51 31 40 44 12 8 87 26 67 99 63 55 20 98 33 10 74 73 6 86 93 50 48 22 53 37 24 84 18 23 42 94 34 32 80 2 92 21 41 75 85 71 27 95 4 81 56 88 89 72 76 90 43 66 70 78 17 54 47 14 61 49 36 25 39 35 97 82 45 83 30 79 68 13 38 52 60 5 62 1 3 29 9 65 19 100 64 
19 57 13 49 70 53 92 28 59 93 14 40 8 24 3 33 66 83 5 10 4 23 78 84 88 41 96 20 64 51 87 21 31 58 73 79 29 63 67 44 89 7 100 25 30 82 16 1 18 54 77 90 48 37 6 43 39 76 22 99 50 81 34 65 9 60 62 38 61 94 98 15 35 45 95 46 68 86 36 55 26 97 71 17 85 56 91 11 47 32 75 12 74 52 2 72 69 27 42 80 
3 53 5 79 73 74 44 55 68 84 82 48 67 20 19 24 58 91 80 34 83 2 23 71 97 90 18 17 40 66 62 22 33 13 1 88 92 15 6 4 61 46 28 96 85 100 52 94 98 43 25 49 45 95 7 47 32 9 36 21 72 11 59 57 50 41 16 30 26 14 56 31 60 10 38 37 87 29 12 54 70 63 69 77 99 51 27 65 64 39 86 76 75 8 93 42 89 78 35 81 
76 13 85 4 93 64 53 39 69 75 94 89 56 68 5 33 48 24 96 74 100 50 30 26 60 62 84 37 92 45 23 72 31 40 51 29 97 3 6 22 18 58 11 21 2 32 14 54 59 34 17 77 9 19 95 86 82 15 71 8 43 55 61 41 88 10 42 44 28 27 35 90 20 98 1 16 7 65 52 46 79 12 99 87 80 49 70 63 38 73 36 83 67 57 66 78 25 47 91 81 
91 39 7 68 31 67 42 1 73 44 72 97 56 49 82 40 69 4 89 13 52 19 90 45 30 33 94 86 50 61 53 59 70 81 58 63 24 41 12 57 18 55 36 35 65 22 85 83 77 46 8 75 84 37 47 100 93 2 99 25 96 51 28 71 21 87 3 29 48 16 34 17 20 88 26 92 10 78 98 32 38 80 64 74 5 66 60 62 11 6 79 23 43 54 95 76 14 15 9 27 
19 1 10 13 2 3 20 11 22 5 21 23 17 4 12 26 8 14 15 18 6 24 9 16 27 7 25 
36 51 6 95 42 89 26 74 32 13 99 92 78 47 80 40 29 60 7 81 63 19 20 2 17 57 8 56 86 71 35 37 23 62 52 72 77 21 87 3 31 1 5 15 83 67 65 76 48 94 14 98 9 75 25 97 53 34 82 41 59 49 55 64 91 11 90 28 22 96 43 50 69 27 88 66 61 16 79 93 10 70 68 58 85 45 73 4 30 100 46 44 18 84 54 39 12 33 24 38 
20 16 2 18 21 13 4 29 10 11 8 25 22 6 3 17 1 23 14 19 5 24 31 28 32 26 12 15 30 7 9 33 27 
89 62 73 8 95 96 34 44 21 9 93 51 17 68 49 16 100 29 3 70 74 1 55 4 50 5 69 65 19 72 30 40 35 60 46 87 42 28 33 20 83 32 75 52 57 7 23 85 39 24 58 92 91 15 27 77 88 26 98 11 97 66 71 14 86 94 56 79 13 84 67 31 45 2 10 12 6 63 64 61 82 25 78 18 59 81 80 37 48 47 22 38 36 99 53 43 54 41 90 76 
13 6 12 7 9 5 18 4 11 17 16 1 2 8 14 3 19 15 10 20 
14 80 57 32 50 78 18 13 19 33 84 60 79 90 81 74 87 24 53 30 45 35 23 98 83 44 17 29 51 6 48 68 72 56 76 28 20 43 71 54 92 15 62 22 8 5 75 34 97 46 59 2 40 77 64 70 39 47 36 41 73 4 37 67 38 21 88 11 85 16 58 86 10 31 96 63 3 82 25 89 26 65 27 52 66 69 42 49 55 61 91 9 95 12 94 93 1 7 
21 16 2 12 6 8 18 11 14 3 10 19 7 17 13 15 9 4 1 20 5 
50 25 14 48 36 19 9 1 27 22 46 29 21 8 24 5 26 41 37 11 47 15 23 38 17 16 31 49 44 45 12 2 20 13 35 3 43 7 28 39 34 33 10 32 30 6 18 40 4 42 
38 44 32 24 79 5 71 7 29 39 53 18 66 90 25 61 60 15 21 94 27 1 46 100 3 55 43 47 96 86 12 37 67 9 59 92 49 78 22 13 19 89 62 74 11 10 2 76 8 98 63 57 17 81 88 28 82 23 4 75 34 99 95 56 6 20 85 65 83 30 52 31 73 84 91 16 36 72 69 93 26 80 54 50 58 35 14 70 33 87 45 41 97 68 51 40 77 48 42 64 
6 92 21 38 13 100 66 74 89 57 56 85 73 59 43 99 3 46 36 17 62 39 22 53 33 93 14 9 69 25 98 4 58 26 7 29 40 5 27 96 28 2 19 24 94 23 1 8 95 88 20 83 84 34 87 70 82 15 51 18 60 97 54 81 30 45 79 64 63 35 11 50 37 86 72 65 90 91 31 41 80 67 71 49 32 61 78 16 75 48 42 10 77 76 44 47 12 68 52 55 
88 70 75 55 2 54 78 69 64 84 60 92 10 89 6 18 19 43 46 22 45 100 34 96 31 41 17 35 7 91 44 3 13 67 72 37 93 39 57 20 28 53 73 51 25 11 29 71 27 33 87 16 61 26 32 74 95 9 59 42 86 24 94 36 48 52 5 81 65 1 76 38 99 79 47 49 77 21 82 90 12 50 40 63 56 58 85 4 68 23 8 83 66 80 97 30 62 15 98 14 
39 86 79 98 9 31 38 87 78 61 24 32 70 16 4 91 11 95 13 6 50 82 48 55 75 8 80 96 33 14 10 65 69 60 68 53 42 47 28 44 30 84 46 92 26 97 45 23 73 99 100 77 89 88 71 40 64 49 59 21 19 12 76 67 1 56 83 81 58 29 93 34 3 35 27 20 74 5 7 62 52 85 94 43 66 41 17 25 18 22 37 57 2 15 90 72 54 51 36 63 
4 46 31 88 12 54 56 29 7 33 87 74 32 92 66 95 6 3 51 8 93 85 76 98 40 22 20 68 10 71 86 9 83 41 70 35 36 63 84 44 45 65 53 25 43 52 55 59 34 18 79 100 75 89 27 81 24 39 11 48 23 73 99 28 77 50 21 38 60 16 19 67 61 42 57 96 26 17 94 62 2 49 90 97 91 37 1 69 64 14 47 30 82 15 78 5 58 80 13 72 
23 17 99 68 24 7 33 52 25 69 6 29 56 76 60 79 55 86 87 96 94 54 10 92 21 85 49 26 78 53 35 18 46 74 16 95 28 15 8 63 40 44 31 51 62 91 82 67 39 57 73 48 50 3 20 30 72 90 77 4 70 37 34 88 64 45 83 84 59 12 43 65 75 100 80 2 81 32 22 19 38 98 41 11 36 58 42 71 89 9 97 5 47 1 27 14 61 66 93 13 
