6 66 9 22 15 58 14 16 24 51 44 63 43 46 19 13 39 42 54 27 37 48 59 18 33 12 28 34 4 8 10 26 36 67 53 56 60 62 49 38 57 31 41 29 23 32 52 50 61 40 2 65 21 5 3 30 64 25 47 11 7 35 20 17 55 45 
19 63 65 73 50 97 60 38 84 68 59 44 37 41 77 2 85 67 24 12 94 35 14 76 4 79 66 49 27 78 58 45 36 33 22 48 20 99 86 39 18 28 91 40 75 93 43 6 47 87 8 53 34 11 23 56 101 26 62 30 13 88 81 80 69 21 57 29 92 71 89 95 52 9 25 98 16 42 55 3 51 83 74 7 72 17 31 100 46 82 5 61 32 64 15 10 96 90 54 70 
18 26 25 8 14 20 13 11 5 22 6 15 4 3 12 10 19 16 2 23 9 17 24 7 21 
77 19 89 56 62 76 58 39 87 23 60 99 82 90 51 46 37 66 91 49 75 40 17 2 59 96 35 9 25 44 73 38 22 15 20 61 63 53 70 64 43 12 48 71 94 13 50 78 21 67 6 31 93 18 100 54 4 33 65 34 10 7 26 81 47 85 92 84 101 83 3 79 11 72 80 32 30 8 28 88 69 98 16 45 14 95 97 29 36 27 86 55 41 68 42 24 5 57 74 52 
5 2 3 4 8 11 10 7 9 6 
55 63 89 52 10 65 25 28 86 26 9 81 8 50 85 90 16 76 5 35 27 21 38 19 71 7 43 87 23 37 88 49 91 44 82 47 64 22 15 13 33 39 41 93 30 46 61 42 97 34 20 14 56 99 6 96 48 12 4 54 75 53 70 40 69 66 60 2 62 17 83 92 101 59 57 51 73 31 100 36 67 98 45 3 80 72 11 77 24 95 29 94 58 78 74 68 32 84 18 79 
23 65 71 24 90 18 26 92 79 12 77 96 55 54 9 48 43 53 69 22 56 20 49 44 86 17 39 25 30 95 27 45 19 40 35 70 97 37 28 81 98 34 57 2 61 10 41 91 63 93 51 67 6 68 73 7 87 13 8 38 5 29 58 31 74 94 72 62 32 46 80 84 100 14 64 88 78 15 36 21 75 16 47 76 59 3 66 85 82 60 42 89 99 52 83 11 4 50 33 
28 77 23 6 14 29 15 69 30 39 83 86 63 99 54 79 52 32 17 21 3 64 70 81 42 68 43 67 47 59 56 57 33 8 101 92 25 80 55 72 95 84 27 22 2 82 31 34 36 13 10 73 66 49 48 38 37 12 60 5 18 35 71 26 87 50 74 7 78 90 45 89 65 51 91 100 88 93 58 19 24 20 46 11 94 96 97 40 53 62 98 41 4 16 9 44 76 61 75 85 
71 96 101 44 50 13 92 55 34 90 45 77 70 36 83 79 67 97 31 5 35 64 60 26 9 69 72 68 46 4 43 53 2 38 85 10 22 40 12 81 89 30 21 94 32 48 95 16 82 51 91 88 87 3 57 27 11 98 65 29 49 100 33 18 59 41 7 39 24 6 42 61 74 47 86 76 62 78 52 66 14 25 58 37 99 28 23 84 8 20 93 56 63 80 19 75 54 17 15 73 
100 47 67 63 34 11 68 57 43 4 74 16 61 58 96 48 89 41 23 95 59 10 35 69 75 97 2 19 42 18 76 20 38 55 49 77 24 87 40 53 84 80 6 22 64 79 54 17 8 28 39 73 82 91 78 25 71 37 21 27 31 90 60 93 13 12 14 92 51 15 7 3 99 29 32 65 9 33 5 46 88 56 94 62 86 26 85 30 72 36 66 83 52 70 98 81 44 45 101 50 
61 11 31 44 46 91 43 71 75 76 73 72 78 32 84 85 62 68 83 86 12 81 2 33 92 74 41 90 26 23 14 51 95 21 35 96 52 93 94 22 24 13 25 97 54 80 3 15 34 55 36 57 8 87 100 66 45 30 38 58 4 47 37 39 18 7 77 63 53 64 27 16 82 48 69 40 50 88 5 98 59 101 99 9 65 70 49 17 20 29 19 56 6 42 67 89 79 28 10 60 
12 7 23 22 16 24 6 9 14 8 13 20 15 10 2 3 18 17 4 21 25 19 11 5 
48 96 77 91 33 26 59 58 2 15 21 18 55 8 53 7 86 80 11 44 46 94 51 74 57 16 89 87 99 32 84 40 22 24 34 64 37 23 12 41 6 69 50 73 63 30 42 67 85 66 19 78 20 98 79 83 95 43 70 82 10 65 17 14 92 4 45 31 90 13 52 75 39 49 27 100 28 60 101 56 76 36 93 88 47 38 61 29 71 35 72 25 5 54 97 62 81 68 3 9 
8 70 23 73 16 14 92 63 13 4 40 58 93 89 64 19 82 32 96 53 100 30 51 11 10 86 87 41 78 25 84 88 24 26 101 27 7 21 3 5 33 80 79 18 29 44 37 36 77 31 71 97 59 47 20 2 54 35 67 43 66 15 99 60 61 17 38 83 62 42 28 55 85 50 81 12 6 22 98 65 75 95 76 90 56 69 57 49 74 48 52 72 46 34 94 68 9 45 91 39 
2 79 3 19 92 33 58 53 46 22 44 68 55 90 43 15 30 97 5 80 40 94 20 74 73 25 17 101 24 84 61 36 56 82 34 32 85 48 45 99 77 98 62 66 83 39 52 91 71 100 96 6 28 49 7 31 69 50 60 86 14 13 9 18 54 70 4 57 10 16 75 88 76 64 47 67 29 72 37 41 51 38 21 65 87 63 81 11 59 8 23 42 35 27 12 78 89 26 93 95 
100 64 74 60 85 76 75 96 93 40 53 56 13 5 34 39 69 29 68 94 6 26 31 4 33 84 72 50 92 2 51 62 37 24 30 18 89 21 101 22 48 11 23 32 14 97 3 59 58 45 54 8 15 49 70 25 28 19 35 86 10 41 87 42 17 43 12 9 80 46 27 52 16 61 88 81 67 38 77 20 47 44 95 79 90 7 78 65 71 55 83 57 66 82 73 98 91 63 99 36 
33 95 35 37 18 56 19 12 68 36 16 47 32 7 53 72 90 45 63 77 91 50 73 61 71 66 20 52 82 67 58 13 44 54 25 48 64 8 100 38 28 62 83 41 42 97 24 69 86 3 65 57 81 46 30 29 51 5 55 15 6 87 9 4 75 27 98 26 78 70 39 84 31 2 40 93 99 60 94 92 43 11 17 14 23 21 59 76 89 79 80 85 22 49 101 10 88 74 34 96 
2 7 3 11 13 28 26 4 6 22 23 24 27 8 14 21 19 10 15 16 12 17 18 9 25 20 5 
62 42 72 40 26 76 47 36 60 94 51 20 63 86 74 45 6 29 80 78 71 13 19 9 38 81 59 17 100 7 3 48 8 52 99 101 83 37 21 2 35 92 87 56 65 32 14 79 98 57 15 91 49 69 67 41 5 33 46 31 97 43 53 77 55 4 10 18 82 23 73 95 70 27 39 54 25 64 75 11 66 90 24 44 22 68 61 96 88 89 50 16 28 30 58 84 34 85 12 93 
13 25 20 2 24 8 11 34 12 31 16 18 4 29 23 5 9 21 22 28 7 3 19 14 33 10 6 30 15 27 17 32 26 
16 93 70 95 19 51 44 49 89 60 9 4 72 34 55 5 35 65 33 28 87 46 100 83 68 30 96 29 52 85 17 39 21 74 50 73 24 69 20 40 3 101 42 75 62 8 7 57 32 92 23 58 45 71 27 10 77 80 11 98 91 56 13 67 14 22 84 86 59 15 48 82 2 97 37 64 78 53 18 41 25 47 66 6 63 94 79 90 81 26 61 36 38 31 99 43 12 76 88 54 
7 4 14 17 18 13 21 5 3 2 16 9 8 15 12 11 19 6 10 20 
19 60 33 79 32 74 14 87 78 99 44 51 30 56 80 48 71 53 90 20 68 50 17 24 57 72 84 18 13 45 92 98 23 65 29 6 43 83 31 70 82 35 76 15 2 36 37 63 10 28 81 93 58 75 55 85 38 61 46 41 21 54 62 39 40 8 77 3 73 11 5 34 64 69 59 25 22 16 89 47 86 67 26 88 52 7 9 49 4 95 27 96 66 97 94 42 12 91 
2 21 5 19 18 16 10 4 8 6 22 20 12 11 15 3 13 14 9 7 17 
50 31 36 49 11 23 18 7 38 29 13 19 48 44 41 14 8 22 25 20 3 45 34 10 46 17 26 2 28 9 42 5 16 35 4 40 12 21 6 33 47 15 37 32 24 30 43 51 39 27 
78 60 50 55 14 18 29 6 61 25 89 76 32 81 63 30 75 37 79 27 84 5 42 2 39 20 9 62 48 94 7 35 31 3 65 90 92 74 43 49 53 97 17 26 93 73 86 16 44 80 22 98 40 58 15 85 38 46 57 96 34 33 95 56 59 68 19 11 52 82 4 77 10 13 91 45 67 47 101 8 51 69 66 72 71 12 99 88 24 28 21 70 36 87 41 100 64 23 54 83 
41 100 13 74 56 99 17 46 33 26 50 43 92 21 6 65 4 94 66 2 36 14 38 73 42 25 7 98 89 32 20 28 3 23 77 83 68 27 96 71 62 57 91 18 101 19 53 29 9 39 58 70 24 8 75 85 72 44 87 31 15 16 60 69 51 97 88 40 54 81 45 64 84 93 90 61 30 79 5 10 86 67 80 52 49 35 11 76 34 95 48 55 59 12 37 22 82 63 47 78 
2 78 55 54 64 31 84 3 39 43 96 18 60 75 29 67 91 16 22 93 34 69 10 100 88 11 95 74 28 32 51 46 56 92 41 45 26 76 25 61 87 73 7 6 19 13 53 36 9 48 33 27 35 68 77 5 83 94 82 47 80 79 98 90 20 57 66 85 101 59 86 21 8 72 37 42 58 81 65 30 89 49 97 99 44 17 15 63 71 62 12 38 4 23 14 24 52 50 40 70 
98 24 95 82 32 11 45 4 9 13 33 6 48 8 87 47 44 80 86 91 16 75 69 42 50 14 10 68 38 49 31 26 96 55 99 70 78 28 65 30 101 89 88 84 97 73 100 79 60 57 43 54 64 52 92 39 61 53 29 21 23 25 58 76 81 77 35 94 59 12 71 46 83 40 27 2 5 18 15 67 74 90 36 62 20 19 41 93 85 56 3 7 66 63 51 72 37 34 22 17 
25 51 46 88 7 3 86 44 32 76 87 53 31 20 9 10 45 93 95 2 55 60 59 52 68 70 38 29 85 36 74 22 34 64 80 41 4 35 6 40 39 92 18 99 75 54 57 26 48 56 78 71 43 66 84 33 58 47 65 91 82 12 37 83 90 49 63 8 23 79 77 94 11 16 89 101 42 98 5 28 100 67 17 27 72 30 96 14 97 15 62 50 13 21 73 81 69 61 24 19 
17 23 56 46 25 24 6 78 68 76 21 18 26 39 28 29 53 87 74 63 7 79 96 31 52 60 85 55 40 69 67 49 44 16 101 51 99 94 35 92 54 62 27 95 22 10 77 72 81 8 75 48 71 15 86 33 82 91 97 57 12 34 61 83 19 42 43 32 73 64 38 37 30 3 100 47 2 90 88 20 45 11 9 66 13 36 59 4 98 65 80 58 41 93 84 89 5 70 50 14 
62 57 4 63 85 73 77 48 52 44 93 95 22 80 5 7 29 18 6 60 19 28 2 88 75 43 84 39 20 24 56 98 87 26 21 34 76 45 90 41 9 53 67 15 32 91 92 31 70 79 74 36 33 100 58 42 89 72 49 96 13 101 47 10 37 8 61 25 64 99 16 46 11 50 68 65 78 30 23 83 94 35 55 97 54 82 81 17 27 14 51 12 71 69 66 86 40 3 38 59 
97 17 45 15 2 56 3 48 94 91 27 71 42 95 49 58 57 34 55 68 38 14 80 20 72 12 24 92 37 73 66 70 64 43 36 93 10 60 28 39 74 53 8 6 19 33 52 13 31 4 100 18 29 30 50 84 5 54 81 16 40 65 99 62 11 98 96 63 22 90 51 85 77 83 82 67 35 47 9 26 59 44 86 89 75 87 79 25 46 61 23 101 7 21 76 32 69 41 88 78 
70 75 66 44 95 101 55 41 54 85 2 61 56 58 26 53 47 67 35 27 48 45 62 10 3 65 43 60 7 15 5 37 36 59 39 86 23 76 63 71 18 12 31 28 93 34 13 80 83 19 79 81 14 6 96 21 50 90 89 100 33 97 98 8 57 78 22 72 42 69 84 9 82 74 92 51 24 99 17 40 11 64 87 52 68 49 4 16 77 20 38 29 94 73 25 30 46 88 91 32 
84 77 95 10 13 14 63 20 82 8 40 2 23 74 69 45 49 52 47 6 79 65 12 38 61 3 56 32 17 66 25 37 22 15 62 24 30 39 81 67 29 42 36 94 83 97 16 26 89 92 58 60 96 41 33 46 54 72 18 76 48 51 21 71 35 75 19 9 78 68 53 59 5 80 4 57 34 31 55 44 85 91 93 7 73 50 88 70 90 43 86 27 87 64 28 11 
83 12 82 85 99 86 36 42 9 96 65 10 81 28 60 50 56 59 21 30 69 8 20 38 18 68 67 39 53 58 62 78 40 49 34 92 55 80 27 89 37 29 51 74 90 66 46 61 94 88 77 70 35 101 11 19 31 100 45 64 93 4 84 23 22 71 25 98 52 6 63 15 48 73 3 2 75 43 79 41 32 97 72 44 24 47 26 76 91 33 87 57 16 54 14 95 17 13 5 7 
14 86 88 27 17 83 5 58 6 32 69 89 73 70 40 72 48 11 52 82 3 15 28 81 56 46 22 76 60 65 20 42 74 66 18 21 77 44 47 51 67 2 78 90 63 54 50 26 33 9 55 8 53 13 31 57 23 71 41 87 91 30 34 75 64 85 39 4 10 24 37 79 36 25 38 45 35 68 62 61 43 29 80 49 16 7 84 12 19 59 
88 93 18 70 12 23 98 64 37 10 99 2 91 66 79 3 14 68 92 87 72 43 40 47 80 30 35 67 100 53 56 42 96 86 11 95 89 5 36 60 62 28 52 101 7 16 97 85 26 9 41 46 20 49 4 34 71 39 77 51 82 63 83 33 65 76 31 38 25 50 17 73 24 84 55 94 58 8 27 81 15 61 45 78 48 13 75 57 19 21 54 90 32 69 44 29 59 74 6 22 
79 47 70 88 31 67 37 46 81 10 51 35 58 64 89 27 66 83 18 74 38 40 9 91 4 44 65 90 41 76 52 101 48 57 11 15 36 97 59 26 25 45 78 87 28 54 72 93 49 19 62 6 86 98 63 23 29 17 56 77 20 60 21 34 82 32 85 16 84 13 71 53 3 55 33 100 12 7 75 68 22 14 80 24 69 43 8 99 96 50 30 92 61 94 73 95 39 42 2 5 
42 18 46 2 83 23 60 24 36 31 56 47 58 21 81 93 15 5 16 69 61 75 79 57 100 7 48 90 19 4 10 63 85 94 20 38 34 91 74 44 32 17 29 59 98 11 62 41 64 87 39 22 50 43 33 65 95 54 27 49 52 86 99 13 26 8 51 37 88 80 25 14 78 28 35 45 101 55 73 70 30 89 6 71 12 53 76 67 97 3 68 84 72 40 82 66 92 9 77 96 
76 28 74 5 52 36 6 40 75 73 77 50 67 81 47 86 45 39 41 18 19 91 95 88 89 80 62 85 9 43 34 93 38 15 66 26 4 3 21 10 84 22 68 96 49 30 79 8 12 24 101 87 90 27 92 58 51 11 82 97 14 61 48 100 35 70 32 78 16 65 83 42 72 71 54 20 94 29 99 69 23 98 13 59 7 44 31 56 57 37 25 2 64 33 60 46 53 55 17 63 
26 10 14 18 35 11 40 22 29 6 42 9 21 31 33 30 23 32 24 37 27 12 4 8 7 38 39 2 13 19 20 3 36 5 28 15 41 16 34 17 25 
71 14 86 39 55 89 93 8 45 16 4 75 49 3 66 64 67 11 72 19 85 28 18 30 101 76 33 51 65 69 17 24 80 79 23 100 47 58 97 5 46 60 99 48 59 70 53 15 34 74 56 61 44 27 25 21 52 82 81 91 7 41 95 57 35 63 9 92 90 84 20 73 31 54 62 38 50 96 2 29 77 88 22 40 42 43 6 94 26 78 12 13 32 37 87 83 36 68 10 98 
52 16 13 18 5 24 23 44 17 22 14 19 15 6 21 3 33 25 8 20 10 9 41 46 4 12 11 26 47 29 43 36 2 32 42 34 39 38 49 27 51 31 48 45 35 28 50 7 37 30 40 
10 2 3 4 6 9 8 5 7 
43 22 30 90 59 65 68 64 32 50 15 96 70 3 51 72 80 41 71 38 10 42 86 40 35 8 53 37 100 63 78 28 58 18 9 67 66 94 62 13 69 56 4 57 85 21 89 54 45 75 60 17 74 77 95 12 83 98 97 20 23 82 27 88 52 25 34 19 84 6 76 26 5 61 101 48 24 46 73 29 11 14 7 49 2 99 33 44 92 93 16 47 79 39 81 36 87 55 91 31 
52 49 99 4 13 68 20 37 14 26 81 5 23 6 89 74 69 28 75 32 63 78 83 101 29 21 9 70 2 11 7 41 27 56 3 12 87 45 88 95 31 61 84 34 50 59 64 30 38 97 33 46 76 24 39 16 92 80 47 51 35 36 8 18 65 93 79 44 77 91 58 72 53 48 60 66 85 17 100 73 54 90 43 62 22 67 98 86 71 96 15 55 42 40 25 94 10 57 82 19 
98 94 52 73 37 4 82 100 23 51 5 15 9 89 62 40 80 95 29 11 70 83 101 31 18 81 50 2 90 41 17 16 85 43 35 22 88 63 12 14 67 49 99 60 25 3 8 32 19 75 78 72 38 84 45 93 59 92 34 7 91 74 54 36 13 96 30 39 69 21 65 56 47 97 46 57 26 6 79 10 86 33 24 77 64 71 66 55 20 44 42 87 53 27 28 61 48 76 68 58 
7 101 81 39 71 47 3 54 48 99 15 96 80 92 28 25 98 68 6 67 44 2 61 76 27 90 56 17 66 18 70 78 95 49 74 4 32 82 45 20 35 46 84 41 16 87 8 97 12 13 42 52 64 94 14 100 62 50 22 40 88 24 63 89 34 85 51 57 79 75 93 91 37 53 9 73 59 26 31 33 72 11 69 10 36 23 86 60 38 77 30 43 19 5 65 29 58 83 55 21 
98 10 90 71 86 83 42 56 46 101 78 33 4 61 82 26 39 30 92 66 9 12 59 38 7 97 80 14 47 40 64 77 18 79 55 70 63 11 54 6 100 19 95 29 34 68 45 37 27 21 88 49 91 81 24 23 52 85 32 35 36 75 20 62 13 31 17 72 74 22 44 93 28 96 69 51 8 50 76 94 87 65 57 41 58 73 3 99 5 48 84 53 67 89 25 60 16 43 15 2 
60 13 70 89 53 56 30 49 95 62 51 38 101 35 91 78 27 45 52 24 21 99 31 19 39 12 77 74 72 66 55 67 87 94 88 63 59 29 84 65 33 5 15 50 90 100 83 20 14 80 40 58 93 75 34 79 8 23 82 6 97 9 22 26 57 43 10 61 42 41 85 2 96 25 46 3 11 32 48 28 37 73 68 92 16 44 54 69 76 98 81 4 17 86 36 71 7 18 64 47 
85 73 29 43 79 88 3 69 91 51 23 61 97 39 70 37 45 83 50 95 19 63 15 96 30 62 57 100 87 4 72 17 49 21 35 71 55 41 74 59 33 48 90 47 93 77 101 38 36 2 67 42 81 27 84 40 65 9 64 32 86 25 28 14 16 68 80 24 94 66 20 98 75 34 11 99 5 26 82 7 52 60 54 10 44 18 92 6 53 13 58 8 56 76 78 46 89 22 31 12 
2 19 16 13 18 4 20 3 14 10 8 11 12 9 7 6 5 17 15 
34 58 40 92 87 15 56 82 22 25 55 76 2 74 94 20 24 75 67 16 37 54 95 79 71 72 36 42 50 68 81 59 88 10 38 27 9 21 39 12 85 69 52 63 57 41 49 4 61 80 64 28 32 73 65 66 48 97 13 14 93 45 18 70 11 98 3 31 101 86 89 43 5 83 91 100 46 7 96 17 29 6 8 35 78 62 26 23 77 44 51 84 90 19 53 99 60 33 30 47 
85 57 43 83 58 36 64 11 56 86 35 33 62 74 23 95 98 28 99 50 20 18 101 92 29 24 6 2 7 27 60 51 10 81 84 32 65 9 78 93 12 17 82 76 94 67 26 16 8 71 88 90 97 45 53 66 77 13 39 42 52 61 49 14 54 70 75 15 89 87 31 4 73 41 19 3 55 96 68 79 5 46 63 40 25 100 38 47 48 80 44 37 69 91 30 22 72 21 59 34 
5 2 6 11 8 10 7 4 3 9 
26 23 75 63 12 5 84 86 32 40 35 57 73 97 34 28 2 51 90 56 27 17 70 52 8 68 7 29 16 74 67 80 21 18 81 55 53 20 99 87 58 45 98 59 91 42 39 101 36 48 37 93 78 38 61 83 4 54 11 15 69 79 13 50 46 14 3 94 6 30 33 100 95 89 47 72 71 19 49 24 66 22 60 65 96 82 44 25 31 64 62 10 88 43 85 76 9 41 92 77 
73 22 4 98 13 74 75 70 12 37 2 92 90 87 10 65 50 3 89 93 101 28 71 9 83 79 14 49 43 57 27 30 31 26 95 78 41 85 17 40 62 96 23 47 34 59 20 53 88 46 68 100 7 64 99 18 86 11 58 25 33 19 69 32 36 97 51 91 81 66 15 94 80 48 29 55 21 5 45 61 39 63 84 72 52 35 67 16 38 8 24 76 60 54 42 77 82 56 44 6 
74 98 10 43 69 58 32 44 95 17 15 75 2 63 72 18 47 99 71 16 24 96 82 4 22 55 86 78 89 85 101 3 91 19 62 45 51 6 33 31 29 26 60 54 13 66 7 12 53 64 61 21 46 57 40 100 81 48 84 28 79 11 83 68 52 30 76 65 59 35 50 87 39 49 8 56 23 42 27 90 77 67 88 5 36 37 14 80 94 41 97 38 73 9 25 92 93 70 34 20 
95 17 19 59 2 25 4 36 35 61 31 90 78 41 21 18 39 46 63 3 66 62 14 94 37 26 82 60 56 44 40 93 79 70 64 43 12 7 72 101 69 85 5 51 16 58 33 42 52 57 87 13 6 28 38 49 54 88 27 76 97 68 83 71 65 23 67 91 34 89 20 75 48 30 86 29 80 8 32 53 99 73 98 47 55 10 45 22 15 100 77 24 96 84 50 9 92 11 74 81 
97 46 22 47 89 74 92 71 17 98 37 72 68 87 70 15 40 31 3 35 86 67 44 2 8 23 101 27 53 56 81 90 34 42 21 19 38 33 63 60 65 45 29 93 61 96 25 80 5 36 79 91 55 73 100 62 57 20 84 69 11 9 59 32 78 24 7 4 48 85 94 14 39 76 66 50 30 64 41 99 6 83 75 43 28 58 95 49 82 26 51 54 77 18 88 10 52 12 16 13 
45 84 88 90 32 98 49 97 11 22 93 7 39 64 53 57 59 16 36 13 68 65 79 17 74 25 34 95 19 55 47 40 44 70 35 14 66 67 31 86 4 10 69 27 89 81 38 42 99 23 78 91 6 75 41 76 94 101 3 21 9 60 52 83 24 85 92 5 2 46 100 37 73 29 43 30 15 33 18 8 77 48 12 50 28 63 20 87 54 62 72 61 26 51 58 80 56 71 82 96 
67 80 99 3 85 22 88 95 18 76 6 32 58 83 16 42 84 56 29 17 45 86 55 27 53 7 52 66 36 31 2 21 25 91 61 87 40 60 12 51 4 24 78 62 59 70 75 98 37 81 79 90 64 5 71 11 48 35 41 30 19 92 73 23 50 46 54 63 14 97 74 38 47 13 89 100 44 94 43 20 93 26 9 96 68 28 72 69 33 101 8 10 39 49 15 34 57 77 65 82 
98 99 96 94 100 97 92 95 89 91 90 87 93 88 84 85 86 80 81 82 83 78 76 77 79 74 75 72 73 70 71 69 66 67 63 64 65 68 61 62 60 59 56 57 58 52 55 53 54 50 48 51 49 101 47 45 46 43 42 44 39 38 40 36 37 41 35 32 31 29 33 34 28 30 26 27 23 25 24 20 21 15 22 18 16 19 17 14 11 13 7 12 10 5 8 9 6 2 4 3 
2 3 4 5 6 7 9 8 10 11 12 15 13 19 20 14 17 18 16 24 21 22 30 23 25 27 26 28 31 32 29 33 38 34 35 37 36 39 40 42 41 44 46 45 43 47 48 99 100 98 97 96 94 95 93 101 92 91 90 84 86 88 89 50 87 82 85 80 79 49 78 83 81 77 76 72 74 73 68 75 71 65 70 69 67 64 66 63 62 59 61 60 57 58 56 55 52 54 53 51 
7 4 3 5 6 2 8 
34 14 17 10 54 25 41 56 7 21 57 30 52 48 46 35 24 40 42 18 47 27 16 32 28 4 33 5 11 51 15 6 63 2 60 19 44 3 58 26 55 36 50 22 45 8 38 12 13 39 20 9 53 62 43 31 23 49 59 37 61 29 
77 46 32 19 82 60 94 16 73 57 26 67 20 53 71 27 58 40 21 87 47 89 98 8 17 66 88 99 69 61 34 44 35 50 51 81 63 9 29 45 59 24 10 90 7 101 36 52 92 96 37 55 76 91 48 38 49 11 56 95 62 65 78 2 41 4 13 64 85 18 33 3 39 25 79 83 93 100 14 42 28 30 43 22 70 68 86 23 12 74 80 6 54 15 5 84 75 97 31 72 
43 70 3 16 22 30 72 17 29 41 52 79 53 84 97 13 21 83 46 5 14 23 60 50 44 32 39 93 51 71 87 96 38 69 66 15 25 47 101 92 80 42 73 74 94 49 75 40 90 35 4 88 56 2 48 24 67 81 82 11 27 55 77 9 65 58 20 8 10 31 89 78 61 6 100 91 7 62 76 45 26 63 33 12 19 36 28 98 68 37 54 64 95 99 18 85 59 57 86 34 
