34 9 66 22 18 14 15 63 58 51 24 46 62 39 27 54 19 49 44 5 59 37 13 6 33 23 12 48 8 4 29 10 42 50 56 60 38 57 64 26 1 16 31 41 55 53 36 40 2 28 7 32 52 65 21 30 25 3 11 43 47 17 45 20 35 61 
33 32 35 38 65 50 8 1 67 49 3 39 40 47 34 6 46 48 73 7 52 37 41 76 63 2 9 4 28 89 10 14 5 60 61 91 53 19 42 29 36 51 71 83 44 64 59 70 13 17 20 72 58 68 66 69 22 86 90 75 79 26 12 56 99 74 11 25 15 77 82 78 81 24 85 27 54 18 96 45 80 87 100 88 16 93 84 43 62 23 21 98 55 30 94 95 31 92 57 97 
25 13 16 11 23 5 18 20 15 4 12 8 7 1 9 10 24 14 2 22 6 3 21 17 19 
89 66 51 37 62 20 53 9 46 6 90 28 19 12 39 97 82 23 76 2 49 59 58 96 25 87 80 38 99 93 48 1 30 7 17 16 56 65 75 52 94 77 60 83 32 35 15 44 67 11 22 71 13 50 8 88 70 43 31 5 78 54 57 33 61 26 84 64 79 68 18 3 40 14 24 34 95 21 45 29 4 69 92 10 81 98 73 72 27 47 91 85 42 86 74 55 41 63 100 36 
7 4 5 9 10 8 3 1 6 2 
65 52 10 28 55 8 35 9 50 26 89 25 85 60 76 81 16 19 63 43 5 90 23 37 47 71 21 15 87 44 27 13 30 64 22 86 38 1 99 49 88 91 33 41 42 97 20 93 83 56 4 39 46 40 82 14 7 61 34 6 54 70 96 48 62 53 57 67 45 51 77 80 94 95 12 75 2 3 69 24 98 100 29 36 59 66 17 92 78 68 73 31 72 84 11 18 58 74 32 79 
86 94 12 90 44 81 3 87 13 82 25 8 57 58 26 45 51 95 27 59 41 76 33 14 15 4 9 34 5 22 91 83 52 37 35 69 28 29 70 30 49 53 38 96 71 72 42 60 16 77 61 88 92 62 6 78 97 39 63 93 64 73 31 65 46 10 66 79 74 40 98 54 84 99 1 85 2 17 80 7 75 23 67 36 47 43 24 18 19 55 48 68 20 11 89 21 32 56 50 
38 90 79 35 14 60 63 92 69 48 28 78 70 67 45 16 24 96 68 82 75 43 83 47 37 86 2 61 59 3 49 55 6 30 94 7 74 19 20 5 10 46 36 4 42 66 65 33 56 31 97 91 88 73 57 40 100 71 93 85 95 9 84 80 21 13 18 27 39 29 87 64 44 34 41 76 50 25 52 54 17 62 26 22 77 81 99 12 32 15 8 58 72 51 1 23 89 98 11 53 
9 86 31 78 84 75 35 96 57 6 90 77 93 18 60 19 36 1 72 85 32 49 46 16 95 83 17 92 74 29 89 37 34 45 61 23 22 62 12 20 73 27 15 88 11 80 4 40 38 69 28 76 100 54 2 48 98 3 30 87 56 94 44 42 67 64 59 10 50 39 71 47 91 68 58 43 25 97 53 81 24 63 21 26 7 65 82 52 33 66 41 5 51 8 99 79 14 70 55 13 
63 67 11 41 25 57 68 4 96 95 43 58 33 47 89 97 75 74 48 18 69 10 23 59 42 82 77 76 40 16 87 6 17 61 22 19 27 55 20 80 24 64 31 8 1 53 28 79 91 35 54 71 39 51 73 78 100 90 37 32 60 13 12 92 29 49 94 84 21 5 34 9 93 26 85 7 3 99 46 56 50 30 36 15 62 88 45 2 83 70 72 98 65 44 14 38 66 52 86 81 
21 61 23 62 63 64 68 73 11 71 72 74 92 31 75 22 24 76 77 78 82 79 80 25 81 84 32 83 85 33 87 34 86 35 36 88 89 38 91 90 93 37 41 94 39 95 96 42 43 97 98 44 99 100 45 46 1 47 2 3 48 51 49 4 50 40 5 7 6 52 8 53 54 9 10 12 13 55 14 15 16 56 65 57 17 59 18 66 58 20 26 67 19 69 27 28 29 30 70 60 
3 24 2 16 11 19 23 15 5 12 10 9 1 7 6 13 17 20 8 14 18 22 21 4 
46 53 18 77 11 33 99 28 2 59 91 58 7 15 31 12 55 44 74 96 40 16 8 6 32 24 22 10 26 93 51 57 94 42 48 84 87 21 67 75 23 86 66 50 41 63 85 37 73 61 80 69 78 19 34 4 64 43 20 81 70 92 30 45 29 83 95 39 35 100 82 98 89 36 14 60 76 47 72 65 27 79 9 17 90 52 71 62 1 38 49 97 56 54 88 3 68 5 13 25 
64 16 78 92 23 19 8 4 13 49 84 53 86 88 70 93 7 3 44 58 1 94 100 28 32 25 33 96 10 40 82 20 5 87 29 24 21 89 71 59 77 31 51 67 97 98 30 72 41 27 18 99 80 79 66 43 73 54 61 56 22 90 47 6 38 50 57 37 14 9 62 17 83 48 74 60 11 26 36 52 45 39 15 2 76 63 75 35 42 55 85 65 81 95 46 68 91 12 34 69 
55 92 5 58 46 22 79 19 44 17 24 4 15 73 3 84 20 43 33 53 74 68 71 1 90 34 2 94 97 91 48 49 61 77 62 85 40 11 82 30 83 100 45 52 80 25 28 96 98 31 6 66 57 39 36 18 69 86 54 60 88 70 7 13 99 56 9 32 76 50 75 64 10 78 67 29 14 37 16 21 81 51 47 59 41 27 35 38 23 93 63 72 95 8 65 42 12 89 87 26 
100 74 60 75 64 76 85 96 53 13 40 93 56 5 34 39 69 29 94 68 6 26 31 4 84 33 72 50 92 2 51 62 30 37 18 24 89 21 22 11 23 48 32 14 97 58 3 59 54 45 8 49 15 70 28 25 19 35 86 10 41 87 42 43 17 80 12 27 46 9 52 16 88 61 81 67 38 77 20 1 47 90 44 95 79 7 78 55 71 65 83 66 57 82 73 91 98 63 36 99 
85 56 44 91 33 68 81 72 30 82 18 8 73 40 19 57 53 24 97 78 66 94 22 63 67 42 12 86 90 13 1 31 61 48 69 70 36 83 49 55 47 84 80 34 50 64 46 38 35 7 52 4 26 75 54 100 98 29 51 65 99 45 59 62 89 9 28 93 23 2 77 60 5 41 32 58 21 15 20 88 16 3 14 76 39 10 92 95 27 74 43 37 71 79 87 11 17 25 96 6 
10 11 19 20 12 1 2 3 14 22 21 5 13 15 6 26 7 17 18 23 16 4 24 8 27 25 9 
60 62 29 40 81 42 20 19 87 7 36 69 10 38 13 8 2 56 76 63 21 86 98 67 46 51 9 39 17 94 65 71 3 6 79 72 77 31 48 11 32 92 14 100 35 57 88 80 99 1 49 41 95 61 85 52 37 5 15 78 43 83 22 23 97 64 4 25 27 18 26 82 75 44 24 89 33 50 90 96 47 84 66 74 91 28 12 30 54 16 59 53 68 73 55 58 34 93 45 70 
2 25 20 21 29 24 18 3 10 6 23 13 1 17 4 8 32 26 15 33 11 14 19 31 27 28 12 9 16 30 5 22 7 
93 16 70 95 44 19 51 89 49 60 9 72 4 34 5 55 35 28 1 65 33 87 100 83 46 68 30 96 29 52 85 17 39 21 50 74 73 24 69 20 40 3 62 42 8 75 7 32 57 23 92 58 45 27 71 10 77 80 98 11 56 14 91 13 67 22 84 86 59 82 48 37 15 2 64 97 78 53 18 41 25 66 6 63 47 79 94 90 81 36 26 61 43 38 31 99 88 12 54 76 
3 13 5 12 18 17 7 14 9 8 1 11 6 4 2 19 15 16 20 10 
79 32 19 56 78 14 90 87 80 33 60 74 17 44 51 48 68 71 50 18 53 20 2 30 24 84 13 21 57 23 72 98 65 43 82 45 35 10 92 29 6 31 83 76 70 67 15 55 36 93 28 85 38 37 63 81 62 46 41 73 89 58 61 54 39 96 77 69 64 40 75 8 3 5 11 34 22 47 94 59 25 16 86 49 1 26 52 7 4 88 9 97 12 95 27 42 91 66 
6 3 7 4 20 9 1 12 8 11 14 21 19 5 18 10 17 13 2 15 16 
50 32 35 43 1 33 40 9 47 45 6 30 27 34 18 4 29 28 17 49 13 36 46 8 14 15 26 19 22 37 3 10 25 39 41 44 38 20 31 7 48 23 21 16 42 11 2 24 5 12 
25 1 78 94 95 81 56 97 57 7 6 46 85 62 15 17 49 64 59 47 34 18 19 26 92 100 4 31 51 66 88 90 45 55 60 43 93 99 36 12 30 13 8 27 24 11 20 74 83 65 41 76 68 52 91 89 10 82 67 72 32 5 77 79 61 3 84 38 54 16 2 71 9 96 33 86 28 42 63 50 29 40 69 22 70 35 37 39 80 14 44 75 53 87 48 98 21 23 73 58 
74 99 2 17 100 96 93 25 13 33 6 1 46 8 38 7 20 21 56 73 59 3 26 50 89 65 42 27 4 9 30 98 16 97 94 41 28 88 23 47 43 32 83 77 39 92 62 48 95 57 91 69 18 53 22 19 54 68 24 64 66 71 85 5 40 34 36 14 72 44 29 58 82 55 51 45 15 81 37 75 60 31 90 84 12 35 61 52 11 63 70 10 87 80 86 67 79 49 78 76 
2 84 57 10 72 71 78 31 73 55 3 13 43 67 41 22 96 92 33 74 35 54 44 77 29 16 60 70 93 51 61 32 75 11 1 20 18 53 34 100 37 95 79 26 81 7 27 19 39 87 36 88 6 9 50 48 46 91 15 42 5 69 47 64 68 17 76 25 83 58 66 82 45 65 23 85 59 38 30 86 14 94 56 99 28 90 49 62 97 89 24 63 80 52 8 98 12 40 4 21 
8 6 11 33 24 95 45 4 44 98 86 70 32 13 80 87 9 82 48 50 91 47 38 10 55 96 14 68 31 79 42 61 97 75 65 16 78 84 30 26 100 89 99 77 69 28 54 73 23 83 60 92 88 57 53 19 25 39 46 52 59 71 64 29 81 2 21 58 94 49 12 76 35 43 40 1 67 74 18 27 90 5 85 36 3 15 7 66 63 62 41 34 51 37 20 22 72 93 17 56 
32 18 51 31 87 66 54 93 68 56 74 41 3 33 4 85 45 12 47 36 63 95 25 53 44 92 10 84 71 59 88 55 7 2 65 83 73 67 34 40 76 70 61 22 80 86 98 50 20 42 6 9 35 52 29 91 13 27 97 58 72 39 15 28 81 48 8 11 43 78 46 37 23 94 21 17 16 69 14 75 60 57 90 19 89 49 77 64 82 24 30 100 26 79 96 62 1 38 99 5 
23 17 6 74 78 46 25 29 24 68 53 85 26 52 56 76 96 87 49 28 18 39 7 79 69 31 63 60 21 95 55 40 81 16 94 33 92 54 67 35 44 62 15 10 82 99 22 86 91 83 19 43 97 12 8 73 3 34 75 38 51 77 48 100 27 42 98 4 72 71 61 57 32 47 30 64 13 88 2 80 90 41 45 66 20 89 65 84 11 59 37 5 14 1 9 70 50 93 36 58 
62 4 73 52 18 57 76 77 98 85 6 61 48 29 25 24 19 92 42 10 93 75 1 22 9 63 80 84 5 87 56 7 36 20 95 43 21 39 53 34 91 45 96 49 51 60 28 2 90 100 13 41 32 79 33 67 72 99 58 23 44 74 46 26 83 88 64 11 31 78 70 37 65 15 12 8 82 50 16 30 68 71 89 66 94 54 55 97 35 69 81 47 17 3 27 40 38 14 59 86 
45 97 71 17 15 80 27 42 48 20 66 65 91 72 94 68 24 60 1 56 37 81 49 3 12 34 28 14 70 36 73 2 4 13 95 19 67 74 8 84 57 64 92 54 22 53 90 63 38 82 40 52 35 76 62 69 55 43 11 47 59 79 93 44 31 98 58 87 85 77 39 100 6 33 29 16 96 5 61 83 23 10 32 46 30 89 41 51 9 86 18 78 99 26 75 7 25 88 21 50 
95 20 6 42 14 21 43 54 70 71 15 96 27 76 28 64 16 7 55 72 65 47 35 97 56 22 98 57 36 87 58 59 88 23 48 91 89 8 66 77 78 29 67 1 37 2 9 44 24 30 73 51 79 92 38 68 74 31 69 49 52 39 10 25 60 80 40 93 99 3 11 53 32 12 81 94 17 61 62 26 18 45 85 82 50 13 33 83 90 19 46 100 84 4 75 34 86 41 5 63 
76 44 10 81 84 31 74 67 89 33 43 72 75 13 3 16 15 23 61 30 85 95 93 65 28 78 19 42 77 79 8 35 46 63 49 94 59 90 11 25 40 80 82 37 50 39 92 21 45 47 68 70 32 58 41 36 34 1 4 55 91 29 7 69 6 14 62 88 86 26 96 71 18 5 2 24 73 27 56 48 20 22 17 54 60 9 83 51 57 53 12 66 38 64 52 87 
36 83 9 12 99 62 68 63 65 42 86 10 74 82 85 98 75 60 64 59 50 76 6 56 69 20 67 21 53 38 34 30 18 81 40 55 80 49 89 37 77 44 29 78 23 8 70 31 88 22 45 33 73 15 92 3 16 66 35 90 32 51 58 93 87 100 1 28 46 26 54 19 2 95 96 4 41 39 52 94 14 71 25 61 84 79 97 17 7 72 27 48 24 47 5 11 43 57 13 91 
78 62 38 53 74 79 65 69 16 85 66 32 14 54 70 33 75 76 80 71 30 20 63 48 72 39 40 49 64 44 50 86 87 26 23 10 11 88 17 81 34 18 89 41 42 24 35 55 77 56 12 82 57 83 36 84 13 90 4 25 19 73 58 67 37 68 5 45 46 47 27 51 21 59 28 52 60 6 22 7 31 1 2 61 15 8 29 3 9 43 
18 93 99 66 87 88 70 23 79 12 3 98 56 11 37 35 68 64 92 14 72 43 42 67 62 96 53 10 36 30 26 100 95 47 28 2 5 80 89 91 40 97 20 7 86 85 60 9 1 71 52 49 34 16 4 77 41 46 63 39 51 83 65 33 31 25 76 50 82 55 58 81 15 17 73 8 27 84 45 78 24 75 19 61 54 90 48 38 13 21 57 32 94 69 29 44 22 59 74 6 
49 100 88 37 46 38 81 97 20 40 41 70 58 94 10 18 89 99 9 96 67 28 64 27 5 66 90 83 29 6 51 48 52 26 74 91 72 19 86 60 35 98 77 31 63 4 84 85 55 57 34 44 24 33 11 25 32 15 23 13 71 92 95 59 79 68 45 36 87 65 12 7 93 56 8 54 14 76 2 78 42 62 43 3 39 17 22 21 69 82 1 47 53 50 16 75 61 80 73 30 
24 2 56 23 93 37 13 16 18 21 95 45 31 75 100 99 38 58 7 10 26 12 42 4 79 51 80 5 57 44 83 60 20 46 90 39 14 69 61 87 30 64 63 76 34 91 35 15 84 92 32 29 49 52 68 22 88 48 50 62 77 78 66 85 67 33 17 47 11 41 74 27 86 43 19 55 73 71 1 28 40 70 25 94 54 53 81 96 89 9 72 82 65 6 8 36 97 98 59 3 
28 74 40 67 47 36 5 76 77 50 19 73 95 41 6 4 88 75 43 81 34 8 10 1 92 18 9 100 90 86 61 58 30 22 72 45 89 15 3 27 85 52 93 12 38 32 21 26 39 24 97 62 84 78 51 54 11 79 91 25 68 42 66 71 20 23 49 82 87 48 70 99 94 16 69 13 14 35 98 83 55 44 65 56 80 29 2 59 33 57 37 31 64 96 60 7 46 63 53 17 
22 1 37 4 23 18 39 15 26 2 10 21 33 35 6 9 29 19 11 16 34 30 13 28 31 32 14 17 3 24 36 7 40 20 41 27 12 25 8 38 5 
14 71 86 8 75 49 55 4 66 67 93 19 39 45 11 18 3 100 69 30 46 72 85 28 16 51 33 97 76 25 64 89 24 79 23 60 47 99 48 41 34 59 17 58 15 56 82 95 65 81 35 31 70 42 44 27 53 61 5 52 57 74 20 21 9 63 36 50 32 73 54 77 38 80 62 96 2 29 88 91 7 92 90 26 6 22 40 94 13 10 1 43 78 12 84 83 87 37 68 98 
17 16 23 8 1 13 14 6 7 9 24 11 10 5 2 12 18 4 22 25 15 20 21 3 19 26 37 28 44 42 43 27 45 39 34 40 51 38 29 32 41 31 30 50 33 47 36 46 35 49 48 
1 5 2 9 4 8 6 7 3 
21 36 35 40 20 94 28 19 27 26 86 99 93 39 25 48 5 56 34 18 98 55 47 60 54 17 73 4 24 85 84 53 3 52 92 46 68 16 51 33 72 83 78 71 10 91 2 67 97 9 59 70 66 23 45 8 44 32 43 90 50 38 58 65 82 81 64 37 63 12 1 57 80 77 100 7 11 42 31 62 15 14 41 89 88 87 30 6 76 79 13 96 29 75 95 74 61 69 49 22 
52 48 76 84 79 53 28 24 12 13 93 68 96 99 5 73 36 56 85 1 25 61 32 88 21 62 37 20 17 41 33 81 82 65 40 94 42 60 74 80 9 45 77 100 14 49 91 22 29 2 6 57 46 71 54 89 51 97 83 90 34 18 63 69 70 11 31 98 38 26 58 66 27 78 3 43 92 86 50 55 67 10 35 87 7 15 44 59 16 47 75 30 4 23 19 64 8 72 39 95 
82 98 51 47 73 5 52 15 14 57 100 23 72 62 40 80 9 2 85 4 16 83 29 97 63 41 95 35 6 31 17 12 60 7 54 25 19 11 18 78 81 39 38 90 22 92 88 8 84 91 21 49 94 99 66 43 68 36 75 71 3 79 28 89 67 32 42 1 65 55 87 59 46 27 37 74 33 61 10 56 93 70 34 50 76 26 30 77 13 86 24 48 20 45 58 96 64 53 69 44 
30 69 76 53 56 97 9 2 63 13 18 22 15 98 19 84 39 28 77 65 16 44 23 25 38 96 99 79 62 58 59 26 40 86 10 4 35 50 60 94 8 1 89 45 21 6 72 55 90 24 57 78 75 47 74 52 37 20 48 14 100 95 33 67 87 54 49 31 51 80 73 92 7 82 93 5 70 85 68 34 11 83 29 61 17 46 71 91 27 12 81 3 32 41 36 64 42 43 88 66 
4 10 90 83 86 29 78 92 61 26 54 59 95 42 79 28 39 66 47 34 6 96 82 9 68 71 100 55 97 40 88 63 1 45 30 49 33 38 23 11 22 31 8 37 77 14 56 81 19 21 51 73 24 80 75 91 98 35 76 20 44 69 93 46 64 70 17 52 12 94 50 57 13 87 3 74 27 16 85 41 99 62 2 43 58 84 89 36 5 32 25 60 18 53 15 72 7 65 67 48 
38 11 25 94 44 84 90 86 64 42 58 46 97 18 13 53 1 76 66 16 71 47 57 96 23 52 31 54 21 49 6 34 4 29 92 100 12 63 82 89 14 56 32 10 91 2 39 61 80 7 87 65 33 15 69 68 24 60 26 85 81 5 83 50 70 77 9 8 99 41 35 88 28 22 48 74 30 72 73 78 93 51 40 55 67 79 43 62 36 59 19 45 75 27 20 98 17 3 37 95 
75 57 21 13 63 71 85 35 73 1 65 7 17 33 3 74 87 99 31 27 11 77 9 67 97 95 25 81 23 91 61 47 5 45 79 37 53 15 80 39 10 93 4 49 83 51 98 59 58 69 38 41 72 82 29 66 92 52 100 48 89 55 90 32 54 84 34 16 43 12 24 26 19 46 30 88 42 86 14 78 56 62 2 70 68 22 94 8 60 36 44 76 6 28 64 50 20 40 18 96 
10 16 4 6 17 1 2 11 18 8 14 7 5 12 3 13 19 15 9 
40 42 58 22 20 24 79 34 89 92 68 75 39 15 87 76 55 74 94 16 36 83 69 57 54 91 71 10 21 84 81 56 28 48 50 88 85 82 52 25 27 12 41 49 100 37 72 66 8 9 59 65 45 93 97 18 60 13 67 17 4 78 23 32 98 47 19 63 73 70 2 43 38 44 64 99 61 51 80 31 6 11 3 14 46 90 5 26 53 7 29 62 77 95 30 1 86 35 33 96 
58 85 83 57 74 24 2 56 43 64 26 62 36 95 12 17 86 99 98 6 88 35 23 7 11 33 78 93 8 92 81 19 28 20 27 90 10 9 14 89 70 46 65 18 53 60 1 50 75 29 42 49 25 32 84 82 77 96 87 13 76 52 38 30 4 71 67 31 94 100 54 68 61 45 91 51 66 3 97 21 80 37 69 22 15 16 72 55 5 63 59 41 44 73 47 48 79 40 39 34 
5 2 4 10 7 6 1 9 8 3 
63 70 23 12 16 84 86 37 32 40 57 56 90 75 8 26 67 68 2 93 34 98 73 29 17 35 97 52 28 18 53 74 69 79 21 58 59 15 36 78 61 48 38 82 83 27 6 80 45 99 54 87 89 94 64 55 43 51 39 13 1 14 47 7 4 88 81 72 42 11 30 5 3 22 33 46 95 100 20 85 50 44 49 91 24 10 76 71 96 19 66 31 25 60 92 65 62 9 41 77 
2 46 22 14 13 92 98 90 93 50 12 10 37 83 27 21 87 28 71 30 100 1 26 79 66 89 74 40 78 41 62 47 11 75 70 20 85 43 34 39 49 3 7 65 69 95 23 19 59 57 48 17 58 96 16 77 64 36 51 45 25 33 38 53 9 68 31 32 99 94 97 91 61 88 80 15 18 84 81 55 63 76 72 52 24 86 29 35 6 82 73 67 54 44 8 56 5 60 4 42 
54 32 69 10 16 98 43 58 44 34 48 6 74 21 72 31 45 75 47 63 18 99 82 11 4 53 79 96 52 22 71 55 50 23 25 17 95 94 78 62 15 46 8 59 2 39 26 24 3 67 86 91 13 51 66 29 60 65 5 14 12 49 7 30 68 89 28 76 36 56 80 9 85 33 73 87 84 35 40 64 97 90 57 37 92 77 42 100 27 88 19 41 70 83 93 20 1 81 61 38 
95 19 25 36 59 4 2 90 66 3 31 35 17 41 61 46 39 62 78 63 14 60 21 37 26 79 56 94 44 82 64 69 7 12 40 43 51 93 70 33 57 38 16 72 58 42 5 85 87 6 13 67 52 54 49 91 65 88 97 18 75 53 48 23 15 83 68 50 76 28 77 34 20 27 89 30 86 8 71 29 55 1 32 98 80 10 22 45 99 96 47 9 24 100 84 73 11 81 74 92 
46 47 89 37 60 48 71 98 87 72 35 2 31 92 36 97 3 86 44 74 84 8 23 62 17 96 65 90 53 33 19 15 5 38 77 99 68 56 45 70 40 42 81 27 100 21 25 79 95 80 50 32 20 7 55 29 73 69 57 11 67 66 49 85 41 22 26 28 58 63 54 12 39 18 1 93 61 9 24 4 75 78 94 76 82 83 51 14 64 88 10 43 13 6 91 52 16 30 34 59 
70 43 50 91 46 54 29 37 68 5 13 23 53 17 88 52 26 100 61 48 57 58 93 7 2 79 47 18 97 99 11 90 9 59 38 49 95 36 21 24 19 73 41 16 15 83 14 67 28 77 20 1 45 6 27 8 3 32 75 86 25 10 31 4 22 51 42 40 76 35 80 30 66 56 82 64 62 39 33 65 44 63 60 69 85 12 55 34 71 96 84 72 74 98 81 78 92 89 87 94 
3 67 83 61 42 86 27 37 85 99 6 76 22 80 66 16 84 58 95 18 56 29 17 87 13 45 91 21 32 7 64 36 2 52 35 51 24 70 40 59 78 75 62 46 53 1 11 90 5 98 44 71 23 25 41 88 79 30 97 74 19 63 50 48 93 96 12 4 73 60 38 47 9 14 92 33 89 49 81 43 26 100 94 54 20 28 68 72 65 55 8 69 57 39 15 10 82 34 77 31 
100 98 99 96 97 94 95 92 93 90 91 88 89 86 87 84 85 82 83 80 81 78 79 76 77 74 75 72 73 70 71 68 69 66 67 64 65 62 63 60 61 58 59 55 56 57 53 54 51 52 49 50 47 48 45 46 43 44 41 42 39 40 37 38 35 36 33 34 31 32 29 30 27 28 24 25 26 22 23 20 21 18 19 16 17 14 15 12 13 10 11 8 9 6 7 4 5 2 3 1 
1 2 3 4 5 6 7 8 9 10 11 12 13 14 15 16 17 18 19 20 21 22 23 24 25 26 27 28 29 30 31 32 33 34 35 36 37 38 39 40 41 42 43 44 45 46 47 48 49 100 99 98 97 96 95 94 93 92 91 90 89 88 87 86 85 84 83 82 81 80 79 78 77 76 75 74 73 72 71 70 69 68 67 66 65 64 63 62 61 60 59 58 57 56 55 54 50 53 52 51 
7 6 5 4 3 2 1 
7 46 56 45 14 38 25 50 39 13 32 21 19 51 52 26 8 20 24 1 4 23 57 40 28 9 59 54 10 41 53 5 36 11 34 42 17 61 30 27 44 3 12 55 35 43 49 58 18 47 6 16 48 29 22 15 60 31 2 33 62 37 
50 30 51 52 8 71 89 53 61 54 15 23 45 80 95 72 96 73 1 55 81 82 20 74 9 90 83 31 56 24 16 21 97 62 2 63 34 91 46 3 41 92 64 25 84 17 35 57 93 36 10 42 11 18 4 37 58 85 59 75 86 76 12 5 38 47 87 26 27 39 88 40 98 6 32 28 77 78 79 43 29 65 7 66 19 99 13 67 33 68 94 44 14 69 22 60 48 100 49 70 
29 52 22 97 30 83 39 71 72 84 79 60 13 53 35 48 43 16 89 66 31 38 49 23 2 96 70 15 47 77 25 3 50 93 81 5 32 82 63 88 73 40 10 92 36 24 61 100 21 59 64 62 11 87 46 45 76 42 14 17 51 80 56 44 20 41 94 8 65 75 27 69 74 68 7 37 4 98 86 55 19 78 58 26 91 33 99 95 90 28 85 9 67 34 54 6 12 18 1 57 
5 2 1 3 4 39 57 70 71 64 58 79 52 53 14 59 97 34 84 85 86 6 98 87 19 35 47 48 65 43 7 20 21 66 15 88 36 49 8 22 72 27 54 28 80 73 60 74 89 23 29 75 76 40 90 30 44 41 24 25 37 32 67 77 61 16 9 50 17 10 68 91 62 92 93 51 18 33 94 81 55 38 99 69 11 56 100 42 12 45 95 78 96 82 26 31 63 13 46 83 
95 98 21 27 60 59 8 90 26 99 7 23 25 74 44 49 50 88 9 51 77 56 33 91 64 57 61 16 1 70 3 46 2 55 92 72 4 87 45 66 30 100 58 83 94 41 81 96 97 76 38 35 22 15 5 48 67 73 31 36 79 14 93 78 53 69 68 63 75 47 17 65 43 54 12 28 37 32 24 40 62 84 20 85 13 11 19 89 29 10 86 18 34 80 82 71 52 39 42 6 
67 2 87 35 18 61 36 11 99 41 53 58 48 95 13 93 80 56 20 52 14 39 60 3 33 29 4 15 27 96 49 77 100 65 1 31 97 51 71 64 7 30 32 55 92 57 76 88 45 91 24 82 79 37 5 83 12 86 73 40 16 38 70 78 9 69 50 72 94 84 34 89 62 22 26 75 85 10 66 81 8 6 74 59 63 28 44 54 17 47 43 90 19 25 68 46 21 42 23 98 
4 1 2 11 3 12 15 13 6 7 14 5 18 20 21 70 32 8 16 9 10 22 24 25 19 34 28 26 30 31 35 27 36 33 37 38 40 43 17 44 45 41 46 58 39 79 54 29 42 47 56 48 23 50 49 53 59 97 63 51 57 61 66 69 52 73 77 71 60 55 80 72 87 64 68 74 83 84 75 67 85 76 88 86 89 90 78 65 91 92 93 81 62 82 94 95 98 96 100 99 
99 30 5 37 33 9 78 56 58 10 95 22 47 32 90 15 12 86 20 76 14 61 8 55 79 100 1 74 28 38 59 35 93 16 65 41 63 54 17 34 49 40 91 45 43 89 51 60 75 83 94 29 64 7 42 87 31 36 96 18 84 21 6 3 19 25 88 24 27 70 67 81 82 85 39 92 62 73 68 50 46 53 13 72 98 80 97 4 66 52 11 48 71 69 57 2 26 23 44 77 
68 29 36 37 90 91 1 95 5 15 42 99 56 87 40 65 66 83 84 93 61 62 26 22 81 45 27 59 75 39 64 2 20 70 97 32 55 33 44 8 43 51 76 25 80 78 14 3 85 35 13 89 10 54 38 48 18 12 50 79 34 28 11 86 6 63 73 24 71 31 41 67 60 57 88 30 82 52 16 77 74 49 94 47 72 58 19 69 21 53 9 17 23 4 100 98 7 92 46 96 
34 43 22 96 58 31 92 23 14 2 32 18 61 55 89 3 37 13 86 88 5 7 62 8 49 46 70 47 77 12 78 21 27 56 69 25 74 33 76 67 59 94 91 73 40 87 90 36 100 57 95 66 71 93 51 28 54 11 6 85 38 64 81 82 98 44 24 10 65 41 68 83 1 30 9 48 42 63 79 29 20 52 16 80 35 99 53 19 97 15 84 17 39 72 60 4 26 50 45 75 
