3 5 6 2 4 1 
96 37 78 67 64 51 49 92 27 35 99 40 10 33 6 41 82 15 71 73 7 28 13 86 52 63 32 21 25 79 5 85 44 24 89 56 57 31 22 61 53 76 83 11 88 2 98 39 23 12 59 34 72 19 87 84 58 75 68 66 91 62 100 95 81 50 17 97 30 90 60 94 70 26 16 54 38 3 48 65 47 1 93 69 4 55 42 9 18 77 36 80 45 14 74 43 29 46 20 8 
1 2 3 4 5 6 7 8 9 10 11 12 13 14 15 16 17 18 19 20 21 22 23 24 25 26 27 28 29 30 32 31 33 34 35 36 37 38 39 40 41 42 43 44 45 46 47 48 49 50 51 52 53 54 55 56 57 58 59 60 61 62 63 64 65 66 67 68 69 70 71 72 73 74 75 76 77 78 79 80 81 82 83 84 85 86 87 88 89 90 91 92 93 94 95 96 97 98 99 100 
12 1 52 51 53 70 65 60 47 55 76 56 72 44 78 43 57 77 54 48 59 49 73 46 45 63 67 42 79 58 66 74 41 25 21 80 71 75 68 69 40 62 27 29 64 30 61 23 8 10 19 13 35 33 37 28 15 20 4 14 32 34 22 5 39 18 38 16 3 11 2 17 26 9 50 36 24 31 6 7 
75 14 78 86 64 9 99 56 70 100 19 39 97 33 91 44 79 47 90 42 11 4 40 16 5 96 82 22 95 23 28 45 37 35 3 26 88 27 71 34 29 58 89 49 87 62 13 53 20 68 59 41 17 63 1 50 81 51 46 36 72 21 2 24 80 92 55 6 12 67 77 25 84 18 74 76 48 94 7 43 61 69 38 15 30 73 57 52 98 31 54 10 60 93 8 32 65 85 83 66 
40 39 25 4 60 18 32 37 55 3 63 43 31 22 53 52 21 14 13 62 16 6 51 56 61 45 33 24 29 49 26 34 57 67 36 12 68 11 44 27 23 66 15 2 10 38 42 17 20 28 19 47 48 59 5 35 50 41 9 8 64 70 69 65 30 54 1 46 58 7 
1 2 3 4 5 6 7 
25 20 61 35 19 50 41 31 36 21 5 86 49 65 2 60 11 75 76 15 45 44 85 16 80 100 34 18 17 99 33 95 64 66 84 55 51 32 46 81 96 79 78 77 70 98 14 90 89 74 69 40 26 94 10 24 30 9 23 83 48 91 29 13 63 12 6 93 39 28 38 88 59 56 97 54 62 58 4 8 68 47 7 92 37 67 71 73 53 43 42 57 52 1 72 87 82 3 27 22 
18 33 74 32 9 71 65 6 95 59 10 17 22 85 79 23 55 69 90 51 56 53 42 66 48 5 14 41 38 43 73 34 37 97 11 20 13 93 26 62 50 92 100 15 89 7 24 31 82 54 60 87 1 88 72 47 30 63 80 40 28 3 29 77 78 76 16 91 99 44 57 94 58 45 86 39 35 67 2 70 27 52 4 36 25 8 98 21 81 46 61 68 84 75 12 96 49 19 83 64 
4 1 6 63 88 80 87 99 29 70 17 92 28 44 69 42 51 24 3 50 25 64 33 20 38 7 36 78 68 35 18 8 91 5 39 65 54 30 76 89 66 100 79 86 48 31 19 15 16 11 96 74 77 41 9 56 27 84 94 22 90 83 32 57 81 73 62 14 47 98 95 46 26 85 71 10 23 97 59 58 34 55 49 37 67 21 93 72 43 13 61 2 52 45 82 60 75 40 53 12 
98 57 25 4 22 54 36 80 95 58 10 93 81 39 30 86 61 8 43 11 100 27 59 60 88 99 90 29 44 23 72 19 14 7 55 77 64 42 33 89 13 26 96 67 28 76 91 62 69 35 24 40 65 5 87 78 50 47 74 20 66 9 63 85 84 31 3 15 82 97 17 51 38 6 34 94 2 92 70 68 71 16 41 73 1 75 79 18 48 49 32 52 37 21 12 45 46 83 56 53 
5 1 9 2 3 6 4 7 8 
3 7 1 5 8 4 2 6 
15 62 77 21 56 58 95 98 18 23 93 50 5 45 46 94 68 25 85 8 16 27 37 67 75 6 53 96 81 86 76 11 33 19 26 60 41 9 28 69 49 99 29 73 22 13 90 7 70 83 63 20 1 74 92 72 84 17 3 100 44 57 64 71 55 66 47 40 59 14 10 35 12 54 30 2 65 51 88 87 91 38 82 42 78 80 31 52 39 48 36 43 34 4 32 24 79 61 97 89 
1 11 10 3 9 13 2 20 6 8 19 5 17 12 4 14 18 7 16 15 
54 11 43 95 91 94 50 70 87 36 68 51 96 49 58 47 88 98 93 39 59 21 16 31 35 23 61 71 37 85 1 46 77 66 90 81 3 42 53 76 92 22 55 74 65 12 17 34 82 6 100 62 41 73 14 32 84 2 8 44 38 18 15 52 45 26 27 25 24 64 7 78 57 99 79 40 10 20 19 97 63 86 29 75 72 13 67 5 28 89 69 80 4 60 83 9 56 30 48 33 
81 99 49 37 6 69 68 50 61 42 32 67 85 28 95 55 71 47 38 75 44 88 29 89 15 25 13 36 56 54 41 66 70 53 64 12 39 52 65 16 46 62 45 77 76 5 33 72 63 84 86 20 19 23 98 40 73 7 2 30 93 35 31 43 1 58 4 57 74 51 11 14 24 79 3 82 22 26 48 9 83 92 78 96 90 27 100 94 21 34 91 18 17 80 87 8 59 97 10 60 
2 25 40 34 39 82 6 46 22 15 45 19 42 31 35 49 47 37 51 5 32 28 17 27 43 18 20 33 7 23 4 41 48 16 3 9 11 29 24 38 8 44 26 36 14 13 12 30 50 70 21 10 1 53 78 85 97 81 80 83 95 90 66 89 100 59 94 72 84 63 60 67 79 52 65 74 62 93 69 68 99 58 64 77 76 87 71 98 75 91 88 96 54 61 57 55 92 56 73 86 
80 66 59 61 41 88 24 74 37 65 12 68 8 45 40 9 33 72 73 89 86 7 23 76 47 42 3 28 77 5 63 2 60 30 58 15 84 78 18 90 38 91 36 6 39 83 54 70 46 26 32 25 35 57 43 44 19 49 1 71 69 34 13 11 75 56 53 67 16 4 87 64 50 85 27 22 29 31 62 17 21 10 82 14 55 51 48 81 79 20 52 
34 54 49 12 59 18 75 74 20 1 92 30 46 22 58 48 98 94 24 96 7 38 82 29 76 71 32 31 33 70 23 13 63 10 69 14 86 11 62 17 9 44 39 84 60 55 68 52 26 72 6 64 90 79 42 47 56 36 2 78 91 8 4 99 80 21 97 16 28 61 87 100 25 73 67 37 57 85 40 51 15 66 89 35 27 53 45 5 83 3 50 43 41 95 65 19 88 93 81 77 
77 14 55 95 11 22 83 26 30 41 96 45 38 53 74 63 89 94 34 68 85 42 19 27 50 78 39 80 2 75 9 72 69 5 12 25 17 15 6 70 91 66 86 84 46 61 20 47 10 35 21 92 36 56 31 76 1 93 54 81 64 67 3 40 73 7 37 79 57 82 60 23 90 4 51 28 8 29 18 52 32 62 71 13 24 58 48 43 49 59 44 16 87 65 33 88 
2 98 14 79 4 18 23 21 91 12 11 59 56 96 87 40 92 42 97 94 10 50 41 81 32 6 9 51 58 17 20 5 55 89 36 93 54 61 43 7 13 63 64 74 47 39 84 71 8 27 83 26 90 86 16 69 29 33 28 44 72 1 75 100 46 88 77 30 19 31 3 60 68 34 80 57 37 62 49 52 38 99 25 22 66 15 48 35 73 85 24 76 45 67 65 53 95 70 82 78 
18 19 66 72 17 74 91 25 53 65 45 41 11 20 28 51 81 22 36 85 93 62 24 80 46 47 71 58 87 5 59 44 76 7 98 15 34 90 96 77 99 92 40 39 69 16 57 75 29 27 78 21 68 48 14 56 10 3 60 9 32 67 50 12 13 61 1 33 42 86 94 2 70 83 88 63 26 37 4 54 79 43 38 6 100 49 31 64 89 30 8 35 84 97 23 82 52 73 95 55 
