1 5 6 10 13 14 16 19 24 28 29 33 34 37 39 41 42 44 45 47 48 49 53 56 57 58 60 62 63 65 66 68 69 70 74 77 80 82 83 84 85 86 87 91 93 94 96 99 100 2 3 4 7 8 9 11 12 15 17 18 20 21 22 23 25 26 27 30 31 32 35 36 38 40 43 46 50 51 52 54 55 59 61 64 67 71 72 73 75 76 78 79 81 88 89 90 92 95 97 98 
2 4 3 1 
2 3 4 9 10 13 26 28 29 30 31 35 49 53 60 71 77 78 80 84 85 89 94 95 96 99 98 83 73 70 65 62 61 52 51 34 33 14 1 5 11 12 19 23 24 27 32 37 38 40 41 44 46 48 50 55 58 59 63 64 67 72 75 76 79 81 87 90 93 100 97 92 91 88 86 82 74 69 68 66 57 56 54 47 45 43 42 39 36 25 22 21 20 18 17 16 15 8 7 6 
1 7 15 21 22 24 25 29 32 36 38 39 42 43 52 53 56 58 59 61 62 64 65 67 74 77 78 79 82 84 86 100 99 87 80 76 75 57 55 27 19 9 3 2 4 13 17 20 23 30 34 35 37 41 44 48 50 51 60 66 68 71 72 73 81 90 91 92 93 94 96 98 97 95 89 88 85 83 70 69 63 54 49 47 46 45 40 33 31 28 26 18 16 14 12 11 10 8 6 5 
29 35 37 42 44 50 51 53 55 56 57 59 61 65 67 70 71 73 74 75 77 79 81 82 84 87 90 93 95 96 98 99 14 4 31 33 36 38 39 40 41 43 45 46 47 48 49 52 54 58 60 62 63 64 66 68 69 72 76 78 80 83 85 86 88 89 91 92 94 97 100 34 32 30 28 27 26 25 24 23 22 21 20 19 18 17 16 15 13 12 11 10 9 8 7 6 5 3 2 1 
6 7 1 2 3 5 4 
5 6 7 9 13 14 15 16 17 24 25 27 29 33 35 39 42 43 50 51 52 54 57 59 62 67 71 75 78 79 80 81 83 84 89 91 92 95 99 98 94 93 88 74 69 68 65 61 55 47 45 41 38 37 36 26 23 20 18 10 1 2 3 4 11 22 31 32 34 46 48 49 53 56 58 60 63 64 66 72 76 85 86 96 97 90 87 82 77 73 70 44 40 30 28 21 19 12 8 
3 4 6 11 14 16 17 20 23 25 27 32 34 36 38 43 44 47 49 51 54 55 59 60 61 62 63 67 69 71 72 73 75 77 78 80 81 86 87 88 90 95 96 99 97 93 91 79 74 68 64 58 56 53 42 41 39 33 30 28 26 24 21 15 13 10 9 8 1 7 12 18 31 35 37 45 46 52 57 66 70 76 82 84 89 92 94 98 85 83 65 50 48 40 29 22 19 5 2 
2 3 6 7 9 10 11 12 17 18 24 25 26 27 29 30 33 41 43 44 45 46 47 48 49 42 31 28 20 13 1 14 15 16 21 22 32 34 35 37 38 39 50 40 36 23 19 8 5 4 
2 9 12 13 16 31 40 46 48 50 52 53 56 57 60 62 63 64 65 67 69 71 72 73 75 77 81 82 83 84 85 87 88 90 91 92 93 94 95 96 98 100 76 61 45 41 35 27 24 22 17 14 6 4 10 20 21 23 25 30 32 34 37 38 39 42 43 44 51 54 55 58 59 66 68 70 74 78 79 80 86 89 97 99 49 47 36 33 29 28 26 19 18 15 11 8 7 5 3 1 
2 8 9 11 12 14 17 18 20 23 27 29 30 35 36 37 41 42 45 48 51 54 57 58 60 61 63 64 65 69 70 72 73 75 76 78 79 82 84 85 86 87 90 91 94 1 3 4 5 6 7 10 13 15 16 19 21 22 24 25 26 28 31 32 33 34 38 39 40 43 44 46 47 49 50 52 53 55 56 59 62 66 67 68 71 74 77 80 81 83 88 89 92 93 95 96 
1 9 5 2 3 6 10 8 7 4 
2 4 5 6 14 19 21 25 28 30 31 32 33 40 52 57 58 61 62 68 69 74 77 81 85 86 91 92 97 98 99 67 9 7 3 11 12 13 15 17 18 20 22 24 26 34 35 36 37 38 39 42 43 44 46 47 48 49 50 51 53 54 55 56 59 60 63 64 66 70 73 75 76 79 80 82 83 84 87 88 89 93 94 95 96 100 90 78 72 71 65 45 41 29 27 23 16 10 8 1 
6 8 10 11 12 31 32 33 42 43 46 49 51 52 53 54 55 58 60 67 74 85 93 94 95 96 97 98 99 92 87 83 82 81 78 69 66 61 57 45 39 37 35 28 24 23 22 20 19 17 15 2 1 4 14 18 25 26 29 34 36 44 48 50 56 59 68 73 75 76 77 79 84 100 91 90 89 88 86 80 72 71 70 65 64 63 62 47 41 40 38 30 27 21 16 13 9 7 5 3 
1 4 7 9 14 15 18 22 27 28 29 30 32 35 37 42 44 49 50 57 61 64 65 67 75 89 91 93 95 97 99 100 98 96 92 90 86 85 83 82 80 69 68 63 54 43 31 24 23 17 13 5 2 11 12 19 26 38 40 41 45 47 55 59 71 72 73 74 81 94 88 87 84 79 78 77 76 70 66 62 60 58 56 53 52 51 48 46 39 36 34 33 25 21 20 16 10 8 6 3 
1 4 5 7 14 16 17 20 21 23 24 25 28 29 33 38 43 47 48 53 54 55 58 61 62 71 72 74 77 82 86 90 95 97 99 96 89 85 83 81 80 69 68 64 45 44 35 31 22 15 12 11 10 8 6 19 26 27 32 36 41 50 56 57 60 63 66 67 73 76 79 84 88 92 93 98 100 94 91 87 78 75 70 65 59 52 51 49 46 42 40 39 37 34 30 18 13 9 3 2 
12 13 19 22 26 28 34 37 42 44 46 48 50 54 56 61 62 64 66 70 2 4 6 9 10 14 17 18 20 21 23 24 30 33 36 38 41 43 45 47 52 53 55 57 59 60 63 65 67 68 69 71 72 58 51 49 40 39 35 32 31 29 27 25 16 15 11 8 7 5 3 1 
4 5 6 8 12 14 16 26 29 31 32 37 41 43 44 46 49 53 55 59 61 64 69 76 77 83 85 88 93 96 98 97 86 78 70 66 65 62 58 45 38 34 28 27 20 17 11 9 3 2 1 7 10 13 15 19 24 25 30 36 39 40 47 57 67 74 75 79 100 99 95 94 92 91 90 89 87 84 82 81 80 73 72 71 68 63 60 56 54 52 51 50 48 42 35 33 23 22 21 18 
1 5 7 8 11 17 19 32 35 36 38 40 43 45 49 53 55 57 60 61 72 75 76 77 80 86 87 89 90 93 94 95 96 83 79 68 67 52 29 28 24 12 10 3 4 6 13 15 16 21 22 23 31 33 34 37 46 47 50 51 54 56 62 63 64 65 66 69 70 71 73 84 88 98 99 100 97 92 91 85 82 81 78 74 59 58 48 44 42 41 39 30 27 26 25 20 18 14 9 2 
2 4 6 7 14 18 22 31 34 38 40 43 45 46 49 50 51 53 55 56 60 61 64 68 71 72 75 82 84 85 89 90 91 95 98 80 78 77 67 66 59 44 42 36 35 28 26 25 10 3 5 8 11 12 13 19 20 24 29 30 39 52 54 63 83 86 87 88 96 100 99 97 94 93 92 81 79 76 74 73 70 69 65 62 58 57 48 47 41 37 33 32 27 23 21 17 16 15 9 1 
10 12 17 21 22 23 30 31 34 42 46 48 53 58 61 65 67 68 80 83 85 89 92 91 90 82 81 72 54 52 51 41 36 35 32 27 25 16 14 11 8 3 2 1 4 7 9 13 15 20 26 28 39 40 47 59 60 63 66 73 75 77 79 95 97 99 100 98 96 94 93 88 87 86 84 78 76 74 71 70 69 64 62 57 56 55 50 49 45 44 43 38 37 33 29 24 19 18 6 5 
28 29 32 33 34 35 37 39 40 42 43 44 45 46 47 49 51 52 53 55 56 57 64 65 67 69 70 77 76 75 74 73 27 26 25 24 23 22 21 20 18 17 16 15 14 13 12 10 9 8 7 6 5 3 11 19 30 31 36 38 41 48 50 54 81 80 79 78 72 71 68 66 63 62 61 60 59 58 4 2 1 
4 7 9 13 14 16 17 24 27 30 33 34 44 45 47 55 60 61 69 70 85 89 92 93 96 97 99 100 88 81 79 77 73 62 40 37 25 12 11 5 3 15 20 22 23 28 29 35 39 41 43 48 49 50 51 52 53 57 64 65 66 71 74 75 78 80 82 86 94 95 98 91 90 87 84 83 76 72 68 67 63 59 58 56 54 46 42 38 36 32 31 26 21 19 18 10 8 6 2 1 
