1 2 3 4 5 6 
37 78 58 24 49 81 6 28 66 44 41 73 22 57 32 92 15 71 17 90 96 72 79 82 51 64 33 40 21 5 67 10 61 59 53 86 83 19 75 87 7 39 11 2 89 56 85 3 25 84 68 99 63 27 88 76 35 69 94 91 97 48 50 18 47 100 31 80 46 93 62 74 52 98 60 30 4 16 77 38 36 43 54 26 23 8 12 1 65 95 14 55 45 34 9 29 13 20 42 70 
7 3 12 43 31 15 11 1 45 4 5 9 8 19 10 33 32 6 23 27 2 17 41 16 30 28 18 39 42 46 13 25 40 20 47 44 50 24 34 49 38 37 29 21 48 14 26 35 36 22 56 87 53 76 66 57 51 55 74 58 52 67 63 78 73 75 65 71 61 95 93 94 84 80 98 59 68 60 89 72 88 64 70 79 69 90 62 54 100 82 97 77 86 83 92 99 91 96 81 85 
7 9 5 3 16 6 15 10 59 1 49 52 51 45 66 77 43 72 74 65 46 4 13 79 11 14 78 71 44 57 63 42 58 62 8 47 75 12 55 2 80 76 64 50 48 56 69 73 67 53 68 70 60 54 41 32 61 33 22 23 25 18 29 31 27 35 21 37 26 34 24 36 20 39 17 19 38 40 30 28 
100 26 43 85 30 91 10 4 68 92 60 94 95 12 20 7 39 47 65 56 98 63 61 49 50 44 62 46 76 38 1 70 53 40 13 33 96 23 45 27 71 9 6 80 28 99 8 15 41 36 82 29 58 89 59 88 2 17 72 35 83 32 75 22 64 3 5 87 97 14 11 81 24 37 73 51 90 42 19 21 93 78 55 52 34 79 86 74 57 77 31 25 16 54 66 18 69 48 67 84 
55 33 18 51 26 28 56 47 57 67 3 37 52 12 38 63 53 36 68 31 66 24 42 60 6 2 32 45 39 20 25 15 7 48 30 13 22 23 14 4 40 64 62 29 21 35 5 59 17 61 9 16 50 49 11 27 8 69 44 43 10 19 1 46 34 65 70 58 41 54 
1 2 3 6 4 5 7 
75 86 45 35 30 55 4 36 40 66 16 50 49 29 15 11 65 85 20 39 91 61 100 10 25 89 70 54 44 95 41 79 34 80 56 14 94 51 5 21 71 1 60 84 46 19 6 31 76 9 26 24 69 64 74 99 90 59 81 96 88 58 93 48 67 83 33 32 53 43 13 98 47 38 37 62 3 28 68 73 82 78 18 63 27 57 2 92 52 12 77 97 42 8 87 17 7 23 22 72 
22 50 18 63 76 74 41 79 56 78 59 4 85 25 93 47 54 23 11 12 32 17 38 35 36 26 80 33 96 43 3 45 7 34 42 5 52 69 49 51 97 91 65 88 73 16 58 100 90 66 30 1 87 55 62 82 40 39 53 19 89 60 14 9 77 20 13 10 6 28 67 2 31 15 95 61 92 99 70 72 75 71 94 46 21 27 86 84 24 29 83 64 57 98 81 68 48 44 37 8 
51 80 86 56 9 92 16 6 88 43 32 83 22 31 70 10 1 46 65 42 24 8 4 78 50 7 26 58 66 74 87 96 41 73 54 100 15 64 53 34 99 17 68 90 48 19 63 67 23 3 61 85 29 11 44 47 38 25 28 57 69 45 33 71 18 20 5 36 37 27 93 40 89 94 39 91 13 55 49 76 75 84 14 52 97 60 95 81 79 59 2 72 30 77 62 82 12 21 35 98 
36 55 22 86 10 33 100 98 31 88 69 59 58 43 39 99 80 16 91 62 8 93 81 51 23 44 72 40 14 83 29 96 27 89 77 90 48 76 61 57 11 7 28 65 54 20 19 30 67 4 60 95 64 3 25 5 50 38 84 63 92 6 26 85 73 97 45 66 68 41 87 18 94 56 78 17 79 47 82 70 9 2 35 13 75 1 15 42 37 71 52 74 32 34 49 53 46 21 24 12 
1 2 9 5 3 7 6 8 4 
1 7 3 8 5 2 4 6 
15 8 27 50 93 37 57 30 33 63 49 34 12 24 42 2 21 7 67 5 88 46 75 1 66 10 60 100 38 97 98 62 22 94 39 44 40 43 25 13 9 55 65 77 58 16 70 53 85 48 6 76 4 80 47 32 23 69 45 31 95 96 35 81 90 86 29 14 78 92 3 83 26 99 54 11 59 17 19 71 73 84 52 74 72 20 91 79 36 56 64 68 28 87 51 18 41 82 89 61 
1 20 13 4 6 12 8 9 17 5 2 10 19 7 3 16 11 15 14 18 
25 31 38 36 51 55 49 79 11 88 85 23 53 14 78 43 68 16 95 84 1 47 58 94 63 15 87 42 35 81 91 46 96 61 26 70 98 57 77 59 19 65 74 22 92 50 21 7 100 66 90 34 72 54 3 18 76 27 89 71 12 17 99 20 82 24 5 6 73 39 8 44 10 45 80 97 64 9 93 56 4 52 67 13 40 83 60 86 69 41 62 2 28 48 32 30 37 29 75 33 
72 76 35 25 99 95 67 43 55 83 75 33 77 10 56 38 39 94 71 58 34 32 47 88 36 6 98 42 37 73 96 7 93 89 24 46 23 51 78 97 63 74 80 65 70 59 90 69 52 64 54 14 61 15 81 40 16 84 13 86 48 22 41 26 92 85 53 66 1 82 87 2 44 68 79 31 49 91 62 45 5 57 3 12 50 60 27 9 18 11 28 20 8 19 30 21 4 17 29 100 
16 27 17 23 32 14 4 25 30 38 40 28 6 5 15 21 12 42 26 39 37 35 8 22 7 46 24 31 10 3 9 44 47 11 20 49 50 51 19 33 34 13 45 2 36 18 48 43 41 29 1 67 61 92 90 55 57 77 58 87 76 70 97 74 89 95 85 65 91 71 72 80 93 99 73 69 53 54 66 88 100 98 63 56 86 82 62 79 60 78 83 96 59 68 94 64 84 81 52 75 
86 3 66 33 47 12 9 41 31 2 58 74 36 5 7 40 80 21 35 76 8 83 22 72 37 49 45 84 15 24 89 73 54 60 88 63 61 19 42 90 68 65 46 32 59 30 57 25 28 87 39 44 38 20 53 11 77 91 56 1 69 23 70 67 34 75 48 18 16 55 82 27 79 6 43 14 51 4 13 10 52 29 62 85 78 81 71 64 50 17 26 
92 39 75 60 18 98 46 30 11 89 29 70 36 20 96 40 54 82 32 13 90 28 100 23 94 63 59 62 71 69 52 38 4 86 49 72 12 26 24 74 17 91 34 22 1 58 76 33 14 55 6 79 64 7 48 45 68 77 5 84 9 27 2 85 57 8 97 53 35 66 51 10 78 80 87 3 25 47 88 50 95 21 16 67 61 99 37 31 42 81 15 56 65 73 41 43 44 83 19 93 
1 7 8 9 13 14 17 18 19 22 25 26 30 31 33 34 35 37 38 41 42 43 44 45 47 48 49 59 60 63 64 65 66 72 73 74 77 79 80 81 82 83 85 86 89 90 91 93 94 95 55 2 3 4 5 6 10 11 12 15 16 20 21 23 24 27 28 29 32 36 39 40 46 50 51 52 53 54 56 57 58 61 62 67 68 69 70 71 75 76 78 84 87 88 92 96 
72 17 14 10 50 2 97 40 16 47 61 1 74 20 98 88 71 79 3 23 56 63 7 4 21 93 94 12 9 41 58 64 83 8 96 27 18 36 91 11 54 43 81 32 42 69 26 59 60 87 51 39 15 86 89 38 44 5 73 100 45 29 99 84 35 52 31 25 76 46 6 62 37 34 68 77 90 19 78 70 85 53 67 28 57 82 48 49 22 95 92 55 66 13 24 30 65 33 80 75 
19 68 17 62 4 39 28 22 24 18 47 98 74 93 96 67 16 51 57 58 15 65 12 14 5 41 72 69 77 53 71 59 46 81 85 44 76 63 82 33 86 91 50 11 75 10 87 48 92 20 25 29 100 36 90 99 66 56 38 80 52 2 9 95 1 23 88 42 21 83 70 8 54 32 94 45 64 7 35 97 84 78 13 60 30 79 55 3 73 34 6 27 37 49 26 61 43 31 40 89 
53 78 8 64 66 31 32 67 30 18 99 60 65 28 56 11 70 46 1 68 87 41 35 5 19 45 59 42 34 94 79 89 93 25 49 51 63 88 54 21 75 73 24 37 15 27 58 77 13 69 100 71 48 9 85 44 86 55 83 36 12 22 72 91 84 14 23 39 76 43 97 4 47 26 6 82 96 90 2 61 81 7 57 92 52 74 38 80 17 98 50 40 95 3 16 10 62 20 29 33 
67 17 93 69 68 4 34 16 92 84 88 90 95 15 7 22 53 78 89 75 45 6 48 56 97 85 81 20 86 40 41 98 61 87 28 50 14 13 77 49 80 57 76 82 9 54 46 43 33 60 63 91 8 72 44 94 59 12 64 55 73 31 23 74 38 5 11 2 52 25 71 1 27 99 70 24 65 37 39 100 35 47 18 26 19 66 96 21 79 32 83 58 42 62 3 51 36 10 30 29 
98 2 69 10 86 8 1 42 93 16 22 7 68 5 37 79 21 92 41 56 3 57 71 47 9 90 26 77 25 6 62 28 4 75 45 61 31 87 84 64 78 53 91 40 83 11 49 66 43 44 82 13 39 32 95 34 96 14 50 15 65 60 17 55 63 94 48 74 99 33 80 76 100 58 29 72 35 24 38 70 20 89 88 30 27 23 67 19 46 36 12 54 52 59 97 85 51 81 73 18 
15 48 60 32 94 40 76 50 92 41 55 53 19 47 46 85 6 11 72 96 86 29 36 74 95 26 13 75 59 77 12 56 14 33 62 63 16 98 87 97 25 20 70 43 68 34 84 38 61 28 100 2 37 81 79 44 9 80 69 78 65 4 91 21 30 89 52 5 64 10 23 93 67 7 39 49 42 18 54 58 73 27 45 35 8 83 71 82 24 31 51 22 90 88 66 57 17 99 3 1 
100 72 14 15 78 18 86 41 20 30 91 31 85 12 90 83 32 67 52 22 49 21 6 46 95 64 63 26 69 68 24 35 87 99 82 50 97 55 73 70 44 1 75 48 19 92 42 37 7 9 74 34 33 5 45 79 27 40 98 39 65 76 51 57 88 81 36 16 11 23 17 2 71 84 96 43 93 66 3 28 25 89 53 4 80 54 10 58 62 47 61 77 60 29 8 59 94 56 13 38 
90 18 1 78 41 71 30 84 70 94 19 4 36 29 32 57 77 67 88 39 5 9 13 87 24 22 63 46 20 34 26 14 66 96 11 74 75 54 89 68 21 72 61 58 56 45 59 69 98 99 27 40 64 43 55 28 73 82 76 53 44 100 93 95 42 48 6 3 35 33 81 17 60 50 23 83 7 86 65 10 2 16 97 8 85 38 15 79 80 51 12 92 25 37 62 52 31 49 91 47 
90 57 33 43 24 68 41 29 38 15 6 2 47 48 16 42 95 17 21 14 87 71 23 25 34 30 86 9 55 3 61 44 46 56 45 7 35 75 74 64 83 11 26 91 53 27 8 37 32 98 4 69 72 65 40 60 73 13 77 36 54 22 18 62 84 81 99 10 96 76 1 89 93 78 67 92 58 88 50 82 100 51 5 39 80 85 20 94 31 28 97 12 79 19 52 49 70 59 63 66 
10 2 97 98 51 76 94 8 68 28 9 43 48 74 26 13 55 65 79 52 12 49 27 88 32 35 34 89 4 93 46 96 50 58 40 61 75 31 81 100 19 90 41 6 80 59 54 70 99 72 63 82 78 1 45 69 62 7 3 73 23 37 24 77 18 84 86 21 29 36 14 67 87 30 64 47 11 22 60 83 17 33 53 71 66 57 92 38 5 20 91 85 16 95 56 42 44 25 39 15 
36 26 95 81 79 77 55 87 78 84 14 68 20 82 91 10 16 9 24 74 88 76 6 43 60 37 96 72 3 66 100 38 67 90 61 7 44 50 53 86 56 22 30 32 52 33 59 98 18 73 99 49 34 47 45 11 89 65 21 1 63 93 51 23 58 8 70 94 39 41 31 62 29 28 15 85 57 40 42 19 69 97 92 5 13 54 35 83 17 64 25 12 80 4 71 75 48 27 2 46 
2 11 7 3 1 20 12 10 93 15 38 17 14 98 9 86 18 30 4 89 99 5 84 13 22 31 97 37 8 100 91 24 94 81 85 83 23 96 29 92 6 95 25 88 16 19 82 87 27 90 21 71 69 35 63 34 78 67 44 64 68 55 80 53 77 32 61 49 50 51 70 33 76 28 75 54 40 59 65 39 45 60 73 26 56 58 66 48 41 72 43 79 52 62 47 36 74 57 46 42 
4 2 1 8 6 5 7 9 10 3 
5 43 59 4 19 24 15 53 49 58 40 8 33 35 3 25 13 29 31 28 39 45 9 44 11 60 56 21 1 20 48 54 23 51 55 7 12 50 36 16 41 46 38 27 34 17 26 30 6 32 18 47 14 22 57 10 2 42 37 52 
21 44 61 60 70 29 66 38 97 93 20 58 30 98 33 45 17 32 8 26 52 95 2 37 90 92 23 35 34 25 31 3 77 49 54 86 36 56 42 100 59 24 53 15 18 50 89 69 81 62 87 99 22 9 63 41 55 83 14 91 79 27 13 94 19 74 96 11 7 80 40 57 43 65 88 73 85 6 75 46 4 51 39 72 5 76 1 71 78 10 68 48 16 82 67 84 28 12 47 64 
17 40 38 9 43 50 5 22 3 34 12 10 21 11 39 32 52 36 49 8 54 31 30 46 48 60 42 27 25 33 51 47 59 1 16 35 6 63 15 2 61 45 28 53 14 55 57 64 13 37 62 4 24 41 56 23 29 44 58 26 7 19 18 20 
69 21 47 43 14 68 75 61 46 58 26 64 6 72 17 67 39 48 60 36 62 95 65 38 55 49 79 13 71 90 37 2 59 87 24 66 4 53 16 82 57 35 15 70 44 50 63 3 45 25 98 54 10 76 34 51 52 19 40 100 41 11 94 29 42 99 89 81 91 8 28 30 32 56 88 7 96 77 12 97 1 23 33 86 78 83 9 22 73 92 80 18 85 20 5 74 31 27 93 84 
48 17 9 49 3 18 38 10 12 2 8 25 44 26 14 4 39 36 7 31 19 1 23 50 6 29 28 5 20 24 11 30 21 42 13 40 45 46 47 34 33 32 35 27 43 16 15 41 37 22 
93 41 99 48 17 1 83 77 66 81 67 59 42 25 24 80 91 5 98 10 12 58 69 32 90 55 70 85 28 64 97 39 14 43 9 75 27 11 96 16 62 26 36 38 44 49 6 84 95 3 94 92 2 33 57 74 46 63 54 22 79 65 52 4 29 13 19 71 47 31 30 100 60 68 76 23 18 8 56 82 20 73 53 45 51 78 15 37 7 61 21 87 40 86 89 34 72 35 88 50 
5 87 11 94 83 79 36 25 47 1 55 85 15 71 51 14 65 8 20 32 18 59 31 88 66 78 69 67 39 22 4 26 6 89 76 27 40 9 44 37 28 10 46 96 73 12 60 21 99 81 77 97 2 48 100 64 62 63 57 35 52 95 82 23 53 72 91 93 70 38 58 90 74 17 43 86 29 41 16 61 24 3 7 50 13 19 92 80 84 75 49 34 98 45 30 33 68 56 54 42 
68 4 31 97 82 33 77 23 32 36 21 14 56 70 66 76 54 10 99 26 30 35 92 85 13 22 39 45 73 59 5 61 74 96 57 42 37 34 47 19 6 51 43 1 89 60 69 100 9 63 52 86 75 28 88 49 72 8 25 58 81 40 91 20 7 29 24 84 50 38 71 55 98 48 53 3 67 11 93 15 64 90 18 41 2 17 12 62 79 46 83 65 94 16 44 95 78 80 87 27 
17 35 45 10 70 68 79 98 16 29 31 97 44 100 32 87 53 13 77 3 67 47 54 2 28 19 1 24 11 86 20 66 64 30 71 96 94 63 15 26 85 78 56 40 9 62 50 14 5 99 92 81 8 41 95 6 25 76 72 46 82 42 34 73 18 75 49 61 7 84 37 80 55 4 60 33 21 83 90 57 36 39 74 52 89 69 43 59 23 12 58 51 27 38 48 88 65 91 93 22 
52 92 1 81 15 8 24 76 7 97 10 48 27 2 77 25 32 29 58 26 14 3 13 91 9 16 11 93 35 12 28 23 98 22 33 31 59 34 6 41 80 42 75 99 19 86 43 40 51 61 21 30 78 82 54 85 66 62 96 49 53 63 57 64 60 46 90 79 39 67 47 20 95 37 56 17 55 68 89 83 18 36 4 94 65 50 72 70 44 87 74 100 84 69 45 71 88 73 38 5 
28 100 96 58 66 89 72 82 67 78 73 71 83 47 69 22 74 77 54 49 52 76 65 88 86 91 53 43 90 75 44 59 30 64 25 36 81 92 97 85 39 79 80 63 60 87 33 84 93 70 1 41 51 62 23 45 40 31 32 7 15 4 50 99 42 19 35 11 13 34 16 46 5 55 2 68 38 8 21 24 26 27 3 95 57 20 9 17 18 61 14 94 29 6 48 10 37 12 56 98 
37 60 70 76 5 56 46 78 38 21 17 10 63 98 44 97 24 99 54 74 87 27 57 81 13 4 9 73 55 79 14 83 7 8 71 32 93 45 41 77 51 26 47 2 64 62 75 33 92 50 49 59 84 11 96 22 39 28 36 80 61 6 29 1 30 48 90 31 91 40 53 82 42 100 25 43 66 12 86 18 95 68 85 34 69 72 15 3 89 20 16 65 52 88 94 58 35 19 67 23 
28 40 97 85 72 70 44 63 15 8 14 19 61 25 93 55 76 9 53 10 30 96 75 12 16 18 95 79 90 5 41 80 65 99 35 77 42 67 13 21 37 98 94 31 82 69 3 86 23 17 73 100 20 39 89 71 38 33 60 62 83 7 58 47 78 6 45 11 91 22 54 84 68 88 51 57 81 1 64 52 56 26 27 32 74 66 24 87 34 36 29 59 49 48 92 2 43 4 46 50 
2 67 25 79 69 44 55 36 5 17 30 64 98 22 73 27 75 11 76 26 96 63 6 92 91 74 62 19 66 45 90 99 18 95 10 48 13 3 8 58 52 80 94 93 84 4 1 38 32 24 88 37 56 7 61 100 40 34 65 89 85 68 41 71 87 49 51 57 72 35 43 31 50 78 70 46 97 42 21 54 20 23 82 29 60 77 86 16 28 53 59 15 39 83 12 81 14 33 47 9 
65 96 79 36 72 53 29 88 14 75 45 27 18 92 2 20 23 70 80 58 49 11 12 24 91 32 46 95 7 9 59 73 44 21 30 37 54 25 99 85 63 97 41 16 38 77 76 62 55 10 3 78 66 83 56 35 34 67 87 26 19 8 61 17 47 51 43 50 81 68 28 98 57 5 39 6 71 100 42 31 89 40 1 74 93 69 60 94 64 13 90 4 84 82 22 48 52 33 15 86 
92 78 33 84 7 94 96 34 26 41 17 85 48 75 65 68 43 80 88 66 63 55 10 86 57 49 3 45 76 35 25 64 44 79 73 89 71 42 4 83 18 24 61 21 98 90 13 91 67 40 50 38 16 2 77 1 99 6 15 56 58 19 62 60 59 30 82 100 69 46 9 31 32 23 72 97 14 22 47 27 12 39 36 53 95 51 20 37 52 74 87 28 11 54 8 70 93 81 29 5 
25 59 60 48 17 47 86 95 68 18 23 29 77 73 42 7 8 58 16 70 10 81 54 83 14 28 5 71 53 78 98 92 93 11 90 44 6 24 69 39 50 65 43 80 34 37 99 38 13 33 64 22 94 62 9 21 4 35 79 32 49 61 20 87 30 1 74 41 100 96 75 82 63 45 36 89 97 66 88 3 85 2 57 72 55 27 51 15 76 31 52 19 67 26 91 84 12 56 40 46 
6 2 30 44 29 19 28 9 38 10 5 42 41 4 50 17 43 35 8 1 12 18 27 49 25 36 24 40 39 33 22 14 46 26 11 31 47 15 20 3 16 32 21 34 37 48 23 13 45 7 
20 22 77 59 9 17 72 86 51 75 63 32 98 26 31 87 82 79 67 95 4 29 1 40 74 23 44 93 81 36 90 97 64 60 83 43 42 70 100 68 49 50 2 5 24 57 39 48 14 84 54 3 19 53 91 96 46 99 52 71 94 12 6 16 37 85 15 41 27 92 61 35 25 76 89 30 73 33 34 56 66 69 8 21 13 58 78 28 10 55 45 38 88 80 65 11 47 18 7 62 
31 40 14 34 10 23 49 44 12 32 100 15 21 50 41 4 1 18 35 36 24 5 46 47 16 6 37 22 20 7 38 42 8 17 30 29 27 11 2 33 45 19 39 9 28 25 43 3 26 48 13 89 57 51 73 96 91 92 56 52 99 53 58 85 82 98 93 94 59 63 66 87 70 77 54 83 67 88 60 61 84 97 75 76 79 80 86 68 74 62 71 64 69 81 95 72 55 65 90 78 
20 66 63 99 43 74 80 41 15 90 69 100 57 4 10 24 5 14 67 96 70 25 35 76 16 23 2 88 85 68 49 19 53 58 8 31 64 44 50 83 59 84 38 45 22 46 13 34 89 33 94 60 52 28 79 62 48 61 36 77 97 7 47 26 42 9 78 37 51 98 75 65 72 21 93 40 73 82 71 30 27 91 87 54 92 55 56 18 95 17 11 3 12 86 81 6 39 32 29 1 
53 82 64 93 79 3 45 47 70 5 49 68 71 25 81 67 40 35 28 15 44 69 14 1 6 27 55 85 9 90 8 98 72 88 16 94 73 77 12 96 32 65 42 83 97 91 66 87 48 52 21 2 75 29 60 92 99 59 37 13 62 38 57 74 56 63 51 7 76 20 4 11 41 61 80 46 86 18 43 78 34 17 33 10 24 50 36 19 84 39 23 30 58 54 89 31 26 95 22 
22 42 49 11 55 41 63 39 97 13 77 88 100 21 94 71 14 25 73 56 26 51 61 58 89 16 40 32 30 59 95 62 44 17 20 10 1 33 65 78 81 79 18 43 93 46 7 87 69 86 57 8 45 83 76 6 31 28 96 50 98 70 72 12 27 85 91 66 99 48 92 23 54 84 3 29 60 5 34 38 4 75 68 53 52 67 47 90 2 36 80 15 82 24 19 64 37 9 35 74 
54 67 57 64 27 78 37 88 98 29 24 94 47 58 28 87 79 34 77 89 84 9 74 99 8 59 68 38 17 48 71 69 49 44 31 41 91 97 19 61 7 4 39 21 18 11 14 81 51 1 22 30 43 96 5 100 46 86 6 26 23 42 83 52 56 32 66 45 35 12 82 20 92 80 75 16 85 95 2 3 40 76 72 62 13 53 90 93 15 55 10 50 65 33 25 73 60 70 63 36 
92 32 3 65 98 74 14 44 62 61 26 17 13 18 41 73 51 21 19 43 31 87 60 99 11 77 72 16 10 67 79 100 95 35 28 93 63 7 83 56 40 38 29 94 20 69 88 39 9 89 64 4 53 6 91 58 82 50 34 47 52 12 2 25 42 33 30 78 1 75 70 54 45 27 15 23 36 84 49 80 71 5 76 68 55 48 37 81 24 85 8 66 57 59 90 46 97 86 22 96 
56 24 26 70 2 29 48 30 49 1 16 3 69 7 66 11 46 4 36 38 44 68 58 59 23 8 21 45 43 17 62 13 40 54 71 61 67 10 52 37 72 18 51 27 64 9 32 57 42 20 39 14 73 31 19 25 63 60 33 55 12 28 22 65 47 34 41 6 50 5 53 35 15 
78 83 86 68 79 61 74 53 64 76 73 82 85 72 95 80 69 98 87 81 71 94 60 51 99 91 70 90 67 100 56 66 59 75 52 96 89 93 88 54 84 62 58 92 63 55 57 77 65 97 33 43 19 37 30 16 25 50 23 11 42 28 44 3 22 1 15 49 5 10 29 35 34 45 31 24 9 39 38 21 20 32 7 40 4 8 6 47 17 27 26 13 12 46 2 41 18 14 36 48 
10 69 31 36 3 49 44 78 11 26 6 7 21 80 30 2 79 14 38 72 34 100 59 52 47 84 64 33 45 89 92 71 1 19 46 51 85 60 35 82 12 56 96 37 75 81 24 50 90 43 23 40 83 67 88 53 70 32 65 27 94 16 95 39 86 66 97 58 55 22 93 25 41 57 20 5 29 77 91 74 8 17 63 73 61 9 48 28 18 54 68 4 62 87 42 13 99 76 15 98 
59 44 76 48 33 58 32 49 45 43 13 27 84 5 11 35 69 22 20 67 9 68 7 2 74 1 12 40 8 34 65 46 63 61 36 70 39 18 52 57 66 73 25 75 80 16 38 26 78 77 21 14 83 6 30 3 23 51 60 47 79 56 64 62 17 50 55 81 82 72 37 42 53 31 71 85 29 10 19 41 24 15 28 54 4 
53 23 95 52 14 24 34 46 8 6 5 81 60 3 32 41 43 17 47 2 65 35 29 25 11 33 88 28 72 42 57 51 4 50 64 73 7 15 86 20 37 39 56 45 18 71 40 26 76 54 69 66 16 31 58 59 30 22 93 97 12 1 90 100 36 85 38 63 13 83 91 89 49 75 21 84 62 48 9 68 96 87 74 67 77 94 44 61 98 19 70 55 79 27 10 92 82 99 78 80 
58 35 40 28 79 46 61 7 24 27 94 96 75 80 51 95 32 36 84 37 74 56 68 13 14 69 20 77 83 6 60 90 70 66 25 62 15 98 9 64 67 89 34 93 30 85 48 92 81 39 5 49 22 99 78 76 16 31 86 43 65 1 26 63 8 41 82 18 21 10 45 91 50 17 53 2 72 12 71 57 3 38 52 42 88 44 23 33 55 97 87 4 29 73 54 59 100 11 47 19 
83 30 65 20 19 13 6 15 45 91 48 17 68 40 59 98 18 60 46 84 41 49 47 21 37 12 89 85 11 29 1 86 38 64 2 3 76 75 93 22 36 8 94 67 72 57 23 80 74 63 95 54 5 10 77 96 25 90 79 56 35 32 70 16 69 82 52 4 58 66 92 51 39 71 97 7 73 14 28 62 43 81 42 99 53 100 44 50 78 87 9 27 88 31 33 26 61 55 24 34 
4 13 10 3 9 7 2 16 18 1 12 6 8 17 14 5 21 19 15 20 11 
74 90 10 63 84 95 54 21 79 69 5 36 19 64 14 47 25 56 51 72 96 71 13 28 30 43 9 94 26 85 15 8 73 97 16 49 46 37 53 70 98 68 18 66 87 60 59 50 91 92 20 65 41 22 55 77 35 33 32 52 31 89 11 67 44 12 62 93 40 45 78 61 57 86 7 58 80 83 24 38 17 88 23 34 39 76 1 6 29 48 3 75 42 2 82 99 81 27 4 
46 18 9 49 30 16 21 83 17 62 4 36 13 3 51 40 60 43 85 31 45 19 1 37 14 29 87 23 73 39 54 92 91 72 94 74 66 70 7 78 77 12 41 22 90 56 10 69 6 52 8 93 79 80 97 24 5 89 53 84 67 96 76 47 82 88 55 25 58 98 34 44 20 75 86 100 50 28 59 2 48 64 32 57 71 99 11 42 15 35 26 33 65 68 63 95 81 61 38 27 
74 33 12 22 91 79 6 45 70 77 82 18 31 97 73 9 65 99 55 49 75 17 59 24 72 98 60 78 81 94 19 67 54 38 8 71 95 34 15 43 7 96 46 40 5 25 26 66 14 20 10 61 39 100 29 36 88 68 57 87 80 76 86 52 28 3 92 30 58 48 27 42 83 4 63 50 47 35 23 37 32 13 44 21 62 64 11 56 2 89 90 53 84 51 16 1 85 93 69 41 
49 77 94 25 70 81 40 14 26 11 68 10 60 100 23 48 22 69 89 93 92 47 5 96 36 15 9 55 8 6 24 76 71 90 99 45 74 1 83 42 66 41 46 31 17 44 86 91 50 53 34 78 16 19 67 32 29 56 13 20 59 35 95 57 82 97 58 43 52 84 7 62 63 3 61 39 75 98 87 33 21 85 4 65 28 73 30 2 88 37 38 79 80 72 54 18 64 12 27 51 
2 4 6 12 14 16 18 20 22 24 26 28 32 34 38 40 42 44 53 54 62 63 64 68 69 70 74 75 76 81 82 86 88 89 90 93 94 97 98 100 99 45 41 37 35 29 23 19 17 15 13 1 8 10 30 36 46 47 48 50 51 52 55 56 57 58 59 60 61 65 66 67 71 72 73 77 78 79 80 83 84 85 87 91 92 95 96 49 43 39 33 31 27 25 21 11 9 7 5 3 
65 95 42 28 85 50 93 78 46 1 90 77 16 11 74 100 72 48 66 58 37 35 19 55 87 94 22 29 23 59 91 92 61 41 75 17 18 68 88 10 81 49 5 57 51 21 97 30 26 20 14 13 4 67 8 43 89 3 62 70 34 7 25 44 47 80 76 96 33 79 86 45 38 71 83 98 40 6 27 53 9 73 32 12 64 36 24 63 39 99 52 84 54 69 2 56 31 15 60 82 
44 47 24 50 12 41 14 8 45 28 20 42 22 33 40 30 6 34 4 27 15 46 36 19 10 25 35 43 38 2 7 23 1 48 5 39 11 49 31 3 17 37 32 16 26 13 21 18 29 9 
19 31 87 64 10 9 21 13 88 17 30 22 69 49 62 89 38 68 25 86 90 47 44 16 1 34 27 23 91 65 94 37 92 48 33 50 58 35 100 26 82 39 66 40 72 79 28 78 24 73 83 4 77 7 97 52 63 36 61 59 74 95 81 42 85 14 20 99 5 18 8 54 98 84 43 93 56 11 60 80 3 2 70 41 96 57 46 15 76 29 67 6 51 12 71 45 32 53 55 75 
26 46 31 87 61 86 77 49 9 24 94 57 20 85 13 6 29 52 30 82 12 60 11 97 84 5 42 70 32 81 17 63 95 28 35 65 34 93 37 22 66 19 2 71 45 3 62 54 89 23 73 51 67 92 43 18 56 50 59 53 80 76 7 25 21 44 10 88 16 33 64 75 41 79 98 91 90 100 8 48 58 68 99 27 4 36 69 47 72 15 96 1 78 40 14 83 39 74 38 55 
59 48 22 9 51 1 40 37 54 20 39 10 25 30 35 65 32 3 47 33 8 23 31 69 55 62 45 66 21 18 26 13 43 60 46 58 17 14 63 12 4 52 6 16 29 61 19 27 56 38 68 50 28 24 11 15 44 34 49 2 64 57 36 67 70 7 5 53 41 42 
50 67 73 54 21 38 30 27 58 91 85 6 3 75 78 4 11 34 32 19 96 98 42 39 87 40 81 33 86 80 59 90 94 45 84 26 14 16 93 47 35 37 56 63 72 83 43 57 25 49 46 99 36 70 24 1 7 44 74 5 9 51 28 64 82 76 31 95 92 60 29 100 8 66 13 68 52 41 48 2 22 23 88 69 15 79 53 62 77 55 97 18 12 17 61 65 89 10 71 20 
32 24 36 39 44 30 48 45 16 4 49 33 50 23 21 41 40 38 10 31 11 42 6 1 25 37 19 7 35 22 26 17 46 27 18 29 28 13 2 8 14 34 20 47 15 3 12 43 5 9 
33 25 41 57 38 52 12 86 80 46 71 87 2 90 95 31 72 11 93 61 63 66 27 37 92 13 29 14 35 44 5 3 18 28 48 15 100 58 89 19 84 67 59 22 8 96 56 73 85 10 21 49 97 7 47 9 24 77 53 69 68 6 23 74 1 36 78 51 50 54 79 34 45 98 20 70 83 62 76 42 17 94 99 91 39 40 43 4 55 82 81 32 30 88 64 75 65 60 16 26 
66 88 12 9 4 10 85 98 60 57 90 7 89 52 32 84 38 29 93 25 71 91 67 100 72 68 62 49 87 75 69 41 48 86 46 16 65 24 76 92 27 96 34 70 94 21 53 39 64 31 81 54 8 77 14 18 83 74 80 5 23 58 61 22 20 59 79 2 82 37 97 73 36 19 17 78 1 50 15 11 33 44 13 63 30 35 56 3 43 42 99 47 6 55 40 45 28 51 26 95 
15 37 33 60 64 53 69 95 48 50 6 96 86 20 18 75 63 16 98 66 62 25 9 14 81 89 92 23 90 38 73 43 79 51 1 13 26 97 76 99 67 3 77 65 21 45 82 17 54 46 56 40 39 93 19 44 87 29 7 71 94 49 31 42 72 8 32 5 47 35 27 61 80 68 28 11 74 78 4 91 2 59 22 34 57 55 24 85 83 52 84 36 88 58 10 70 12 100 30 41 
68 36 1 79 42 97 92 55 72 39 99 76 43 49 93 41 62 3 38 46 84 100 57 28 67 37 86 98 89 7 66 80 64 96 85 50 40 74 23 53 12 27 82 45 78 8 75 47 88 2 13 77 21 31 63 5 30 16 91 69 51 52 81 71 56 65 35 24 4 29 18 6 70 9 83 34 14 95 61 25 32 17 59 19 20 44 73 10 26 48 22 58 15 90 87 60 54 11 94 33 
41 79 6 19 74 88 62 4 37 17 85 61 2 78 40 76 57 89 36 7 28 54 9 69 32 91 90 81 27 15 46 5 97 34 93 66 100 26 24 60 50 48 43 49 12 22 23 51 44 58 73 25 67 53 30 77 59 52 64 8 10 3 75 96 63 80 18 99 95 39 71 47 84 35 70 21 42 29 86 83 16 55 68 14 92 45 31 72 82 98 38 1 20 87 13 33 11 56 65 94 
30 21 82 41 51 71 23 36 12 76 39 47 69 77 89 1 60 29 56 59 86 42 43 6 95 48 14 66 65 11 62 79 20 31 63 61 5 94 88 25 81 34 33 80 8 55 57 19 15 83 27 10 16 50 9 68 70 64 18 73 37 49 87 24 35 32 44 22 85 90 96 45 74 93 3 91 67 17 7 92 46 75 78 26 84 52 28 4 40 72 2 53 38 13 54 97 58 
82 1 12 23 47 68 98 8 7 84 21 81 72 80 69 17 14 73 90 65 35 39 93 63 85 88 25 67 51 48 77 4 79 10 9 26 45 16 36 61 42 49 50 86 2 11 97 91 56 44 95 33 13 43 58 100 96 94 75 52 15 30 22 59 3 32 87 53 89 92 34 29 28 83 41 60 37 71 54 99 38 46 6 18 20 27 74 76 24 31 62 70 40 19 66 78 5 57 55 64 
69 35 46 66 88 25 42 12 2 77 63 61 67 37 3 94 86 40 31 28 32 8 87 19 96 70 56 15 59 50 55 16 52 41 26 98 23 81 76 92 91 72 5 4 10 89 79 74 51 43 100 30 38 75 6 21 58 29 85 71 49 48 54 11 78 99 27 62 73 82 36 53 44 65 90 47 68 20 84 1 18 24 9 17 22 39 95 80 83 14 64 33 57 45 97 60 7 13 34 93 
69 3 40 6 56 4 29 63 9 99 34 85 46 18 11 70 87 78 54 39 16 66 48 96 36 53 32 71 28 98 17 57 67 60 5 73 89 25 97 68 86 10 81 65 75 43 47 91 95 38 24 80 30 61 1 90 50 84 83 88 94 93 27 22 74 21 37 12 2 20 31 82 26 23 44 92 13 52 8 76 49 58 42 77 62 59 79 64 14 35 19 41 55 7 33 51 15 100 45 72 
31 2 22 63 58 50 70 74 78 41 69 33 93 85 1 51 28 95 90 36 30 7 29 83 10 81 13 42 48 77 21 67 49 40 75 64 82 98 84 100 35 54 12 73 6 37 34 19 8 45 72 11 23 52 76 15 53 24 59 91 39 60 43 25 27 86 14 79 46 44 80 38 56 97 5 4 20 26 3 89 88 9 57 16 71 32 66 61 62 87 96 92 99 18 94 68 17 47 55 65 
41 34 98 3 96 28 33 7 83 66 9 52 27 72 5 29 49 99 51 21 47 38 65 92 32 58 26 64 14 91 39 79 93 86 25 90 48 97 42 17 23 40 82 71 22 46 80 70 37 6 100 18 84 57 11 61 69 16 77 67 45 54 63 30 13 87 76 81 60 53 73 94 55 50 59 12 62 43 75 19 10 88 4 78 74 8 24 89 95 36 1 85 44 31 35 2 20 68 56 15 
14 71 46 72 58 59 13 27 65 28 11 90 99 29 19 20 70 79 50 66 87 83 76 51 16 74 69 5 35 57 94 21 82 25 18 31 42 9 73 97 80 93 36 40 52 44 41 55 15 10 2 17 88 61 64 38 96 95 6 60 32 81 68 37 4 43 48 53 86 47 89 45 39 1 22 8 92 54 75 24 49 78 98 3 34 62 91 56 84 7 30 23 77 26 33 12 67 63 85 100 
84 73 81 60 99 57 23 40 33 97 41 21 36 92 48 89 14 75 53 95 61 76 59 8 46 63 29 9 77 28 20 67 18 47 3 90 79 65 4 74 12 66 50 13 11 78 5 24 87 22 26 91 15 80 52 17 31 86 27 68 93 2 6 54 96 98 62 45 7 55 70 100 44 38 69 19 34 82 30 83 25 56 71 58 37 16 49 43 94 42 64 72 35 10 51 39 88 1 85 32 
47 31 76 56 13 88 2 48 60 16 54 41 65 93 90 22 50 89 8 33 75 17 49 92 19 36 70 77 62 32 61 14 34 42 79 29 1 55 46 66 12 59 82 18 94 69 43 72 10 15 100 58 35 83 67 27 78 97 51 53 4 85 30 5 73 28 71 74 64 57 25 11 68 26 24 21 84 99 44 95 80 91 40 63 87 37 81 7 9 38 45 3 6 98 96 86 39 23 20 52 
49 43 34 5 86 13 55 16 61 1 80 45 70 94 63 24 41 28 14 57 20 9 23 22 91 48 54 32 79 65 50 19 96 12 42 100 7 77 47 66 97 72 74 62 31 18 37 71 6 52 38 11 3 98 58 90 35 81 21 82 17 75 44 26 27 46 51 15 69 29 64 73 25 67 92 8 60 53 95 87 85 89 83 56 39 68 76 33 78 10 88 40 36 30 99 59 84 93 2 4 
17 93 69 81 34 14 68 23 53 12 25 30 63 100 41 15 8 40 27 98 55 50 73 6 29 48 51 64 72 16 44 11 19 3 90 76 1 57 92 94 77 20 36 96 7 86 97 85 35 45 37 22 26 88 42 79 61 47 5 84 62 80 91 74 65 75 18 9 4 87 82 13 67 58 89 83 54 66 71 43 10 49 56 24 46 33 32 21 38 28 31 99 39 95 60 59 2 70 52 78 
13 54 28 53 12 16 10 51 46 17 41 26 27 24 45 35 4 30 40 6 47 14 20 3 8 50 33 37 21 48 36 25 56 38 23 19 34 5 22 49 1 9 39 32 52 42 18 29 2 55 11 44 31 43 7 15 
4 6 3 2 5 7 8 1 9 
65 82 48 12 5 88 17 8 53 72 31 15 91 25 85 1 22 45 76 50 61 18 34 4 97 77 98 96 56 9 70 87 10 11 43 63 73 86 39 80 55 92 78 2 28 95 89 68 66 29 7 20 100 84 19 57 81 47 71 99 40 6 94 52 49 64 38 30 79 60 67 58 54 3 24 23 90 59 21 62 41 26 69 14 44 83 46 36 13 75 93 35 33 42 37 51 27 16 74 32 
88 7 11 51 30 83 25 56 45 93 68 59 49 85 90 5 91 72 39 78 13 60 10 20 99 95 31 2 28 22 19 79 57 18 73 82 50 100 44 53 33 77 81 55 62 32 26 52 24 69 42 43 75 38 3 87 98 17 27 48 86 70 41 15 64 97 89 6 92 40 58 9 71 46 76 67 74 8 35 65 37 4 12 54 21 61 36 66 96 63 84 47 80 34 16 23 1 94 29 14 
35 71 62 21 68 74 12 66 54 58 14 46 69 10 97 81 83 70 50 2 53 44 56 36 43 20 6 88 51 4 11 57 13 77 95 23 3 32 98 16 47 26 94 40 64 59 96 86 27 8 79 55 99 17 85 24 78 76 37 52 65 72 22 45 87 60 67 61 89 7 49 42 5 73 9 19 33 28 48 84 75 1 91 82 80 15 90 29 31 25 93 100 18 92 41 39 30 34 63 38 
54 71 43 22 79 90 64 70 8 44 10 23 21 72 19 29 28 40 13 51 34 75 63 81 11 24 78 30 17 18 42 69 53 100 95 76 73 87 65 86 27 6 31 88 7 12 14 3 16 2 66 97 55 20 67 99 98 91 32 47 46 45 33 61 50 93 83 85 1 57 74 26 25 5 41 36 80 89 68 77 49 94 56 39 82 92 96 52 4 84 37 35 62 48 15 59 58 38 60 9 
57 63 78 20 48 46 10 27 72 21 68 47 5 95 53 56 70 75 64 1 33 51 67 45 44 40 55 92 77 32 8 42 22 7 65 12 18 59 90 73 87 14 91 76 52 23 37 30 100 54 60 39 50 89 88 2 79 83 93 11 85 49 9 29 71 31 36 38 96 82 80 43 6 17 62 35 26 99 19 3 84 86 16 4 28 81 69 13 74 61 94 24 15 58 97 25 41 98 34 66 
59 61 4 66 78 67 41 33 13 50 16 24 31 46 54 71 37 69 29 21 56 64 63 17 39 51 43 23 8 58 27 79 15 49 22 70 45 38 20 72 19 40 77 65 12 26 42 52 35 30 62 3 18 32 36 25 7 9 74 44 28 80 68 14 48 60 47 75 57 76 11 10 55 34 53 73 1 2 6 5 
62 26 100 39 28 38 4 91 21 87 40 31 8 67 77 65 27 53 95 84 85 61 2 73 78 20 69 36 82 48 13 76 58 79 19 7 17 56 6 16 96 43 46 51 92 35 63 45 80 49 60 3 37 50 5 44 89 1 55 86 54 72 15 33 93 90 24 18 99 34 88 83 75 22 59 97 81 30 32 42 9 71 52 94 47 10 70 57 25 66 68 64 74 14 98 41 23 11 29 12 
48 89 22 90 93 100 95 69 59 86 47 80 52 34 68 62 97 53 81 39 35 99 2 58 54 38 63 11 83 56 84 75 32 67 60 98 57 79 18 50 66 37 96 72 14 28 45 87 12 24 44 17 8 5 71 91 3 65 23 73 20 70 92 33 30 85 13 15 31 1 76 36 9 40 21 25 41 49 26 82 64 77 6 4 74 7 61 46 55 51 19 88 10 43 29 42 27 16 78 94 
5 6 8 1 9 7 3 2 4 10 
80 95 5 59 42 23 33 66 69 90 50 10 49 78 18 4 55 43 15 64 99 28 13 65 68 72 57 24 61 7 47 45 6 76 36 63 77 26 83 30 74 87 70 96 51 93 86 91 53 32 9 54 17 62 94 85 52 82 21 11 31 97 40 35 22 60 75 37 38 88 14 46 25 34 79 92 27 58 20 84 29 89 100 41 39 73 3 67 81 2 16 1 19 48 71 56 12 98 8 44 
41 90 95 18 11 94 85 7 57 30 27 87 15 12 98 20 84 59 82 78 5 38 83 45 70 42 63 43 53 17 68 9 56 52 1 69 29 67 54 48 28 93 2 72 89 6 55 36 46 47 51 22 10 96 79 66 19 44 71 97 35 60 24 50 86 81 62 34 74 65 8 73 4 92 40 21 37 3 88 58 76 64 13 91 61 26 32 33 23 49 39 31 25 77 14 16 75 80 
1 28 86 57 27 95 91 43 72 25 51 78 98 29 5 47 3 60 12 94 74 46 68 75 17 82 2 49 99 84 80 33 62 6 19 79 13 61 59 89 9 92 83 38 71 42 24 70 90 52 77 50 88 96 41 39 44 26 45 8 32 21 11 93 20 23 14 30 53 64 4 97 18 31 37 69 54 40 66 16 67 65 100 81 36 35 48 10 63 76 34 85 7 56 87 15 73 55 58 22 
28 67 81 92 94 54 52 34 91 78 53 68 13 75 16 30 76 21 70 71 69 20 98 1 19 39 89 46 22 85 44 35 84 45 56 36 62 50 33 88 14 83 100 31 58 6 66 2 61 8 90 86 96 65 51 3 43 27 7 10 17 4 55 23 38 47 95 40 5 49 72 79 25 60 41 97 26 77 15 63 73 82 64 87 59 93 57 9 24 48 37 12 29 74 99 11 32 18 80 42 
64 13 71 7 3 79 5 38 19 70 57 99 33 46 86 1 26 97 84 28 96 50 45 68 76 6 95 17 25 39 47 16 11 2 92 88 42 60 43 82 41 89 93 29 21 69 56 73 10 36 74 20 65 59 14 51 37 80 30 83 22 72 23 24 58 12 55 8 48 100 54 40 32 77 4 91 78 67 98 85 62 35 15 61 66 94 90 53 31 34 18 52 27 75 81 87 49 44 9 63 
5 3 1 6 9 10 7 4 2 8 
41 94 17 34 18 40 28 58 60 97 77 3 70 90 75 80 4 27 12 86 1 29 20 78 44 30 96 93 71 5 91 21 89 6 13 43 9 54 16 46 35 33 79 57 47 52 31 36 55 45 8 38 72 49 23 51 99 98 69 32 100 25 95 37 61 88 48 56 81 92 87 82 76 53 64 66 59 7 19 10 22 24 42 14 73 67 2 83 11 85 26 68 50 65 84 62 74 15 63 39 
36 71 82 86 88 54 14 32 29 74 47 16 89 7 8 92 50 15 60 11 65 98 72 44 24 97 67 73 96 35 52 59 68 56 46 5 84 78 27 77 33 61 40 85 41 70 31 80 22 30 3 37 13 26 21 58 51 34 64 28 76 94 9 49 20 4 19 90 25 87 6 48 95 81 55 10 62 18 12 93 99 39 45 23 83 43 66 38 2 17 75 57 63 79 91 69 53 100 1 42 
50 8 49 78 16 1 72 34 84 98 68 32 26 76 100 47 66 99 46 11 44 41 54 64 52 33 3 87 57 18 55 14 91 65 90 70 20 77 37 51 42 22 9 29 58 17 23 79 39 40 4 13 56 60 83 21 6 85 93 24 67 71 80 7 97 69 92 10 61 19 59 74 86 25 75 53 45 36 38 31 27 89 30 96 81 63 15 62 88 73 2 48 43 35 28 95 94 82 5 12 
59 51 45 39 72 76 9 41 6 21 12 80 64 25 11 58 43 48 68 2 89 66 84 57 33 44 73 62 40 1 38 49 15 82 16 52 18 20 22 90 54 69 14 85 5 55 87 50 67 28 88 81 26 86 36 32 70 74 10 77 29 27 4 47 19 13 35 63 34 23 60 31 78 83 7 75 56 17 61 53 24 3 65 37 42 46 79 8 71 30 
1 2 4 10 8 14 9 5 12 3 11 6 13 7 15 
81 82 14 68 22 1 38 5 73 79 35 8 59 4 40 54 94 29 91 80 25 34 67 84 52 7 64 45 21 48 99 2 63 69 87 55 65 23 47 9 12 83 6 70 27 66 56 76 42 89 24 15 18 90 53 98 100 10 78 19 33 28 58 26 37 86 92 57 75 43 3 20 93 32 46 41 30 50 39 36 51 44 16 95 17 31 97 72 88 61 13 96 71 85 74 62 49 11 77 60 
25 58 85 28 70 31 50 69 95 86 40 89 96 88 77 51 35 76 22 13 21 30 78 4 55 41 37 29 18 93 46 63 8 36 62 81 38 75 68 67 33 59 23 84 74 2 39 32 1 91 53 60 71 82 42 19 87 52 66 56 90 65 6 43 61 44 27 64 5 34 47 10 72 99 73 3 15 9 17 92 94 26 11 57 98 24 79 80 12 48 20 7 45 97 100 54 14 49 16 83 
33 41 23 31 67 35 53 15 93 43 65 77 81 73 1 45 95 47 17 29 85 21 9 89 49 51 91 5 11 97 99 55 59 61 71 7 63 3 69 19 87 37 27 13 39 57 25 83 79 75 98 80 58 78 10 82 54 26 38 20 16 86 30 60 40 4 66 68 64 70 48 96 92 56 28 76 44 18 50 8 24 36 84 6 88 62 32 12 42 90 22 2 52 94 14 34 74 100 72 46 
7 70 71 65 35 89 43 32 16 74 53 97 17 44 98 8 52 34 62 25 88 61 29 26 38 59 20 67 77 13 85 23 86 68 83 50 11 79 41 5 4 95 58 22 31 80 14 92 47 56 94 49 40 2 76 9 60 55 15 37 93 57 48 99 72 30 66 75 46 45 12 27 3 36 33 54 78 39 91 63 87 64 18 82 81 19 1 96 84 10 21 90 28 51 42 73 24 69 6 
1 2 3 4 5 6 16 17 18 19 20 21 22 23 24 30 31 32 33 34 35 36 37 38 39 45 46 47 49 50 57 60 61 62 64 66 72 73 74 75 77 84 91 93 94 98 99 54 52 42 41 40 25 12 7 8 9 15 51 53 55 56 58 59 63 65 67 68 69 70 71 76 78 79 80 81 82 83 85 86 87 88 89 90 92 95 96 97 100 48 44 43 29 28 27 26 14 13 11 10 
6 8 82 53 46 11 63 94 60 38 97 65 29 17 4 18 89 34 66 9 44 55 49 79 62 47 72 26 85 74 90 67 69 22 24 78 14 42 15 77 51 87 50 21 91 45 80 2 84 75 23 95 56 31 40 41 93 71 81 83 52 20 27 19 30 61 48 86 25 59 92 35 58 54 57 64 70 28 68 7 10 1 12 39 76 37 16 13 73 32 5 3 88 96 43 36 33 
3 92 78 82 13 39 48 97 40 53 93 83 62 54 85 94 35 44 6 84 41 32 87 43 11 89 33 72 90 47 2 77 15 75 24 4 70 79 23 18 20 46 95 9 66 28 76 21 56 49 98 37 25 69 30 10 68 58 29 27 55 14 8 86 57 38 1 19 64 73 34 31 74 96 22 7 5 50 59 26 71 100 80 52 91 88 99 45 42 63 36 60 16 61 17 65 51 12 81 67 
3 4 2 5 1 6 
10 5 48 1 22 28 50 16 23 52 30 9 20 2 37 14 19 49 6 4 17 66 12 38 43 27 47 31 13 11 54 25 21 33 15 42 45 55 39 3 24 32 18 53 26 57 7 51 67 88 75 71 56 8 36 70 63 90 46 69 35 64 44 82 68 29 85 73 80 60 41 77 65 58 98 84 59 86 89 81 34 76 83 40 87 61 72 92 78 95 62 96 74 100 79 94 91 97 93 99 
9 2 5 3 4 6 1 10 7 8 
78 84 44 87 81 60 7 49 92 51 99 89 97 16 15 56 86 88 26 37 33 19 25 31 57 63 32 93 72 2 46 10 95 59 4 22 65 12 50 79 1 58 43 76 18 3 13 28 91 83 69 82 80 55 38 5 8 85 54 66 21 73 61 47 45 71 35 100 39 75 14 98 96 62 9 77 30 11 64 24 40 68 6 17 34 36 48 94 42 70 23 90 53 20 41 52 74 67 27 29 
1 2 3 6 8 10 12 16 18 20 22 24 28 32 34 36 38 40 42 44 46 48 50 54 56 65 73 74 76 77 78 79 80 81 82 83 84 85 86 90 91 96 98 99 59 57 51 45 43 41 37 35 29 25 23 19 17 13 9 4 14 26 30 47 49 52 53 55 58 60 61 62 63 64 66 67 68 69 70 71 72 75 87 88 89 92 93 94 95 97 100 39 33 31 27 21 15 11 7 5 
94 12 10 47 44 37 98 72 20 18 86 22 77 69 17 36 29 85 97 14 11 93 56 55 84 63 42 16 45 8 52 81 78 100 2 41 66 65 19 9 80 68 58 96 64 54 39 27 26 5 89 99 3 6 21 51 43 76 88 70 13 87 1 50 57 25 15 33 79 92 53 28 71 40 91 49 60 48 90 23 24 75 38 32 4 30 31 59 34 82 67 95 35 62 61 7 74 46 83 73 
34 89 67 16 68 97 80 28 95 84 9 91 19 12 3 94 22 90 73 76 61 66 26 36 23 8 2 41 32 62 31 55 18 54 10 69 83 88 60 53 75 96 42 15 44 85 59 13 71 70 63 40 43 46 33 87 45 77 37 20 51 58 78 48 4 72 25 99 5 49 47 14 50 17 6 98 82 38 65 81 7 1 11 79 86 64 100 56 39 92 93 30 27 74 57 35 24 52 29 21 
97 42 66 43 18 56 28 54 8 61 70 96 90 14 68 38 85 29 87 40 13 62 65 64 17 19 36 69 25 39 34 37 55 77 57 67 71 53 86 33 84 30 50 32 26 98 48 99 35 95 59 51 89 52 10 79 16 2 81 49 23 1 82 93 4 11 72 45 76 74 78 7 44 27 6 20 46 24 60 92 22 21 100 75 63 58 9 73 80 91 12 83 3 94 31 88 5 41 47 15 
2 3 10 92 89 15 60 27 83 76 79 63 98 23 19 54 72 87 13 5 88 24 40 52 71 57 11 97 1 12 55 78 61 96 6 77 74 39 46 100 33 44 36 37 50 17 47 69 90 16 14 43 32 62 25 28 82 30 58 29 53 26 80 56 18 4 94 22 91 70 31 20 7 35 48 34 67 66 59 49 86 68 41 51 64 85 93 75 95 65 81 73 99 84 38 21 9 8 42 45 
87 28 43 55 46 6 90 13 22 97 5 25 89 15 64 40 14 68 73 45 85 11 70 67 49 33 26 37 42 80 31 86 99 2 91 7 50 27 63 18 32 79 36 10 34 56 69 62 66 61 23 59 44 96 77 82 98 74 65 51 29 54 19 78 71 95 83 35 48 39 57 53 4 41 24 88 76 21 38 9 52 17 84 20 94 3 75 47 93 16 8 60 92 72 58 81 12 30 1 
7 1 5 9 2 6 10 4 8 3 
75 24 33 12 95 13 42 79 54 62 82 8 37 84 47 44 88 57 23 85 55 90 94 100 26 10 65 59 50 19 35 34 68 71 70 16 15 2 9 18 99 11 7 48 41 80 5 66 63 32 91 78 20 21 98 81 51 96 74 46 29 39 60 76 28 97 93 3 83 77 40 61 38 25 89 56 53 67 87 92 64 43 73 86 22 36 17 72 49 31 45 27 52 1 14 4 6 30 69 58 
53 29 66 75 48 55 19 61 90 86 34 65 93 4 89 47 97 28 26 15 46 40 7 84 69 43 25 78 10 64 14 52 23 60 58 37 67 36 30 87 49 33 17 77 59 80 73 13 57 82 88 32 96 27 68 18 39 11 20 54 21 41 45 76 51 8 3 2 70 35 16 79 74 62 44 95 92 1 38 85 24 31 94 12 71 63 50 6 91 42 9 81 72 22 83 5 56 
13 23 82 47 96 79 67 84 29 87 17 63 46 64 86 16 39 15 26 28 81 68 12 90 30 95 7 11 59 19 21 80 53 14 70 94 52 3 49 33 93 40 100 34 36 43 8 2 69 60 72 85 25 6 9 88 98 74 58 42 4 89 75 66 1 41 54 44 76 35 50 56 31 20 24 22 18 5 45 32 57 78 73 27 62 37 99 51 77 38 61 91 55 71 92 10 65 97 83 48 
7 89 25 78 49 81 83 11 87 9 3 52 91 98 59 36 57 48 63 92 4 14 100 50 8 32 61 40 77 15 95 99 29 80 24 62 41 88 10 1 67 85 13 58 47 65 33 45 23 74 6 28 5 55 75 71 51 19 70 90 34 18 86 30 2 53 39 84 94 43 79 17 20 42 69 54 72 16 44 26 96 97 82 37 12 56 38 60 21 22 31 73 27 93 35 64 76 46 66 68 
11 87 42 71 33 50 38 4 34 89 8 9 43 19 10 86 7 69 37 57 17 20 39 12 15 81 41 77 70 55 67 100 73 64 1 23 32 97 92 21 93 94 46 48 35 36 98 6 3 68 30 80 44 90 31 29 47 49 53 5 76 88 74 51 18 78 75 52 79 14 83 24 25 96 58 66 63 95 40 84 60 16 85 2 59 28 22 26 82 65 62 13 54 27 61 72 99 91 45 56 
52 26 96 34 38 57 95 51 3 30 41 97 6 55 73 64 69 58 11 78 72 49 81 13 80 91 32 71 44 56 27 42 99 28 54 45 65 87 1 20 5 24 77 84 74 86 93 12 68 63 76 15 43 31 29 33 89 8 46 10 17 18 92 61 53 19 47 50 85 66 67 2 37 23 98 39 82 21 100 14 83 88 70 94 35 79 60 9 4 22 7 59 16 75 48 25 36 40 62 90 
81 12 11 20 22 15 96 7 9 2 32 73 1 8 17 13 4 86 5 31 92 88 27 10 90 94 91 6 18 16 19 93 29 100 3 97 95 84 83 87 28 21 14 85 40 25 82 98 26 24 23 99 89 35 39 48 36 33 37 43 53 70 41 71 54 61 67 75 38 77 62 63 68 34 80 74 72 52 66 47 69 64 58 49 79 57 60 56 78 51 50 59 55 45 30 76 65 44 42 46 
6 35 18 54 26 55 58 99 80 96 56 93 27 36 8 20 45 86 34 72 7 70 100 57 44 66 14 81 77 92 25 49 78 4 33 75 31 69 91 29 82 60 76 1 88 84 87 43 32 83 48 71 40 42 30 64 37 68 38 65 47 9 98 53 22 10 21 2 59 24 97 73 67 5 74 15 62 85 12 79 95 39 94 3 23 51 50 52 63 16 61 89 11 19 13 46 90 17 28 41 
36 33 17 37 27 41 35 23 22 29 28 7 31 21 1 38 2 34 45 19 20 4 26 18 8 25 3 15 44 42 24 14 6 39 30 11 16 9 12 10 13 5 40 43 32 
9 96 43 69 5 90 54 13 15 8 66 44 45 83 82 35 92 64 84 12 17 6 98 55 24 50 71 23 78 63 18 20 95 14 42 58 3 22 33 79 70 88 93 32 38 52 16 29 1 57 56 72 85 87 65 25 30 89 47 91 60 75 28 100 39 51 10 76 19 48 61 86 4 62 31 21 77 46 27 36 73 40 2 68 81 74 53 97 67 59 34 7 94 37 41 11 80 99 49 26 
26 69 90 32 27 40 94 33 79 73 44 49 70 30 14 17 48 37 74 62 47 63 60 59 22 57 98 97 87 21 18 50 24 84 23 28 34 96 31 93 85 38 19 36 15 78 58 41 89 42 16 65 95 51 1 68 55 45 72 35 86 39 20 56 92 25 4 2 5 10 71 64 46 66 83 52 11 77 76 12 91 6 7 67 82 53 29 3 9 13 75 54 80 61 43 81 88 8 
50 13 30 33 75 85 57 72 37 60 84 25 73 79 7 90 20 18 1 87 49 44 26 42 69 31 88 3 78 16 48 91 76 23 68 56 61 77 59 81 65 64 89 32 70 86 93 14 19 82 43 67 54 46 96 34 51 11 5 45 74 99 47 24 10 6 63 40 100 17 2 97 15 28 4 21 35 62 98 80 58 92 22 94 71 12 53 9 39 55 52 27 83 41 38 36 95 8 29 66 
2 33 37 5 42 23 27 34 36 12 26 8 31 32 29 41 40 9 39 45 21 3 28 11 46 13 47 17 14 38 44 25 18 43 48 16 15 50 10 19 4 20 49 24 6 35 22 7 1 30 
74 15 8 41 29 73 63 19 32 92 60 85 49 77 12 62 90 27 52 43 61 80 42 55 72 87 6 36 59 94 18 50 24 39 82 45 48 67 21 35 96 86 53 46 81 10 65 75 70 91 83 22 51 13 28 97 56 16 14 71 69 89 25 54 37 11 78 40 95 47 64 93 99 68 66 98 2 7 38 26 9 57 17 79 76 100 34 44 84 20 3 1 4 30 5 23 88 58 33 31 
86 7 84 29 69 57 74 71 14 97 32 47 45 35 38 41 78 65 50 72 10 92 94 22 54 91 19 33 8 76 100 31 73 53 99 26 13 67 62 77 83 15 20 34 1 98 42 2 56 51 58 16 30 18 55 4 95 85 40 11 12 3 36 52 66 96 6 81 28 49 43 89 79 93 64 21 25 44 59 90 68 27 75 46 88 48 17 9 82 23 24 87 60 5 39 63 80 70 37 61 
95 71 33 69 82 44 15 46 87 10 73 17 65 47 19 25 12 92 77 66 34 93 96 1 79 52 86 6 5 22 83 27 99 41 76 50 62 16 43 32 94 88 45 61 51 68 81 21 49 85 56 58 59 40 14 36 80 98 91 57 35 18 89 90 20 4 39 29 63 9 60 64 24 26 75 48 38 70 97 7 37 3 13 67 42 84 55 28 30 11 74 2 8 72 53 54 23 31 78 100 
53 35 16 2 39 49 58 5 43 70 64 17 61 23 44 65 8 55 15 1 32 30 36 50 52 56 67 31 38 51 3 11 12 37 47 34 18 14 33 73 54 25 40 68 57 69 29 66 6 10 62 48 26 60 28 22 13 46 20 42 19 4 7 41 27 63 72 45 21 24 71 9 59 
28 26 4 27 12 24 20 16 25 8 32 11 19 3 2 7 9 15 14 6 10 22 23 18 17 1 31 21 5 30 13 29 
34 10 90 6 15 7 32 68 70 60 25 74 45 40 54 3 12 91 38 73 92 84 26 97 36 48 17 30 2 58 49 18 53 21 76 93 78 86 63 100 37 57 75 28 23 43 95 81 50 64 14 35 88 83 71 94 44 61 19 98 51 4 96 27 82 41 1 9 85 33 13 42 31 11 87 39 24 69 56 80 8 79 46 16 72 59 20 22 99 62 67 52 47 55 5 66 29 65 77 89 
1 95 88 4 99 5 2 93 14 16 87 20 18 3 10 7 90 15 94 12 6 13 96 19 9 98 91 17 89 8 86 21 72 92 11 97 55 56 74 43 24 52 75 27 29 49 36 81 41 61 80 100 64 73 82 84 77 28 66 35 51 76 69 58 45 30 34 62 78 68 25 57 71 40 54 33 60 26 70 31 32 38 50 83 65 79 59 46 85 37 63 48 23 22 53 39 67 42 47 44 
41 83 52 82 32 8 78 44 65 75 3 24 67 43 4 73 68 60 93 5 53 48 91 88 22 63 15 47 61 85 90 16 39 23 17 40 25 72 6 46 11 66 50 18 42 87 79 55 89 69 64 2 76 56 19 49 14 36 7 51 81 71 21 28 38 77 74 80 12 54 86 34 27 59 26 33 1 13 58 37 84 31 9 57 20 35 29 92 10 30 45 62 70 
1 10 3 12 9 2 4 11 5 13 6 14 16 7 15 8 19 20 24 17 21 18 22 23 28 31 29 25 26 27 30 32 
69 8 48 7 25 27 23 98 50 58 61 22 33 49 1 37 38 96 93 85 16 62 26 80 74 43 28 32 4 44 66 31 41 19 100 65 76 35 11 56 18 78 13 71 55 87 92 9 14 29 46 82 54 3 72 83 40 86 24 75 10 17 73 6 77 5 63 99 53 60 51 34 64 68 79 67 97 59 30 95 42 94 12 89 88 2 21 20 52 90 39 70 81 57 45 47 91 36 15 84 
9 18 22 39 7 48 99 29 38 49 32 88 69 92 72 2 59 46 89 62 67 68 8 52 57 78 28 6 37 96 66 47 79 19 82 16 27 58 97 12 17 77 98 26 87 36 56 1 42 93 33 41 60 11 55 10 35 13 63 15 86 61 5 74 83 25 43 76 53 73 95 71 50 90 3 24 81 85 70 45 44 4 94 23 100 40 65 54 20 84 21 80 64 51 31 14 75 91 30 34 
1 2 3 4 5 6 7 8 9 10 15 14 13 12 11 16 17 18 19 20 21 22 23 24 25 
4 1 5 7 3 8 2 6 
75 79 56 82 90 22 44 60 2 50 63 54 19 46 7 14 11 18 30 29 80 33 45 52 89 51 27 70 53 55 98 20 92 4 76 6 94 48 32 16 95 84 9 59 10 93 36 86 65 34 66 69 40 67 8 68 12 97 85 78 73 62 96 58 71 5 13 99 39 47 43 87 61 17 31 81 21 49 38 24 23 74 25 41 3 37 64 35 72 83 1 100 88 15 42 26 91 28 77 57 
4 2 7 5 6 3 1 
28 44 30 98 80 1 59 100 20 74 89 99 70 78 23 71 90 52 53 85 86 47 43 6 79 55 82 5 54 14 19 91 12 3 75 4 51 29 92 38 27 64 22 69 42 34 39 81 48 9 84 61 8 63 73 94 76 37 72 16 66 93 7 57 41 56 49 60 10 83 15 18 77 95 32 2 88 40 96 26 50 67 33 17 97 58 62 65 35 68 13 31 36 11 87 25 45 24 46 21 
4 92 29 2 20 8 1 73 50 100 85 12 82 26 33 68 27 31 86 18 89 47 54 78 28 48 43 90 77 71 34 72 38 39 58 7 42 69 83 81 79 76 94 53 93 14 36 56 23 70 75 63 9 88 65 57 49 3 60 55 16 46 91 51 74 32 24 64 35 40 11 6 30 96 37 25 99 87 41 97 19 13 62 61 84 5 59 21 15 66 98 17 45 22 95 10 44 80 52 67 
31 52 78 53 63 17 58 54 84 35 19 82 83 94 36 26 60 13 22 28 41 8 73 10 59 23 64 39 57 11 47 50 25 18 9 68 92 4 81 89 87 93 72 76 62 2 91 51 5 30 71 61 33 44 69 65 95 38 3 21 6 29 34 67 66 48 14 46 45 88 43 74 32 90 24 20 15 40 85 16 75 1 70 56 27 12 37 42 80 55 86 77 7 79 49 
11 93 21 81 3 58 87 35 14 32 94 47 37 54 91 39 84 4 6 50 16 49 27 85 73 80 42 72 90 63 57 67 30 86 75 40 25 56 26 45 43 34 38 83 46 96 33 98 19 78 59 36 74 70 44 31 92 48 62 24 9 1 60 71 51 77 52 95 23 61 29 15 53 82 79 100 10 17 76 12 13 7 66 64 22 55 97 41 68 2 65 69 18 5 8 88 89 99 20 28 
60 81 65 54 32 82 14 95 79 63 76 52 44 69 78 96 31 11 62 39 87 29 73 37 83 94 22 88 12 98 49 55 93 58 84 9 64 45 75 61 16 33 90 19 74 40 89 51 71 46 59 4 56 1 43 18 38 24 26 27 21 91 15 25 10 42 17 41 86 2 57 13 80 53 68 8 20 30 92 50 70 77 48 97 6 5 85 34 72 35 3 67 66 47 7 23 36 28 
48 19 34 72 16 95 71 52 98 46 15 49 90 37 18 63 36 8 69 84 44 53 3 35 60 79 88 87 62 93 96 68 47 26 54 10 22 51 12 23 89 17 29 2 58 38 9 97 11 73 70 59 75 74 94 40 65 50 83 92 81 76 85 20 27 4 67 57 25 5 21 41 32 39 64 56 61 66 42 55 24 43 82 33 80 45 28 6 7 31 77 91 1 14 78 86 99 30 100 13 
49 7 9 64 77 82 48 87 98 76 43 2 53 26 33 75 85 24 44 57 19 12 70 51 91 54 36 80 100 72 31 10 13 95 66 97 6 62 14 41 50 61 28 88 21 90 74 89 25 55 92 39 58 46 15 73 22 17 68 56 42 69 60 34 38 5 4 8 1 45 32 3 59 65 16 78 35 52 71 20 29 47 84 40 96 67 79 63 18 86 83 99 81 11 27 37 23 94 93 30 
39 8 1 10 31 28 20 43 14 44 7 24 27 4 40 33 30 41 3 6 12 5 16 21 26 29 35 17 42 15 18 37 19 38 2 11 25 34 36 32 23 46 22 45 13 9 
67 55 63 43 38 28 26 48 41 78 13 64 71 65 79 52 66 68 58 74 69 70 24 59 8 61 77 4 6 22 80 27 21 2 3 19 46 81 12 20 15 54 1 7 17 9 35 47 36 18 42 49 30 51 5 50 72 10 37 75 23 56 31 11 60 34 44 29 45 16 39 40 33 32 53 25 73 14 76 62 57 
82 65 49 62 52 88 37 3 93 18 60 28 5 10 71 61 80 42 13 1 38 36 76 44 16 19 39 57 12 33 58 77 99 86 41 9 67 75 7 74 21 84 53 97 81 4 14 64 25 24 45 2 91 32 95 73 66 8 51 89 30 17 11 63 47 26 78 35 22 43 6 56 68 70 55 34 27 29 50 90 54 46 96 72 48 20 92 87 98 69 94 23 83 85 31 40 59 79 15 100 
43 42 82 93 16 13 78 75 73 22 70 74 28 36 35 76 18 32 83 6 65 69 3 84 47 5 4 100 90 37 79 25 72 60 77 66 10 94 51 38 9 24 59 98 89 88 23 41 2 21 61 87 46 52 92 27 31 81 8 64 29 11 14 55 15 19 58 99 97 1 30 68 71 12 86 33 53 85 34 20 40 62 96 54 17 91 95 50 7 63 49 67 48 44 45 57 80 56 26 39 
5 3 1 2 4 
86 1 21 2 10 43 69 65 51 17 41 12 49 77 94 6 60 39 63 5 68 98 81 33 48 25 61 62 72 14 36 74 93 83 53 11 54 44 18 3 50 47 67 66 45 80 75 92 56 64 40 23 19 89 16 85 97 73 58 82 34 76 59 15 31 26 42 38 37 8 99 84 7 9 30 22 96 100 91 90 27 57 24 55 70 13 28 20 29 78 79 4 87 32 71 88 35 46 52 95 
81 73 98 80 55 100 2 59 8 25 58 9 44 20 97 29 71 66 46 22 88 52 51 6 1 39 7 92 82 31 61 21 65 30 43 96 19 4 72 12 83 77 62 50 54 90 64 47 15 91 74 11 33 17 99 70 78 42 63 87 95 93 89 53 18 26 56 41 48 5 76 38 37 35 23 40 69 86 14 34 10 85 49 67 16 94 84 28 3 36 27 32 75 57 79 45 60 24 13 68 
88 77 49 51 83 33 50 47 59 21 40 76 72 70 73 65 8 10 36 17 100 55 84 26 52 75 41 35 44 68 86 42 90 30 58 54 63 24 71 25 60 78 69 23 34 32 15 97 2 5 87 38 82 92 14 9 31 98 89 39 22 6 66 64 11 45 91 19 27 93 7 4 99 81 28 67 94 29 37 62 13 46 43 48 96 79 74 95 18 16 3 12 1 80 85 61 56 20 57 53 
16 55 6 95 40 34 83 19 26 53 68 67 96 39 45 37 17 18 41 69 10 14 21 66 84 31 63 2 72 80 81 86 65 74 57 64 60 32 98 100 92 28 88 79 56 23 99 29 75 52 9 25 33 27 93 22 13 49 4 61 15 90 20 78 44 5 71 51 30 24 35 94 50 43 73 46 48 8 85 77 36 82 59 76 97 42 38 70 58 87 47 12 3 1 54 62 91 89 11 7 
31 44 45 20 35 7 11 27 23 3 34 16 28 9 30 24 46 29 8 50 41 10 37 1 39 21 43 36 26 42 38 4 2 22 49 48 5 33 17 18 25 6 47 14 40 15 13 32 19 12 
41 51 18 47 6 13 26 56 39 44 23 5 40 50 27 57 36 60 25 10 28 21 42 37 24 30 35 1 8 46 52 17 48 19 3 29 45 58 54 55 9 59 11 32 7 34 20 31 49 22 15 2 33 43 53 38 4 14 16 12 
10 40 8 36 25 28 5 22 2 15 11 4 24 39 7 20 26 19 30 6 17 16 12 38 14 27 31 37 23 3 9 1 21 18 33 35 13 32 29 34 
48 82 17 47 8 35 79 76 62 57 74 73 70 64 49 67 61 33 72 84 9 41 81 42 23 78 56 16 19 50 7 63 37 75 13 20 1 77 58 30 83 14 31 80 6 44 59 2 27 66 52 25 32 39 55 15 11 18 24 69 29 21 46 12 65 3 71 68 10 5 60 53 22 34 40 45 38 36 51 43 85 26 4 54 28 
16 4 51 76 66 69 56 23 50 36 13 72 14 2 17 52 75 22 28 94 34 53 58 24 9 19 92 59 15 5 11 8 65 12 82 35 10 25 78 7 49 1 20 96 48 77 80 95 90 18 32 6 61 37 26 31 68 29 46 30 55 62 57 73 47 21 71 33 93 64 27 70 3 81 79 91 54 60 74 67 40 43 89 38 87 44 83 88 86 85 97 99 41 42 84 98 100 63 39 45 
31 3 1 5 32 74 93 29 68 66 94 10 6 89 51 21 25 99 98 77 43 8 22 83 57 78 47 52 49 63 2 86 72 36 14 17 79 95 85 33 12 56 23 15 88 61 16 34 39 13 64 62 42 48 55 87 54 35 81 37 19 46 50 38 20 26 59 69 65 28 60 90 91 45 84 82 41 67 80 100 53 71 76 97 18 96 11 27 40 9 75 58 70 4 92 44 30 7 73 24 
16 6 9 1 5 17 3 19 18 14 2 15 11 4 12 8 7 13 20 10 
25 56 6 63 71 32 52 9 17 65 66 47 7 76 68 40 38 21 69 67 10 14 36 5 15 26 34 42 72 19 24 1 11 41 16 45 3 73 55 4 46 37 50 35 48 57 43 22 74 53 2 59 70 20 54 28 44 13 75 30 58 31 27 12 49 23 61 62 33 29 60 64 51 8 39 18 
78 60 64 2 85 67 46 29 62 17 23 31 14 72 55 26 6 5 12 90 8 50 24 10 48 91 89 65 47 92 71 19 63 28 99 49 4 76 82 80 56 81 32 88 68 33 94 75 77 21 66 86 97 20 100 25 95 36 16 87 41 22 15 9 51 42 83 96 34 53 37 38 39 40 44 7 27 84 1 58 13 61 52 98 74 18 93 54 59 43 73 3 79 11 45 69 57 35 30 70 
29 45 13 63 46 19 14 50 40 18 31 90 62 10 98 16 78 49 44 73 97 82 51 27 2 94 42 100 79 60 53 41 39 87 95 56 70 21 84 92 20 59 12 76 24 17 9 15 61 86 8 48 74 71 11 37 88 33 1 93 30 54 28 72 64 35 26 47 69 58 52 32 96 4 66 7 34 83 81 36 77 99 38 91 43 67 6 23 5 55 65 80 85 25 75 89 22 57 68 3 
97 89 43 12 90 54 73 47 27 66 6 68 18 22 92 94 70 86 72 64 50 96 25 84 33 81 78 98 77 67 51 29 74 17 3 36 56 99 40 45 52 15 19 41 59 69 11 82 13 65 34 91 53 7 75 39 26 14 10 8 21 16 32 35 61 58 28 46 24 38 95 88 48 20 87 5 71 83 30 9 4 37 63 1 23 31 42 62 76 55 85 80 79 2 57 100 93 60 49 44 
41 24 77 74 52 37 12 30 19 29 92 95 70 79 33 60 56 64 62 80 25 48 45 93 17 84 72 4 21 61 34 28 39 3 97 75 13 83 85 86 89 68 9 88 46 35 23 87 1 32 10 47 40 78 36 5 15 55 42 63 38 31 11 94 8 65 58 66 51 99 91 54 81 100 20 98 76 57 2 43 22 6 50 53 90 82 49 26 67 71 18 59 73 14 7 16 96 69 27 44 
12 5 67 8 66 51 78 90 60 41 47 27 32 58 72 65 13 22 87 81 33 16 37 94 74 17 95 61 46 77 73 56 40 86 75 54 3 7 28 64 76 93 63 71 30 18 2 34 6 21 82 100 89 4 19 10 20 31 42 91 83 9 59 70 48 99 24 85 55 1 97 45 68 43 57 14 15 52 36 96 29 62 69 26 11 39 35 25 44 38 49 84 92 23 80 88 50 79 98 53 
73 56 9 40 25 13 21 75 52 16 87 78 47 24 76 44 34 50 15 83 37 41 45 38 55 7 72 11 5 63 49 57 81 80 1 3 46 6 18 19 69 68 79 35 77 86 17 67 4 14 36 71 65 88 26 48 32 66 42 10 28 89 82 70 12 20 33 51 60 54 91 23 30 59 8 84 61 53 90 58 92 27 39 43 22 85 29 64 31 93 2 62 74 
99 19 52 12 37 93 73 94 4 35 53 31 22 82 32 78 15 97 1 79 8 92 68 9 48 41 46 13 39 64 74 36 77 28 2 98 18 5 88 81 29 63 87 84 70 47 17 86 95 49 24 51 96 90 55 61 59 83 60 6 3 23 44 57 75 25 62 91 20 66 33 58 10 65 100 21 50 34 67 76 56 14 69 7 11 16 71 54 43 89 45 72 27 38 85 26 80 42 40 30 
23 97 29 50 12 34 1 78 83 87 56 26 25 85 21 17 79 77 41 68 28 57 64 94 7 80 99 91 90 55 82 42 65 32 44 31 27 58 88 75 71 36 14 33 13 61 95 43 15 54 18 38 59 89 9 11 16 70 24 20 8 2 30 73 40 76 52 49 72 96 92 22 46 6 45 10 100 93 4 51 37 35 62 3 66 63 67 81 98 47 69 5 84 86 19 60 53 48 39 74 
49 45 63 29 41 55 33 17 67 59 73 89 54 82 75 94 60 11 26 83 76 96 15 77 98 95 39 14 30 3 2 64 9 58 5 27 35 8 79 50 38 43 7 22 51 84 69 91 100 99 78 18 44 90 62 23 20 52 42 61 57 28 74 53 19 12 13 10 6 4 48 88 86 46 81 85 97 72 71 34 40 37 24 87 65 21 56 92 31 68 47 66 16 80 93 1 25 36 32 70 
5 44 14 35 34 20 12 53 47 70 22 85 69 81 38 51 52 56 48 46 84 37 30 49 67 61 50 25 10 9 68 41 71 28 60 54 4 6 83 63 62 75 43 57 40 27 59 13 21 80 17 64 58 1 74 76 24 23 77 31 32 45 79 82 73 29 19 18 8 7 66 78 36 2 16 42 65 3 15 11 72 39 55 33 26 
83 100 27 42 35 64 23 13 72 70 99 69 46 28 65 19 56 11 68 53 81 55 44 80 89 77 31 4 76 54 84 71 12 66 9 7 48 2 22 93 74 50 34 95 47 33 62 60 41 25 40 59 87 94 96 16 21 26 52 90 38 57 97 91 67 58 73 20 36 29 86 92 18 49 17 1 30 37 24 5 51 78 3 6 82 85 88 75 61 32 10 98 63 43 45 8 14 15 39 79 
42 38 73 74 21 28 56 83 57 98 44 1 40 69 88 47 79 2 10 58 41 76 5 54 33 27 62 53 49 86 96 43 70 87 90 95 51 9 80 55 94 17 15 91 93 99 18 71 61 89 37 34 13 82 36 20 65 67 97 14 66 7 6 39 8 81 63 23 12 25 64 46 50 68 11 30 29 31 19 4 32 59 100 60 85 45 16 48 84 77 24 92 22 3 52 72 78 75 35 26 
50 82 54 53 3 29 92 18 13 55 78 34 85 19 49 67 51 33 72 100 60 15 75 4 76 12 56 11 48 42 64 86 7 74 93 32 14 24 30 25 27 1 94 90 84 6 89 73 91 16 22 43 9 41 46 80 52 45 20 87 31 66 62 10 98 26 68 37 81 79 88 57 61 40 65 70 28 99 5 39 83 8 97 23 36 69 95 44 21 38 2 47 59 58 96 71 63 35 77 17 
3 7 6 1 8 5 9 2 4 
10 72 60 39 87 35 20 16 69 84 36 30 99 42 19 18 94 46 47 33 100 82 91 3 70 12 7 86 92 41 51 56 85 64 97 96 21 37 50 38 8 44 40 55 29 23 1 26 48 31 71 79 5 95 67 65 4 11 77 76 88 66 49 61 28 52 98 75 54 93 13 2 17 53 78 68 22 80 63 81 25 57 9 89 6 14 58 83 34 15 62 45 74 24 43 27 32 90 73 59 
85 78 54 71 29 75 61 66 63 5 72 60 62 96 1 70 17 24 34 69 40 22 82 26 47 46 56 11 73 76 35 6 80 28 49 19 91 79 89 83 84 74 67 99 27 4 32 77 50 90 3 23 38 92 43 36 45 51 14 9 58 12 87 94 93 8 65 88 59 68 100 97 33 2 53 44 18 98 81 10 20 25 57 48 13 30 64 37 42 31 7 39 41 21 52 15 16 55 86 95 
34 84 57 1 62 78 90 91 67 79 22 98 32 80 45 53 17 95 81 20 48 77 83 23 86 63 97 31 66 82 85 55 64 42 74 96 11 100 5 19 25 26 61 29 69 92 30 50 72 35 4 38 36 51 75 99 65 89 43 27 60 10 14 7 54 8 56 28 59 2 21 88 58 47 18 39 15 37 9 24 94 13 3 49 73 68 71 87 33 12 40 76 16 6 44 41 46 52 93 70 
3 1 6 4 5 2 
94 83 70 41 3 45 71 91 59 63 42 99 58 8 86 65 32 23 37 69 96 72 64 89 10 80 77 56 84 39 55 67 14 54 52 66 38 75 43 4 11 33 48 79 15 40 44 87 24 46 53 13 36 97 61 31 100 30 81 19 6 2 51 1 5 74 12 60 76 82 57 7 29 27 73 22 90 20 78 68 16 62 93 50 21 26 92 95 34 35 25 88 47 9 85 18 49 28 17 98 
95 81 18 62 24 93 100 38 37 90 25 13 50 27 8 68 57 66 40 84 43 96 71 60 22 53 82 78 91 63 73 32 17 36 94 56 72 16 21 74 1 86 23 46 79 49 52 33 99 10 89 87 19 67 92 75 9 39 35 15 58 5 14 83 44 59 65 64 70 41 28 31 77 34 2 61 98 42 11 45 47 76 12 85 29 88 55 69 4 7 51 26 54 3 30 6 48 97 80 20 
12 20 5 27 38 36 39 1 9 15 10 3 52 18 32 23 26 8 45 22 24 6 7 13 29 74 19 48 34 28 11 49 53 54 33 66 25 4 31 42 40 14 47 17 21 46 2 30 16 37 51 93 98 79 56 57 75 41 71 60 80 58 90 99 67 64 78 43 44 55 85 70 61 100 91 62 50 82 69 92 86 59 94 63 83 68 65 72 88 35 84 95 96 73 81 97 87 89 76 77 
48 68 41 42 13 79 21 50 37 91 85 75 38 64 100 78 6 46 9 3 57 15 17 4 32 29 58 65 89 52 76 61 93 63 10 16 31 27 97 66 92 14 2 77 69 95 82 55 44 33 1 11 96 88 34 99 62 23 7 40 18 67 20 8 47 49 12 71 54 84 5 24 86 80 87 25 43 83 90 22 73 59 19 70 39 45 26 74 36 51 98 35 60 94 81 72 56 28 30 53 
5 35 32 46 94 78 59 58 24 11 73 66 16 51 14 80 20 77 71 57 19 81 34 64 63 87 53 3 10 50 82 21 55 4 45 27 100 47 49 86 29 30 70 62 13 97 23 56 72 60 98 28 41 68 69 79 92 84 95 12 85 1 2 36 43 96 44 22 61 93 67 40 39 31 26 52 91 18 42 48 17 89 76 74 65 90 83 6 75 88 33 25 38 8 15 99 54 9 37 7 
21 39 16 5 23 31 27 50 60 14 33 3 51 9 59 18 54 48 24 20 11 12 40 57 2 25 19 42 13 53 15 52 38 47 28 44 30 32 55 7 22 46 6 17 1 45 36 8 58 56 43 49 34 4 29 26 10 35 41 37 
32 48 28 45 96 25 82 6 80 65 42 23 98 55 38 56 18 26 83 20 94 70 31 100 17 8 75 90 78 67 88 15 81 12 69 16 50 11 86 63 93 35 44 64 59 24 49 33 91 89 61 39 77 3 41 21 30 36 57 22 1 76 85 92 58 27 95 19 9 47 13 62 7 40 2 53 43 68 66 97 79 99 5 74 60 51 71 34 72 46 14 84 52 10 87 37 73 29 54 4 
76 68 89 61 67 3 70 41 57 9 28 55 56 44 72 58 27 66 80 99 75 17 100 78 50 69 84 25 11 81 8 73 23 26 12 2 98 97 32 53 29 52 86 10 91 15 16 30 38 64 45 43 59 93 19 22 92 54 79 83 1 46 94 77 51 48 63 4 49 87 18 35 5 74 71 13 82 36 60 39 88 90 31 21 33 14 62 96 40 24 42 34 85 65 37 6 7 95 20 47 
