28 10 53 17 22 95 18 87 96 67 83 16 54 63 92 88 25 5 4 90 6 32 14 51 74 37 62 59 100 77 13 45 68 1 75 60 33 48 9 31 20 93 42 7 35 99 49 91 46 58 55 23 73 26 85 82 65 71 76 78 8 50 57 72 41 29 2 12 89 11 81 34 44 86 38 47 3 15 98 39 30 19 43 69 61 97 56 52 70 24 21 94 27 40 84 79 80 36 64 66 
2 4 3 1 
55 48 11 100 31 27 35 89 96 28 30 77 85 78 61 34 50 38 99 23 1 37 2 49 12 29 94 53 81 4 62 3 24 83 70 84 75 60 95 58 72 9 67 87 71 32 90 93 46 64 80 79 63 41 59 22 52 14 21 76 51 10 97 65 91 17 40 43 16 45 66 18 36 92 86 5 69 68 33 98 57 20 54 44 74 15 25 8 26 39 6 13 56 42 19 47 88 82 73 7 
72 36 77 67 99 58 61 91 51 29 39 71 23 86 22 43 21 7 82 93 80 79 24 100 84 96 59 35 92 1 53 73 17 64 89 56 30 32 90 4 62 66 20 8 65 15 37 60 74 42 25 68 13 81 49 52 38 2 63 18 46 85 75 41 88 26 45 55 33 57 14 31 76 40 70 97 6 95 19 83 78 98 27 50 48 16 47 94 34 69 87 3 10 12 28 44 9 54 5 11 
93 92 87 83 86 81 96 79 99 91 84 94 60 80 89 77 55 90 71 100 67 76 53 48 73 97 57 95 58 52 74 68 75 85 98 59 54 82 69 62 78 88 65 70 66 72 61 64 63 56 35 51 44 34 24 21 45 49 47 27 23 41 42 18 7 13 19 33 36 20 17 38 4 30 9 25 29 28 39 43 37 50 32 3 15 14 46 12 6 11 16 31 1 26 10 8 22 40 2 5 
7 6 3 2 1 4 5 
75 48 5 89 66 33 52 17 35 6 13 42 92 86 85 57 80 24 7 84 43 27 79 59 34 32 9 78 4 11 62 67 14 15 83 96 71 81 16 64 40 46 37 88 51 56 63 39 50 22 54 60 25 44 3 65 1 10 91 95 73 8 94 12 47 28 58 99 23 36 49 72 93 97 68 77 69 29 21 98 61 55 26 45 41 30 2 74 82 31 87 20 18 19 70 90 38 76 53 
6 18 98 49 62 3 99 71 36 38 20 69 25 43 59 90 23 78 76 11 45 32 67 17 54 87 52 22 96 82 72 77 34 7 14 63 95 60 1 16 55 66 37 31 92 86 4 39 40 73 61 13 80 47 88 94 51 58 27 79 44 21 81 30 19 65 84 12 70 89 57 75 85 28 33 83 2 29 46 50 64 97 35 5 41 68 93 74 8 9 10 48 53 24 91 42 15 56 26 
10 45 48 6 49 34 46 29 2 7 3 32 37 47 33 20 50 17 21 12 38 41 18 43 26 44 22 30 35 9 14 24 15 25 4 27 23 39 28 19 42 1 13 40 31 11 5 36 16 8 
96 91 94 100 95 84 90 98 48 60 65 82 99 88 73 85 40 54 87 71 13 93 57 97 72 67 9 43 77 55 50 64 86 80 70 66 79 62 38 75 69 81 83 89 31 63 46 52 34 78 30 4 41 2 16 25 42 14 23 68 12 27 74 17 32 59 22 56 92 37 51 20 7 45 35 53 26 1 18 61 10 24 49 8 76 15 36 3 5 39 33 44 58 47 11 19 28 29 21 6 
17 83 56 29 24 80 69 26 15 87 42 23 33 78 19 18 76 11 96 74 45 81 30 51 12 3 93 92 57 40 6 90 70 1 60 85 4 21 72 61 52 75 48 44 54 46 43 34 88 28 63 14 86 73 95 37 64 10 91 62 79 65 16 67 32 38 25 66 58 8 68 7 31 59 20 53 50 13 27 82 89 49 2 41 35 22 71 39 55 84 47 77 94 5 9 36 
9 3 5 2 10 6 1 7 8 4 
9 42 37 51 49 82 20 31 26 63 44 85 19 4 75 33 7 88 68 22 38 58 59 79 91 5 81 76 14 87 93 69 86 12 28 43 11 61 80 2 30 52 39 18 99 21 34 98 74 57 24 48 32 95 55 77 46 62 56 25 13 15 73 47 66 64 50 36 35 70 60 53 17 96 3 40 97 94 84 54 41 72 92 29 16 100 1 78 6 67 90 89 83 45 8 71 10 27 23 65 
42 32 49 85 93 3 52 11 13 20 68 35 12 61 90 74 2 56 79 87 96 24 51 54 98 39 77 95 18 43 48 100 41 75 29 99 84 26 67 31 25 10 33 53 6 58 34 94 55 21 36 76 8 38 47 81 45 4 46 63 15 80 9 82 50 86 44 5 65 66 92 60 19 62 22 71 70 83 64 57 97 28 27 37 72 69 89 1 91 14 30 40 59 16 78 17 7 73 88 23 
28 99 55 32 44 29 83 45 40 12 50 10 20 35 95 97 4 31 47 49 90 75 37 30 1 15 22 27 19 5 64 100 26 39 14 41 91 86 13 65 76 42 7 43 72 24 67 18 82 61 17 77 60 68 96 59 71 23 92 79 36 63 56 81 21 88 94 54 38 3 2 25 57 85 46 52 8 48 34 89 9 98 73 58 80 78 33 66 16 53 74 70 87 6 11 62 51 84 93 69 
82 98 71 5 17 59 86 29 6 73 36 74 72 87 44 68 24 20 61 83 66 50 43 64 16 38 55 47 54 58 14 62 99 26 93 1 56 33 9 19 95 7 57 76 92 79 67 25 91 48 28 4 63 32 60 35 84 69 88 53 45 15 21 77 37 40 100 18 42 75 22 2 52 90 94 27 11 34 65 96 13 41 70 12 97 51 49 80 23 39 3 30 46 78 81 31 8 10 85 89 
57 14 50 12 66 23 26 60 34 33 52 61 44 58 37 70 72 13 19 9 18 17 46 62 21 68 38 43 48 6 54 2 22 30 71 10 42 69 4 36 47 28 67 65 45 41 24 20 32 29 7 55 40 16 5 51 8 35 15 31 56 3 39 1 53 11 59 27 25 49 64 63 
29 8 74 30 69 46 6 96 73 79 38 61 16 59 95 22 14 31 49 12 26 39 55 41 15 23 53 93 1 24 9 44 98 76 57 19 3 32 43 63 45 75 47 64 83 85 7 37 99 5 77 28 84 67 56 51 10 90 100 35 25 52 89 54 4 78 36 70 68 17 87 71 42 92 91 65 13 2 34 94 86 58 48 50 40 81 80 33 20 27 21 62 18 60 66 97 82 11 88 72 
89 36 43 50 76 15 49 100 77 56 80 5 90 40 64 99 34 51 35 17 45 88 86 68 52 53 87 94 42 8 98 69 19 4 63 70 95 6 46 32 55 57 66 47 75 93 72 16 31 61 24 91 60 27 83 23 96 28 41 71 10 74 12 59 14 20 73 2 54 7 25 13 44 38 9 30 84 97 21 82 62 78 67 1 29 81 37 92 39 58 85 3 26 33 22 79 18 11 65 48 
22 60 86 31 40 89 91 46 49 61 34 68 95 53 7 82 11 54 55 12 8 75 90 50 51 83 6 4 100 72 64 85 43 20 52 84 45 96 71 38 2 63 18 14 5 98 29 88 10 39 30 19 56 67 87 25 33 3 69 94 78 41 13 44 35 1 62 73 24 58 15 48 92 93 23 65 79 76 28 26 36 99 80 16 27 42 81 66 74 59 77 21 37 70 97 57 9 17 47 32 
22 42 9 67 95 83 48 58 79 85 89 34 23 47 7 65 4 35 59 17 63 75 40 3 39 28 60 73 12 61 46 91 10 80 66 26 31 53 99 72 43 14 41 21 13 30 77 8 97 2 92 52 1 98 69 51 84 24 6 18 33 32 27 54 74 25 44 94 45 64 56 20 100 71 55 90 78 49 29 19 88 62 68 15 70 11 57 16 96 87 50 93 82 86 38 36 81 5 37 76 
35 12 55 44 47 81 25 11 59 52 17 16 28 19 68 50 61 65 42 60 2 41 64 9 73 72 26 49 24 40 7 8 39 6 48 54 5 31 80 46 34 62 13 56 3 33 32 79 71 70 29 36 37 1 22 63 78 43 38 45 75 30 4 21 57 66 23 76 14 18 69 53 15 20 10 51 27 67 74 77 58 
48 39 69 70 55 99 17 3 51 92 85 66 88 72 41 6 89 60 97 1 73 93 96 47 14 71 62 4 25 80 86 28 13 30 74 43 44 5 91 57 78 7 65 27 64 52 16 67 87 22 59 75 61 40 12 33 2 45 77 98 34 68 100 79 26 63 58 49 24 31 94 42 50 36 21 82 10 37 11 38 8 35 9 90 20 81 84 23 18 56 76 19 46 32 83 29 95 15 54 53 
93 1 71 6 21 29 31 88 46 7 79 84 64 33 47 2 48 65 15 57 68 74 59 76 34 39 8 19 3 90 51 35 61 69 11 16 12 44 20 17 27 36 18 85 91 40 45 67 4 24 78 41 73 37 25 49 62 75 52 26 58 38 70 86 9 53 32 55 54 77 42 82 92 22 30 43 28 56 5 10 63 72 80 50 13 83 23 87 60 89 66 14 81 
97 58 6 68 46 3 8 59 10 49 77 95 20 72 15 82 51 36 11 17 81 74 37 85 62 40 94 25 57 16 71 22 2 79 9 13 60 90 80 24 66 27 7 73 21 93 19 32 33 55 76 86 91 30 61 96 14 69 75 98 1 43 45 89 83 23 64 42 53 63 92 56 99 84 31 44 47 35 67 54 12 52 70 26 5 65 50 87 88 28 100 39 4 78 41 38 18 29 48 34 
34 80 29 74 12 44 41 83 93 60 35 76 45 7 10 88 48 58 52 21 36 90 2 54 96 33 20 18 16 97 4 28 95 86 62 24 51 77 32 69 63 61 64 67 43 71 25 9 73 46 53 40 17 3 68 13 92 8 23 65 38 30 100 55 14 11 19 78 42 22 37 87 70 89 56 85 75 79 81 26 49 94 91 39 50 6 99 27 98 84 59 66 1 47 57 72 31 15 5 82 
100 23 59 42 32 13 67 40 98 30 4 33 64 31 90 74 68 92 38 50 24 60 66 39 22 3 77 17 44 2 87 49 73 41 53 55 46 27 63 80 96 70 36 11 20 99 45 56 81 8 16 97 47 34 95 1 57 84 19 75 14 61 12 35 18 89 72 28 88 62 21 29 58 43 83 9 52 82 71 37 69 7 6 48 26 93 51 10 5 79 15 78 85 65 25 76 54 91 86 94 
29 7 82 84 2 90 69 57 26 10 1 46 22 92 59 24 49 19 55 13 42 27 23 67 78 51 54 94 95 52 88 9 81 74 72 86 98 35 73 45 21 48 71 39 91 65 25 31 18 32 11 50 15 83 93 61 20 79 99 60 47 63 41 62 89 33 56 87 77 40 17 5 34 12 14 6 44 97 66 64 53 70 16 30 28 38 80 68 75 85 76 58 96 43 4 100 36 8 3 37 
3 6 1 5 4 2 
26 11 8 42 17 2 38 6 13 23 15 28 12 33 9 22 1 50 43 3 27 19 49 5 20 34 48 36 51 7 37 24 14 16 41 21 53 30 29 32 4 25 47 44 31 39 58 10 46 52 35 40 45 55 18 84 68 59 93 65 75 69 72 62 78 66 60 73 56 57 91 63 67 61 70 77 74 85 79 54 86 90 100 83 76 71 96 89 81 98 92 87 88 64 97 94 95 82 80 99 
1 26 17 24 14 8 7 21 23 12 27 25 15 9 6 13 2 16 5 4 18 3 11 19 10 22 20 
