28 25 77 96 36 85 98 13 9 78 49 62 43 92 55 52 20 56 37 53 19 71 34 95 90 57 18 50 60 35 72 80 44 4 3 8 97 63 15 91 99 64 59 75 61 74 27 86 70 48 2 12 16 73 67 33 69 40 94 17 93 5 39 24 79 89 6 21 10 83 29 30 23 87 42 66 58 51 11 45 22 41 1 81 38 82 76 26 46 31 100 84 32 7 68 54 65 88 14 47 
2 4 3 1 
31 94 46 75 59 35 37 23 28 48 71 34 27 11 2 60 9 85 49 50 24 89 30 53 29 93 79 81 96 62 55 63 38 32 58 4 70 78 80 84 99 100 41 12 3 90 87 77 72 95 67 83 1 64 61 52 26 51 5 21 88 97 10 17 65 74 44 66 14 43 76 57 69 91 68 39 8 22 45 6 40 82 47 25 15 16 54 98 18 42 36 92 86 7 13 33 19 56 73 20 
21 43 82 4 24 72 39 93 58 99 61 25 29 73 32 7 92 59 23 22 91 42 51 80 15 100 62 86 90 49 66 89 84 36 2 67 96 53 35 77 52 64 30 71 20 79 81 1 37 60 74 8 38 68 17 56 65 13 57 50 18 94 6 33 87 83 48 27 45 11 88 85 55 16 54 28 19 70 9 14 78 95 12 75 47 26 69 44 34 10 97 76 46 5 31 63 40 98 41 3 
92 97 100 99 98 89 69 58 96 70 94 68 76 64 83 67 84 62 95 61 65 71 81 88 72 91 85 74 77 93 78 75 79 66 60 63 56 48 52 54 82 73 80 90 86 55 59 53 57 87 23 40 28 33 46 34 39 29 44 30 49 32 51 41 25 45 50 22 27 31 3 42 5 24 19 8 17 9 11 12 43 1 35 7 13 37 36 47 15 18 38 26 20 6 16 4 2 14 10 21 
6 7 3 2 1 5 4 
13 4 42 54 75 67 11 27 6 80 39 46 89 64 60 71 34 78 65 84 9 25 66 50 43 85 52 96 92 17 22 91 95 33 16 44 32 3 56 5 35 88 86 24 81 10 57 37 14 51 48 1 79 40 83 59 62 63 15 7 98 74 73 90 61 8 28 20 77 76 45 38 94 70 97 12 53 23 69 30 68 87 58 29 41 21 93 18 2 72 47 55 99 31 26 82 36 19 49 
59 38 18 11 20 98 54 13 32 62 43 34 95 69 60 52 47 86 88 31 39 73 36 72 17 40 61 7 16 96 78 25 23 66 87 51 49 76 14 77 3 6 37 80 45 22 55 92 82 67 90 4 99 1 71 63 94 27 8 58 75 97 79 83 21 35 15 65 89 81 41 84 29 70 53 2 12 24 30 46 57 91 28 64 85 10 68 74 48 9 33 93 26 44 19 42 56 5 50 
9 29 6 44 7 2 3 14 33 10 20 21 26 15 12 37 34 49 22 24 17 25 43 45 50 41 48 32 18 46 38 47 30 35 4 16 39 42 23 27 11 36 31 8 40 19 1 5 28 13 
94 99 83 97 100 31 77 93 91 63 73 98 54 90 72 82 34 85 65 9 95 64 48 79 57 60 67 70 62 71 40 13 55 43 38 75 81 50 86 87 52 78 69 46 88 96 66 80 84 89 24 6 33 56 74 42 12 15 37 58 23 30 32 53 16 49 8 10 22 68 4 59 36 61 29 35 21 5 39 20 44 2 27 7 19 25 47 41 26 14 18 45 3 1 51 92 28 17 11 76 
61 64 19 68 56 35 29 27 32 90 59 38 18 14 84 75 47 50 33 46 88 44 80 43 26 20 93 53 95 91 92 83 87 42 3 96 30 62 21 36 41 69 51 12 86 85 66 54 1 48 57 24 39 34 78 94 76 74 45 82 7 22 10 63 55 15 5 81 2 13 72 40 60 49 31 25 89 65 6 37 4 16 73 52 58 17 11 79 28 23 9 70 8 67 77 71 
9 2 3 5 10 6 1 7 8 4 
86 21 66 68 49 99 55 9 97 56 4 91 26 2 39 76 85 60 47 42 64 36 12 43 14 57 70 19 35 7 82 77 84 38 5 32 59 58 61 18 81 87 50 96 48 37 80 98 3 52 31 17 30 51 15 93 94 22 40 79 73 95 75 53 13 25 63 11 88 20 34 44 62 74 33 54 46 24 28 69 41 29 1 100 89 45 92 78 10 67 65 90 71 27 72 8 83 16 23 6 
55 29 38 49 61 12 87 51 54 98 47 96 13 26 99 39 67 56 2 34 68 3 93 36 6 20 94 11 21 43 95 84 100 75 53 42 48 8 76 41 74 10 32 58 25 31 79 33 35 90 52 24 18 77 85 45 59 70 44 27 63 46 40 81 9 60 92 78 80 72 71 83 28 86 89 22 17 65 37 64 19 50 4 66 82 91 73 14 57 62 88 23 16 97 7 5 15 69 1 30 
1 28 14 22 64 90 99 55 4 95 40 42 45 32 65 35 7 50 24 44 49 30 47 39 61 43 17 31 86 20 29 75 91 10 19 72 83 100 12 97 5 27 13 76 26 67 41 15 82 37 77 18 53 92 89 88 78 33 63 84 70 46 54 58 21 34 23 71 8 6 93 68 96 87 94 52 85 74 62 48 69 56 81 66 57 3 79 60 80 16 9 59 51 25 36 98 73 38 11 2 
29 28 99 93 79 38 1 83 7 54 64 62 82 68 20 95 91 9 14 67 50 73 92 43 86 76 26 66 72 74 61 5 56 44 58 47 16 63 87 33 57 25 59 32 19 48 36 98 55 6 24 71 17 4 23 90 84 75 10 65 60 53 69 51 96 3 21 77 12 88 22 27 13 18 39 49 46 35 81 97 42 78 37 85 100 11 45 30 41 8 70 52 89 40 94 31 80 34 15 2 
36 26 9 46 45 2 54 18 17 44 10 67 42 62 38 50 30 71 48 41 20 72 60 70 13 37 34 12 14 24 33 22 43 23 6 58 4 21 66 19 69 57 52 28 61 68 47 65 7 63 31 56 32 5 29 40 8 16 3 55 35 27 15 53 11 49 25 51 39 59 1 64 
6 29 57 53 69 99 44 59 37 49 31 14 55 63 79 47 73 75 12 43 93 8 64 61 26 98 38 15 74 45 85 19 41 7 76 96 77 9 16 3 83 95 5 23 39 1 32 22 28 30 46 24 94 58 33 54 88 35 80 4 81 27 71 13 62 50 70 100 90 68 10 40 89 36 11 65 21 82 91 25 51 48 66 67 56 52 78 84 18 2 34 72 60 42 97 17 87 86 92 20 
49 43 99 52 93 98 19 70 50 47 51 5 80 53 63 35 88 72 76 31 15 68 57 34 77 56 95 4 100 86 40 90 46 16 75 32 6 17 8 94 87 36 42 55 61 45 89 69 64 66 79 54 73 14 28 82 38 96 23 91 11 24 83 9 74 12 13 2 22 62 60 41 10 37 81 30 44 92 21 48 39 58 33 25 78 67 71 59 85 65 97 7 3 27 1 18 84 26 20 29 
100 75 49 31 82 18 14 64 53 46 89 54 68 60 91 11 6 4 12 50 61 43 95 22 86 34 84 90 52 55 45 10 5 72 85 51 7 56 40 30 83 63 20 98 8 19 29 71 2 96 38 39 88 44 62 24 59 77 35 57 33 87 70 65 76 23 9 3 42 66 47 48 67 78 26 1 28 93 25 17 37 36 27 13 41 92 99 74 80 21 32 81 94 69 58 97 15 16 73 79 
22 67 7 83 48 4 66 23 77 31 28 46 10 63 40 35 13 85 59 2 9 34 39 41 3 80 8 21 30 47 26 60 73 99 91 65 75 58 89 79 1 52 53 92 43 17 72 42 61 97 95 12 14 86 71 16 27 90 37 98 45 32 44 19 25 55 70 15 94 81 36 68 88 69 11 56 6 96 78 20 57 51 24 82 18 76 87 84 49 33 5 93 50 62 29 74 100 64 38 54 
6 4 77 37 73 70 3 2 36 44 28 52 19 10 78 72 1 58 57 43 25 63 8 59 76 50 16 35 41 32 61 45 71 51 34 5 15 53 69 7 42 21 11 29 60 68 17 74 49 40 13 18 39 48 14 9 67 27 56 12 26 24 65 62 31 23 64 38 47 22 33 46 79 75 30 20 81 55 66 54 80 
96 52 30 66 55 4 93 74 1 89 25 27 71 60 57 3 72 41 99 85 65 51 73 62 7 70 47 13 78 44 91 39 28 43 16 14 6 92 86 5 69 97 80 48 17 64 88 50 24 10 84 2 49 75 82 63 100 81 21 77 8 53 76 90 56 83 22 9 42 61 67 33 79 26 11 18 29 23 36 35 12 45 94 37 31 46 59 54 87 38 34 20 98 32 40 19 15 95 58 68 
93 1 82 26 2 91 84 27 10 49 40 89 19 31 32 11 51 62 21 28 45 60 13 16 66 90 22 14 36 69 44 67 55 17 83 39 23 85 58 53 86 42 18 37 52 73 74 80 75 3 59 71 61 81 50 12 6 46 43 47 4 29 7 8 20 9 5 56 24 54 68 77 63 15 76 38 70 41 92 64 72 87 65 48 25 88 78 30 79 33 34 57 35 
83 86 22 59 21 81 93 16 10 94 60 64 37 82 69 45 36 97 49 40 6 73 15 80 57 8 7 9 55 76 53 13 27 2 62 3 85 24 91 71 25 32 23 1 19 77 98 46 96 58 74 95 90 33 17 11 42 43 68 89 66 51 79 14 72 20 61 75 30 39 12 63 41 5 56 18 28 84 67 54 35 48 92 87 100 78 65 31 34 88 29 44 4 50 70 47 99 52 26 38 
52 35 83 51 48 97 67 28 41 7 86 54 62 33 32 74 17 40 36 80 20 76 44 63 71 90 73 16 93 2 10 69 53 34 4 21 60 64 58 77 45 29 46 25 12 9 88 24 61 43 96 95 18 89 47 78 42 13 1 27 81 68 92 26 23 8 39 3 75 49 31 22 82 100 14 11 66 19 37 38 55 72 87 50 59 6 65 98 70 30 56 94 57 79 15 84 5 85 91 99 
38 77 20 36 41 4 74 90 81 73 27 59 30 53 23 64 33 42 80 46 56 31 2 50 49 67 63 16 60 32 45 17 40 98 96 39 13 92 68 3 8 11 99 70 47 100 87 55 97 24 66 22 44 61 19 34 57 84 26 21 18 1 93 35 48 54 72 94 37 28 75 58 71 12 10 15 43 88 76 83 25 62 82 14 69 65 79 9 78 5 91 89 85 95 86 52 7 51 29 6 
13 84 19 71 10 29 7 18 78 86 81 54 11 65 98 1 42 83 69 90 26 50 21 9 32 92 24 82 22 57 35 51 23 72 15 52 95 73 48 46 39 25 67 88 27 91 2 49 31 55 59 94 74 45 89 87 62 61 100 75 44 40 76 99 12 79 38 3 93 30 80 60 8 58 6 63 96 5 53 20 43 28 17 33 77 16 56 97 41 34 70 68 14 47 36 37 4 66 85 64 
3 6 1 5 4 2 
40 10 3 21 12 7 9 16 1 36 2 5 11 4 28 15 14 37 22 47 19 8 20 46 29 53 26 13 27 49 17 39 18 23 6 38 24 52 42 48 45 25 34 41 32 58 51 50 30 33 44 55 43 31 35 98 59 68 72 71 64 79 83 73 74 57 67 60 76 56 61 66 99 81 82 92 96 69 54 97 62 65 88 91 80 63 77 78 93 90 85 89 86 75 94 70 95 84 100 87 
1 21 17 23 25 15 26 27 12 24 14 8 7 9 6 5 16 13 4 2 3 20 22 11 18 19 10 
48 32 59 84 72 5 39 87 71 50 81 16 17 38 20 46 1 68 37 4 10 82 78 11 61 79 29 6 26 27 76 31 85 56 69 18 25 95 7 80 57 58 44 62 22 13 35 97 51 63 74 83 70 89 55 28 47 41 75 98 34 64 92 21 8 100 9 73 30 99 60 49 96 53 23 42 12 66 19 40 94 77 15 2 3 33 14 91 43 45 67 24 88 54 93 52 65 86 36 90 
62 84 64 17 83 41 96 53 92 51 57 65 29 74 79 25 81 91 69 93 68 9 73 20 89 70 87 77 12 88 23 11 24 72 28 78 21 40 49 45 27 59 46 66 56 14 71 32 3 55 67 26 39 38 98 1 22 61 86 4 7 100 18 76 5 82 99 85 43 42 31 52 80 50 54 15 19 97 94 6 8 75 37 16 58 34 95 30 90 44 10 33 35 63 2 48 13 36 47 60 
13 33 17 46 16 44 94 87 29 23 58 99 25 60 26 11 71 85 62 66 14 20 98 69 22 27 77 18 52 45 63 3 47 34 79 35 5 80 39 76 12 73 70 40 54 88 38 1 61 91 9 75 89 32 10 81 55 24 93 56 72 95 65 19 28 86 53 83 41 74 21 6 78 30 67 4 92 42 2 97 51 36 50 7 31 49 64 15 43 100 90 68 57 96 48 82 84 59 8 37 
70 66 75 4 30 83 5 50 15 76 44 12 6 67 65 81 86 85 39 92 79 93 94 14 47 3 91 11 19 41 18 22 84 87 69 95 96 8 77 98 17 80 27 9 13 31 40 97 42 43 82 55 33 26 25 32 36 29 20 89 48 73 35 7 88 46 21 38 52 16 24 58 28 37 45 60 49 62 51 56 34 99 63 74 90 68 59 100 10 54 57 23 78 61 64 72 53 71 1 2 
23 46 65 98 8 18 49 37 16 28 54 84 74 9 77 45 73 85 82 4 38 40 13 91 1 51 30 75 87 25 92 86 14 44 42 80 78 60 57 67 89 88 97 53 47 81 32 55 71 90 10 83 95 5 39 36 58 48 21 2 15 22 69 52 43 94 24 66 62 63 20 26 76 17 96 33 12 11 79 61 50 27 56 99 19 34 7 100 70 72 68 29 41 93 64 3 31 35 59 6 
25 44 11 60 83 14 96 63 36 27 70 37 87 71 26 43 18 94 28 57 85 38 29 31 74 5 51 10 49 13 34 2 59 52 50 95 76 4 32 66 1 92 61 91 97 77 55 23 58 48 65 64 33 89 40 7 68 86 47 88 41 30 45 73 82 42 53 69 19 80 84 9 8 56 81 90 3 20 67 78 75 17 6 79 22 62 46 39 93 24 35 16 21 54 12 15 72 
5 13 19 16 6 12 9 20 4 3 14 8 11 15 7 1 18 2 10 17 
34 43 61 92 97 91 30 10 9 54 46 53 62 5 38 71 44 50 81 16 15 73 69 1 47 77 55 58 49 65 70 29 32 64 23 18 80 99 4 33 83 51 72 75 35 13 19 63 96 40 39 12 2 57 6 88 17 42 8 7 78 41 87 74 84 95 11 48 37 76 86 56 21 68 14 98 59 36 20 26 67 24 22 52 100 27 45 93 60 94 90 89 79 85 25 82 31 3 28 66 
9 11 5 3 12 31 8 33 87 13 99 53 52 100 25 27 15 29 57 81 73 76 65 41 23 20 94 40 45 60 78 42 96 88 89 75 98 74 82 59 38 85 68 71 83 67 43 84 63 46 47 77 55 44 54 32 16 30 24 48 56 49 70 21 93 22 66 6 35 64 19 69 14 51 36 86 2 7 80 91 10 26 28 72 79 39 61 58 18 17 37 92 95 97 4 50 90 34 62 1 
41 10 28 46 69 9 25 82 100 87 93 65 48 5 89 45 21 57 49 50 35 32 12 36 31 66 76 44 85 47 99 92 26 1 60 27 23 81 68 40 17 15 18 61 30 3 64 8 88 58 37 91 74 70 84 79 13 67 96 53 38 34 78 29 77 54 19 42 14 86 94 75 95 73 83 55 52 43 62 71 59 6 39 7 97 24 80 16 11 72 56 33 20 90 63 51 22 98 2 4 
73 63 50 87 55 10 26 78 51 6 72 30 19 80 4 23 32 34 49 66 21 39 71 59 7 85 15 65 27 9 14 60 54 42 24 88 90 79 61 69 92 94 28 29 16 17 3 31 95 44 67 74 62 36 76 91 5 33 84 81 43 52 53 46 82 8 37 68 1 70 13 57 12 35 58 86 56 38 2 98 18 77 48 11 83 22 97 96 99 45 75 47 64 93 25 89 40 20 41 
11 8 14 20 7 5 4 31 13 3 16 25 36 1 21 30 6 26 38 9 32 24 34 35 33 17 2 42 41 49 12 15 39 46 48 44 19 22 29 37 23 45 18 40 28 27 10 43 47 57 73 87 51 53 69 58 50 90 67 78 65 52 66 54 81 62 55 80 63 74 97 79 77 72 88 59 71 56 96 64 84 95 86 68 91 60 92 99 61 100 76 98 70 85 94 75 89 82 83 93 
39 41 17 71 36 46 31 26 28 19 9 4 35 7 45 6 29 86 5 50 24 25 11 3 37 12 76 33 38 82 52 58 91 32 40 21 10 89 8 20 74 48 30 78 16 23 77 13 70 18 59 47 1 49 27 54 51 56 72 53 34 22 61 88 57 66 64 87 75 93 73 68 14 42 15 2 80 55 67 95 85 69 92 44 96 79 98 60 83 65 63 81 99 62 90 97 100 94 84 43 
80 12 72 100 69 52 31 96 85 77 3 23 56 40 83 42 34 89 46 22 25 53 1 35 28 70 38 44 62 48 86 5 47 19 6 58 99 27 7 64 60 95 39 92 36 20 17 94 50 74 29 78 66 13 57 16 91 2 45 49 63 79 82 81 30 84 26 97 71 41 51 43 75 87 4 59 33 24 98 54 61 93 67 10 14 55 37 9 88 21 15 18 11 76 73 68 90 32 65 8 
35 90 20 89 86 83 49 27 95 32 55 39 4 59 2 36 57 16 8 96 100 14 71 88 11 15 22 21 19 13 47 78 81 64 42 9 70 6 5 26 91 73 23 69 87 38 24 52 53 63 74 72 80 54 97 65 28 75 76 77 46 50 41 17 37 1 56 43 61 18 7 98 3 25 34 33 93 79 94 30 62 29 92 48 82 12 67 58 51 40 44 60 10 99 45 85 31 66 68 84 
34 92 82 87 62 58 44 90 9 49 100 74 22 60 71 26 93 67 25 59 29 19 64 97 89 8 41 80 70 31 48 6 66 78 53 18 2 55 5 83 20 98 11 10 43 84 28 69 79 33 56 35 30 7 72 51 1 3 38 39 13 21 46 32 23 42 57 99 24 40 50 65 81 4 15 61 94 16 37 77 17 47 14 63 54 85 88 73 76 36 45 96 27 86 12 52 95 68 75 91 
65 49 2 77 42 48 7 35 95 63 29 28 43 21 20 30 56 15 94 22 36 6 69 79 14 93 37 8 85 58 34 16 9 23 27 70 84 1 55 71 62 57 83 76 13 50 78 72 86 41 64 44 51 68 82 3 87 32 25 59 88 18 75 24 40 10 52 66 54 11 38 67 92 17 90 73 47 39 45 53 80 19 26 12 89 4 91 60 31 74 81 5 61 33 46 
71 38 27 70 39 77 32 22 34 48 96 60 15 1 86 76 16 83 61 72 51 20 58 62 65 54 50 66 5 99 100 43 49 12 28 81 53 9 56 42 7 63 36 14 4 89 11 82 79 90 29 97 80 17 18 68 3 92 23 24 8 69 19 88 35 95 30 25 64 44 67 73 47 59 57 94 52 21 93 46 87 85 26 91 33 84 55 13 98 37 41 40 6 78 31 10 2 45 75 74 
8 1 87 17 83 38 21 53 18 77 67 22 99 74 81 49 95 33 54 85 76 7 6 5 29 32 70 35 51 44 60 80 56 24 27 73 46 9 98 82 16 71 59 62 11 2 86 75 43 25 30 63 58 66 90 10 94 92 13 55 42 36 19 61 45 14 23 26 68 39 72 47 48 31 88 34 96 97 57 4 91 15 69 100 20 65 50 28 64 79 93 78 41 3 40 84 37 89 12 52 
1 2 3 4 6 5 7 
59 95 98 91 34 20 16 42 22 29 31 17 33 51 49 7 25 5 73 43 88 70 30 40 41 66 50 97 87 84 77 27 28 89 6 52 37 76 96 47 14 58 3 75 39 71 62 11 36 15 32 79 48 8 68 94 19 67 2 61 83 74 1 46 60 65 85 4 72 82 53 54 81 90 78 12 99 38 13 26 100 64 69 57 44 35 9 92 24 45 10 55 18 23 80 56 93 63 21 86 
80 67 22 64 98 19 95 38 82 79 25 77 57 85 42 86 72 56 28 90 60 50 51 65 99 10 52 96 32 14 37 87 39 70 78 97 9 61 34 47 3 15 17 36 2 16 20 8 88 68 46 11 35 26 30 58 76 12 75 94 84 89 62 7 54 66 49 29 100 33 69 40 81 74 45 21 5 1 31 23 53 13 55 71 73 92 18 24 83 63 44 91 41 6 27 59 48 4 93 43 
21 80 49 47 65 60 57 46 72 31 78 17 2 77 79 23 91 59 50 53 22 30 18 93 74 48 4 69 76 61 54 42 51 52 90 62 67 41 58 73 66 68 71 86 20 19 63 29 75 64 85 94 70 81 33 10 43 99 28 6 98 40 27 55 16 39 36 96 56 92 100 14 84 7 3 35 5 15 9 38 11 97 8 25 26 32 12 82 37 34 83 13 44 89 87 24 1 95 88 45 
13 59 27 8 5 31 78 9 99 16 70 41 50 44 97 30 46 34 29 33 88 55 85 15 62 84 18 49 73 83 92 87 82 37 45 10 90 93 2 56 24 71 48 64 38 75 51 4 77 63 53 69 58 65 98 100 21 42 47 74 91 40 54 28 80 22 14 76 6 11 17 12 72 95 20 26 68 36 89 94 52 43 61 67 7 35 23 86 96 60 32 79 66 19 81 25 3 1 57 39 
14 82 23 30 50 20 12 54 34 70 24 4 94 52 84 56 100 90 68 64 80 32 16 46 72 74 60 62 55 98 77 26 42 40 66 2 78 38 88 86 92 96 6 36 8 18 76 28 10 44 48 58 85 37 1 95 7 13 39 31 33 11 73 9 35 75 57 47 81 51 3 41 45 67 25 63 27 29 99 83 93 89 79 15 59 61 22 69 19 71 17 87 65 97 91 5 49 21 53 43 
89 37 62 7 60 86 78 83 3 87 36 23 2 80 40 74 31 42 35 67 32 21 71 19 51 17 8 99 98 72 65 29 1 48 56 81 94 52 13 15 14 20 47 77 57 6 26 63 5 92 76 95 75 43 50 16 73 24 39 22 49 97 4 59 69 61 46 18 79 96 11 70 33 28 66 38 55 54 68 58 82 84 88 64 53 41 27 25 91 10 44 45 12 34 9 93 90 85 30 100 
95 67 79 60 64 69 5 97 44 39 94 81 54 65 42 46 40 51 49 56 99 62 84 78 53 3 11 23 41 9 25 88 4 93 19 73 83 21 82 48 75 31 16 8 100 47 37 13 32 55 6 70 43 1 22 10 85 20 2 14 77 89 71 80 18 68 29 15 76 36 87 86 45 90 91 63 50 57 12 74 98 59 35 38 28 66 26 61 92 33 72 58 7 30 24 96 34 27 17 52 
1 71 94 40 62 68 11 46 7 77 42 5 76 66 86 61 73 22 84 44 45 3 8 6 50 9 56 74 53 69 12 13 72 16 58 80 39 87 34 81 20 49 70 55 85 35 26 30 36 63 33 37 18 90 24 19 82 96 25 65 92 95 27 88 29 91 17 93 75 10 67 32 59 47 21 41 99 14 83 52 60 23 48 2 51 78 97 89 38 31 79 64 98 15 43 57 28 4 54 
55 21 8 95 35 78 62 27 48 60 67 80 97 63 100 36 81 74 11 5 84 53 96 65 9 56 72 3 83 54 12 2 73 87 39 99 24 61 98 57 76 43 14 13 37 86 41 44 50 15 85 31 4 34 45 93 26 69 28 6 71 18 7 94 52 91 51 88 19 47 66 49 90 23 33 46 79 16 17 82 77 25 1 10 64 38 58 40 30 92 59 20 42 70 68 29 75 32 22 89 
73 69 92 94 59 17 56 77 72 87 28 9 7 45 31 20 63 75 42 12 44 1 4 27 98 29 39 34 52 95 36 3 30 68 33 90 2 100 46 88 80 32 89 97 83 54 5 79 8 53 23 40 35 11 78 82 21 61 10 62 99 22 6 14 38 51 18 57 25 76 64 74 41 26 13 49 48 58 60 96 55 85 24 65 66 91 70 67 47 15 81 43 71 16 19 37 50 93 84 86 
42 98 94 45 32 2 55 44 36 59 28 30 82 91 13 31 15 62 93 83 73 43 24 58 64 12 100 6 34 99 52 39 68 81 19 38 77 35 27 26 29 21 66 89 51 67 57 10 71 95 48 7 1 46 75 69 60 20 23 74 88 49 86 78 18 53 50 80 63 40 84 11 47 96 87 97 85 56 61 17 14 5 54 16 22 9 90 72 79 8 4 76 33 92 65 41 25 70 37 3 
