1 6 2 5 3 4 
49 32 64 33 40 66 37 10 44 5 61 21 81 22 87 11 19 99 25 41 76 27 89 6 53 15 17 24 63 28 79 57 83 39 51 2 78 71 96 35 88 86 72 56 85 90 3 92 73 68 58 82 75 67 84 7 59 91 50 94 62 70 38 60 29 74 12 47 34 54 55 4 98 46 23 52 31 100 97 80 93 13 95 26 48 36 20 16 43 65 14 1 30 9 8 69 42 45 18 77 
22 34 6 21 1 4 33 2 5 14 17 13 28 10 31 36 38 40 8 3 20 24 39 25 35 29 16 49 42 37 9 18 46 32 15 19 44 7 50 12 26 41 23 27 11 30 45 43 48 47 80 51 54 60 64 58 93 55 52 76 65 53 63 86 77 57 68 75 78 66 67 71 74 87 56 92 69 100 88 91 61 85 83 81 73 99 59 82 84 94 90 96 97 72 62 79 95 98 70 89 
8 7 57 6 13 2 9 1 4 65 16 3 56 54 74 66 58 63 62 14 70 12 79 67 72 75 10 71 43 73 5 69 49 48 80 45 44 68 60 52 42 51 77 76 50 47 64 55 78 11 59 46 53 15 41 24 25 23 61 21 34 31 35 29 36 22 17 19 39 40 37 28 33 26 32 20 27 30 38 18 
100 26 43 85 30 91 10 4 68 92 60 94 95 12 20 7 39 47 65 56 98 63 61 49 50 44 62 46 76 38 1 70 53 40 13 33 96 23 45 27 71 9 6 80 28 99 8 15 41 36 82 29 58 89 59 88 2 17 72 35 83 32 75 22 64 3 5 87 97 14 11 81 24 37 73 51 90 42 19 21 93 78 55 52 34 79 86 74 57 77 31 25 16 54 66 18 69 48 67 84 
55 33 18 51 26 28 56 47 57 67 3 37 52 12 38 63 53 36 68 31 66 24 42 60 6 2 32 45 39 20 25 15 7 48 30 13 22 23 14 4 40 64 62 29 21 35 5 59 17 61 9 16 50 49 11 27 8 69 44 43 10 19 1 46 34 65 70 58 41 54 
1 2 3 6 4 5 7 
75 86 45 35 30 55 4 36 40 66 16 50 49 29 15 11 65 85 20 39 91 61 100 10 25 89 70 54 44 95 41 79 34 80 56 14 94 51 5 21 71 1 60 84 46 19 6 31 76 9 26 24 69 64 74 99 90 59 81 96 88 58 93 48 67 83 33 32 53 43 13 98 47 38 37 62 3 28 68 73 82 78 18 63 27 57 2 92 52 12 77 97 42 8 87 17 7 23 22 72 
22 50 18 63 76 74 41 79 56 78 59 4 85 25 93 47 54 23 11 12 32 17 38 35 36 26 80 33 96 43 3 45 7 34 42 5 52 69 49 51 97 91 65 88 73 16 58 100 90 66 30 1 87 55 62 82 40 39 53 19 89 60 14 9 77 20 13 10 6 28 67 2 31 15 95 61 92 99 70 72 75 71 94 46 21 27 86 84 24 29 83 64 57 98 81 68 48 44 37 8 
51 80 86 56 9 92 16 6 88 43 32 83 22 31 70 10 1 46 65 42 24 8 4 78 50 7 26 58 66 74 87 96 41 73 54 100 15 64 53 34 99 17 68 90 48 19 63 67 23 3 61 85 29 11 44 47 38 25 28 57 69 45 33 71 18 20 5 36 37 27 93 40 89 94 39 91 13 55 49 76 75 84 14 52 97 60 95 81 79 59 2 72 30 77 62 82 12 21 35 98 
43 33 19 27 31 22 30 58 89 61 54 3 84 95 88 67 36 57 51 11 96 20 25 48 10 100 38 55 39 29 44 83 98 64 40 99 80 81 69 28 62 93 72 65 23 90 16 4 5 14 50 8 76 7 59 77 60 91 86 41 24 78 52 74 32 34 63 37 53 85 45 94 12 92 35 42 13 68 46 87 82 70 66 9 75 49 71 97 47 73 2 17 26 1 6 56 79 15 18 21 
1 2 9 5 3 7 6 8 4 
1 7 3 8 5 2 4 6 
15 66 28 22 81 21 99 65 78 93 77 38 84 63 41 96 44 87 70 19 47 10 57 62 39 7 2 9 64 73 74 82 67 58 68 75 12 54 46 91 80 5 72 30 71 42 29 49 79 40 34 14 95 45 52 51 85 31 24 17 13 35 94 36 100 88 56 60 23 69 8 53 18 50 98 3 26 1 33 32 11 97 55 59 48 90 76 4 6 43 16 83 27 37 25 20 92 86 61 89 
1 20 13 4 6 12 8 9 17 5 2 10 19 7 3 16 11 15 14 18 
25 31 38 36 51 55 49 79 11 88 85 23 53 14 78 43 68 16 95 84 1 47 58 94 63 15 87 42 35 81 91 46 96 61 26 70 98 57 77 59 19 65 74 22 92 50 21 7 100 66 90 34 72 54 3 18 76 27 89 71 12 17 99 20 82 24 5 6 73 39 8 44 10 45 80 97 64 9 93 56 4 52 67 13 40 83 60 86 69 41 62 2 28 48 32 30 37 29 75 33 
32 63 74 95 51 26 62 61 79 47 84 97 58 94 41 99 7 92 90 69 56 87 40 44 67 42 73 33 55 78 88 39 76 46 48 10 52 64 38 93 96 1 49 82 80 22 45 24 36 15 68 34 14 23 25 35 98 43 31 86 6 66 85 65 75 81 77 59 53 71 89 72 54 70 83 2 91 37 16 13 11 18 60 27 20 29 8 57 19 30 9 4 50 21 12 5 3 28 100 17 
16 27 17 23 32 14 4 25 30 38 40 28 6 5 15 21 12 42 26 39 37 35 8 22 7 46 24 31 10 3 9 44 47 11 20 49 50 51 19 33 34 13 45 2 36 18 48 43 41 29 1 67 61 92 90 55 57 77 58 87 76 70 97 74 89 95 85 65 91 71 72 80 93 99 73 69 53 54 66 88 100 98 63 56 86 82 62 79 60 78 83 96 59 68 94 64 84 81 52 75 
87 41 76 24 30 80 65 37 9 59 12 5 88 68 40 84 25 35 7 60 63 49 72 45 28 47 33 74 57 83 61 22 3 58 21 44 8 90 36 89 66 46 19 42 32 73 31 54 38 15 86 2 39 81 91 17 52 1 43 69 13 51 26 70 71 6 23 53 16 34 62 64 78 4 82 48 79 77 10 20 18 14 11 75 56 67 55 50 29 85 27 
96 1 36 59 58 6 71 4 72 98 22 92 75 54 38 20 18 90 82 7 89 49 94 100 91 29 17 46 14 30 32 11 70 26 34 40 55 28 23 39 52 74 12 24 13 64 79 60 76 33 48 62 69 63 86 68 57 31 21 73 99 41 25 44 37 61 16 67 27 85 66 2 43 10 8 42 78 95 77 5 53 45 65 51 93 19 3 83 9 56 87 97 81 35 50 47 15 88 80 84 
9 73 17 20 94 13 23 63 42 54 50 66 2 14 64 28 61 37 15 79 38 43 78 4 44 5 49 86 11 57 51 68 69 26 80 30 87 27 48 67 92 53 24 39 55 93 35 75 90 95 91 21 6 18 84 19 46 96 58 76 33 12 25 88 40 59 1 16 85 52 81 82 74 83 7 62 22 56 77 65 34 60 47 89 70 29 10 8 36 31 41 71 72 32 3 45 
