14 9 21 38 51 66 34 39 24 8 22 4 44 62 57 16 41 5 59 18 29 54 63 6 15 7 48 60 12 37 58 42 46 27 19 32 1 53 50 3 35 65 26 40 30 10 61 56 13 2 43 64 36 55 52 33 28 23 47 25 45 31 20 11 17 49 
33 63 5 70 35 37 4 60 14 27 26 64 91 18 59 71 20 67 73 58 68 48 25 19 76 36 90 75 62 32 86 28 39 29 81 69 88 50 66 72 6 51 65 77 7 43 44 1 74 80 45 41 24 34 16 85 87 42 82 79 3 21 89 83 13 40 2 17 22 49 38 84 61 46 12 8 47 23 10 9 11 94 99 78 56 98 53 54 97 57 92 95 93 55 100 30 52 96 31 15 
25 16 13 5 20 15 18 8 7 14 10 23 12 1 4 11 22 17 24 6 2 3 21 9 19 
96 80 77 39 90 91 21 66 19 62 87 17 22 76 12 49 50 64 61 48 51 58 71 89 35 60 26 9 59 73 99 2 44 20 37 23 46 6 53 1 25 54 38 93 30 33 56 82 85 11 32 18 31 13 79 8 3 75 68 70 16 52 40 65 45 15 72 69 57 14 97 95 28 42 4 83 10 84 41 24 92 81 43 88 86 29 7 27 94 63 47 74 98 36 5 55 100 78 67 34 
4 10 7 1 5 9 8 3 6 2 
76 50 8 16 52 90 97 55 71 19 81 43 89 5 9 25 64 44 85 39 86 13 65 60 96 26 7 88 49 23 22 70 82 35 99 63 91 41 33 21 87 83 37 27 61 34 56 38 47 20 28 15 42 10 32 54 4 40 93 94 75 80 62 36 14 31 6 45 53 78 2 66 59 67 100 69 12 68 51 24 11 46 58 77 30 1 57 48 17 98 74 73 18 84 79 3 72 95 29 92 
31 90 4 5 45 78 20 35 94 34 70 85 61 79 41 27 86 96 80 28 59 87 63 42 97 13 56 1 36 51 6 65 46 7 71 92 49 95 8 66 18 9 75 26 76 73 21 29 24 77 52 53 30 54 98 88 40 72 37 67 32 83 47 38 14 3 11 55 82 12 43 57 10 25 91 68 99 15 16 19 33 22 64 48 69 81 84 89 39 2 74 60 17 58 62 23 93 44 50 
43 23 72 60 92 69 66 24 55 75 61 86 29 16 80 85 79 97 28 81 49 65 58 87 31 95 21 17 48 88 18 41 15 6 71 13 89 36 26 8 30 20 62 74 12 9 100 56 78 5 83 90 64 38 19 32 39 57 46 93 42 27 68 44 47 34 33 11 63 76 2 59 7 10 25 37 96 1 77 50 51 98 45 40 91 70 4 84 52 82 35 3 53 99 94 73 22 67 14 54 
45 41 11 52 59 87 13 99 61 36 91 97 66 17 31 3 78 29 5 44 60 94 50 80 4 71 15 72 8 84 51 90 67 85 47 49 22 83 73 25 16 75 81 63 93 40 58 39 43 7 96 6 89 77 86 74 38 37 57 70 19 68 12 64 26 98 88 35 76 21 20 82 32 33 53 34 65 23 42 14 9 95 62 1 55 27 46 18 24 69 48 2 56 30 10 92 79 100 28 54 
73 43 97 47 35 64 38 91 39 74 89 11 41 34 48 96 23 100 37 59 16 4 8 95 40 19 69 94 58 61 57 18 24 76 53 87 71 77 17 63 79 22 75 25 1 33 10 68 55 67 60 2 99 72 98 9 5 54 66 27 14 56 26 82 80 3 20 31 46 13 28 88 36 62 30 21 81 90 12 84 45 92 6 7 93 51 49 32 50 52 42 29 85 44 83 78 65 70 15 86 
22 91 81 63 14 11 71 92 77 23 1 43 15 82 96 53 12 41 61 42 73 51 25 21 46 44 55 76 95 31 62 13 45 83 64 93 84 72 34 54 24 97 2 85 94 52 99 78 98 32 33 75 35 100 58 20 59 26 66 30 65 4 36 80 49 27 79 67 68 16 87 18 28 89 86 19 57 17 69 3 60 37 9 90 38 74 70 5 40 47 7 88 6 39 8 48 29 50 56 10 
23 6 24 10 2 12 20 13 19 5 3 16 22 15 9 11 17 1 8 4 7 14 21 18 
55 91 77 53 26 33 48 99 31 40 46 51 59 94 84 58 18 15 16 67 28 42 6 44 21 69 23 11 12 86 87 10 63 98 93 22 7 57 80 74 37 8 20 32 50 96 24 73 34 92 2 85 4 47 35 61 14 95 76 83 64 75 36 41 88 100 71 60 9 79 90 43 97 78 45 56 29 30 54 49 27 5 3 66 17 72 52 65 70 39 89 38 1 25 62 68 19 82 81 13 
16 70 40 23 82 92 96 49 10 7 87 19 31 67 20 41 79 83 84 30 53 29 24 88 64 58 8 93 4 13 18 100 66 14 78 3 57 25 21 44 28 59 1 51 63 33 54 73 77 89 5 90 85 2 17 52 15 37 35 76 99 75 55 34 43 94 48 42 46 56 62 50 65 38 60 95 71 98 81 27 69 9 11 12 61 86 91 45 22 32 97 36 6 26 47 72 74 39 68 80 
97 73 55 48 23 88 24 43 68 22 79 1 53 71 5 25 90 67 92 17 4 52 19 44 80 85 74 2 3 83 33 58 15 20 40 91 61 98 96 62 46 6 100 82 94 45 28 18 66 34 49 84 13 57 39 36 10 75 86 11 51 37 27 69 50 31 21 99 7 32 35 87 60 41 47 64 72 16 59 89 9 93 30 76 65 78 29 77 8 42 12 56 26 81 38 63 95 70 14 54 
74 68 100 56 34 13 40 60 53 76 93 69 96 84 5 22 33 75 51 6 39 26 29 31 32 45 64 58 4 23 89 72 85 94 30 11 21 18 48 50 37 2 62 14 3 54 59 97 24 92 28 19 86 8 88 81 77 49 83 7 79 15 57 44 38 52 47 17 67 99 87 16 70 25 73 27 9 10 20 65 78 66 42 35 46 98 95 71 82 1 41 61 91 55 63 90 80 43 36 12 
77 68 1 7 41 56 82 44 40 72 24 91 57 70 90 36 83 59 18 12 13 4 67 45 58 50 81 8 69 30 85 19 46 22 35 75 33 47 31 39 97 52 84 49 94 63 37 53 55 89 73 42 61 65 86 100 66 20 14 99 5 92 29 62 54 9 93 51 27 79 10 80 2 78 21 98 76 48 6 64 32 34 17 16 23 96 15 60 43 3 26 74 87 88 25 95 11 71 28 38 
10 19 1 20 22 2 21 11 13 3 17 23 4 12 26 14 8 5 15 18 6 16 9 7 24 27 25 
99 47 36 78 8 72 77 29 86 26 31 1 7 62 95 35 60 83 94 74 13 80 15 89 63 71 2 52 92 3 6 5 56 32 19 81 40 42 21 87 98 51 76 23 65 37 57 20 17 67 48 14 50 97 18 54 53 79 27 69 22 12 70 68 4 9 44 33 90 91 24 55 25 82 64 93 58 46 11 41 75 73 10 39 38 34 100 84 61 85 45 43 49 66 96 30 59 88 28 16 
14 1 17 10 21 6 16 2 29 3 4 20 22 18 8 23 25 11 13 33 12 15 32 31 5 7 30 28 19 24 27 9 26 
19 89 100 74 16 33 44 72 9 4 46 60 69 70 35 73 50 93 83 51 65 3 52 29 49 20 87 23 96 95 39 21 85 75 68 55 34 62 5 30 42 1 28 32 57 17 8 40 24 7 27 91 11 58 76 90 15 10 37 92 14 13 71 64 61 18 41 2 77 22 66 84 79 59 98 53 97 56 81 12 48 94 6 45 86 43 78 82 80 36 47 63 26 54 25 67 99 88 38 31 
13 9 14 5 12 19 18 17 7 11 1 4 16 6 8 3 2 15 20 10 
48 78 74 90 20 51 19 68 30 44 84 17 23 14 56 32 80 53 33 98 18 6 50 92 29 57 13 28 60 72 43 45 83 87 76 24 81 71 54 35 79 38 3 61 11 10 93 63 46 59 75 94 12 69 26 31 77 37 65 2 52 62 73 8 5 66 96 70 42 16 97 36 34 39 47 27 25 86 64 58 49 7 22 9 40 82 91 41 67 55 4 89 21 85 15 95 1 88 
10 18 4 1 13 19 15 16 9 5 2 12 6 8 21 3 20 17 11 14 7 
50 14 25 9 48 1 19 36 29 5 45 24 39 2 11 49 7 13 35 28 21 17 26 15 18 30 42 43 4 33 44 32 40 3 22 38 20 6 37 47 46 23 27 41 31 8 16 12 10 34 
89 46 44 53 12 43 10 21 92 76 2 18 27 38 9 3 74 22 79 25 7 11 63 62 15 94 49 96 61 37 47 67 59 90 71 24 32 55 1 39 78 8 98 19 5 29 66 60 13 86 100 83 80 73 17 40 20 82 51 45 65 97 33 58 69 31 93 48 50 88 4 77 52 6 42 54 56 23 30 16 99 75 95 36 84 28 64 35 87 81 41 68 57 14 85 26 70 34 91 72 
74 100 28 95 27 40 59 8 56 98 99 94 19 73 57 13 85 29 1 93 17 96 33 25 22 9 24 62 2 92 4 69 36 23 20 46 3 53 5 43 21 38 58 14 88 39 7 26 66 89 6 41 72 65 51 45 54 83 37 50 87 84 11 47 97 63 15 35 32 55 61 16 10 44 31 52 86 34 12 76 18 42 77 64 68 30 79 81 71 48 70 78 49 60 90 67 91 80 82 75 
92 19 16 57 61 75 3 27 70 31 60 72 45 7 17 10 51 93 43 64 91 34 54 73 78 71 28 22 41 35 55 18 67 46 20 53 89 2 100 29 69 44 88 37 96 39 6 87 13 33 11 25 84 49 30 82 85 52 63 36 26 74 38 48 1 81 47 79 77 59 68 66 15 40 58 9 4 24 56 86 94 50 95 76 23 21 98 97 99 8 32 14 65 90 83 42 62 80 5 12 
98 82 33 69 99 10 13 53 79 95 80 4 8 44 30 68 97 84 39 91 26 6 75 70 24 86 28 50 65 38 23 14 96 32 78 42 9 60 11 31 55 61 100 45 92 46 87 48 16 73 47 40 54 52 27 18 58 64 74 57 43 29 77 81 25 56 63 19 88 5 89 59 2 71 7 3 20 94 83 21 37 90 72 85 62 36 12 49 76 22 1 67 41 34 15 93 17 51 66 35 
84 29 88 7 66 34 93 70 44 68 35 54 65 22 3 63 52 55 43 45 4 56 8 86 41 10 83 74 85 36 76 18 59 95 32 6 87 46 92 25 9 53 40 71 12 33 98 20 51 31 81 58 27 26 16 62 48 11 42 79 94 1 5 78 67 2 47 73 17 37 90 15 82 19 80 99 57 72 23 100 14 91 69 61 96 97 89 75 49 64 28 13 77 24 60 30 39 50 38 21 
