24 54 9 34 22 61 66 27 39 5 14 18 15 59 63 51 44 37 29 6 58 48 46 13 19 12 8 4 10 42 36 56 60 64 49 38 1 57 16 7 55 33 62 41 50 23 53 40 26 31 21 2 32 28 52 65 30 3 11 43 47 20 17 45 35 25 
71 16 4 33 14 64 5 8 68 17 67 66 34 36 11 28 51 50 7 77 35 19 24 20 89 27 1 26 42 12 87 2 41 25 59 90 15 70 75 37 22 49 91 30 32 44 6 39 65 80 93 48 9 13 43 38 45 76 86 47 55 3 40 57 78 100 46 54 56 53 29 61 85 81 21 63 52 72 99 82 62 74 73 83 98 10 58 69 95 18 84 97 23 96 88 79 60 31 94 92 
25 13 11 16 18 5 15 8 23 12 20 9 14 4 7 24 1 2 10 22 3 6 21 19 17 
89 62 20 53 46 66 61 6 51 9 90 39 28 19 23 12 82 97 76 2 99 49 59 58 37 96 25 87 80 38 93 48 17 1 56 16 65 30 94 77 7 75 60 83 32 35 67 68 15 22 44 11 33 71 84 8 31 88 5 64 43 57 78 3 40 24 52 14 13 50 26 54 34 79 18 95 21 45 29 70 4 69 10 92 98 81 72 73 85 27 91 42 47 86 74 100 41 55 63 36 
4 7 5 9 10 8 6 3 1 2 
65 52 28 55 8 35 9 10 89 60 50 26 25 85 16 76 81 5 19 63 37 90 21 43 47 71 23 15 44 13 30 64 22 99 27 86 38 88 91 7 41 97 56 61 33 87 42 34 54 49 1 20 93 83 40 4 39 46 70 82 6 96 62 53 48 45 51 77 57 14 80 75 36 2 67 24 94 98 12 92 95 78 3 69 100 29 59 17 73 66 68 72 31 84 11 18 32 58 74 79 
99 80 70 19 56 42 20 6 63 90 85 27 77 86 12 51 93 21 57 60 13 52 82 43 7 78 71 28 72 61 22 39 8 16 73 94 34 64 44 23 29 74 45 14 65 66 75 3 24 83 95 96 35 9 30 87 58 36 31 67 53 4 1 17 46 40 49 37 41 47 38 68 5 32 84 91 48 69 54 76 81 92 15 25 97 98 79 59 55 33 2 10 11 62 88 26 18 89 50 
48 26 41 50 86 13 66 29 38 20 21 51 97 78 85 15 93 42 10 44 30 5 75 67 96 99 91 73 2 58 63 39 79 61 9 87 92 77 70 89 11 31 19 65 69 7 56 27 49 76 46 32 59 14 3 55 35 94 53 12 22 95 18 40 68 6 81 98 23 4 17 88 24 100 72 33 71 16 45 8 82 74 90 83 1 62 54 47 37 25 57 52 28 60 64 34 43 80 84 36 
88 36 43 44 33 96 22 34 72 39 12 89 35 40 41 87 80 62 27 78 8 47 76 65 51 66 38 75 82 17 37 32 11 30 99 53 91 18 68 74 31 93 59 95 97 69 45 10 56 60 84 61 67 29 2 83 24 55 19 25 73 16 28 6 63 13 14 49 48 42 52 70 58 26 100 46 92 81 79 7 5 20 90 50 77 94 21 3 9 1 71 57 54 64 98 86 15 4 23 85 
63 41 67 11 68 57 4 96 95 25 43 58 33 47 89 75 97 74 48 18 69 10 23 59 42 16 77 82 76 40 6 87 17 61 22 19 55 27 20 80 24 31 8 54 71 51 64 1 53 28 73 78 79 91 35 37 90 100 32 60 13 12 92 49 29 84 21 94 5 34 9 39 93 26 85 7 3 46 99 56 50 30 15 62 88 45 36 2 83 70 72 65 98 44 14 38 66 86 52 81 
61 62 73 71 72 74 75 21 76 23 77 91 92 78 79 31 80 11 22 24 81 83 82 84 32 33 34 35 25 85 36 87 37 88 86 38 90 39 89 41 42 93 43 44 95 94 45 96 97 46 47 48 98 51 49 99 100 50 2 1 3 6 52 4 40 54 7 53 55 56 5 57 8 9 12 10 14 59 13 15 16 17 58 60 63 18 65 20 64 19 66 28 67 68 26 27 29 69 30 70 
12 23 24 6 20 10 19 13 2 16 4 3 5 14 9 7 17 21 22 15 1 18 8 11 
11 46 18 77 33 99 59 91 53 58 16 28 7 15 12 31 74 55 44 6 8 96 32 2 24 22 94 10 51 42 20 40 26 57 48 73 23 93 64 87 84 67 21 63 75 66 86 34 80 50 41 85 37 4 81 69 70 92 61 78 43 45 29 19 35 83 82 95 88 30 39 56 98 60 14 89 36 65 17 100 27 72 47 52 76 79 9 71 90 62 38 3 5 1 97 68 49 13 25 54 
1 78 16 19 23 92 70 8 4 3 20 47 13 14 64 49 84 53 88 93 28 44 58 100 25 33 96 40 10 82 86 5 87 24 29 21 7 89 77 31 71 59 51 67 97 98 72 30 41 18 80 66 79 63 73 37 6 27 54 43 2 35 61 62 85 99 50 17 75 69 52 90 56 60 42 39 83 38 57 55 22 81 15 9 48 74 95 76 68 46 91 11 34 65 94 32 26 45 36 12 
22 92 55 5 79 19 44 24 17 58 4 84 43 15 73 90 3 33 71 53 74 68 1 34 2 97 94 48 11 91 49 77 20 61 46 85 40 83 100 30 80 62 82 25 6 52 28 96 57 98 31 18 66 54 36 88 7 69 13 56 50 99 67 32 45 39 86 14 9 75 60 76 70 16 64 10 78 81 29 47 51 37 59 41 35 21 87 38 23 93 26 27 63 8 72 65 42 95 89 12 
100 74 60 75 64 76 85 96 53 13 40 93 56 5 34 39 69 29 94 68 6 26 31 4 84 33 72 50 92 2 51 62 30 37 18 24 89 21 22 11 23 48 32 14 97 58 3 59 54 45 8 49 15 70 28 25 19 35 86 10 41 87 42 43 17 80 12 27 46 9 52 16 88 61 81 67 38 77 20 1 47 90 44 95 79 7 78 55 71 65 83 66 57 82 73 91 98 63 36 99 
73 85 53 68 1 42 61 56 69 18 7 22 19 31 82 72 28 30 33 44 52 86 65 94 91 63 50 13 24 70 78 36 90 40 38 100 45 12 10 83 8 84 54 4 59 99 97 62 81 58 49 57 51 35 32 46 55 34 89 77 93 11 9 67 29 98 41 96 60 66 21 39 75 74 37 20 95 25 47 92 27 71 2 48 80 17 43 16 76 5 87 23 14 3 15 6 64 26 88 79 
10 19 1 20 11 22 12 14 2 26 13 21 17 3 5 4 7 23 8 25 15 24 18 6 9 27 16 
10 60 51 29 40 7 36 52 13 86 42 62 78 87 17 94 65 81 76 80 20 19 38 21 37 3 2 6 48 8 56 63 67 83 98 72 46 9 79 5 77 71 31 11 32 92 14 35 57 99 49 41 27 95 39 64 15 22 18 44 100 88 43 61 1 23 97 25 4 24 26 82 90 75 89 50 85 96 47 84 66 74 33 91 69 12 30 28 54 16 59 53 73 68 55 58 34 93 45 70 
23 1 2 14 26 29 10 17 30 21 4 25 18 22 6 20 3 19 16 31 12 8 27 32 9 5 13 24 7 11 28 33 15 
93 16 70 95 44 19 51 89 49 60 9 72 4 34 5 55 35 28 1 65 33 87 100 83 46 68 30 96 29 52 85 17 39 21 50 74 73 24 69 20 40 3 62 42 8 75 7 32 57 23 92 58 45 27 71 10 77 80 98 11 56 14 91 13 67 22 84 86 59 82 48 37 15 2 64 97 78 53 18 41 25 66 6 63 47 79 94 90 81 36 26 61 43 38 31 99 88 12 54 76 
19 9 16 13 5 7 1 14 10 12 4 6 3 11 18 8 2 15 17 20 
79 32 19 56 78 14 90 87 80 33 60 74 17 44 51 48 68 71 50 18 53 20 2 30 24 84 13 21 57 23 72 98 65 43 82 45 35 10 92 29 6 31 83 76 70 67 15 55 36 93 28 85 38 37 63 81 62 46 41 73 89 58 61 54 39 96 77 69 64 40 75 8 3 5 11 34 22 47 94 59 25 16 86 49 1 26 52 7 4 88 9 97 12 95 27 42 91 66 
5 11 14 18 20 16 10 17 13 2 19 6 9 3 7 15 4 1 12 21 8 
50 19 12 41 31 33 10 14 32 3 22 46 1 15 29 27 48 9 36 49 43 20 4 40 35 6 17 16 25 23 42 5 8 47 45 7 38 26 34 39 30 18 28 11 24 37 2 13 21 44 
78 41 5 47 54 34 39 92 20 18 37 89 65 28 10 68 32 48 27 67 95 31 29 86 82 55 40 77 72 93 98 69 75 79 25 16 3 4 91 94 56 11 6 83 85 49 22 19 66 43 57 35 50 44 14 21 24 1 2 15 38 33 17 60 42 71 70 53 51 9 87 12 100 13 80 96 74 76 63 45 81 59 99 26 7 88 61 36 62 58 8 52 73 84 46 90 30 97 23 64 
74 99 100 93 1 17 46 33 2 8 36 21 96 38 25 6 20 7 56 73 59 3 26 50 89 65 13 42 27 4 30 28 9 98 16 43 32 23 88 97 39 92 77 62 18 48 22 64 53 40 95 19 24 66 94 5 47 83 91 71 34 14 72 84 75 44 41 29 15 57 68 58 55 31 82 69 70 51 80 85 54 81 45 61 67 35 37 79 10 90 60 11 86 12 52 87 63 49 78 76 
84 57 60 55 70 10 72 54 41 71 28 31 92 19 3 25 89 67 22 78 2 44 51 74 16 61 13 32 27 53 50 96 73 93 75 33 48 1 18 20 34 43 79 46 100 39 26 87 15 5 35 88 76 64 24 59 82 95 37 7 36 42 81 17 9 85 6 69 47 65 52 56 98 68 29 11 83 90 38 58 12 66 30 4 86 77 45 91 14 94 23 99 21 49 97 63 40 62 8 80 
8 6 11 24 86 33 95 87 4 31 45 70 44 91 82 98 13 9 32 48 50 38 10 80 55 78 47 68 14 96 69 42 75 61 97 79 65 84 26 100 53 16 30 77 28 89 25 99 23 73 46 88 60 54 92 57 19 39 59 81 29 52 71 2 49 21 64 58 43 94 1 76 83 12 35 40 5 67 18 36 27 74 3 85 7 63 90 62 15 20 37 56 41 51 22 72 34 66 93 17 
32 83 36 3 53 95 7 86 44 34 56 74 12 31 20 33 70 45 71 92 84 55 22 54 6 76 51 65 25 58 63 66 88 9 43 10 4 98 59 52 40 77 93 29 35 87 24 60 61 16 42 5 68 85 18 47 72 15 97 30 80 41 11 90 39 81 48 100 75 73 78 26 49 62 8 91 1 2 64 46 79 17 37 13 82 96 21 38 27 99 28 69 57 23 19 94 50 67 89 14 
